0 P0 mines for 366.7379850222228 seconds
0 P1 mines for 3105.2257741961303 seconds
0 P2 mines for 6125.0422737662975 seconds
0 P3 mines for 25.01191126680569 seconds
0 P4 mines for 150.712693834035 seconds
0 P5 mines for 83.18798732023612 seconds
0 P6 mines for 678.470913889517 seconds
0 P7 mines for 1935.767701631922 seconds
0 P8 mines for 73.95961012084635 seconds
0 P9 mines for 609.6520902001213 seconds
0 P10 mines for 288.6103003362074 seconds
0 P11 mines for 216.51554491666033 seconds
0 P12 mines for 68.48226521587651 seconds
0 P13 mines for 2446.973942329848 seconds
0 P14 mines for 455.87797591135177 seconds
0 P15 mines for 1.7929913524233614 seconds
0 P16 mines for 4507.156120749017 seconds
0 P17 mines for 3293.922337677084 seconds
0 P18 mines for 114.37114878710976 seconds
0 P19 mines for 46.471223723999195 seconds
0 P20 mines for 866.6687283205337 seconds
0 P21 mines for 1128.5145571729793 seconds
0 P22 mines for 267.6647911848828 seconds
0 P23 mines for 27.9726383737987 seconds
0 P24 mines for 5171.522789491132 seconds
0 P25 mines for 2545.5360341290407 seconds
0 P26 mines for 452.5757333364461 seconds
0 P27 mines for 359.7936183727234 seconds
0 P28 mines for 2112.9966660829655 seconds
0 P29 mines for 994.4591760647553 seconds
0 P30 mines for 1308.105377834708 seconds
0 P31 mines for 2208.395050087833 seconds
0 P32 mines for 4863.267707610131 seconds
0 P33 mines for 265.01645640988306 seconds
0 P34 mines for 5440.544822194392 seconds
0 P35 mines for 2368.343838709326 seconds
0 P36 mines for 335.3156323681536 seconds
0 P37 mines for 12.899573570644135 seconds
0 P38 mines for 71.12571684547048 seconds
0 P39 mines for 93.9478807244121 seconds
0 P40 mines for 22.86776867622229 seconds
0 P41 mines for 728.7386600780062 seconds
0 P42 mines for 29.280304490656867 seconds
0 P43 mines for 89.56573449128086 seconds
0 P44 mines for 277.67709077198265 seconds
0 P45 mines for 1248.1315822803176 seconds
0 P46 mines for 1271.387563194223 seconds
0 P47 mines for 64.65209202477885 seconds
0 P48 mines for 854.0931331349631 seconds
0 P49 mines for 7587.670181700203 seconds
0.3799325856410834 P41 creates T1
1.7929913524233614 P15 mines B2
1.8020050773572074 P2 recvs B2 from P15 
1.8020050773572074 P2 adds B2 to its tree
1.8020050773572074 P2 mines for 143.37011940332704 seconds
1.8240842866052183 P32 recvs B2 from P2 
1.8240842866052183 P32 adds B2 to its tree
1.8240842866052183 P32 mines for 123.99234394015859 seconds
1.8349436410557507 P21 recvs B2 from P32 
1.8349436410557507 P21 adds B2 to its tree
1.8349436410557507 P21 mines for 10730.421306282838 seconds
1.84100240268909 P25 recvs B2 from P32 
1.84100240268909 P25 adds B2 to its tree
1.84100240268909 P25 mines for 3363.3737979146067 seconds
1.841411056661767 P6 recvs B2 from P21 
1.841411056661767 P6 adds B2 to its tree
1.841411056661767 P6 mines for 7978.7088903206795 seconds
1.8468066949091864 P44 recvs B2 from P21 
1.8468066949091864 P44 adds B2 to its tree
1.8468066949091864 P44 mines for 10.090622755778751 seconds
1.8503319003141143 P5 recvs B2 from P15 
1.8503319003141143 P5 adds B2 to its tree
1.8503319003141143 P5 mines for 1544.7982005937642 seconds
1.853209562848384 P48 recvs B2 from P21 
1.853209562848384 P48 adds B2 to its tree
1.853209562848384 P48 mines for 1247.349498620476 seconds
1.8545024304708695 P7 recvs B2 from P5 
1.8545024304708695 P7 adds B2 to its tree
1.8545024304708695 P7 mines for 111.95937100611138 seconds
1.8551282975984285 P30 recvs B2 from P32 
1.8551282975984285 P30 adds B2 to its tree
1.8551282975984285 P30 mines for 3023.3853125608243 seconds
1.85885838877145 P1 recvs B2 from P44 
1.85885838877145 P1 adds B2 to its tree
1.85885838877145 P1 mines for 5712.15140885883 seconds
1.8599977419673137 P3 recvs B2 from P25 
1.8599977419673137 P3 adds B2 to its tree
1.8599977419673137 P3 mines for 715.1385123252363 seconds
1.8605851060707053 P44 recvs B2 from P2 
1.8664209592707595 P34 recvs B2 from P7 
1.8664209592707595 P34 adds B2 to its tree
1.8664209592707595 P34 mines for 535.8724628643727 seconds
1.8667701409661408 P11 recvs B2 from P30 
1.8667701409661408 P11 adds B2 to its tree
1.8667701409661408 P11 mines for 710.4499495327802 seconds
1.867050307777498 P1 recvs B2 from P6 
1.8675002354741164 P22 recvs B2 from P2 
1.8675002354741164 P22 adds B2 to its tree
1.8675002354741164 P22 mines for 3652.6671616157214 seconds
1.8686582911744607 P43 recvs B2 from P3 
1.8686582911744607 P43 adds B2 to its tree
1.8686582911744607 P43 mines for 332.2666967934601 seconds
1.869002732891649 P38 recvs B2 from P15 
1.869002732891649 P38 adds B2 to its tree
1.869002732891649 P38 mines for 174.94978799540806 seconds
1.8732143250960247 P17 recvs B2 from P15 
1.8732143250960247 P17 adds B2 to its tree
1.8732143250960247 P17 mines for 1183.2082714849125 seconds
1.8737122598554452 P12 recvs B2 from P30 
1.8737122598554452 P12 adds B2 to its tree
1.8737122598554452 P12 mines for 69.35954811786719 seconds
1.87518554363907 P35 recvs B2 from P3 
1.87518554363907 P35 adds B2 to its tree
1.87518554363907 P35 mines for 898.0558226528094 seconds
1.8762519079576134 P3 recvs B2 from P22 
1.8766877963158404 P13 recvs B2 from P38 
1.8766877963158404 P13 adds B2 to its tree
1.8766877963158404 P13 mines for 1958.3787183657942 seconds
1.87759520418141 P2 recvs B2 from P44 
1.8795538413382449 P8 recvs B2 from P34 
1.8795538413382449 P8 adds B2 to its tree
1.8795538413382449 P8 mines for 76.96861383326707 seconds
1.8801001468313339 P19 recvs B2 from P35 
1.8801001468313339 P19 adds B2 to its tree
1.8801001468313339 P19 mines for 238.9490626504934 seconds
1.8801763069526722 P35 recvs B2 from P32 
1.8805264041081184 P4 recvs B2 from P6 
1.8805264041081184 P4 adds B2 to its tree
1.8805264041081184 P4 mines for 116.64664534175046 seconds
1.8812133246402925 P8 recvs B2 from P43 
1.884305024497474 P49 recvs B2 from P32 
1.884305024497474 P49 adds B2 to its tree
1.884305024497474 P49 mines for 11412.546367725388 seconds
1.888119043797105 P22 recvs B2 from P3 
1.8883608164825636 P17 recvs B2 from P38 
1.8893388118735128 P32 recvs B2 from P35 
1.8895476680764216 P4 recvs B2 from P25 
1.890188774430054 P28 recvs B2 from P49 
1.890188774430054 P28 adds B2 to its tree
1.890188774430054 P28 mines for 4516.968341189897 seconds
1.8904195724746307 P13 recvs B2 from P34 
1.891669322045314 P37 recvs B2 from P2 
1.891669322045314 P37 adds B2 to its tree
1.891669322045314 P37 mines for 60.3471861621799 seconds
1.89342095097803 P47 recvs B2 from P35 
1.89342095097803 P47 adds B2 to its tree
1.89342095097803 P47 mines for 697.2380444710336 seconds
1.8954537304635912 P15 recvs B2 from P43 
1.8956546382527728 P19 recvs B2 from P38 
1.8972500456537629 P0 recvs B2 from P12 
1.8972500456537629 P0 adds B2 to its tree
1.8972500456537629 P0 mines for 194.56102124370574 seconds
1.898816672164223 P4 recvs B2 from P11 
1.8999053278679143 P37 recvs B2 from P7 
1.9011133855876292 P10 recvs B2 from P6 
1.9011133855876292 P10 adds B2 to its tree
1.9011133855876292 P10 mines for 58.57371721476893 seconds
1.9012805831563202 P7 recvs B2 from P13 
1.9015256960152536 P26 recvs B2 from P38 
1.9015256960152536 P26 adds B2 to its tree
1.9015256960152536 P26 mines for 52.57824252142525 seconds
1.9035964089999358 P8 recvs B2 from P25 
1.9056441142424134 P3 recvs B2 from P37 
1.907080168628098 P27 recvs B2 from P48 
1.907080168628098 P27 adds B2 to its tree
1.907080168628098 P27 mines for 64.88724191113894 seconds
1.907492470925506 P39 recvs B2 from P49 
1.907492470925506 P39 adds B2 to its tree
1.907492470925506 P39 mines for 106.96830487836407 seconds
1.9076243482413413 P11 recvs B2 from P22 
1.9088964083352753 P1 recvs B2 from P17 
1.9096985829060007 P8 recvs B2 from P11 
1.9126711090455466 P0 recvs B2 from P4 
1.913605876472535 P20 recvs B2 from P13 
1.913605876472535 P20 adds B2 to its tree
1.913605876472535 P20 mines for 295.74467986486064 seconds
1.9150984078624127 P3 recvs B2 from P47 
1.9154332331009756 P18 recvs B2 from P28 
1.9154332331009756 P18 adds B2 to its tree
1.9154332331009756 P18 mines for 26.960951042631255 seconds
1.9155026329296196 P27 recvs B2 from P30 
1.9159393818301065 P28 recvs B2 from P44 
1.9168681607717972 P10 recvs B2 from P25 
1.9170542592793354 P30 recvs B2 from P48 
1.9190954160701645 P34 recvs B2 from P43 
1.9194196332191844 P24 recvs B2 from P6 
1.9194196332191844 P24 adds B2 to its tree
1.9194196332191844 P24 mines for 2598.4213321750817 seconds
1.919902097668182 P18 recvs B2 from P2 
1.920586459764101 P12 recvs B2 from P26 
1.9211863966020797 P29 recvs B2 from P0 
1.9211863966020797 P29 adds B2 to its tree
1.9211863966020797 P29 mines for 235.7426346506521 seconds
1.9219516607743587 P14 recvs B2 from P39 
1.9219516607743587 P14 adds B2 to its tree
1.9219516607743587 P14 mines for 140.3179880288854 seconds
1.9223311274148558 P11 recvs B2 from P8 
1.923005551726623 P0 recvs B2 from P20 
1.9234154695474859 P48 recvs B2 from P43 
1.9234610629382116 P42 recvs B2 from P48 
1.9234610629382116 P42 adds B2 to its tree
1.9234610629382116 P42 mines for 414.41768957863985 seconds
1.9234769456597407 P27 recvs B2 from P15 
1.9237444504298673 P41 recvs B2 from P30 
1.9237444504298673 P41 adds B2 to its tree
1.9237444504298673 P41 mines for 1717.7807585607175 seconds
1.924847974443538 P10 recvs B2 from P5 
1.9251462300444695 P0 recvs B2 from P10 
1.925502288307334 P14 recvs B2 from P17 
1.9257232677567635 P46 recvs B2 from P7 
1.9257232677567635 P46 adds B2 to its tree
1.9257232677567635 P46 mines for 2082.94283064158 seconds
1.9261853984851895 P43 recvs B2 from P44 
1.9281032654742742 P10 recvs B2 from P14 
1.9284439527557187 P40 recvs B2 from P49 
1.9284439527557187 P40 adds B2 to its tree
1.9284439527557187 P40 mines for 160.71673443053365 seconds
1.9306274260515925 P28 recvs B2 from P38 
1.9306621312316352 P31 recvs B2 from P1 
1.9306621312316352 P31 adds B2 to its tree
1.9306621312316352 P31 mines for 1530.147391498926 seconds
1.930744152363319 P5 recvs B2 from P10 
1.9312815992606533 P31 recvs B2 from P42 
1.9316758990016534 P33 recvs B2 from P17 
1.9316758990016534 P33 adds B2 to its tree
1.9316758990016534 P33 mines for 164.4400560432883 seconds
1.9319927497920535 P13 recvs B2 from P22 
1.9345261199345771 P26 recvs B2 from P39 
1.934592217132563 P37 recvs B2 from P3 
1.935472044434265 P39 recvs B2 from P26 
1.9367870949584682 P38 recvs B2 from P28 
1.9378070907905018 P36 recvs B2 from P42 
1.9378070907905018 P36 adds B2 to its tree
1.9378070907905018 P36 mines for 343.7976694924398 seconds
1.9387226023169521 P18 recvs B2 from P47 
1.9388741805774283 P19 recvs B2 from P14 
1.9394631325570415 P4 recvs B2 from P27 
1.9406594823771588 P33 recvs B2 from P7 
1.9418329949991289 P22 recvs B2 from P13 
1.9423531671608527 P5 recvs B2 from P41 
1.9424252157095259 P6 recvs B2 from P37 
1.9424323962078287 P9 recvs B2 from P11 
1.9424323962078287 P9 adds B2 to its tree
1.9424323962078287 P9 mines for 1104.9333395396388 seconds
1.9437223069055511 P5 recvs B2 from P12 
1.9438241827073561 P35 recvs B2 from P39 
1.9443028924529224 P15 recvs B2 from P27 
1.9445818332507268 P28 recvs B2 from P46 
1.9452169926004876 P9 recvs B2 from P10 
1.9453234597651055 P29 recvs B2 from P28 
1.9461237603304475 P5 recvs B2 from P36 
1.946476625319551 P33 recvs B2 from P34 
1.9469816526476886 P13 recvs B2 from P7 
1.947304428994413 P16 recvs B2 from P8 
1.947304428994413 P16 adds B2 to its tree
1.947304428994413 P16 mines for 7865.500295094741 seconds
1.94812499440082 P33 recvs B2 from P12 
1.9483533343799415 P28 recvs B2 from P29 
1.9488602984439032 P9 recvs B2 from P41 
1.9492425554630097 P44 recvs B2 from P28 
1.9492475056992284 P48 recvs B2 from P30 
1.9499512388249207 P19 recvs B2 from P47 
1.95025705894647 P7 recvs B2 from P37 
1.9504193781570194 P12 recvs B2 from P24 
1.9509510077423389 P17 recvs B2 from P25 
1.951097240962048 P40 recvs B2 from P26 
1.951850581146572 P40 recvs B2 from P42 
1.9524886528916419 P46 recvs B2 from P35 
1.9540975082111334 P23 recvs B2 from P13 
1.9540975082111334 P23 adds B2 to its tree
1.9540975082111334 P23 mines for 135.4167752322854 seconds
1.9559529887600247 P36 recvs B2 from P11 
1.95677846244838 P16 recvs B2 from P27 
1.957423573328677 P33 recvs B2 from P16 
1.9575323818663923 P43 recvs B2 from P15 
1.957800207747554 P19 recvs B2 from P9 
1.9581885773580427 P41 recvs B2 from P49 
1.960722588347048 P9 recvs B2 from P19 
1.9609587095690237 P24 recvs B2 from P12 
1.9610234568968963 P7 recvs B2 from P33 
1.961673522581366 P39 recvs B2 from P35 
1.9627656459106735 P25 recvs B2 from P8 
1.963436409121769 P9 recvs B2 from P40 
1.9636163536142048 P44 recvs B2 from P43 
1.9650669781581886 P20 recvs B2 from P0 
1.9657771043917602 P43 recvs B2 from P34 
1.9661638963646482 P47 recvs B2 from P3 
1.9672410005696304 P46 recvs B2 from P28 
1.9675228844971313 P43 recvs B2 from P48 
1.968022936766121 P45 recvs B2 from P42 
1.968022936766121 P45 adds B2 to its tree
1.968022936766121 P45 mines for 551.544767960984 seconds
1.9682011092646854 P1 recvs B2 from P20 
1.968408038793418 P16 recvs B2 from P40 
1.9695888774313641 P36 recvs B2 from P22 
1.9698877484159654 P34 recvs B2 from P13 
1.972022096203033 P25 recvs B2 from P17 
1.974927942406246 P36 recvs B2 from P5 
1.975436725300713 P35 recvs B2 from P46 
1.9755560585524772 P2 recvs B2 from P18 
1.9758697624864905 P17 recvs B2 from P1 
1.9764421689962115 P27 recvs B2 from P4 
1.9770031436147366 P0 recvs B2 from P45 
1.9782523602616697 P1 recvs B2 from P23 
1.9784307139401809 P23 recvs B2 from P47 
1.978658595014569 P14 recvs B2 from P19 
1.9787896478954765 P16 recvs B2 from P31 
1.9788916560193586 P45 recvs B2 from P0 
1.9789685539795117 P9 recvs B2 from P20 
1.9805435009670798 P24 recvs B2 from P22 
1.9805893812406765 P37 recvs B2 from P39 
1.9810249573413439 P12 recvs B2 from P33 
1.9828968432698884 P41 recvs B2 from P47 
1.9829759555596593 P26 recvs B2 from P40 
1.9837558513558304 P10 recvs B2 from P0 
1.9839741947327072 P45 recvs B2 from P37 
1.9840218690478213 P23 recvs B2 from P14 
1.9842886607640495 P18 recvs B2 from P27 
1.9843676032166628 P41 recvs B2 from P5 
1.9844984667156609 P45 recvs B2 from P39 
1.9850846012878987 P16 recvs B2 from P33 
1.9860808802763092 P49 recvs B2 from P41 
1.9866743265143976 P43 recvs B2 from P8 
1.9868491499874616 P20 recvs B2 from P31 
1.989453725357342 P11 recvs B2 from P36 
1.9894842545031521 P20 recvs B2 from P1 
1.989499438613195 P22 recvs B2 from P11 
1.989935322470247 P12 recvs B2 from P5 
1.9914808543562588 P31 recvs B2 from P40 
1.9921319525502201 P20 recvs B2 from P45 
1.9922846549460034 P24 recvs B2 from P14 
1.9933327394744684 P36 recvs B2 from P29 
1.995466438043396 P31 recvs B2 from P16 
1.9955785892514661 P40 recvs B2 from P31 
1.9963398611685035 P14 recvs B2 from P24 
1.9996634668401934 P30 recvs B2 from P27 
2.000020660323249 P37 recvs B2 from P6 
2.0012731527876 P47 recvs B2 from P41 
2.00146056719535 P18 recvs B2 from P36 
2.0020433999479446 P27 recvs B2 from P16 
2.0031233766822263 P14 recvs B2 from P10 
2.0054018014944837 P39 recvs B2 from P37 
2.0057540085136942 P42 recvs B2 from P31 
2.007350773436098 P4 recvs B2 from P23 
2.0084035508495597 P40 recvs B2 from P9 
2.0086839442657465 P49 recvs B2 from P48 
2.008753843260617 P26 recvs B2 from P12 
2.010560778271189 P6 recvs B2 from P1 
2.013394414150656 P23 recvs B2 from P4 
2.015283619424391 P38 recvs B2 from P17 
2.015781453265161 P22 recvs B2 from P24 
2.0181369325103 P23 recvs B2 from P1 
2.019410667567655 P14 recvs B2 from P23 
2.019442903240131 P37 recvs B2 from P45 
2.0212253918486254 P4 recvs B2 from P0 
2.021449922699774 P40 recvs B2 from P16 
2.023672888891653 P17 recvs B2 from P14 
2.0277976540740936 P39 recvs B2 from P45 
2.033660194378209 P11 recvs B2 from P4 
2.0353658815779037 P47 recvs B2 from P18 
2.0355840199216475 P48 recvs B2 from P49 
2.039117963679819 P47 recvs B2 from P19 
2.041390496351061 P31 recvs B2 from P20 
2.043654980879064 P34 recvs B2 from P33 
2.04547250802427 P36 recvs B2 from P18 
2.0513685374259163 P25 recvs B2 from P10 
2.054277243701835 P22 recvs B2 from P36 
2.056132170462304 P19 recvs B2 from P23 
2.0568487970510465 P42 recvs B2 from P40 
2.0596561079106963 P25 recvs B2 from P4 
2.0605233478836618 P47 recvs B2 from P23 
2.0640745640234766 P38 recvs B2 from P19 
2.0650224796951773 P10 recvs B2 from P9 
2.0732362399711763 P29 recvs B2 from P36 
2.075306983821874 P45 recvs B2 from P20 
2.078659042304999 P27 recvs B2 from P18 
2.081775234364405 P23 recvs B2 from P19 
2.0886666767462 P20 recvs B2 from P9 
2.0934042736239244 P41 recvs B2 from P9 
3.788792785051703 P41 creates T3
4.8243609611244835 P8 creates T4
11.937429450687938 P44 mines B3
11.970319783087685 P1 recvs B3 from P44 
11.970319783087685 P1 adds B3 to its tree
11.970319783087685 P1 mines for 2492.3110975539926 seconds
11.981460706742213 P31 recvs B3 from P1 
11.981460706742213 P31 adds B3 to its tree
11.981460706742213 P31 mines for 12056.586776130624 seconds
12.001214516854965 P16 recvs B3 from P31 
12.001214516854965 P16 adds B3 to its tree
12.001214516854965 P16 mines for 320.2404273737985 seconds
12.00437211742813 P2 recvs B3 from P44 
12.00437211742813 P2 adds B3 to its tree
12.00437211742813 P2 mines for 1219.7471783086792 seconds
12.011755793980209 P21 recvs B3 from P44 
12.011755793980209 P21 adds B3 to its tree
12.011755793980209 P21 mines for 43.74405906056518 seconds
12.02226345549113 P6 recvs B3 from P21 
12.02226345549113 P6 adds B3 to its tree
12.02226345549113 P6 mines for 1502.5578726094022 seconds
12.029617995074362 P32 recvs B3 from P21 
12.029617995074362 P32 adds B3 to its tree
12.029617995074362 P32 mines for 1635.4413174317547 seconds
12.029705801838524 P1 recvs B3 from P6 
12.033532621836443 P28 recvs B3 from P44 
12.033532621836443 P28 adds B3 to its tree
12.033532621836443 P28 mines for 688.7380580862431 seconds
12.035788252822599 P48 recvs B3 from P21 
12.035788252822599 P48 adds B3 to its tree
12.035788252822599 P48 mines for 3572.7284440975195 seconds
12.036114245335556 P20 recvs B3 from P31 
12.036114245335556 P20 adds B3 to its tree
12.036114245335556 P20 mines for 98.72684300685962 seconds
12.038275836536119 P32 recvs B3 from P2 
12.042826804175073 P2 recvs B3 from P32 
12.043682585696482 P8 recvs B3 from P16 
12.043682585696482 P8 adds B3 to its tree
12.043682585696482 P8 mines for 1527.9073836285072 seconds
12.044023335421166 P15 recvs B3 from P2 
12.044023335421166 P15 adds B3 to its tree
12.044023335421166 P15 mines for 161.2050321718463 seconds
12.049650227808604 P43 recvs B3 from P44 
12.049650227808604 P43 adds B3 to its tree
12.049650227808604 P43 mines for 106.9125558938379 seconds
12.050553915285025 P34 recvs B3 from P8 
12.050553915285025 P34 adds B3 to its tree
12.050553915285025 P34 mines for 2692.2799529519716 seconds
12.051682633233215 P4 recvs B3 from P6 
12.051682633233215 P4 adds B3 to its tree
12.051682633233215 P4 mines for 131.861282757806 seconds
12.056471337140863 P18 recvs B3 from P28 
12.056471337140863 P18 adds B3 to its tree
12.056471337140863 P18 mines for 193.6856400493267 seconds
12.057818419379386 P3 recvs B3 from P43 
12.057818419379386 P3 adds B3 to its tree
12.057818419379386 P3 mines for 33.414091697753086 seconds
12.058125155255304 P11 recvs B3 from P8 
12.058125155255304 P11 adds B3 to its tree
12.058125155255304 P11 mines for 220.40680233162325 seconds
12.060148872043424 P0 recvs B3 from P20 
12.060148872043424 P0 adds B3 to its tree
12.060148872043424 P0 mines for 602.2690944681298 seconds
12.061022686232 P40 recvs B3 from P31 
12.061022686232 P40 adds B3 to its tree
12.061022686232 P40 mines for 139.89566264532712 seconds
12.064064231987246 P17 recvs B3 from P1 
12.064064231987246 P17 adds B3 to its tree
12.064064231987246 P17 mines for 1030.5012721476749 seconds
12.067833419849341 P38 recvs B3 from P28 
12.067833419849341 P38 adds B3 to its tree
12.067833419849341 P38 mines for 319.26963204678384 seconds
12.071767689552605 P2 recvs B3 from P18 
12.072237807321338 P7 recvs B3 from P34 
12.072237807321338 P7 adds B3 to its tree
12.072237807321338 P7 mines for 1554.8953391738821 seconds
12.072541960446854 P22 recvs B3 from P2 
12.072541960446854 P22 adds B3 to its tree
12.072541960446854 P22 mines for 383.3356488415317 seconds
12.073502515066581 P0 recvs B3 from P4 
12.074329008322463 P14 recvs B3 from P17 
12.074329008322463 P14 adds B3 to its tree
12.074329008322463 P14 mines for 304.8932759091919 seconds
12.075034347959667 P12 recvs B3 from P0 
12.075034347959667 P12 adds B3 to its tree
12.075034347959667 P12 mines for 778.9158927528764 seconds
12.075603604653493 P1 recvs B3 from P20 
12.076003754887742 P20 recvs B3 from P1 
12.07830653972039 P47 recvs B3 from P18 
12.07830653972039 P47 adds B3 to its tree
12.07830653972039 P47 mines for 103.02025899106373 seconds
12.078667641546343 P3 recvs B3 from P22 
12.078797930374057 P13 recvs B3 from P34 
12.078797930374057 P13 adds B3 to its tree
12.078797930374057 P13 mines for 1809.9007666291923 seconds
12.080161553780744 P10 recvs B3 from P6 
12.080161553780744 P10 adds B3 to its tree
12.080161553780744 P10 mines for 223.4454239954047 seconds
12.082174364731058 P6 recvs B3 from P1 
12.082882548634272 P25 recvs B3 from P3 
12.082882548634272 P25 adds B3 to its tree
12.082882548634272 P25 mines for 1541.548127350151 seconds
12.083950021520769 P33 recvs B3 from P16 
12.083950021520769 P33 adds B3 to its tree
12.083950021520769 P33 mines for 267.3359361233373 seconds
12.084962616138801 P13 recvs B3 from P38 
12.085298623427674 P3 recvs B3 from P47 
12.08540498993974 P27 recvs B3 from P48 
12.08540498993974 P27 adds B3 to its tree
12.08540498993974 P27 mines for 325.17196917985143 seconds
12.086233505202397 P37 recvs B3 from P2 
12.086233505202397 P37 adds B3 to its tree
12.086233505202397 P37 mines for 395.2318565631171 seconds
12.086735489785694 P33 recvs B3 from P34 
12.087543596886468 P0 recvs B3 from P10 
12.088968209594682 P10 recvs B3 from P14 
12.089604763510948 P36 recvs B3 from P18 
12.089604763510948 P36 adds B3 to its tree
12.089604763510948 P36 mines for 19.83437735479409 seconds
12.09019567226211 P5 recvs B3 from P12 
12.09019567226211 P5 adds B3 to its tree
12.09019567226211 P5 mines for 264.6711845284113 seconds
12.090461353147544 P9 recvs B3 from P40 
12.090461353147544 P9 adds B3 to its tree
12.090461353147544 P9 mines for 1662.3413909952703 seconds
12.091014097690543 P4 recvs B3 from P27 
12.092179830890556 P5 recvs B3 from P15 
12.092436397188846 P8 recvs B3 from P43 
12.092528365113163 P35 recvs B3 from P3 
12.092528365113163 P35 adds B3 to its tree
12.092528365113163 P35 mines for 5908.403279198592 seconds
12.092953989809008 P24 recvs B3 from P6 
12.092953989809008 P24 adds B3 to its tree
12.092953989809008 P24 mines for 140.3691235898209 seconds
12.093290384572486 P23 recvs B3 from P1 
12.093290384572486 P23 adds B3 to its tree
12.093290384572486 P23 mines for 160.98304367000517 seconds
12.094827839540564 P15 recvs B3 from P17 
12.096031295661033 P5 recvs B3 from P10 
12.096957361006345 P39 recvs B3 from P14 
12.096957361006345 P39 adds B3 to its tree
12.096957361006345 P39 mines for 197.49118622195778 seconds
12.096968584879939 P18 recvs B3 from P2 
12.097049544992196 P11 recvs B3 from P22 
12.098716594119015 P42 recvs B3 from P31 
12.098716594119015 P42 adds B3 to its tree
12.098716594119015 P42 mines for 311.81717837108147 seconds
12.09884271922575 P19 recvs B3 from P9 
12.09884271922575 P19 adds B3 to its tree
12.09884271922575 P19 mines for 101.41328028703444 seconds
12.099630972748756 P43 recvs B3 from P34 
12.099678224469114 P12 recvs B3 from P24 
12.100754797230886 P4 recvs B3 from P11 
12.100827164327274 P19 recvs B3 from P35 
12.102396259222035 P25 recvs B3 from P8 
12.102761192614583 P5 recvs B3 from P7 
12.102843166450532 P15 recvs B3 from P27 
12.103475676400448 P4 recvs B3 from P25 
12.10407429936853 P13 recvs B3 from P22 
12.104199888066463 P16 recvs B3 from P40 
12.104688049971667 P38 recvs B3 from P15 
12.105373387398098 P15 recvs B3 from P38 
12.106508813951145 P9 recvs B3 from P11 
12.106686398444861 P19 recvs B3 from P14 
12.108023344430142 P19 recvs B3 from P47 
12.10837519019988 P4 recvs B3 from P23 
12.108690437050214 P14 recvs B3 from P19 
12.10930347561447 P7 recvs B3 from P5 
12.10980567113734 P7 recvs B3 from P33 
12.109948894275517 P26 recvs B3 from P39 
12.109948894275517 P26 adds B3 to its tree
12.109948894275517 P26 mines for 169.32606652882785 seconds
12.11023968932895 P32 recvs B3 from P35 
12.110258303354694 P30 recvs B3 from P48 
12.110258303354694 P30 adds B3 to its tree
12.110258303354694 P30 mines for 1425.117104175321 seconds
12.111022531178214 P9 recvs B3 from P10 
12.111284627645803 P36 recvs B3 from P22 
12.11309225972903 P17 recvs B3 from P38 
12.11449853268173 P22 recvs B3 from P3 
12.114609055113078 P27 recvs B3 from P18 
12.114753959444586 P8 recvs B3 from P25 
12.11608438973879 P27 recvs B3 from P16 
12.116306588512193 P12 recvs B3 from P26 
12.116390299012906 P23 recvs B3 from P14 
12.117395792454655 P33 recvs B3 from P17 
12.117842170506531 P10 recvs B3 from P9 
12.118703278136623 P29 recvs B3 from P0 
12.118703278136623 P29 adds B3 to its tree
12.118703278136623 P29 mines for 140.68328966645515 seconds
12.118850451532902 P7 recvs B3 from P13 
12.119801247180341 P5 recvs B3 from P36 
12.120282911784 P17 recvs B3 from P15 
12.120415596959122 P36 recvs B3 from P42 
12.121858683409355 P26 recvs B3 from P40 
12.122006030662103 P47 recvs B3 from P19 
12.122073843557015 P47 recvs B3 from P35 
12.122151797821957 P14 recvs B3 from P10 
12.122989412139745 P37 recvs B3 from P3 
12.123524729725629 P10 recvs B3 from P5 
12.12398666492601 P37 recvs B3 from P6 
12.12483515857143 P20 recvs B3 from P9 
12.12521090067131 P28 recvs B3 from P29 
12.125465338302735 P35 recvs B3 from P39 
12.125754856173453 P42 recvs B3 from P48 
12.12580342749097 P36 recvs B3 from P11 
12.125817612883308 P24 recvs B3 from P22 
12.126906268887499 P9 recvs B3 from P20 
12.128367083604553 P49 recvs B3 from P40 
12.128367083604553 P49 adds B3 to its tree
12.128367083604553 P49 mines for 3914.874776485829 seconds
12.128529787041956 P23 recvs B3 from P47 
12.12952799750175 P24 recvs B3 from P14 
12.129806468397822 P27 recvs B3 from P15 
12.130543363058287 P49 recvs B3 from P28 
12.13125885380858 P25 recvs B3 from P10 
12.132531345221256 P40 recvs B3 from P16 
12.13278426965936 P43 recvs B3 from P48 
12.13300040797074 P25 recvs B3 from P17 
12.133243563922102 P37 recvs B3 from P39 
12.133823865151529 P13 recvs B3 from P23 
12.134323697009767 P45 recvs B3 from P0 
12.134323697009767 P45 adds B3 to its tree
12.134323697009767 P45 mines for 11845.445966954901 seconds
12.134442392113453 P11 recvs B3 from P30 
12.134715607625342 P16 recvs B3 from P27 
12.134977944762113 P28 recvs B3 from P49 
12.13498327710211 P37 recvs B3 from P7 
12.135429612464723 P13 recvs B3 from P20 
12.136216383742894 P42 recvs B3 from P40 
12.136452610965057 P22 recvs B3 from P11 
12.13675366432676 P15 recvs B3 from P5 
12.137395674830273 P27 recvs B3 from P4 
12.138909617859781 P3 recvs B3 from P37 
12.139970869511316 P12 recvs B3 from P33 
12.141132270258868 P46 recvs B3 from P35 
12.141132270258868 P46 adds B3 to its tree
12.141132270258868 P46 mines for 1265.09254908559 seconds
12.14318056939516 P38 recvs B3 from P26 
12.14505897629004 P6 recvs B3 from P37 
12.145715868084304 P38 recvs B3 from P19 
12.146420023541463 P20 recvs B3 from P45 
12.14662200527267 P39 recvs B3 from P35 
12.146763093118972 P18 recvs B3 from P27 
12.147206387422997 P29 recvs B3 from P28 
12.149526098208824 P36 recvs B3 from P29 
12.150269895912675 P23 recvs B3 from P4 
12.150516876026657 P11 recvs B3 from P36 
12.15068457111617 P15 recvs B3 from P43 
12.150801415213719 P32 recvs B3 from P49 
12.151828731448893 P46 recvs B3 from P7 
12.152456548124343 P7 recvs B3 from P46 
12.152486961631855 P23 recvs B3 from P19 
12.153255655343322 P49 recvs B3 from P48 
12.153396700678217 P43 recvs B3 from P15 
12.153469119553977 P40 recvs B3 from P42 
12.154367562535509 P38 recvs B3 from P17 
12.156001985704503 P47 recvs B3 from P3 
12.156258727309789 P34 recvs B3 from P43 
12.156637805449783 P17 recvs B3 from P33 
12.158405007784502 P36 recvs B3 from P5 
12.158729963135226 P10 recvs B3 from P0 
12.158918649325168 P45 recvs B3 from P20 
12.159375620030803 P45 recvs B3 from P39 
12.160769247961506 P30 recvs B3 from P27 
12.161440280150915 P28 recvs B3 from P46 
12.161908935857324 P30 recvs B3 from P12 
12.161967322156153 P43 recvs B3 from P8 
12.162130834711029 P20 recvs B3 from P13 
12.167341244955706 P40 recvs B3 from P26 
12.168320554283822 P33 recvs B3 from P12 
12.168440029678374 P37 recvs B3 from P45 
12.168560156113754 P46 recvs B3 from P28 
12.170854232309734 P25 recvs B3 from P32 
12.171309346284142 P30 recvs B3 from P11 
12.171691598499983 P45 recvs B3 from P42 
12.17250885285591 P33 recvs B3 from P7 
12.17265078692192 P34 recvs B3 from P33 
12.174197788352984 P24 recvs B3 from P12 
12.175031619356263 P35 recvs B3 from P19 
12.175115447891658 P10 recvs B3 from P25 
12.178702208524872 P14 recvs B3 from P23 
12.180510644852301 P22 recvs B3 from P36 
12.18150733863023 P19 recvs B3 from P38 
12.1824577230994 P14 recvs B3 from P24 
12.186429652545998 P22 recvs B3 from P13 
12.18751801819378 P26 recvs B3 from P12 
12.188263300441895 P22 recvs B3 from P24 
12.189071888496551 P11 recvs B3 from P9 
12.189984046881204 P35 recvs B3 from P47 
12.190593477318401 P48 recvs B3 from P42 
12.19288768123506 P19 recvs B3 from P23 
12.194527425806445 P41 recvs B3 from P5 
12.194527425806445 P41 adds B3 to its tree
12.194527425806445 P41 mines for 1343.8691020813399 seconds
12.19497376789111 P13 recvs B3 from P7 
12.196198162492793 P39 recvs B3 from P45 
12.197547286238441 P4 recvs B3 from P0 
12.200860892612598 P39 recvs B3 from P49 
12.201671826881729 P41 recvs B3 from P9 
12.202510020499005 P41 recvs B3 from P47 
12.204931843929241 P9 recvs B3 from P41 
12.205606876551201 P12 recvs B3 from P30 
12.207745127119928 P26 recvs B3 from P38 
12.21019049530429 P38 recvs B3 from P13 
12.213112501755361 P11 recvs B3 from P4 
12.213308209173297 P29 recvs B3 from P36 
12.21336184387131 P47 recvs B3 from P23 
12.213569275848917 P27 recvs B3 from P30 
12.216556360041855 P23 recvs B3 from P13 
12.220569679323876 P48 recvs B3 from P43 
12.220972234023192 P7 recvs B3 from P37 
12.225317816400139 P41 recvs B3 from P30 
12.2268382187685 P17 recvs B3 from P25 
12.22702412338321 P30 recvs B3 from P41 
12.23441922700365 P32 recvs B3 from P25 
12.237140599288743 P42 recvs B3 from P45 
12.23869899072742 P25 recvs B3 from P4 
12.240214957924897 P49 recvs B3 from P39 
12.246098626947637 P45 recvs B3 from P37 
12.250418856764702 P32 recvs B3 from P30 
12.252540341204499 P39 recvs B3 from P37 
12.255075192812733 P49 recvs B3 from P41 
12.263902826382207 P30 recvs B3 from P32 
12.264755822656557 P42 recvs B3 from P36 
12.268321267182682 P41 recvs B3 from P49 
12.275448371313875 P47 recvs B3 from P41 
12.280705774458978 P48 recvs B3 from P49 
12.288366245352222 P35 recvs B3 from P32 
12.295889734515756 P49 recvs B3 from P32 
15.300904309122016 P44 creates T6
31.923982118305037 P36 mines B4
31.929741611608993 P5 recvs B4 from P36 
31.929741611608993 P5 adds B4 to its tree
31.929741611608993 P5 mines for 1654.284191591608 seconds
31.96914140516482 P11 recvs B4 from P36 
31.96914140516482 P11 adds B4 to its tree
31.96914140516482 P11 mines for 25.268612788236812 seconds
31.976038385815325 P7 recvs B4 from P5 
31.976038385815325 P7 adds B4 to its tree
31.976038385815325 P7 mines for 1058.9052292157394 seconds
31.983561451289532 P18 recvs B4 from P36 
31.983561451289532 P18 adds B4 to its tree
31.983561451289532 P18 mines for 214.84658690755495 seconds
31.98765616052983 P34 recvs B4 from P7 
31.98765616052983 P34 adds B4 to its tree
31.98765616052983 P34 mines for 3421.363509065908 seconds
31.988071679838875 P22 recvs B4 from P36 
31.988071679838875 P22 adds B4 to its tree
31.988071679838875 P22 mines for 4340.617408696813 seconds
31.994071313133862 P4 recvs B4 from P11 
31.994071313133862 P4 adds B4 to its tree
31.994071313133862 P4 mines for 61.701685864859286 seconds
31.999976715849318 P8 recvs B4 from P11 
31.999976715849318 P8 adds B4 to its tree
31.999976715849318 P8 mines for 73.24797287055358 seconds
32.00007356203358 P0 recvs B4 from P4 
32.00007356203358 P0 adds B4 to its tree
32.00007356203358 P0 mines for 447.6769608022856 seconds
32.00498951584771 P2 recvs B4 from P22 
32.00498951584771 P2 adds B4 to its tree
32.00498951584771 P2 mines for 247.9413531478222 seconds
32.01041931464793 P29 recvs B4 from P36 
32.01041931464793 P29 adds B4 to its tree
32.01041931464793 P29 mines for 348.9576401809868 seconds
32.012200070685516 P27 recvs B4 from P4 
32.012200070685516 P27 adds B4 to its tree
32.012200070685516 P27 mines for 476.719347096726 seconds
32.014229810093724 P10 recvs B4 from P5 
32.014229810093724 P10 adds B4 to its tree
32.014229810093724 P10 mines for 282.746343143774 seconds
32.015146290800224 P32 recvs B4 from P2 
32.015146290800224 P32 adds B4 to its tree
32.015146290800224 P32 mines for 1161.5436931399033 seconds
32.01690112140286 P15 recvs B4 from P27 
32.01690112140286 P15 adds B4 to its tree
32.01690112140286 P15 mines for 280.7967230406193 seconds
32.018283758654924 P34 recvs B4 from P8 
32.0184226040928 P12 recvs B4 from P0 
32.0184226040928 P12 adds B4 to its tree
32.0184226040928 P12 mines for 664.3700836192149 seconds
32.02278149856204 P5 recvs B4 from P12 
32.02425865291568 P2 recvs B4 from P15 
32.02614197871838 P3 recvs B4 from P22 
32.02614197871838 P3 adds B4 to its tree
32.02614197871838 P3 mines for 107.1353320010466 seconds
32.02671618998986 P37 recvs B4 from P7 
32.02671618998986 P37 adds B4 to its tree
32.02671618998986 P37 mines for 777.8630662788253 seconds
32.027729694099364 P0 recvs B4 from P29 
32.02836379719374 P2 recvs B4 from P18 
32.028503021867756 P30 recvs B4 from P12 
32.028503021867756 P30 adds B4 to its tree
32.028503021867756 P30 mines for 2201.0429613795363 seconds
32.028969714021386 P0 recvs B4 from P10 
32.0309300236972 P5 recvs B4 from P15 
32.03237330043362 P29 recvs B4 from P0 
32.032407348102154 P9 recvs B4 from P11 
32.032407348102154 P9 adds B4 to its tree
32.032407348102154 P9 mines for 7811.537391876341 seconds
32.03305818887323 P11 recvs B4 from P22 
32.034468632835 P11 recvs B4 from P30 
32.03724688744025 P28 recvs B4 from P18 
32.03724688744025 P28 adds B4 to its tree
32.03724688744025 P28 mines for 5083.430938221763 seconds
32.03809611756277 P46 recvs B4 from P7 
32.03809611756277 P46 adds B4 to its tree
32.03809611756277 P46 mines for 79.15543672565212 seconds
32.039154807384044 P19 recvs B4 from P9 
32.039154807384044 P19 adds B4 to its tree
32.039154807384044 P19 mines for 236.45666610441367 seconds
32.03929974911767 P6 recvs B4 from P10 
32.03929974911767 P6 adds B4 to its tree
32.03929974911767 P6 mines for 1481.8638114963342 seconds
32.039413079751455 P22 recvs B4 from P11 
32.039980690149456 P8 recvs B4 from P34 
32.040108704667965 P15 recvs B4 from P2 
32.042479432009536 P28 recvs B4 from P46 
32.04286694309788 P23 recvs B4 from P4 
32.04286694309788 P23 adds B4 to its tree
32.04286694309788 P23 mines for 449.1183918764343 seconds
32.048537027145606 P16 recvs B4 from P27 
32.048537027145606 P16 adds B4 to its tree
32.048537027145606 P16 mines for 208.37469163474148 seconds
32.04860791165654 P20 recvs B4 from P0 
32.04860791165654 P20 adds B4 to its tree
32.04860791165654 P20 mines for 182.087212511969 seconds
32.04881926888032 P38 recvs B4 from P15 
32.04881926888032 P38 adds B4 to its tree
32.04881926888032 P38 mines for 103.07370027528341 seconds
32.04987012200451 P44 recvs B4 from P2 
32.04987012200451 P44 adds B4 to its tree
32.04987012200451 P44 mines for 542.2122590391452 seconds
32.05060056640201 P33 recvs B4 from P12 
32.05060056640201 P33 adds B4 to its tree
32.05060056640201 P33 mines for 127.29565327764077 seconds
32.052852334002104 P8 recvs B4 from P16 
32.052872260695366 P25 recvs B4 from P3 
32.052872260695366 P25 adds B4 to its tree
32.052872260695366 P25 mines for 855.9464901664732 seconds
32.05579440842996 P30 recvs B4 from P11 
32.05604318713355 P38 recvs B4 from P28 
32.05623658254237 P1 recvs B4 from P20 
32.05623658254237 P1 adds B4 to its tree
32.05623658254237 P1 mines for 1333.0668484079279 seconds
32.05647461235225 P13 recvs B4 from P22 
32.05647461235225 P13 adds B4 to its tree
32.05647461235225 P13 mines for 5513.09244524068 seconds
32.056794318863716 P24 recvs B4 from P12 
32.056794318863716 P24 adds B4 to its tree
32.056794318863716 P24 mines for 2370.5237144648704 seconds
32.05783578943238 P21 recvs B4 from P32 
32.05783578943238 P21 adds B4 to its tree
32.05783578943238 P21 mines for 1896.6317355983174 seconds
32.05785255762212 P47 recvs B4 from P18 
32.05785255762212 P47 adds B4 to its tree
32.05785255762212 P47 mines for 101.46143479149075 seconds
32.05851604960626 P18 recvs B4 from P27 
32.058763008880895 P6 recvs B4 from P4 
32.061531810213225 P49 recvs B4 from P28 
32.061531810213225 P49 adds B4 to its tree
32.061531810213225 P49 mines for 666.2027786318952 seconds
32.06167113989257 P3 recvs B4 from P47 
32.06172359249516 P27 recvs B4 from P30 
32.06173969393318 P40 recvs B4 from P9 
32.06173969393318 P40 adds B4 to its tree
32.06173969393318 P40 mines for 292.0687930008942 seconds
32.06180432253065 P13 recvs B4 from P34 
32.061810388793646 P4 recvs B4 from P25 
32.06202103919399 P1 recvs B4 from P6 
32.06251370545769 P14 recvs B4 from P19 
32.06251370545769 P14 adds B4 to its tree
32.06251370545769 P14 mines for 357.5402202972422 seconds
32.06279682966866 P45 recvs B4 from P0 
32.06279682966866 P45 adds B4 to its tree
32.06279682966866 P45 mines for 1407.43752122951 seconds
32.062993643633995 P7 recvs B4 from P13 
32.06352775667507 P33 recvs B4 from P16 
32.06506004001236 P24 recvs B4 from P22 
32.06599630556717 P9 recvs B4 from P20 
32.06619887816701 P19 recvs B4 from P47 
32.06620844458953 P28 recvs B4 from P29 
32.06697515120349 P6 recvs B4 from P24 
32.067506950902164 P26 recvs B4 from P12 
32.067506950902164 P26 adds B4 to its tree
32.067506950902164 P26 mines for 90.2319534764549 seconds
32.06795739013605 P1 recvs B4 from P23 
32.068247029998865 P43 recvs B4 from P3 
32.068247029998865 P43 adds B4 to its tree
32.068247029998865 P43 mines for 1015.354331619818 seconds
32.06928525225775 P7 recvs B4 from P33 
32.069785621587194 P17 recvs B4 from P15 
32.069785621587194 P17 adds B4 to its tree
32.069785621587194 P17 mines for 7689.106164867857 seconds
32.0700120807858 P9 recvs B4 from P10 
32.070440688170855 P20 recvs B4 from P13 
32.07081629895751 P13 recvs B4 from P20 
32.07234855879502 P2 recvs B4 from P37 
32.07309000200495 P32 recvs B4 from P49 
32.073894612629225 P35 recvs B4 from P3 
32.073894612629225 P35 adds B4 to its tree
32.073894612629225 P35 mines for 1765.4113906240084 seconds
32.07402292732832 P33 recvs B4 from P7 
32.07416259108118 P27 recvs B4 from P18 
32.07455571889933 P6 recvs B4 from P21 
32.07487080020984 P10 recvs B4 from P0 
32.07556085072297 P25 recvs B4 from P4 
32.076089197279565 P13 recvs B4 from P38 
32.07611977186944 P4 recvs B4 from P6 
32.07661017567964 P3 recvs B4 from P37 
32.07699203478328 P16 recvs B4 from P40 
32.07733182611487 P14 recvs B4 from P10 
32.077563920824936 P44 recvs B4 from P1 
32.077751904002994 P41 recvs B4 from P30 
32.077751904002994 P41 adds B4 to its tree
32.077751904002994 P41 mines for 4845.347912950012 seconds
32.07810100181022 P37 recvs B4 from P2 
32.079398313905 P39 recvs B4 from P49 
32.079398313905 P39 adds B4 to its tree
32.079398313905 P39 mines for 465.1502392543757 seconds
32.079453028236166 P33 recvs B4 from P34 
32.08103973079485 P43 recvs B4 from P15 
32.081150300388316 P8 recvs B4 from P43 
32.08184753662276 P20 recvs B4 from P45 
32.08225715883155 P31 recvs B4 from P16 
32.08225715883155 P31 adds B4 to its tree
32.08225715883155 P31 mines for 3553.4505367994166 seconds
32.0829605250685 P23 recvs B4 from P47 
32.08307671224228 P6 recvs B4 from P37 
32.08488119126859 P37 recvs B4 from P3 
32.084988285593596 P16 recvs B4 from P8 
32.08508491647156 P15 recvs B4 from P5 
32.086697792697876 P35 recvs B4 from P47 
32.08710406187959 P17 recvs B4 from P38 
32.08711481174988 P31 recvs B4 from P20 
32.08729358237349 P38 recvs B4 from P13 
32.087720884535116 P31 recvs B4 from P1 
32.088269602633 P25 recvs B4 from P32 
32.08862242749433 P48 recvs B4 from P30 
32.08862242749433 P48 adds B4 to its tree
32.08862242749433 P48 mines for 439.7402174803879 seconds
32.088909406712794 P19 recvs B4 from P35 
32.08953650014001 P40 recvs B4 from P49 
32.09131401012926 P44 recvs B4 from P21 
32.09154036548392 P14 recvs B4 from P39 
32.09255447872409 P13 recvs B4 from P23 
32.09273376573194 P10 recvs B4 from P14 
32.09307302811099 P32 recvs B4 from P35 
32.09400815659196 P23 recvs B4 from P13 
32.09475576936255 P13 recvs B4 from P7 
32.09532771017185 P5 recvs B4 from P41 
32.09538942993228 P26 recvs B4 from P39 
32.09687330598197 P48 recvs B4 from P21 
32.09708596541898 P21 recvs B4 from P6 
32.0972338089677 P14 recvs B4 from P24 
32.098696306628064 P45 recvs B4 from P37 
32.09934029196975 P39 recvs B4 from P14 
32.09962843270513 P1 recvs B4 from P17 
32.10033990884352 P8 recvs B4 from P25 
32.101831709011705 P37 recvs B4 from P45 
32.10245844259792 P16 recvs B4 from P33 
32.102850646453184 P14 recvs B4 from P23 
32.10312141619653 P39 recvs B4 from P37 
32.10368423998847 P43 recvs B4 from P34 
32.10441740925221 P18 recvs B4 from P2 
32.10464052553492 P35 recvs B4 from P46 
32.10526597885153 P10 recvs B4 from P9 
32.10536457645926 P23 recvs B4 from P14 
32.10604339120384 P25 recvs B4 from P10 
32.10621165538828 P47 recvs B4 from P19 
32.10632128880226 P41 recvs B4 from P47 
32.106752383120444 P45 recvs B4 from P20 
32.10717083224892 P14 recvs B4 from P17 
32.1072378382541 P34 recvs B4 from P13 
32.10758868997958 P1 recvs B4 from P31 
32.10959151205593 P30 recvs B4 from P32 
32.10978743933096 P17 recvs B4 from P1 
32.111213788004996 P10 recvs B4 from P25 
32.112164118900345 P20 recvs B4 from P9 
32.113344499598526 P19 recvs B4 from P23 
32.1134059480229 P21 recvs B4 from P48 
32.11440713987842 P19 recvs B4 from P38 
32.115459925791455 P40 recvs B4 from P16 
32.116142032242934 P48 recvs B4 from P27 
32.116476087074325 P41 recvs B4 from P5 
32.11693601233673 P25 recvs B4 from P8 
32.11740977409669 P38 recvs B4 from P19 
32.11829384705734 P47 recvs B4 from P35 
32.11886242965931 P33 recvs B4 from P17 
32.11992589088913 P17 recvs B4 from P33 
32.12095287558554 P47 recvs B4 from P23 
32.12187670149877 P27 recvs B4 from P48 
32.12273117674769 P1 recvs B4 from P44 
32.12426247777765 P30 recvs B4 from P27 
32.125321226171295 P39 recvs B4 from P45 
32.12542820288999 P22 recvs B4 from P24 
32.1259642517929 P46 recvs B4 from P35 
32.126313343994156 P32 recvs B4 from P30 
32.126691849206956 P9 recvs B4 from P41 
32.127074718182506 P43 recvs B4 from P8 
32.12723934465383 P23 recvs B4 from P19 
32.12872476422778 P29 recvs B4 from P28 
32.13029883829568 P34 recvs B4 from P33 
32.13248235984278 P49 recvs B4 from P41 
32.1327343439562 P6 recvs B4 from P1 
32.13309453861083 P26 recvs B4 from P38 
32.13322087925497 P41 recvs B4 from P9 
32.133337240647926 P42 recvs B4 from P48 
32.133337240647926 P42 adds B4 to its tree
32.133337240647926 P42 mines for 94.36021382666327 seconds
32.135162593787044 P39 recvs B4 from P35 
32.13665524279628 P17 recvs B4 from P25 
32.137083762304016 P35 recvs B4 from P32 
32.13860711236243 P20 recvs B4 from P31 
32.13890044303936 P24 recvs B4 from P6 
32.141227937056755 P44 recvs B4 from P28 
32.14288618158256 P31 recvs B4 from P42 
32.14503160044283 P25 recvs B4 from P17 
32.146077836879286 P35 recvs B4 from P39 
32.14759775532776 P37 recvs B4 from P6 
32.14839887918919 P41 recvs B4 from P49 
32.1484536490931 P49 recvs B4 from P32 
32.15039380765497 P36 recvs B4 from P42 
32.151972436829936 P35 recvs B4 from P19 
32.152261209139596 P47 recvs B4 from P3 
32.152737090361136 P40 recvs B4 from P31 
32.1541143546276 P24 recvs B4 from P14 
32.15571265391649 P39 recvs B4 from P26 
32.15633853391363 P40 recvs B4 from P42 
32.156966809615994 P46 recvs B4 from P28 
32.157894541279916 P15 recvs B4 from P43 
32.15868443774659 P42 recvs B4 from P45 
32.16016444202328 P42 recvs B4 from P36 
32.16309638948575 P38 recvs B4 from P17 
32.16356499728517 P32 recvs B4 from P25 
32.16429445682929 P38 recvs B4 from P26 
32.16738489263317 P43 recvs B4 from P48 
32.167728137715045 P26 recvs B4 from P40 
32.16814987481843 P23 recvs B4 from P1 
32.17175151130951 P49 recvs B4 from P48 
32.17385691325512 P42 recvs B4 from P31 
32.17387302235865 P17 recvs B4 from P14 
32.174091227913344 P48 recvs B4 from P49 
32.17531906789948 P34 recvs B4 from P43 
32.17678174339661 P21 recvs B4 from P44 
32.18072865193839 P45 recvs B4 from P42 
32.180905117187756 P31 recvs B4 from P40 
32.182317856393354 P28 recvs B4 from P44 
32.185692431757204 P43 recvs B4 from P44 
32.18654124911145 P40 recvs B4 from P26 
32.18742760275768 P12 recvs B4 from P5 
32.1943258583768 P28 recvs B4 from P38 
32.19998634689701 P37 recvs B4 from P39 
32.20244397280888 P48 recvs B4 from P43 
32.20944707371055 P47 recvs B4 from P41 
32.211980236317885 P49 recvs B4 from P40 
32.21811169285059 P45 recvs B4 from P39 
32.22495148570223 P42 recvs B4 from P40 
32.25534264975651 P44 recvs B4 from P43 
57.23775419340163 P11 mines B5
57.25181316960116 P4 recvs B5 from P11 
57.25181316960116 P4 adds B5 to its tree
57.25181316960116 P4 mines for 913.5091290120968 seconds
57.257901339849354 P8 recvs B5 from P11 
57.257901339849354 P8 adds B5 to its tree
57.257901339849354 P8 mines for 6559.524690021101 seconds
57.26071285700502 P0 recvs B5 from P4 
57.26071285700502 P0 adds B5 to its tree
57.26071285700502 P0 mines for 210.66248615986552 seconds
57.26126276727597 P34 recvs B5 from P8 
57.26126276727597 P34 adds B5 to its tree
57.26126276727597 P34 mines for 6722.350738409501 seconds
57.2669234311645 P7 recvs B5 from P34 
57.2669234311645 P7 adds B5 to its tree
57.2669234311645 P7 mines for 531.6529873975803 seconds
57.278651622681956 P27 recvs B5 from P4 
57.278651622681956 P27 adds B5 to its tree
57.278651622681956 P27 mines for 139.10299821421637 seconds
57.27893967644775 P9 recvs B5 from P11 
57.27893967644775 P9 adds B5 to its tree
57.27893967644775 P9 mines for 9002.489321065403 seconds
57.286536682149716 P12 recvs B5 from P0 
57.286536682149716 P12 adds B5 to its tree
57.286536682149716 P12 mines for 2.5603533540670935 seconds
57.29317790076435 P15 recvs B5 from P27 
57.29317790076435 P15 adds B5 to its tree
57.29317790076435 P15 mines for 1120.400185284994 seconds
57.296967217059866 P16 recvs B5 from P27 
57.296967217059866 P16 adds B5 to its tree
57.296967217059866 P16 mines for 2155.256448395451 seconds
57.3014856567606 P2 recvs B5 from P15 
57.3014856567606 P2 adds B5 to its tree
57.3014856567606 P2 mines for 5236.577454581797 seconds
57.30399996603858 P5 recvs B5 from P12 
57.30399996603858 P5 adds B5 to its tree
57.30399996603858 P5 mines for 328.65837355048245 seconds
57.308794542189226 P13 recvs B5 from P34 
57.308794542189226 P13 adds B5 to its tree
57.308794542189226 P13 mines for 817.893446721494 seconds
57.309131714180815 P7 recvs B5 from P5 
57.3096894543099 P30 recvs B5 from P12 
57.3096894543099 P30 adds B5 to its tree
57.3096894543099 P30 mines for 2306.7643207098868 seconds
57.31133119865074 P8 recvs B5 from P16 
57.31435189085081 P7 recvs B5 from P13 
57.314595638721194 P16 recvs B5 from P8 
57.314975829828114 P32 recvs B5 from P2 
57.314975829828114 P32 adds B5 to its tree
57.314975829828114 P32 mines for 1991.509392980703 seconds
57.316002310841256 P5 recvs B5 from P7 
57.31685553651075 P33 recvs B5 from P16 
57.31685553651075 P33 adds B5 to its tree
57.31685553651075 P33 mines for 41.67202222002506 seconds
57.31836516395529 P21 recvs B5 from P32 
57.31836516395529 P21 adds B5 to its tree
57.31836516395529 P21 mines for 830.9588140237715 seconds
57.32197107411966 P33 recvs B5 from P34 
57.32274624886892 P31 recvs B5 from P16 
57.32274624886892 P31 adds B5 to its tree
57.32274624886892 P31 mines for 988.511110578661 seconds
57.3250011280437 P6 recvs B5 from P21 
57.3250011280437 P6 adds B5 to its tree
57.3250011280437 P6 mines for 2916.10494538164 seconds
57.32557786780281 P25 recvs B5 from P32 
57.32557786780281 P25 adds B5 to its tree
57.32557786780281 P25 mines for 346.00000863546825 seconds
57.32584458655318 P7 recvs B5 from P33 
57.326825393265736 P44 recvs B5 from P21 
57.326825393265736 P44 adds B5 to its tree
57.326825393265736 P44 mines for 620.1037964891568 seconds
57.327551666913024 P29 recvs B5 from P0 
57.327551666913024 P29 adds B5 to its tree
57.327551666913024 P29 mines for 34.34778121535584 seconds
57.32841069352889 P30 recvs B5 from P32 
57.32981390845758 P19 recvs B5 from P9 
57.32981390845758 P19 adds B5 to its tree
57.32981390845758 P19 mines for 68.01982126218208 seconds
57.33256986373185 P36 recvs B5 from P11 
57.33256986373185 P36 adds B5 to its tree
57.33256986373185 P36 mines for 378.750490566808 seconds
57.33444949710829 P3 recvs B5 from P25 
57.33444949710829 P3 adds B5 to its tree
57.33444949710829 P3 mines for 219.12221372812783 seconds
57.33455374461576 P14 recvs B5 from P19 
57.33455374461576 P14 adds B5 to its tree
57.33455374461576 P14 mines for 300.00443769715173 seconds
57.33575659284599 P10 recvs B5 from P5 
57.33575659284599 P10 adds B5 to its tree
57.33575659284599 P10 mines for 386.4945069536545 seconds
57.336114563987856 P20 recvs B5 from P0 
57.336114563987856 P20 adds B5 to its tree
57.336114563987856 P20 mines for 162.7839522045739 seconds
57.336965525032205 P35 recvs B5 from P32 
57.336965525032205 P35 adds B5 to its tree
57.336965525032205 P35 mines for 2283.8752426043075 seconds
57.33722738026529 P12 recvs B5 from P33 
57.33766783771107 P22 recvs B5 from P11 
57.33766783771107 P22 adds B5 to its tree
57.33766783771107 P22 mines for 2338.2503498622937 seconds
57.33813254139964 P11 recvs B5 from P30 
57.33850299729013 P37 recvs B5 from P7 
57.33850299729013 P37 adds B5 to its tree
57.33850299729013 P37 mines for 33.9816871681944 seconds
57.33948415089645 P45 recvs B5 from P0 
57.33948415089645 P45 adds B5 to its tree
57.33948415089645 P45 mines for 262.2014706914222 seconds
57.339874312325875 P3 recvs B5 from P35 
57.34032511607003 P49 recvs B5 from P32 
57.34032511607003 P49 adds B5 to its tree
57.34032511607003 P49 mines for 1661.2670253723452 seconds
57.3406550420676 P33 recvs B5 from P12 
57.34076962343043 P10 recvs B5 from P14 
57.341730647369616 P48 recvs B5 from P21 
57.341730647369616 P48 adds B5 to its tree
57.341730647369616 P48 mines for 1706.6503758676413 seconds
57.342739388683704 P2 recvs B5 from P22 
57.34308237919819 P15 recvs B5 from P5 
57.34384989534055 P39 recvs B5 from P14 
57.34384989534055 P39 adds B5 to its tree
57.34384989534055 P39 mines for 376.65417774615577 seconds
57.34463840387567 P2 recvs B5 from P37 
57.34656285424565 P4 recvs B5 from P25 
57.347337254648735 P3 recvs B5 from P37 
57.34737082398716 P27 recvs B5 from P30 
57.34841546231136 P43 recvs B5 from P3 
57.34841546231136 P43 adds B5 to its tree
57.34841546231136 P43 mines for 19.667055944970297 seconds
57.348735688182636 P1 recvs B5 from P31 
57.348735688182636 P1 adds B5 to its tree
57.348735688182636 P1 mines for 1445.7138740567636 seconds
57.34918431403723 P1 recvs B5 from P6 
57.34948333219298 P40 recvs B5 from P9 
57.34948333219298 P40 adds B5 to its tree
57.34948333219298 P40 mines for 285.4834813786357 seconds
57.34965681426738 P44 recvs B5 from P2 
57.34991173885623 P43 recvs B5 from P34 
57.35015154508234 P6 recvs B5 from P37 
57.35100557032525 P47 recvs B5 from P19 
57.35100557032525 P47 adds B5 to its tree
57.35100557032525 P47 mines for 652.4806431189055 seconds
57.35107694477118 P20 recvs B5 from P31 
57.351472874802845 P1 recvs B5 from P44 
57.35176511476179 P5 recvs B5 from P36 
57.35253284147429 P20 recvs B5 from P13 
57.352766997139796 P30 recvs B5 from P11 
57.3540295515421 P17 recvs B5 from P33 
57.3540295515421 P17 adds B5 to its tree
57.3540295515421 P17 mines for 540.6259127234729 seconds
57.35410126591669 P24 recvs B5 from P12 
57.35410126591669 P24 adds B5 to its tree
57.35410126591669 P24 mines for 3578.937471601176 seconds
57.354132882679934 P46 recvs B5 from P7 
57.354132882679934 P46 adds B5 to its tree
57.354132882679934 P46 mines for 63.24384046616078 seconds
57.35427802047637 P36 recvs B5 from P5 
57.354525312964384 P20 recvs B5 from P45 
57.355787580879706 P5 recvs B5 from P15 
57.35584203982607 P28 recvs B5 from P49 
57.35584203982607 P28 adds B5 to its tree
57.35584203982607 P28 mines for 782.0182713715287 seconds
57.355856424156066 P33 recvs B5 from P7 
57.356229057739995 P8 recvs B5 from P25 
57.35785966672176 P10 recvs B5 from P0 
57.3589688520722 P25 recvs B5 from P8 
57.36041166460289 P6 recvs B5 from P24 
57.360713628883424 P1 recvs B5 from P20 
57.36117988500923 P45 recvs B5 from P37 
57.361473771412484 P16 recvs B5 from P40 
57.361653926195736 P3 recvs B5 from P47 
57.361968375841414 P26 recvs B5 from P39 
57.361968375841414 P26 adds B5 to its tree
57.361968375841414 P26 mines for 63.4630208627598 seconds
57.36272516214232 P28 recvs B5 from P46 
57.36359703599226 P13 recvs B5 from P7 
57.363703207105004 P34 recvs B5 from P33 
57.363910051617545 P35 recvs B5 from P39 
57.364247157359515 P14 recvs B5 from P24 
57.365118138293845 P35 recvs B5 from P46 
57.36567537579079 P12 recvs B5 from P26 
57.3657201811382 P18 recvs B5 from P28 
57.3657201811382 P18 adds B5 to its tree
57.3657201811382 P18 mines for 141.51729733955443 seconds
57.36811055927364 P18 recvs B5 from P36 
57.368423889388076 P38 recvs B5 from P26 
57.368423889388076 P38 adds B5 to its tree
57.368423889388076 P38 mines for 15.977389885436168 seconds
57.36866933669132 P3 recvs B5 from P22 
57.36992462029729 P26 recvs B5 from P12 
57.370389207824765 P1 recvs B5 from P17 
57.371257334682994 P37 recvs B5 from P45 
57.37205235669452 P38 recvs B5 from P15 
57.372351798348625 P2 recvs B5 from P18 
57.37288747133289 P19 recvs B5 from P35 
57.373025872055265 P39 recvs B5 from P37 
57.37358556373865 P2 recvs B5 from P44 
57.374103286093444 P22 recvs B5 from P13 
57.37416843100171 P27 recvs B5 from P48 
57.37421816031802 P40 recvs B5 from P31 
57.374392466561396 P22 recvs B5 from P36 
57.37587016006979 P28 recvs B5 from P29 
57.376437276412545 P0 recvs B5 from P10 
57.37676757970193 P13 recvs B5 from P22 
57.37702841756322 P41 recvs B5 from P5 
57.37702841756322 P41 adds B5 to its tree
57.37702841756322 P41 mines for 5824.175863075802 seconds
57.37731211808678 P23 recvs B5 from P14 
57.37731211808678 P23 adds B5 to its tree
57.37731211808678 P23 mines for 153.23541197576904 seconds
57.378057848362985 P44 recvs B5 from P1 
57.37836961159596 P4 recvs B5 from P6 
57.37868743414443 P30 recvs B5 from P48 
57.379620619518356 P6 recvs B5 from P10 
57.38082478306495 P29 recvs B5 from P36 
57.38116189687231 P17 recvs B5 from P15 
57.38225893397511 P40 recvs B5 from P16 
57.38264384238506 P37 recvs B5 from P39 
57.382786893573915 P38 recvs B5 from P13 
57.382821831514974 P28 recvs B5 from P44 
57.383494891886905 P18 recvs B5 from P27 
57.383515696455504 P13 recvs B5 from P38 
57.38431982184762 P36 recvs B5 from P29 
57.38512877581462 P43 recvs B5 from P8 
57.38724995225123 P45 recvs B5 from P39 
57.388700254359364 P22 recvs B5 from P24 
57.38973374434543 P42 recvs B5 from P36 
57.38973374434543 P42 adds B5 to its tree
57.38973374434543 P42 mines for 338.12713063205837 seconds
57.390294727767184 P23 recvs B5 from P4 
57.390330250264434 P39 recvs B5 from P49 
57.39034627713157 P26 recvs B5 from P40 
57.390983503006815 P38 recvs B5 from P19 
57.39105516564747 P47 recvs B5 from P18 
57.392013939932106 P1 recvs B5 from P23 
57.39270247213416 P38 recvs B5 from P28 
57.39318375299697 P43 recvs B5 from P15 
57.39329014192663 P23 recvs B5 from P13 
57.39357084472291 P9 recvs B5 from P20 
57.39548766417415 P47 recvs B5 from P35 
57.39556877326726 P36 recvs B5 from P18 
57.39593972892538 P49 recvs B5 from P39 
57.396084782128284 P42 recvs B5 from P31 
57.39712479606697 P48 recvs B5 from P27 
57.39734284787055 P24 recvs B5 from P14 
57.39748914310603 P39 recvs B5 from P45 
57.39881155200837 P29 recvs B5 from P28 
57.39884621823115 P4 recvs B5 from P23 
57.40072589172514 P30 recvs B5 from P27 
57.40125967378454 P35 recvs B5 from P3 
57.40126853251205 P8 recvs B5 from P43 
57.40140664530302 P42 recvs B5 from P48 
57.40350093958913 P42 recvs B5 from P45 
57.40362549556845 P18 recvs B5 from P47 
57.40373089791337 P14 recvs B5 from P17 
57.40665965374865 P44 recvs B5 from P28 
57.4071855813583 P43 recvs B5 from P48 
57.40742994819422 P40 recvs B5 from P26 
57.40771922634399 P40 recvs B5 from P49 
57.408133280312235 P23 recvs B5 from P19 
57.41012867851604 P10 recvs B5 from P25 
57.410351558033874 P9 recvs B5 from P10 
57.41086368895458 P43 recvs B5 from P44 
57.4122366637465 P14 recvs B5 from P10 
57.41490481533165 P13 recvs B5 from P20 
57.41772845260212 P35 recvs B5 from P19 
57.42041849531441 P22 recvs B5 from P3 
57.42103529777352 P15 recvs B5 from P38 
57.421218010067896 P49 recvs B5 from P48 
57.421490267102335 P13 recvs B5 from P23 
57.42208741623837 P31 recvs B5 from P42 
57.423143599880824 P17 recvs B5 from P14 
57.423172611067145 P10 recvs B5 from P9 
57.42395253917951 P46 recvs B5 from P28 
57.42434441113501 P9 recvs B5 from P41 
57.424588111019354 P37 recvs B5 from P3 
57.42891085195194 P40 recvs B5 from P42 
57.42979811432157 P15 recvs B5 from P17 
57.430294227255075 P30 recvs B5 from P41 
57.43255930241151 P23 recvs B5 from P47 
57.43258230433202 P27 recvs B5 from P18 
57.43362755511377 P10 recvs B5 from P6 
57.43407949428684 P36 recvs B5 from P22 
57.43558417600209 P19 recvs B5 from P23 
57.43842438029509 P6 recvs B5 from P4 
57.44106858275029 P49 recvs B5 from P41 
57.44143690685057 P24 recvs B5 from P22 
57.44197892618014 P15 recvs B5 from P43 
57.44233045793587 P20 recvs B5 from P9 
57.443560725886876 P24 recvs B5 from P6 
57.4443387580754 P22 recvs B5 from P2 
57.444915791127876 P47 recvs B5 from P41 
57.4451268253505 P46 recvs B5 from P35 
57.44534602050751 P41 recvs B5 from P30 
57.44601933447972 P45 recvs B5 from P42 
57.44720594989228 P17 recvs B5 from P1 
57.447688794343954 P41 recvs B5 from P49 
57.44853051692922 P35 recvs B5 from P47 
57.4511099450464 P47 recvs B5 from P23 
57.45243943739392 P48 recvs B5 from P49 
57.45335261053503 P25 recvs B5 from P4 
57.45368295482486 P20 recvs B5 from P1 
57.45545697972617 P39 recvs B5 from P35 
57.45605182481835 P41 recvs B5 from P9 
57.45609653344523 P41 recvs B5 from P47 
57.45637543160164 P31 recvs B5 from P40 
57.45698430558639 P48 recvs B5 from P30 
57.45952730916587 P25 recvs B5 from P17 
57.463375969054006 P48 recvs B5 from P42 
57.464628057453154 P38 recvs B5 from P17 
57.466061362699214 P25 recvs B5 from P10 
57.4687500484198 P32 recvs B5 from P30 
57.47085299973895 P17 recvs B5 from P25 
57.47265313951121 P47 recvs B5 from P3 
57.47449648407276 P49 recvs B5 from P40 
57.47799537478727 P31 recvs B5 from P20 
57.47946913057849 P37 recvs B5 from P6 
57.483615327778836 P42 recvs B5 from P40 
57.48860518428821 P45 recvs B5 from P20 
57.49223679137386 P37 recvs B5 from P2 
57.506919296641136 P6 recvs B5 from P1 
57.518271795192874 P34 recvs B5 from P43 
57.52175844783996 P23 recvs B5 from P1 
57.52746065196222 P18 recvs B5 from P2 
57.54007483969293 P48 recvs B5 from P43 
57.56344005687723 P44 recvs B5 from P43 
57.56846811815153 P17 recvs B5 from P38 
57.57582470537086 P19 recvs B5 from P38 
57.609829339953315 P28 recvs B5 from P38 
59.84689003621681 P12 mines B6
59.860218107744146 P0 recvs B6 from P12 
59.860218107744146 P0 adds B6 to its tree
59.860218107744146 P0 mines for 119.3875331829505 seconds
59.864807273134375 P29 recvs B6 from P0 
59.864807273134375 P29 adds B6 to its tree
59.864807273134375 P29 mines for 55.93485449887157 seconds
59.88121479838869 P20 recvs B6 from P0 
59.88121479838869 P20 adds B6 to its tree
59.88121479838869 P20 mines for 866.8218777462979 seconds
59.886689126227665 P5 recvs B6 from P12 
59.886689126227665 P5 adds B6 to its tree
59.886689126227665 P5 mines for 212.40429051344148 seconds
59.896919137752135 P1 recvs B6 from P20 
59.896919137752135 P1 adds B6 to its tree
59.896919137752135 P1 mines for 17.61179251099883 seconds
59.89962151893021 P9 recvs B6 from P20 
59.89962151893021 P9 adds B6 to its tree
59.89962151893021 P9 mines for 193.56718571691758 seconds
59.901541804354395 P44 recvs B6 from P1 
59.901541804354395 P44 adds B6 to its tree
59.901541804354395 P44 mines for 167.4265416301553 seconds
59.90449684183482 P2 recvs B6 from P44 
59.90449684183482 P2 adds B6 to its tree
59.90449684183482 P2 mines for 7470.767778887707 seconds
59.904736455154534 P19 recvs B6 from P9 
59.904736455154534 P19 adds B6 to its tree
59.904736455154534 P19 mines for 4.360626718786637 seconds
59.907932440695745 P28 recvs B6 from P29 
59.907932440695745 P28 adds B6 to its tree
59.907932440695745 P28 mines for 46.38592539168531 seconds
59.908097008954265 P31 recvs B6 from P1 
59.908097008954265 P31 adds B6 to its tree
59.908097008954265 P31 mines for 929.0520766886117 seconds
59.91961672364268 P36 recvs B6 from P29 
59.91961672364268 P36 adds B6 to its tree
59.91961672364268 P36 mines for 329.13697723629286 seconds
59.92012479201672 P13 recvs B6 from P20 
59.92012479201672 P13 adds B6 to its tree
59.92012479201672 P13 mines for 543.2824151395512 seconds
59.92044085486463 P7 recvs B6 from P5 
59.92044085486463 P7 adds B6 to its tree
59.92044085486463 P7 mines for 758.2092052811116 seconds
59.921033201843755 P14 recvs B6 from P19 
59.921033201843755 P14 adds B6 to its tree
59.921033201843755 P14 mines for 120.35067745139777 seconds
59.92261446136976 P30 recvs B6 from P12 
59.92261446136976 P30 adds B6 to its tree
59.92261446136976 P30 mines for 8804.050722987917 seconds
59.92323691554305 P16 recvs B6 from P31 
59.92323691554305 P16 adds B6 to its tree
59.92323691554305 P16 mines for 3285.70742194005 seconds
59.92439516122223 P17 recvs B6 from P1 
59.92439516122223 P17 adds B6 to its tree
59.92439516122223 P17 mines for 231.14409331818817 seconds
59.92514348161687 P21 recvs B6 from P44 
59.92514348161687 P21 adds B6 to its tree
59.92514348161687 P21 mines for 88.54262678955844 seconds
59.925792664373304 P33 recvs B6 from P12 
59.925792664373304 P33 adds B6 to its tree
59.925792664373304 P33 mines for 177.72516514076216 seconds
59.92671526841556 P40 recvs B6 from P9 
59.92671526841556 P40 adds B6 to its tree
59.92671526841556 P40 mines for 23.73403393594566 seconds
59.9284806133704 P47 recvs B6 from P19 
59.9284806133704 P47 adds B6 to its tree
59.9284806133704 P47 mines for 110.65334785846638 seconds
59.930198497569314 P20 recvs B6 from P31 
59.931518269149535 P8 recvs B6 from P16 
59.931518269149535 P8 adds B6 to its tree
59.931518269149535 P8 mines for 6916.76451177901 seconds
59.93191915653407 P5 recvs B6 from P36 
59.933859371667175 P18 recvs B6 from P28 
59.933859371667175 P18 adds B6 to its tree
59.933859371667175 P18 mines for 230.0427715841939 seconds
59.93598444578234 P10 recvs B6 from P5 
59.93598444578234 P10 adds B6 to its tree
59.93598444578234 P10 mines for 317.1769616871954 seconds
59.93602893105678 P11 recvs B6 from P30 
59.93602893105678 P11 adds B6 to its tree
59.93602893105678 P11 mines for 295.14760262604335 seconds
59.93648758302689 P6 recvs B6 from P21 
59.93648758302689 P6 adds B6 to its tree
59.93648758302689 P6 mines for 43.40043962584765 seconds
59.93667400224452 P24 recvs B6 from P12 
59.93667400224452 P24 adds B6 to its tree
59.93667400224452 P24 mines for 4726.2689724180855 seconds
59.93801738381512 P34 recvs B6 from P8 
59.93801738381512 P34 adds B6 to its tree
59.93801738381512 P34 mines for 978.0167711791408 seconds
59.940624463450916 P34 recvs B6 from P7 
59.94130634008529 P26 recvs B6 from P12 
59.94130634008529 P26 adds B6 to its tree
59.94130634008529 P26 mines for 520.687670726505 seconds
59.94141341038278 P2 recvs B6 from P18 
59.9416247625565 P4 recvs B6 from P11 
59.9416247625565 P4 adds B6 to its tree
59.9416247625565 P4 mines for 370.1758544327873 seconds
59.94289534579402 P1 recvs B6 from P6 
59.94412244306455 P0 recvs B6 from P10 
59.94643831843427 P7 recvs B6 from P33 
59.94680874064277 P28 recvs B6 from P44 
59.947657898988126 P6 recvs B6 from P10 
59.949672396605976 P38 recvs B6 from P19 
59.949672396605976 P38 adds B6 to its tree
59.949672396605976 P38 mines for 21.74231259775201 seconds
59.95130811914271 P10 recvs B6 from P9 
59.95142494795699 P9 recvs B6 from P10 
59.951884081677264 P32 recvs B6 from P2 
59.951884081677264 P32 adds B6 to its tree
59.951884081677264 P32 mines for 1086.48140611754 seconds
59.952336725486354 P10 recvs B6 from P14 
59.95249472090636 P27 recvs B6 from P30 
59.95249472090636 P27 adds B6 to its tree
59.95249472090636 P27 mines for 71.21125178634799 seconds
59.952621587993036 P8 recvs B6 from P11 
59.95563242438505 P7 recvs B6 from P34 
59.956481532244794 P43 recvs B6 from P44 
59.956481532244794 P43 adds B6 to its tree
59.956481532244794 P43 mines for 242.43662053986753 seconds
59.956496924678284 P23 recvs B6 from P19 
59.956496924678284 P23 adds B6 to its tree
59.956496924678284 P23 mines for 96.27637018810154 seconds
59.95761653629478 P47 recvs B6 from P18 
59.95764353472132 P38 recvs B6 from P28 
59.95806087540714 P37 recvs B6 from P7 
59.95806087540714 P37 adds B6 to its tree
59.95806087540714 P37 mines for 421.29148763860536 seconds
59.95946211756298 P6 recvs B6 from P1 
59.96086209956897 P36 recvs B6 from P18 
59.96124711138359 P13 recvs B6 from P34 
59.96301961864965 P9 recvs B6 from P11 
59.96302712502378 P2 recvs B6 from P37 
59.96347649637454 P16 recvs B6 from P40 
59.96367123517063 P1 recvs B6 from P23 
59.964425884018866 P39 recvs B6 from P26 
59.964425884018866 P39 adds B6 to its tree
59.964425884018866 P39 mines for 155.05568250196245 seconds
59.964707486298266 P33 recvs B6 from P34 
59.96538272894932 P41 recvs B6 from P30 
59.96538272894932 P41 adds B6 to its tree
59.96538272894932 P41 mines for 258.20275848928003 seconds
59.96550926509367 P49 recvs B6 from P28 
59.96550926509367 P49 adds B6 to its tree
59.96550926509367 P49 mines for 4219.9026860143185 seconds
59.96677933123083 P4 recvs B6 from P6 
59.96730922224116 P4 recvs B6 from P23 
59.967479582152414 P3 recvs B6 from P43 
59.967479582152414 P3 adds B6 to its tree
59.967479582152414 P3 mines for 354.864538215587 seconds
59.96795147428413 P38 recvs B6 from P26 
59.96872449768656 P7 recvs B6 from P13 
59.9688786636214 P46 recvs B6 from P7 
59.9688786636214 P46 adds B6 to its tree
59.9688786636214 P46 mines for 3179.512303552496 seconds
59.969016225087124 P10 recvs B6 from P6 
59.96904534262977 P13 recvs B6 from P38 
59.96904682090238 P48 recvs B6 from P30 
59.96904682090238 P48 adds B6 to its tree
59.96904682090238 P48 mines for 503.16928287792683 seconds
59.96952696282925 P4 recvs B6 from P27 
59.96994643438473 P45 recvs B6 from P0 
59.96994643438473 P45 adds B6 to its tree
59.96994643438473 P45 mines for 1232.127392663096 seconds
59.96999604857525 P14 recvs B6 from P10 
59.97050767567792 P6 recvs B6 from P24 
59.97058737528147 P23 recvs B6 from P1 
59.97072268314508 P11 recvs B6 from P9 
59.97104798563625 P27 recvs B6 from P18 
59.972424522724225 P21 recvs B6 from P32 
59.97256772309906 P0 recvs B6 from P4 
59.973634831822636 P32 recvs B6 from P30 
59.97380021405983 P32 recvs B6 from P21 
59.97399975266888 P16 recvs B6 from P33 
59.974309512423005 P28 recvs B6 from P46 
59.97452301269101 P31 recvs B6 from P20 
59.97563396252617 P22 recvs B6 from P13 
59.97563396252617 P22 adds B6 to its tree
59.97563396252617 P22 mines for 1595.595783592596 seconds
59.975645790994236 P33 recvs B6 from P16 
59.9757415212973 P48 recvs B6 from P21 
59.975887799233384 P3 recvs B6 from P37 
59.976476273512425 P24 recvs B6 from P6 
59.97691539412505 P21 recvs B6 from P48 
59.97693609698899 P15 recvs B6 from P38 
59.97693609698899 P15 adds B6 to its tree
59.97693609698899 P15 mines for 326.81063466018287 seconds
59.97723079203626 P27 recvs B6 from P4 
59.9772424758441 P11 recvs B6 from P36 
59.977910061262946 P15 recvs B6 from P27 
59.978970634930626 P13 recvs B6 from P23 
59.97984018817932 P43 recvs B6 from P34 
59.98165642663874 P14 recvs B6 from P39 
59.98229445836732 P5 recvs B6 from P41 
59.98251373089699 P23 recvs B6 from P4 
59.98299668157527 P39 recvs B6 from P14 
59.98434208494027 P33 recvs B6 from P7 
59.9845328539291 P44 recvs B6 from P28 
59.98485399766899 P25 recvs B6 from P3 
59.98485399766899 P25 adds B6 to its tree
59.98485399766899 P25 mines for 7395.397899473069 seconds
59.984937892284584 P14 recvs B6 from P24 
59.98513433944409 P45 recvs B6 from P20 
59.98521574727315 P27 recvs B6 from P48 
59.985371433443646 P17 recvs B6 from P33 
59.98577133504729 P25 recvs B6 from P32 
59.98623395485979 P35 recvs B6 from P19 
59.98623395485979 P35 adds B6 to its tree
59.98623395485979 P35 mines for 3572.4296898971766 seconds
59.986337946044664 P15 recvs B6 from P5 
59.98677855886446 P16 recvs B6 from P27 
59.98791316875987 P30 recvs B6 from P32 
59.98822155068728 P2 recvs B6 from P22 
59.98857955368026 P18 recvs B6 from P36 
59.98949652523358 P11 recvs B6 from P8 
59.99053664923284 P41 recvs B6 from P9 
59.990790389650904 P42 recvs B6 from P48 
59.990790389650904 P42 adds B6 to its tree
59.990790389650904 P42 mines for 41.213930036266575 seconds
59.991066798609104 P4 recvs B6 from P25 
59.99119067960363 P2 recvs B6 from P15 
59.99140619329118 P3 recvs B6 from P22 
59.99197549927283 P26 recvs B6 from P40 
59.9920664790224 P23 recvs B6 from P14 
59.99220346218471 P13 recvs B6 from P7 
59.99249323477186 P36 recvs B6 from P5 
59.99497469590267 P37 recvs B6 from P6 
59.99508292241001 P35 recvs B6 from P3 
59.99586493776452 P25 recvs B6 from P10 
59.99626793379565 P17 recvs B6 from P38 
59.996324532817354 P5 recvs B6 from P15 
59.9972065704635 P6 recvs B6 from P37 
59.997751133264494 P8 recvs B6 from P43 
59.998274184212306 P8 recvs B6 from P25 
59.99918129558608 P31 recvs B6 from P42 
