peers in network        =  100
transaction interval    =  10.0
block interval          =  30.0
attacker1 hpower        =  0.5
attacker2 hpower        =  0.0
Number of blocks in peer 0 's blockchain:  32
Number of blocks in peer 1 's blockchain:  23
Number of blocks in peer 86 's blockchain:  23
Number of blocks in peer 13 's blockchain:  23
Number of blocks in peer 39 's blockchain:  23
====================================================================================================
====================================================================================================
Number of blocks in peer 0 's created blocks: 22
Number of blocks in peer 1 's created blocks: 0
====================================================================================================
Length of longest chain of P39   : 16
Number of blocks created        : 31
MPU0        : 0.6875
MPU1        : 0.0
MPU_overall : 0.5161
