peers in network        =  100
transaction interval    =  10.0
block interval          =  30.0
attacker1 hpower        =  0.5
attacker2 hpower        =  0.3
Number of blocks in peer 0 's blockchain:  25
Number of blocks in peer 1 's blockchain:  18
Number of blocks in peer 30 's blockchain:  9
Number of blocks in peer 28 's blockchain:  9
Number of blocks in peer 47 's blockchain:  9
====================================================================================================
====================================================================================================
Number of blocks in peer 0 's created blocks: 17
Number of blocks in peer 1 's created blocks: 12
====================================================================================================
Length of longest chain of P47   : 6
Number of blocks created        : 33
MPU0        : 0.1667
MPU1        : 0.3333
MPU_overall : 0.1818
