0 P0 mines for 4.812123000968534 seconds
0 P1 mines for 0.38336587696756247 seconds
0 P2 mines for 23.946245776372038 seconds
0 P3 mines for 16.848176222813812 seconds
0 P4 mines for 2.9764373467275016 seconds
0 P5 mines for 3.8171560110438945 seconds
0 P6 mines for 1.570965821845332 seconds
0 P7 mines for 10.868687144516327 seconds
0 P8 mines for 1.6882237821070927 seconds
0 P9 mines for 22.351513244044117 seconds
0.06473201752347295 P7 creates T1
0.29302602864509564 P1 creates T2
0.38336587696756247 P1 mines B2
0.5632217109423641 P6 creates T4
0.75107691622192 P0 recvs B2 from P1
0.75107691622192 P0 adds B2 to its tree
0.75107691622192 P0 mines for 7.267298185505342 seconds
0.9013976565369646 P8 creates T5
1.0478251370586724 P5 recvs B2 from P1
1.0478251370586724 P5 adds B2 to its tree
1.0478251370586724 P5 mines for 0.1645144437350232 seconds
1.0892423714587478 P4 recvs B2 from P0
1.0892423714587478 P4 adds B2 to its tree
1.0892423714587478 P4 mines for 1.1442581846498443 seconds
1.2123395807936956 P5 mines B3
1.3237257495582884 P8 recvs B2 from P1
1.3237257495582884 P8 adds B2 to its tree
1.3237257495582884 P8 mines for 16.295718046938187 seconds
1.3672375395719296 P2 recvs B2 from P4
1.3672375395719296 P2 adds B2 to its tree
1.3672375395719296 P2 mines for 16.02101166019045 seconds
1.483195214559069 P3 recvs B2 from P4
1.483195214559069 P3 adds B2 to its tree
1.483195214559069 P3 mines for 14.937197754867755 seconds
1.5163591494994186 P0 recvs B2 from P2
1.5425271564334482 P2 recvs B2 from P1
1.5508786988028336 P5 recvs B2 from P0
1.5600291889095788 P0 recvs B2 from P5
1.570965821845332 P6 mines B4
1.6044208889896718 P3 recvs B2 from P1
1.6818477198041555 P7 recvs B2 from P4
1.6818477198041555 P7 adds B2 to its tree
1.6818477198041555 P7 mines for 133.3106990194613 seconds
1.7129503479452164 P0 recvs B3 from P5
1.7129503479452164 P0 adds B3 to its tree
1.7129503479452164 P0 mines for 9.913372773024621 seconds
1.7188585005615638 P2 recvs B2 from P0
1.7193562020825448 P1 recvs B2 from P2
1.7263047304866312 P9 recvs B2 from P1
1.7263047304866312 P9 adds B2 to its tree
1.7263047304866312 P9 mines for 38.15585218114632 seconds
1.7705045131640997 P2 recvs B2 from P8
1.8318733319710399 P0 recvs B2 from P3
1.8938606113519716 P1 recvs B2 from P3
1.918330763449548 P0 recvs B4 from P6
1.918330763449548 P0 adds B4 to its tree
1.934086319744357 P2 recvs B2 from P5
1.9607429101886735 P0 creates T8
2.0109339682557685 P1 recvs B3 from P5
2.0109339682557685 P1 adds B3 to its tree
2.0109339682557685 P1 mines for 3.243391441605963 seconds
2.0679362712704377 P4 recvs B2 from P8
2.0706725798572725 P9 recvs B2 from P4
2.081630303566904 P4 recvs B3 from P0
2.081630303566904 P4 adds B3 to its tree
2.081630303566904 P4 mines for 4.268575945073072 seconds
2.1021699313283437 P3 recvs B2 from P0
2.1155832801137056 P4 recvs B2 from P9
2.1533382717314486 P2 recvs B2 from P7
2.176069682986003 P8 recvs B2 from P2
2.1817818158643876 P3 recvs B2 from P5
2.1849133672884884 P6 recvs B2 from P3
2.1849133672884884 P6 adds B2 to its tree
2.2055146228522595 P3 recvs B4 from P6
2.2055146228522595 P3 adds B4 to its tree
2.2758152603238644 P4 recvs B4 from P0
2.2758152603238644 P4 adds B4 to its tree
2.3386667601381426 P2 recvs B3 from P4
2.3386667601381426 P2 adds B3 to its tree
2.3386667601381426 P2 mines for 187.40636427522986 seconds
2.3507849146738438 P8 recvs B2 from P9
2.3584742364913334 P8 recvs B2 from P4
2.367590922238635 P2 recvs B3 from P5
2.3954250297197173 P0 creates T9
2.4435258456420437 P1 recvs B3 from P0
2.451882333660346 P3 recvs B3 from P4
2.451882333660346 P3 adds B3 to its tree
2.451882333660346 P3 mines for 135.49629827787382 seconds
2.467463496628536 P0 recvs B3 from P1
2.4694399289686544 P6 recvs B2 from P8
2.4817909390603505 P0 recvs B3 from P2
2.493571265762982 P6 recvs B2 from P0
2.5133349213371092 P3 recvs B2 from P7
2.529689302221184 P2 recvs B4 from P4
2.529689302221184 P2 adds B4 to its tree
2.5355056892568357 P0 recvs B2 from P6
2.544764095060226 P0 recvs B4 from P3
2.5448750146598353 P7 recvs B2 from P3
2.577701663476895 P5 recvs B2 from P2
2.586231251639295 P2 recvs B3 from P0
2.5913797313451425 P6 recvs B2 from P5
2.606928815475132 P1 recvs B4 from P3
2.606928815475132 P1 adds B4 to its tree
2.615122702889016 P3 recvs B3 from P5
2.6156134593790297 P5 recvs B4 from P6
2.6156134593790297 P5 adds B4 to its tree
2.643131820911095 P3 recvs B4 from P4
2.649772507138915 P7 recvs B3 from P4
2.649772507138915 P7 adds B3 to its tree
2.649772507138915 P7 mines for 80.27556680314254 seconds
2.66187954550334 P1 recvs B3 from P2
2.6794493999113707 P0 recvs B4 from P2
2.7278297545421197 P8 recvs B3 from P1
2.7278297545421197 P8 adds B3 to its tree
2.7278297545421197 P8 mines for 1.7602434929509065 seconds
2.737625584360039 P5 recvs B4 from P0
2.7566749105446737 P7 recvs B2 from P8
2.7924620300895917 P5 recvs B2 from P3
2.7987818541863687 P8 recvs B2 from P7
2.807420721441749 P0 recvs B3 from P3
2.8406258146866836 P7 recvs B4 from P4
2.8406258146866836 P7 adds B4 to its tree
2.857371975654758 P1 recvs B4 from P2
2.8703103402332157 P1 recvs B3 from P3
2.905679356485931 P2 recvs B3 from P1
2.945417732321754 P5 recvs B2 from P6
2.9486124722229894 P3 recvs B3 from P0
2.967097848415044 P7 recvs B4 from P3
2.9696242180782546 P3 recvs B3 from P1
2.9924628973248764 P0 recvs B4 from P1
3.0122448369669224 P9 recvs B2 from P8
3.0222310482242802 P8 recvs B4 from P6
3.0222310482242802 P8 adds B4 to its tree
3.0248105946363006 P6 recvs B3 from P5
3.0248105946363006 P6 adds B3 to its tree
3.0248105946363006 P6 mines for 1.4742750623924041 seconds
3.0387931015402083 P7 recvs B2 from P2
3.0388551495042577 P9 recvs B3 from P4
3.0388551495042577 P9 adds B3 to its tree
3.0388551495042577 P9 mines for 29.448372470851574 seconds
3.0810588066946845 P4 recvs B4 from P3
3.0915442230361228 P9 recvs B3 from P1
3.095066964640835 P0 recvs B4 from P5
3.1101042948901902 P1 recvs B4 from P0
3.1127083939965985 P8 recvs B3 from P2
3.1302518405744486 P2 recvs B3 from P7
3.1573540259164465 P6 recvs B3 from P3
3.1604516262997437 P1 recvs B3 from P9
3.186410912453647 P2 recvs B3 from P8
3.2292517769635904 P9 recvs B4 from P4
3.2292517769635904 P9 adds B4 to its tree
3.2657967042913776 P2 recvs B4 from P0
3.2895655523697123 P5 recvs B4 from P1
3.299891525780967 P1 recvs B4 from P8
3.3008344792831927 P2 recvs B4 from P7
3.3141245715264542 P8 recvs B4 from P2
3.329655747345429 P5 recvs B4 from P3
3.336177705611761 P8 recvs B3 from P4
3.337152275000975 P6 recvs B3 from P0
3.3434917665247585 P8 recvs B2 from P6
3.3508259256392257 P1 recvs B4 from P9
3.3863779434590557 P0 recvs B3 from P6
3.3932497148299174 P1 recvs B4 from P5
3.4123727067078686 P8 recvs B3 from P9
3.4710736303214933 P4 recvs B3 from P8
3.4900143785695827 P3 recvs B3 from P7
3.502576026161694 P5 recvs B3 from P2
3.5102959451395592 P8 recvs B4 from P4
3.517079890120897 P7 recvs B3 from P3
3.5516741847946243 P8 recvs B4 from P1
3.588553774221508 P8 recvs B4 from P9
3.6613577166346833 P3 recvs B4 from P7
3.6747196989492004 P3 recvs B3 from P6
3.6833729621701385 P5 recvs B4 from P2
3.690112809111007 P3 recvs B4 from P0
3.731311779110816 P2 recvs B4 from P1
3.741246004947409 P2 recvs B4 from P5
3.7535373853653407 P8 recvs B3 from P7
3.763051672936468 P2 recvs B4 from P8
3.764887249938426 P5 recvs B3 from P3
3.8547415924193045 P9 recvs B4 from P1
3.893182200210888 P6 recvs B3 from P8
3.9451157514372306 P8 recvs B4 from P7
3.989206555863174 P3 recvs B4 from P5
4.020113517786414 P7 recvs B3 from P2
4.061232719023416 P4 recvs B4 from P8
4.123961667004772 P8 recvs B3 from P6
4.1330030107866795 P7 recvs B4 from P2
4.161138374790238 P7 recvs B3 from P8
4.349349428393632 P7 recvs B4 from P8
4.395989436540585 P9 recvs B3 from P8
4.488073247493026 P8 mines B5
4.499085657028704 P6 mines B6
4.586075050840636 P9 recvs B4 from P8
4.757681763654787 P1 recvs B5 from P8
4.757681763654787 P1 adds B5 to its tree
4.757681763654787 P1 mines for 1.39589543027447 seconds
4.874467305980944 P0 recvs B6 from P6
4.874467305980944 P0 adds B6 to its tree
4.874467305980944 P0 mines for 1.7150432185978712 seconds
5.1404867674300725 P0 recvs B5 from P1
5.1404867674300725 P0 adds B5 to its tree
5.162066198236171 P3 recvs B6 from P6
5.162066198236171 P3 adds B6 to its tree
5.162066198236171 P3 mines for 26.506092469326425 seconds
5.211622421056202 P4 recvs B6 from P0
5.211622421056202 P4 adds B6 to its tree
5.211622421056202 P4 mines for 2.8903701366861463 seconds
5.256370769845853 P2 recvs B5 from P8
5.256370769845853 P2 adds B5 to its tree
5.256370769845853 P2 mines for 93.06867647664706 seconds
5.408093080971256 P0 recvs B5 from P2
5.439331669703134 P5 recvs B5 from P1
5.439331669703134 P5 adds B5 to its tree
5.439331669703134 P5 mines for 5.760493873572609 seconds
5.481269597445774 P2 recvs B6 from P4
5.481269597445774 P2 adds B6 to its tree
5.482097072544235 P4 recvs B5 from P0
5.482097072544235 P4 adds B5 to its tree
5.5232810812230415 P0 recvs B6 from P3
5.5720588329810345 P5 recvs B6 from P6
5.5720588329810345 P5 adds B6 to its tree
5.584700621157613 P4 recvs B5 from P8
5.585589839568772 P1 recvs B6 from P3
5.585589839568772 P1 adds B6 to its tree
5.5961567469789735 P3 recvs B6 from P4
5.624041533422674 P1 recvs B5 from P2
5.63495867673739 P2 recvs B5 from P1
5.662939969358144 P0 recvs B6 from P2
5.680787389018848 P5 recvs B6 from P0
5.6996902788747 P3 recvs B5 from P1
5.6996902788747 P3 adds B5 to its tree
5.76149173492859 P2 recvs B5 from P4
5.795765679634059 P7 recvs B6 from P4
5.795765679634059 P7 adds B6 to its tree
5.795765679634059 P7 mines for 56.08306544089837 seconds
5.821669880405046 P9 recvs B5 from P1
5.821669880405046 P9 adds B5 to its tree
5.821669880405046 P9 mines for 100.3853811675027 seconds
5.840084592796735 P1 recvs B6 from P2
5.877385864284388 P3 recvs B5 from P4
5.903731577048306 P4 recvs B5 from P2
5.92885654020537 P0 recvs B5 from P5
5.945801865892831 P7 recvs B6 from P3
5.95506675979346 P0 recvs B6 from P1
5.9695651404169485 P5 recvs B5 from P0
5.9782458541503525 P8 recvs B6 from P6
5.9782458541503525 P8 adds B6 to its tree
