0 P1 mines for 0.38336587696756247 seconds
0.29302602864509564 P1 creates T2
0.38336587696756247 P1 mines B2
1.7193562020825448 P1 recvs B2 from P2
1.8938606113519716 P1 recvs B2 from P3
2.0109339682557685 P1 recvs B3 from P5
2.0109339682557685 P1 adds B3 to its tree
2.0109339682557685 P1 mines for 3.243391441605963 seconds
2.4435258456420437 P1 recvs B3 from P0
2.606928815475132 P1 recvs B4 from P3
2.606928815475132 P1 adds B4 to its tree
2.66187954550334 P1 recvs B3 from P2
2.857371975654758 P1 recvs B4 from P2
2.8703103402332157 P1 recvs B3 from P3
3.1101042948901902 P1 recvs B4 from P0
3.1604516262997437 P1 recvs B3 from P9
3.299891525780967 P1 recvs B4 from P8
3.3508259256392257 P1 recvs B4 from P9
3.3932497148299174 P1 recvs B4 from P5
4.757681763654787 P1 recvs B5 from P8
4.757681763654787 P1 adds B5 to its tree
4.757681763654787 P1 mines for 1.39589543027447 seconds
5.585589839568772 P1 recvs B6 from P3
5.585589839568772 P1 adds B6 to its tree
5.624041533422674 P1 recvs B5 from P2
5.840084592796735 P1 recvs B6 from P2
