0 P10 mines for 1243.9534326466983 seconds
5.1832575840134005 P10 recvs B2 from P71 
5.1832575840134005 P10 adds B2 to its tree
5.1832575840134005 P10 mines for 936.5914822916862 seconds
5.407088085418916 P10 recvs B2 from P43 
5.540917328321431 P10 recvs B2 from P45 
23.463335865355422 P10 recvs B3 from P1 
23.463335865355422 P10 adds B3 to its tree
23.463335865355422 P10 mines for 225.70521084039896 seconds
24.07458082678424 P10 recvs B3 from P45 
70.03375255985098 P10 recvs B4 from P45 
70.03375255985098 P10 adds B4 to its tree
70.03375255985098 P10 mines for 395.03060064763577 seconds
70.16781937954924 P10 recvs B4 from P43 
70.52865769004619 P10 recvs B4 from P21 
70.62484965066855 P10 recvs B4 from P80 
76.60808702438626 P10 recvs B5 from P43 
76.60808702438626 P10 adds B5 to its tree
76.60808702438626 P10 mines for 309.9429815807902 seconds
76.84946849506049 P10 recvs B5 from P71 
77.00827891378346 P10 recvs B5 from P45 
77.45757371197801 P10 recvs B5 from P80 
86.20907851369435 P10 recvs B6 from P71 
86.20907851369435 P10 adds B6 to its tree
86.20907851369435 P10 mines for 222.2140743078192 seconds
86.62561856994176 P10 recvs B6 from P43 
86.70317877766458 P10 recvs B6 from P45 
87.42951222787534 P10 recvs B6 from P80 
101.11947889085836 P10 recvs B7 from P1 
101.11947889085836 P10 adds B7 to its tree
101.11947889085836 P10 mines for 12.606169650880053 seconds
101.69186456006875 P10 recvs B7 from P45 
110.24231164926164 P10 recvs B8 from P71 
110.24231164926164 P10 adds B8 to its tree
110.24231164926164 P10 mines for 886.5229336938038 seconds
110.27843864308717 P10 recvs B8 from P45 
110.49889654963934 P10 recvs B8 from P43 
110.6531341637003 P10 recvs B8 from P21 
110.93324469122419 P10 recvs B8 from P80 
121.20124681039069 P10 recvs B9 from P1 
121.20124681039069 P10 adds B9 to its tree
121.20124681039069 P10 mines for 238.27508591673046 seconds
121.36286641236504 P10 recvs B9 from P43 
121.5522916614349 P10 recvs B9 from P21 
121.80164195750316 P10 recvs B9 from P45 
121.80864398744531 P10 recvs B9 from P80 
129.24750235183524 P10 recvs B10 from P1 
129.24750235183524 P10 adds B10 to its tree
129.24750235183524 P10 mines for 159.21987080606314 seconds
129.84719758230258 P10 recvs B10 from P45 
141.58006622907902 P10 recvs B11 from P43 
141.58006622907902 P10 adds B11 to its tree
141.58006622907902 P10 mines for 760.6248578424277 seconds
142.11604230827433 P10 recvs B11 from P80 
142.13206528562526 P10 recvs B11 from P21 
142.25703941355056 P10 recvs B11 from P45 
155.49191172743946 P10 recvs B12 from P45 
155.49191172743946 P10 adds B12 to its tree
155.49191172743946 P10 mines for 318.40826770661664 seconds
155.6147170711693 P10 recvs B12 from P43 
155.92075239924426 P10 recvs B12 from P21 
156.17397705619769 P10 recvs B12 from P80 
169.58072697873882 P10 recvs B13 from P80 
169.58072697873882 P10 adds B13 to its tree
169.58072697873882 P10 mines for 3033.9786776420297 seconds
170.1830125885183 P10 recvs B13 from P45 
170.1864854231081 P10 recvs B13 from P43 
170.3062606647043 P10 recvs B13 from P21 
184.7303445711265 P10 recvs B14 from P45 
184.7303445711265 P10 adds B14 to its tree
184.7303445711265 P10 mines for 97.91509018703427 seconds
185.3362138585797 P10 recvs B14 from P43 
185.60699891618296 P10 recvs B14 from P80 
201.40886522359568 P10 recvs B15 from P71 
201.40886522359568 P10 adds B15 to its tree
201.40886522359568 P10 mines for 109.44278648411907 seconds
201.5040613241689 P10 recvs B15 from P21 
201.77829475230402 P10 recvs B15 from P45 
202.21041017630785 P10 recvs B15 from P43 
202.77814245713267 P10 recvs B15 from P80 
211.83448867262567 P10 recvs B16 from P1 
211.83448867262567 P10 adds B16 to its tree
211.83448867262567 P10 mines for 593.5626827453013 seconds
212.37462121428715 P10 recvs B16 from P45 
213.01399349850223 P10 recvs B17 from P45 
213.01399349850223 P10 adds B17 to its tree
213.64468526144893 P10 recvs B17 from P43 
219.63217497880015 P10 recvs B18 from P43 
219.63217497880015 P10 adds B18 to its tree
219.63217497880015 P10 mines for 145.73562964743928 seconds
220.3608505657935 P10 recvs B18 from P45 
220.90050239950565 P10 recvs B18 from P80 
221.77816032940288 P10 recvs B19 from P71 
221.77816032940288 P10 adds B19 to its tree
221.77970267923217 P10 recvs B19 from P43 
221.8564345950637 P10 recvs B19 from P21 
222.16723724746473 P10 recvs B19 from P45 
222.6909857903596 P10 recvs B19 from P80 
229.52902310340292 P10 recvs B20 from P45 
229.52902310340292 P10 adds B20 to its tree
229.52902310340292 P10 mines for 1060.0231793987502 seconds
230.04609285339802 P10 recvs B20 from P43 
230.50289830620878 P10 recvs B20 from P80 
252.16060479926196 P10 recvs B21 from P80 
252.16060479926196 P10 adds B21 to its tree
252.16060479926196 P10 mines for 624.3720767722345 seconds
252.7327038009619 P10 recvs B21 from P45 
252.84039893520026 P10 recvs B21 from P21 
252.84079915221562 P10 recvs B21 from P43 
258.47069803677084 P10 recvs B22 from P43 
258.47069803677084 P10 adds B22 to its tree
258.47069803677084 P10 mines for 89.2469953624393 seconds
259.2347736935476 P10 recvs B22 from P45 
259.62553389812786 P10 recvs B22 from P80 
286.8564720649041 P10 recvs B23 from P45 
286.8564720649041 P10 adds B23 to its tree
286.8564720649041 P10 mines for 38.09003626432052 seconds
286.8805067446371 P10 recvs B23 from P43 
287.1506988268516 P10 recvs B23 from P1 
287.37810608266125 P10 recvs B23 from P21 
287.4101498570706 P10 recvs B23 from P80 
295.6765069398795 P10 recvs B24 from P21 
295.6765069398795 P10 adds B24 to its tree
295.6765069398795 P10 mines for 484.987779320565 seconds
296.1588654388348 P10 recvs B24 from P43 
296.3685867957559 P10 recvs B24 from P45 
296.4655409043521 P10 recvs B24 from P80 
306.20736624451723 P10 recvs B25 from P43 
306.20736624451723 P10 adds B25 to its tree
306.20736624451723 P10 mines for 247.7156434725481 seconds
306.8559032189296 P10 recvs B25 from P21 
306.8653667320261 P10 recvs B26 from P1 
306.8653667320261 P10 adds B26 to its tree
306.92413260535477 P10 recvs B25 from P45 
307.12175558733776 P10 recvs B25 from P80 
307.46135821234606 P10 recvs B26 from P45 
339.40659244737475 P10 recvs B27 from P43 
339.40659244737475 P10 adds B27 to its tree
339.40659244737475 P10 mines for 412.5600067507998 seconds
339.98737351716494 P10 recvs B27 from P21 
340.0643115959711 P10 recvs B27 from P45 
368.5745193067023 P10 recvs B28 from P21 
368.5745193067023 P10 adds B28 to its tree
368.5745193067023 P10 mines for 236.3654582066666 seconds
369.21777453590687 P10 recvs B28 from P45 
379.36161552300024 P10 recvs B29 from P71 
379.36161552300024 P10 adds B29 to its tree
379.36161552300024 P10 mines for 366.7441009307249 seconds
379.57369678866854 P10 recvs B29 from P43 
379.74915660205403 P10 recvs B29 from P45 
386.9760725755373 P10 recvs B30 from P71 
386.9760725755373 P10 adds B30 to its tree
386.9760725755373 P10 mines for 315.28385134796656 seconds
387.3065089664782 P10 recvs B30 from P1 
387.3098177385329 P10 recvs B30 from P43 
387.3494893653161 P10 recvs B30 from P45 
387.43447470912116 P10 recvs B30 from P21 
395.08179466308565 P10 recvs B31 from P21 
395.08179466308565 P10 adds B31 to its tree
395.08179466308565 P10 mines for 108.3707738324375 seconds
395.0957900864168 P10 recvs B31 from P43 
395.76186447598013 P10 recvs B31 from P45 
402.0150873252485 P10 recvs B33 from P43 
402.0150873252485 P10 adds B33 to its tree
402.0150873252485 P10 mines for 550.6215168855265 seconds
402.2912114209476 P10 recvs B32 from P43 
402.2912114209476 P10 adds B32 to its tree
402.6972844581304 P10 recvs B32 from P45 
402.7099507957814 P10 recvs B33 from P45 
403.22772727994334 P10 recvs B32 from P80 
403.24933850494665 P10 recvs B33 from P80 
405.84864796924853 P10 recvs B34 from P71 
405.84864796924853 P10 adds B34 to its tree
405.84864796924853 P10 mines for 262.4714681986035 seconds
406.1770916750041 P10 recvs B34 from P43 
406.2457375079524 P10 recvs B34 from P45 
435.45014351121256 P10 recvs B35 from P71 
435.45014351121256 P10 adds B35 to its tree
435.45014351121256 P10 mines for 1661.775120731886 seconds
435.47463334182606 P10 recvs B35 from P21 
435.8356365350479 P10 recvs B35 from P45 
436.2321882069741 P10 recvs B35 from P43 
436.7534820288736 P10 recvs B35 from P80 
438.51782229408093 P10 recvs B36 from P1 
438.51782229408093 P10 adds B36 to its tree
438.51782229408093 P10 mines for 463.9973405174573 seconds
438.79448180324187 P10 recvs B36 from P21 
438.8258526456037 P10 recvs B36 from P43 
439.1127983300055 P10 recvs B36 from P45 
446.1943669022083 P10 recvs B37 from P71 
446.1943669022083 P10 adds B37 to its tree
446.1943669022083 P10 mines for 291.6190803381715 seconds
446.2540095986513 P10 recvs B38 from P45 
446.2540095986513 P10 adds B38 to its tree
446.4363257601585 P10 recvs B37 from P43 
446.45025136815843 P10 recvs B38 from P43 
446.553525912707 P10 recvs B37 from P21 
446.5973875090792 P10 recvs B37 from P45 
446.87669224270553 P10 recvs B38 from P21 
447.6185326597605 P10 recvs B38 from P80 
455.6695164410645 P10 recvs B39 from P43 
455.6695164410645 P10 adds B39 to its tree
455.6695164410645 P10 mines for 600.2024641929305 seconds
455.7207415300753 P10 recvs B39 from P21 
456.11339306396917 P10 recvs B39 from P1 
456.3831171568134 P10 recvs B39 from P45 
457.1916412554103 P10 recvs B39 from P80 
475.70714125164176 P10 recvs B40 from P43 
475.70714125164176 P10 adds B40 to its tree
475.70714125164176 P10 mines for 1137.7583685901016 seconds
476.4395335482149 P10 recvs B40 from P45 
482.7488868459335 P10 recvs B41 from P71 
482.7488868459335 P10 adds B41 to its tree
482.7488868459335 P10 mines for 888.7165709070215 seconds
483.2406065057578 P10 recvs B41 from P45 
483.3673503659838 P10 recvs B41 from P43 
483.9640505335738 P10 recvs B41 from P80 
493.10189037941376 P10 recvs B42 from P71 
493.10189037941376 P10 adds B42 to its tree
493.10189037941376 P10 mines for 411.0228522062928 seconds
493.34083959160836 P10 recvs B42 from P43 
493.47932749276225 P10 recvs B42 from P45 
493.60798188858666 P10 recvs B42 from P80 
501.7637807124356 P10 recvs B44 from P1 
501.7637807124356 P10 adds B44 to its tree
501.7637807124356 P10 mines for 109.29485933675737 seconds
501.8632073674918 P10 recvs B43 from P1 
501.8632073674918 P10 adds B43 to its tree
502.3129917795281 P10 recvs B44 from P45 
502.5102990089774 P10 recvs B43 from P45 
502.62712829717367 P10 recvs B43 from P43 
525.5096467639191 P10 recvs B45 from P71 
525.5096467639191 P10 adds B45 to its tree
525.5096467639191 P10 mines for 693.0790715112447 seconds
525.7893119488157 P10 recvs B45 from P43 
525.8805903314536 P10 recvs B45 from P45 
547.1665155838369 P10 recvs B46 from P1 
547.1665155838369 P10 adds B46 to its tree
547.1665155838369 P10 mines for 1749.603950062548 seconds
547.2591502692851 P10 recvs B46 from P43 
547.5633382299455 P10 recvs B46 from P21 
547.7246812503996 P10 recvs B46 from P45 
547.8446319646204 P10 recvs B46 from P80 
561.4057564788089 P10 recvs B47 from P45 
561.4057564788089 P10 adds B47 to its tree
561.4057564788089 P10 mines for 2.72607083104512 seconds
561.6573395554502 P10 recvs B47 from P71 
561.9374900213161 P10 recvs B47 from P43 
562.2399964435757 P10 recvs B47 from P80 
564.1318273098541 P10 mines B48
564.8020548190714 P10 recvs B48 from P45 
575.0628018979294 P10 recvs B49 from P1 
575.0628018979294 P10 adds B49 to its tree
575.0628018979294 P10 mines for 225.27245892511561 seconds
575.6146880529116 P10 recvs B49 from P45 
588.9222109229376 P10 recvs B50 from P43 
588.9222109229376 P10 adds B50 to its tree
588.9222109229376 P10 mines for 65.49330695089978 seconds
589.1312447333099 P10 recvs B50 from P71 
589.2570884063588 P10 recvs B50 from P45 
589.8814892819851 P10 recvs B50 from P80 
593.2073168402258 P10 recvs B51 from P21 
593.2073168402258 P10 adds B51 to its tree
593.2073168402258 P10 mines for 799.2240770819145 seconds
593.7789325083279 P10 recvs B51 from P43 
593.9034392626226 P10 recvs B52 from P71 
593.9034392626226 P10 adds B52 to its tree
593.9535172728523 P10 recvs B51 from P45 
594.0378754345576 P10 recvs B51 from P80 
594.1203421715545 P10 recvs B52 from P43 
594.2751109993183 P10 recvs B52 from P45 
596.0359223770524 P10 recvs B53 from P21 
596.0359223770524 P10 adds B53 to its tree
596.0359223770524 P10 mines for 551.1362929075934 seconds
596.1050390161935 P10 recvs B53 from P43 
596.7367220419653 P10 recvs B53 from P45 
