0 P11 mines for 5780.536685576668 seconds
4.970704203130682 P11 recvs B2 from P48 
4.970704203130682 P11 adds B2 to its tree
4.970704203130682 P11 mines for 3826.6087643814153 seconds
24.56409930784207 P11 recvs B3 from P48 
24.56409930784207 P11 adds B3 to its tree
24.56409930784207 P11 mines for 375.7396967298852 seconds
24.603223804581187 P11 recvs B3 from P22 
24.690265843072904 P11 recvs B3 from P59 
24.73112816156953 P11 recvs B3 from P43 
25.086032749340948 P11 recvs B3 from P65 
25.65377156892419 P11 recvs B3 from P87 
69.55729108464394 P11 recvs B4 from P22 
69.55729108464394 P11 adds B4 to its tree
69.55729108464394 P11 mines for 3316.671809682125 seconds
76.00606450258239 P11 recvs B5 from P22 
76.00606450258239 P11 adds B5 to its tree
76.00606450258239 P11 mines for 7124.515044910888 seconds
86.19754489677163 P11 recvs B6 from P48 
86.19754489677163 P11 adds B6 to its tree
86.19754489677163 P11 mines for 9259.29810278023 seconds
86.24762378941719 P11 recvs B6 from P22 
102.18718081207895 P11 recvs B7 from P22 
102.18718081207895 P11 adds B7 to its tree
102.18718081207895 P11 mines for 14590.55779413352 seconds
102.25373010746716 P11 recvs B7 from P48 
102.33303479003582 P11 recvs B7 from P59 
102.381960316054 P11 recvs B7 from P65 
102.43238303909592 P11 recvs B7 from P43 
102.83044765565843 P11 recvs B7 from P87 
110.05416151534307 P11 recvs B8 from P48 
110.05416151534307 P11 adds B8 to its tree
110.05416151534307 P11 mines for 7912.79307487098 seconds
110.44608238862871 P11 recvs B8 from P22 
110.48400522087765 P11 recvs B8 from P65 
110.84729005731398 P11 recvs B8 from P59 
121.33004364776768 P11 recvs B9 from P22 
121.33004364776768 P11 adds B9 to its tree
121.33004364776768 P11 mines for 1818.3212099262776 seconds
121.49354242000864 P11 recvs B9 from P43 
122.29309052609018 P11 recvs B9 from P59 
130.4036846888393 P11 recvs B10 from P22 
130.4036846888393 P11 adds B10 to its tree
130.4036846888393 P11 mines for 20862.64240216355 seconds
130.4253928169306 P11 recvs B10 from P59 
130.43145060959793 P11 recvs B10 from P48 
130.61054471701732 P11 recvs B10 from P43 
130.88504471554904 P11 recvs B10 from P65 
131.4105659163783 P11 recvs B10 from P87 
141.5281834790132 P11 recvs B11 from P59 
141.5281834790132 P11 adds B11 to its tree
141.5281834790132 P11 mines for 675.152969612528 seconds
141.71381260556532 P11 recvs B11 from P43 
141.95172695157282 P11 recvs B11 from P48 
141.96939561370684 P11 recvs B11 from P22 
142.19570356226822 P11 recvs B11 from P65 
154.93831381805037 P11 recvs B12 from P22 
154.93831381805037 P11 adds B12 to its tree
154.93831381805037 P11 mines for 2045.7780632765869 seconds
169.59003752569157 P11 recvs B13 from P22 
169.59003752569157 P11 adds B13 to its tree
169.59003752569157 P11 mines for 404.3057150655523 seconds
169.71789514854265 P11 recvs B13 from P59 
169.9380760043514 P11 recvs B13 from P65 
184.85929821857744 P11 recvs B14 from P48 
184.85929821857744 P11 adds B14 to its tree
184.85929821857744 P11 mines for 14791.653556567038 seconds
185.18271172984333 P11 recvs B14 from P22 
185.67259612031643 P11 recvs B14 from P59 
185.88691726568277 P11 recvs B14 from P87 
201.63615999184213 P11 recvs B15 from P65 
201.63615999184213 P11 adds B15 to its tree
201.63615999184213 P11 mines for 3142.8554731676995 seconds
201.82467311889553 P11 recvs B15 from P22 
201.84492907805998 P11 recvs B15 from P48 
202.60475030880562 P11 recvs B15 from P59 
202.7542356157974 P11 recvs B15 from P87 
212.89668027623077 P11 recvs B16 from P22 
212.89668027623077 P11 adds B16 to its tree
212.89668027623077 P11 mines for 1586.669712926749 seconds
212.91762706581244 P11 recvs B16 from P48 
213.03908647902983 P11 recvs B16 from P59 
213.10248549580612 P11 recvs B16 from P43 
213.14638953985505 P11 recvs B17 from P48 
213.14638953985505 P11 adds B17 to its tree
213.47701573055454 P11 recvs B16 from P65 
213.48085385121334 P11 recvs B17 from P22 
213.66730925287072 P11 recvs B17 from P59 
214.05492595675042 P11 recvs B16 from P87 
219.0072392205084 P11 recvs B18 from P65 
219.0072392205084 P11 adds B18 to its tree
219.0072392205084 P11 mines for 172.33783376086367 seconds
221.13245835305537 P11 recvs B19 from P65 
221.13245835305537 P11 adds B19 to its tree
221.44214156382512 P11 recvs B19 from P48 
229.6083547353954 P11 recvs B20 from P48 
229.6083547353954 P11 adds B20 to its tree
229.6083547353954 P11 mines for 6348.72248925002 seconds
229.97246027035374 P11 recvs B20 from P22 
230.45802061872487 P11 recvs B20 from P59 
230.69380266532113 P11 recvs B20 from P87 
252.24051087818344 P11 recvs B21 from P59 
252.24051087818344 P11 adds B21 to its tree
252.24051087818344 P11 mines for 2398.460138300146 seconds
252.2818300314234 P11 recvs B21 from P22 
252.49862546128276 P11 recvs B21 from P65 
257.73121426257455 P11 recvs B22 from P65 
257.73121426257455 P11 adds B22 to its tree
257.73121426257455 P11 mines for 4001.874128386522 seconds
286.31403360402663 P11 recvs B23 from P22 
286.31403360402663 P11 adds B23 to its tree
286.31403360402663 P11 mines for 7227.952471269837 seconds
286.5679257076887 P11 recvs B23 from P65 
296.03215694808887 P11 recvs B24 from P65 
296.03215694808887 P11 adds B24 to its tree
296.03215694808887 P11 mines for 2685.5448449871833 seconds
296.28182681923727 P11 recvs B24 from P43 
296.35532354070097 P11 recvs B24 from P22 
296.456840699833 P11 recvs B24 from P48 
296.5672643284991 P11 recvs B24 from P59 
305.6169657404948 P11 recvs B25 from P65 
305.6169657404948 P11 adds B25 to its tree
305.6169657404948 P11 mines for 1329.1058218337182 seconds
307.8712716291492 P11 recvs B26 from P59 
307.8712716291492 P11 adds B26 to its tree
307.9173818866343 P11 recvs B26 from P22 
308.0291183151948 P11 recvs B26 from P48 
308.21766223004937 P11 recvs B26 from P43 
308.425288561375 P11 recvs B26 from P65 
308.88119321801304 P11 recvs B26 from P87 
338.79793554170413 P11 recvs B27 from P87 
338.79793554170413 P11 adds B27 to its tree
338.79793554170413 P11 mines for 4497.486417478295 seconds
369.31440618504996 P11 recvs B28 from P59 
369.31440618504996 P11 adds B28 to its tree
369.31440618504996 P11 mines for 4899.85597793531 seconds
369.6874200539431 P11 recvs B28 from P43 
369.8130854290262 P11 recvs B28 from P22 
370.0509780456164 P11 recvs B28 from P65 
379.1400242494432 P11 recvs B29 from P48 
379.1400242494432 P11 adds B29 to its tree
379.1400242494432 P11 mines for 125.55287344637432 seconds
386.8163017710053 P11 recvs B30 from P48 
386.8163017710053 P11 adds B30 to its tree
386.8163017710053 P11 mines for 2797.337147866648 seconds
386.92047454543103 P11 recvs B30 from P65 
394.485211843655 P11 recvs B31 from P59 
394.485211843655 P11 adds B31 to its tree
394.485211843655 P11 mines for 713.108949953083 seconds
401.4129036776648 P11 recvs B33 from P65 
401.4129036776648 P11 adds B33 to its tree
401.4129036776648 P11 mines for 4575.988168667775 seconds
401.65875173916527 P11 recvs B32 from P22 
401.65875173916527 P11 adds B32 to its tree
405.67146464579497 P11 recvs B34 from P48 
405.67146464579497 P11 adds B34 to its tree
405.67146464579497 P11 mines for 1244.6647982544362 seconds
435.6206021265711 P11 recvs B35 from P65 
435.6206021265711 P11 adds B35 to its tree
435.6206021265711 P11 mines for 3656.1023284212383 seconds
435.90292160303557 P11 recvs B35 from P48 
435.92460365454866 P11 recvs B35 from P22 
436.6220669575459 P11 recvs B35 from P59 
436.82083673453315 P11 recvs B35 from P87 
438.2080926982389 P11 recvs B36 from P59 
438.2080926982389 P11 adds B36 to its tree
438.2080926982389 P11 mines for 1046.9754630387476 seconds
445.84692114639205 P11 recvs B38 from P22 
445.84692114639205 P11 adds B38 to its tree
445.84692114639205 P11 mines for 2708.8141867611675 seconds
445.9480127949056 P11 recvs B37 from P48 
445.9480127949056 P11 adds B37 to its tree
445.961797300747 P11 recvs B38 from P48 
455.059484950218 P11 recvs B39 from P59 
455.059484950218 P11 adds B39 to its tree
455.059484950218 P11 mines for 20.057018454440335 seconds
475.1165034046583 P11 mines B40
482.7856293075279 P11 recvs B41 from P22 
482.7856293075279 P11 adds B41 to its tree
482.7856293075279 P11 mines for 279.6519963319896 seconds
482.8560544811272 P11 recvs B41 from P48 
492.89093795642356 P11 recvs B42 from P48 
492.89093795642356 P11 adds B42 to its tree
492.89093795642356 P11 mines for 8405.782363867736 seconds
494.10809718819706 P11 recvs B42 from P87 
502.1298577437618 P11 recvs B43 from P48 
502.1298577437618 P11 adds B43 to its tree
502.1298577437618 P11 mines for 18064.265380697445 seconds
502.14980307342444 P11 recvs B43 from P22 
502.43909963978354 P11 recvs B43 from P65 
502.7502991620573 P11 recvs B44 from P59 
502.7502991620573 P11 adds B44 to its tree
502.8785217602637 P11 recvs B44 from P22 
502.9100995461291 P11 recvs B44 from P48 
503.05617030797225 P11 recvs B44 from P43 
503.37298382007725 P11 recvs B44 from P65 
503.8482245701559 P11 recvs B44 from P87 
525.354902393629 P11 recvs B45 from P48 
525.354902393629 P11 adds B45 to its tree
525.354902393629 P11 mines for 4834.735432252974 seconds
547.2959017729105 P11 recvs B46 from P22 
547.2959017729105 P11 adds B46 to its tree
547.2959017729105 P11 mines for 5016.231062252178 seconds
547.4078308067078 P11 recvs B46 from P43 
548.2147268947398 P11 recvs B46 from P59 
561.4473480826 P11 recvs B47 from P48 
561.4473480826 P11 adds B47 to its tree
561.4473480826 P11 mines for 6316.3172183937595 seconds
561.9194290502204 P11 recvs B47 from P22 
562.3797316741733 P11 recvs B47 from P59 
562.493940364526 P11 recvs B47 from P87 
565.3424813795089 P11 recvs B48 from P22 
565.3424813795089 P11 adds B48 to its tree
565.3424813795089 P11 mines for 7632.010044659266 seconds
565.3645277357679 P11 recvs B48 from P48 
565.5106123926437 P11 recvs B48 from P43 
565.702175607431 P11 recvs B48 from P59 
565.8105664486782 P11 recvs B48 from P65 
566.5571399616897 P11 recvs B48 from P87 
576.0605520369304 P11 recvs B49 from P59 
576.0605520369304 P11 adds B49 to its tree
576.0605520369304 P11 mines for 4963.660238989084 seconds
576.1212194928356 P11 recvs B49 from P48 
576.1523091845387 P11 recvs B49 from P22 
576.3427915975271 P11 recvs B49 from P43 
576.7504252537456 P11 recvs B49 from P65 
577.170656492654 P11 recvs B49 from P87 
588.2401308274589 P11 recvs B50 from P22 
588.2401308274589 P11 adds B50 to its tree
588.2401308274589 P11 mines for 29.28682834103189 seconds
593.6189550154193 P11 recvs B51 from P65 
593.6189550154193 P11 adds B51 to its tree
593.6189550154193 P11 mines for 5736.566926235599 seconds
593.6687496288102 P11 recvs B52 from P48 
593.6687496288102 P11 adds B52 to its tree
593.7305003591376 P11 recvs B51 from P22 
593.9104089780723 P11 recvs B51 from P43 
594.0082879731685 P11 recvs B51 from P48 
594.0801950769101 P11 recvs B51 from P59 
595.4441988715328 P11 recvs B53 from P59 
595.4441988715328 P11 adds B53 to its tree
595.4441988715328 P11 mines for 8566.01362570152 seconds
