0 P12 mines for 499.8908750595018 seconds
0.4924214906097876 P12 creates T9
1.5888155989081614 P12 creates T29
1.8742211281931642 P12 creates T31
5.810252537472906 P12 recvs B2 from P21 
5.810252537472906 P12 adds B2 to its tree
5.810252537472906 P12 mines for 57.00989379742614 seconds
6.145424904475565 P12 recvs B2 from P61 
6.2760817832444 P12 recvs B2 from P31 
6.525836870695816 P12 recvs B2 from P7 
6.619250528315201 P12 recvs B2 from P67 
6.946199554344441 P12 recvs B2 from P37 
24.003563341829327 P12 recvs B3 from P21 
24.003563341829327 P12 adds B3 to its tree
24.003563341829327 P12 mines for 79.84544991449782 seconds
25.32146681121405 P12 recvs B3 from P37 
25.5631368714893 P12 recvs B3 from P61 
25.809810441077822 P12 recvs B3 from P31 
70.4510769011573 P12 recvs B4 from P61 
70.4510769011573 P12 adds B4 to its tree
70.4510769011573 P12 mines for 354.75479027997443 seconds
70.61718914858457 P12 recvs B4 from P67 
70.76066724983585 P12 recvs B4 from P21 
71.3047387972851 P12 recvs B4 from P31 
71.50219026910231 P12 recvs B4 from P7 
71.77003681242134 P12 recvs B4 from P37 
76.12914815481636 P12 recvs B5 from P67 
76.12914815481636 P12 adds B5 to its tree
76.12914815481636 P12 mines for 45.020709145798634 seconds
76.88029214409067 P12 recvs B5 from P37 
77.2801442085043 P12 recvs B5 from P21 
77.83749737629542 P12 recvs B5 from P61 
86.82125277315251 P12 recvs B6 from P21 
86.82125277315251 P12 adds B6 to its tree
86.82125277315251 P12 mines for 609.1391412004514 seconds
87.15827895788777 P12 recvs B6 from P61 
87.28998469029722 P12 recvs B6 from P67 
87.74822821875209 P12 recvs B6 from P7 
87.79629665733948 P12 recvs B6 from P31 
88.20195279398588 P12 recvs B6 from P37 
101.6687274053262 P12 recvs B7 from P21 
101.6687274053262 P12 adds B7 to its tree
101.6687274053262 P12 mines for 2089.992718024711 seconds
102.65131768810748 P12 recvs B7 from P37 
103.3416792471319 P12 recvs B7 from P61 
103.47308757621782 P12 recvs B7 from P31 
109.9646073642792 P12 recvs B8 from P31 
109.9646073642792 P12 adds B8 to its tree
109.9646073642792 P12 mines for 26.358827552973978 seconds
110.04657768207964 P12 recvs B8 from P67 
110.27025117129716 P12 recvs B8 from P7 
110.86542171755855 P12 recvs B8 from P21 
111.16166879119002 P12 recvs B8 from P37 
111.17831965694707 P12 recvs B8 from P61 
121.75889472389733 P12 recvs B9 from P21 
121.75889472389733 P12 adds B9 to its tree
121.75889472389733 P12 mines for 974.750366803567 seconds
122.51858414524409 P12 recvs B9 from P31 
122.63090421803807 P12 recvs B9 from P67 
122.66409706880896 P12 recvs B9 from P61 
122.99017419472862 P12 recvs B9 from P37 
129.79399946161092 P12 recvs B10 from P21 
129.79399946161092 P12 adds B10 to its tree
129.79399946161092 P12 mines for 976.9890002465012 seconds
131.01894123523516 P12 recvs B10 from P37 
131.4432761610953 P12 recvs B10 from P61 
131.71255991992007 P12 recvs B10 from P31 
141.26791862681011 P12 recvs B11 from P67 
141.26791862681011 P12 adds B11 to its tree
141.26791862681011 P12 mines for 414.1398353369627 seconds
142.0619244328854 P12 recvs B11 from P31 
142.32259697859323 P12 recvs B11 from P37 
142.34531849847343 P12 recvs B11 from P21 
142.687242525896 P12 recvs B11 from P7 
142.91609549324505 P12 recvs B11 from P61 
155.8397411981861 P12 recvs B12 from P61 
155.8397411981861 P12 adds B12 to its tree
155.8397411981861 P12 mines for 1193.1133278805235 seconds
156.02433089122496 P12 recvs B12 from P67 
156.113168053095 P12 recvs B12 from P21 
156.70016411381414 P12 recvs B12 from P31 
157.00180568766993 P12 recvs B12 from P7 
157.14721547530755 P12 recvs B12 from P37 
169.45717865821368 P12 recvs B13 from P67 
169.45717865821368 P12 adds B13 to its tree
169.45717865821368 P12 mines for 836.8405018388867 seconds
170.50143980516856 P12 recvs B13 from P7 
170.53024588461597 P12 recvs B13 from P61 
170.60757653358786 P12 recvs B13 from P21 
170.63082116794826 P12 recvs B13 from P37 
171.38618400894828 P12 recvs B13 from P31 
185.39076923162125 P12 recvs B14 from P21 
185.39076923162125 P12 adds B14 to its tree
185.39076923162125 P12 mines for 78.45639471320253 seconds
185.5108410868233 P12 recvs B14 from P31 
185.9116628127273 P12 recvs B14 from P7 
185.98460004798724 P12 recvs B14 from P61 
186.03661993077705 P12 recvs B14 from P67 
186.70423638345915 P12 recvs B14 from P37 
201.36432986315776 P12 recvs B15 from P31 
201.36432986315776 P12 adds B15 to its tree
201.36432986315776 P12 mines for 45.94021296963749 seconds
201.70484275681613 P12 recvs B15 from P21 
203.0416477202473 P12 recvs B15 from P61 
212.36034159100964 P12 recvs B16 from P21 
212.36034159100964 P12 adds B16 to its tree
212.36034159100964 P12 mines for 634.2970975106729 seconds
213.65001908276986 P12 recvs B16 from P37 
213.76388740821554 P12 recvs B17 from P21 
213.76388740821554 P12 adds B17 to its tree
213.91802320376215 P12 recvs B17 from P7 
213.96284652262284 P12 recvs B16 from P61 
213.98938986032127 P12 recvs B17 from P31 
214.05226669577326 P12 recvs B17 from P67 
214.14095055233662 P12 recvs B16 from P31 
214.27815917871854 P12 recvs B17 from P61 
214.9125042858348 P12 recvs B17 from P37 
220.40635443983854 P12 recvs B18 from P21 
220.40635443983854 P12 adds B18 to its tree
220.40635443983854 P12 mines for 650.3803307355305 seconds
220.67224904330712 P12 recvs B18 from P67 
220.68313652146958 P12 recvs B18 from P61 
221.1778877775764 P12 recvs B18 from P37 
221.20416923564645 P12 recvs B18 from P31 
221.72262547552077 P12 recvs B18 from P7 
221.72485252177182 P12 recvs B19 from P31 
221.72485252177182 P12 adds B19 to its tree
221.98133606610344 P12 recvs B19 from P67 
222.0668558516085 P12 recvs B19 from P21 
222.5687172260256 P12 recvs B19 from P61 
223.20068256606336 P12 recvs B19 from P37 
223.25699611476335 P12 recvs B19 from P7 
230.17871663482646 P12 recvs B20 from P21 
230.17871663482646 P12 adds B20 to its tree
230.17871663482646 P12 mines for 539.1397990689367 seconds
230.28909963401256 P12 recvs B20 from P31 
230.7192057868361 P12 recvs B20 from P7 
230.78602397361888 P12 recvs B20 from P61 
230.8692758462132 P12 recvs B20 from P67 
231.5925081264009 P12 recvs B20 from P37 
252.1223515560015 P12 recvs B21 from P67 
252.1223515560015 P12 adds B21 to its tree
252.1223515560015 P12 mines for 258.449589946416 seconds
253.05591411312722 P12 recvs B21 from P21 
253.0788009118814 P12 recvs B21 from P7 
253.1664275211473 P12 recvs B21 from P61 
253.25430453798018 P12 recvs B21 from P37 
254.00952947785623 P12 recvs B21 from P31 
259.1870158981931 P12 recvs B22 from P21 
259.1870158981931 P12 adds B22 to its tree
259.1870158981931 P12 mines for 559.2197366688722 seconds
259.3900085708897 P12 recvs B22 from P61 
259.44575133846956 P12 recvs B22 from P67 
259.7819301742271 P12 recvs B22 from P31 
259.9992952641964 P12 recvs B22 from P37 
260.35210338484256 P12 recvs B22 from P7 
286.97903120240613 P12 recvs B23 from P31 
286.97903120240613 P12 adds B23 to its tree
286.97903120240613 P12 mines for 7.13041637322174 seconds
287.2006022737083 P12 recvs B23 from P61 
287.28164581831345 P12 recvs B23 from P67 
287.42959454312444 P12 recvs B23 from P7 
287.5779391670028 P12 recvs B23 from P21 
288.43310647082916 P12 recvs B23 from P37 
294.1094475756279 P12 mines B24
306.44079836584154 P12 recvs B25 from P61 
306.44079836584154 P12 adds B25 to its tree
306.44079836584154 P12 mines for 277.56704602180224 seconds
307.0873679483001 P12 recvs B25 from P21 
307.1026782856483 P12 recvs B25 from P31 
307.41552735743517 P12 recvs B25 from P67 
307.4387568328553 P12 recvs B26 from P21 
307.4387568328553 P12 adds B26 to its tree
307.5675270765831 P12 recvs B25 from P37 
307.6934769693332 P12 recvs B25 from P7 
308.69829789748127 P12 recvs B26 from P37 
308.9022479204557 P12 recvs B26 from P61 
308.96990247168895 P12 recvs B26 from P31 
340.19024606180733 P12 recvs B27 from P21 
340.19024606180733 P12 adds B27 to its tree
340.19024606180733 P12 mines for 2651.552106617212 seconds
340.4224469420215 P12 recvs B27 from P67 
340.4475207582384 P12 recvs B27 from P61 
340.9186709803038 P12 recvs B27 from P31 
340.9788678564378 P12 recvs B27 from P37 
341.29978987787825 P12 recvs B27 from P7 
368.767326299077 P12 recvs B28 from P21 
368.767326299077 P12 adds B28 to its tree
368.767326299077 P12 mines for 638.988178870231 seconds
370.2787790089189 P12 recvs B28 from P37 
370.67408772598617 P12 recvs B28 from P31 
370.93081403914033 P12 recvs B28 from P61 
379.9491020597868 P12 recvs B29 from P21 
379.9491020597868 P12 adds B29 to its tree
379.9491020597868 P12 mines for 170.20859111791844 seconds
380.2680398996558 P12 recvs B29 from P61 
380.38618933947174 P12 recvs B29 from P31 
380.6841663360814 P12 recvs B29 from P7 
380.7434067137771 P12 recvs B29 from P67 
381.15120978711656 P12 recvs B29 from P37 
387.44179903556267 P12 recvs B30 from P37 
387.44179903556267 P12 adds B30 to its tree
387.44179903556267 P12 mines for 515.5900307595476 seconds
387.6422008581785 P12 recvs B30 from P21 
387.90114056983765 P12 recvs B30 from P61 
388.1863104623887 P12 recvs B30 from P31 
388.1888279809948 P12 recvs B30 from P7 
388.280701353788 P12 recvs B30 from P67 
395.27711920910656 P12 recvs B31 from P21 
395.27711920910656 P12 adds B31 to its tree
395.27711920910656 P12 mines for 1501.6308707753835 seconds
396.1797739721263 P12 recvs B31 from P61 
396.50313716644877 P12 recvs B31 from P67 
396.59998259972315 P12 recvs B31 from P31 
396.6233561457058 P12 recvs B31 from P37 
401.8364996566631 P12 recvs B32 from P67 
401.8364996566631 P12 adds B32 to its tree
401.8364996566631 P12 mines for 177.11859736642842 seconds
402.5544227551208 P12 recvs B32 from P37 
402.66249771700205 P12 recvs B33 from P21 
402.66249771700205 P12 adds B33 to its tree
403.02196003183377 P12 recvs B32 from P21 
403.07526955206794 P12 recvs B33 from P61 
403.13859296775166 P12 recvs B33 from P67 
403.28834306346465 P12 recvs B32 from P61 
403.5121024843204 P12 recvs B33 from P31 
403.68093087894624 P12 recvs B33 from P37 
403.69497534316275 P12 recvs B32 from P31 
404.04925979413537 P12 recvs B33 from P7 
406.4552536534314 P12 recvs B34 from P21 
406.4552536534314 P12 adds B34 to its tree
406.4552536534314 P12 mines for 1829.1106342461283 seconds
406.78573599799176 P12 recvs B34 from P61 
407.212002100214 P12 recvs B34 from P31 
407.2709893844468 P12 recvs B34 from P7 
407.3936076814929 P12 recvs B34 from P67 
407.7120948693505 P12 recvs B34 from P37 
435.35070597986135 P12 recvs B35 from P31 
435.35070597986135 P12 adds B35 to its tree
435.35070597986135 P12 mines for 626.8036259961676 seconds
435.73192907820356 P12 recvs B35 from P21 
437.0896505952752 P12 recvs B35 from P61 
438.98551790897284 P12 recvs B36 from P21 
438.98551790897284 P12 adds B36 to its tree
438.98551790897284 P12 mines for 207.55238056293723 seconds
439.84724920477356 P12 recvs B36 from P61 
439.8516411284491 P12 recvs B36 from P67 
440.06213463769814 P12 recvs B36 from P7 
440.22726050829124 P12 recvs B36 from P31 
440.3329741355298 P12 recvs B36 from P37 
445.33834848563794 P12 recvs B38 from P61 
445.33834848563794 P12 adds B38 to its tree
445.33834848563794 P12 mines for 221.1594157972746 seconds
446.7443999570256 P12 recvs B37 from P21 
446.7443999570256 P12 adds B37 to its tree
447.09141020349256 P12 recvs B37 from P61 
447.3563145833989 P12 recvs B37 from P31 
447.37989890516076 P12 recvs B37 from P7 
447.4177368697555 P12 recvs B37 from P67 
447.928414907544 P12 recvs B37 from P37 
455.9295808065002 P12 recvs B39 from P21 
455.9295808065002 P12 adds B39 to its tree
455.9295808065002 P12 mines for 994.9310225320945 seconds
456.5969402150997 P12 recvs B39 from P67 
456.7426991465238 P12 recvs B39 from P61 
457.2021085554293 P12 recvs B39 from P31 
457.2271943367746 P12 recvs B39 from P37 
457.3139805976825 P12 recvs B39 from P7 
476.3876124663366 P12 recvs B40 from P21 
476.3876124663366 P12 adds B40 to its tree
476.3876124663366 P12 mines for 102.61795531772721 seconds
476.70072749181725 P12 recvs B40 from P61 
476.78066803765137 P12 recvs B40 from P67 
477.21579074125765 P12 recvs B40 from P31 
477.23577600383356 P12 recvs B40 from P37 
477.64125837697713 P12 recvs B40 from P7 
483.37518481427304 P12 recvs B41 from P21 
483.37518481427304 P12 adds B41 to its tree
483.37518481427304 P12 mines for 166.72954773982838 seconds
483.73894131249807 P12 recvs B41 from P61 
483.9193945566283 P12 recvs B41 from P67 
484.42292294883936 P12 recvs B41 from P31 
484.42870417583595 P12 recvs B41 from P7 
484.80459903046227 P12 recvs B41 from P37 
493.7130038728427 P12 recvs B42 from P21 
493.7130038728427 P12 adds B42 to its tree
493.7130038728427 P12 mines for 754.539979449452 seconds
494.0493400600768 P12 recvs B42 from P61 
494.2408189583746 P12 recvs B42 from P67 
494.319935455722 P12 recvs B42 from P7 
494.4474050610554 P12 recvs B42 from P31 
494.9308972340536 P12 recvs B42 from P37 
502.30200398308887 P12 recvs B43 from P67 
502.30200398308887 P12 adds B43 to its tree
502.30200398308887 P12 mines for 27.608896692891843 seconds
502.30522619641334 P12 recvs B44 from P21 
502.30522619641334 P12 adds B44 to its tree
502.4933307553481 P12 recvs B43 from P21 
502.8652803087726 P12 recvs B43 from P7 
502.969962177048 P12 recvs B43 from P37 
503.2654636463118 P12 recvs B43 from P61 
503.4646079781749 P12 recvs B43 from P31 
503.5315482416106 P12 recvs B44 from P37 
503.7915019300675 P12 recvs B44 from P61 
503.9748332650839 P12 recvs B44 from P31 
526.1116154288524 P12 recvs B45 from P21 
526.1116154288524 P12 adds B45 to its tree
526.1116154288524 P12 mines for 232.35896147425103 seconds
526.4549887886973 P12 recvs B45 from P61 
526.631842281217 P12 recvs B45 from P31 
526.8782352528541 P12 recvs B45 from P7 
527.0329167698491 P12 recvs B45 from P67 
527.3902172469905 P12 recvs B45 from P37 
547.7620715895561 P12 recvs B46 from P21 
547.7620715895561 P12 adds B46 to its tree
547.7620715895561 P12 mines for 63.80282074265724 seconds
548.5461149160232 P12 recvs B46 from P67 
548.5465920059041 P12 recvs B46 from P61 
548.5860171401572 P12 recvs B46 from P31 
548.7867952521241 P12 recvs B46 from P37 
562.0094563715222 P12 recvs B47 from P31 
562.0094563715222 P12 adds B47 to its tree
562.0094563715222 P12 mines for 296.2787041066515 seconds
562.0504161866347 P12 recvs B47 from P21 
562.5148220151395 P12 recvs B47 from P7 
562.5612845575199 P12 recvs B47 from P61 
562.6972757561613 P12 recvs B47 from P67 
563.4097969215278 P12 recvs B47 from P37 
564.7973886504558 P12 recvs B48 from P21 
564.7973886504558 P12 adds B48 to its tree
564.7973886504558 P12 mines for 120.56297906797589 seconds
566.1765498936846 P12 recvs B48 from P37 
566.5607865505215 P12 recvs B48 from P61 
575.6460882717553 P12 recvs B49 from P21 
575.6460882717553 P12 adds B49 to its tree
575.6460882717553 P12 mines for 1592.333668748376 seconds
576.7703456570413 P12 recvs B49 from P37 
577.1382927533958 P12 recvs B49 from P61 
577.3029775854163 P12 recvs B49 from P31 
588.449170278785 P12 recvs B50 from P67 
588.449170278785 P12 adds B50 to its tree
588.449170278785 P12 mines for 3.2422064621953965 seconds
589.1351273549309 P12 recvs B50 from P37 
589.6001586240827 P12 recvs B50 from P21 
589.8483430670918 P12 recvs B50 from P61 
590.3310964351195 P12 recvs B50 from P31 
591.6913767409804 P12 mines B51
594.4644189821231 P12 recvs B52 from P21 
594.4644189821231 P12 adds B52 to its tree
594.8349759400439 P12 recvs B52 from P61 
595.2532415382627 P12 recvs B52 from P31 
595.3896955667396 P12 recvs B52 from P67 
595.405334191741 P12 recvs B52 from P7 
595.6458496289786 P12 recvs B52 from P37 
596.2347301766428 P12 recvs B53 from P21 
596.2347301766428 P12 adds B53 to its tree
596.2347301766428 P12 mines for 772.6640675458609 seconds
597.0565682433947 P12 recvs B53 from P67 
597.101276562287 P12 recvs B53 from P61 
597.5406337687307 P12 recvs B53 from P31 
597.6051398879259 P12 recvs B53 from P37 
597.6458187342967 P12 recvs B53 from P7 
