0 P13 mines for 981.5455084420053 seconds
5.119828579312176 P13 creates T56
5.671959177829299 P13 recvs B2 from P15 
5.671959177829299 P13 adds B2 to its tree
5.671959177829299 P13 mines for 4699.279400723725 seconds
5.973863912139889 P13 recvs B2 from P21 
6.3059092267258725 P13 recvs B2 from P82 
6.778812442145624 P13 recvs B2 from P66 
6.905197663878341 P13 recvs B2 from P52 
13.324953936137787 P13 creates T90
24.174867900775013 P13 recvs B3 from P21 
24.174867900775013 P13 adds B3 to its tree
24.174867900775013 P13 mines for 13272.116055138204 seconds
24.737666299187307 P13 recvs B3 from P15 
24.810666187505692 P13 recvs B3 from P66 
25.146629120540194 P13 recvs B3 from P52 
25.535088997129463 P13 recvs B3 from P82 
70.01419848882024 P13 recvs B4 from P52 
70.01419848882024 P13 adds B4 to its tree
70.01419848882024 P13 mines for 8438.032897637853 seconds
70.8720497444989 P13 recvs B4 from P15 
70.90651908558634 P13 recvs B4 from P21 
71.12039105149037 P13 recvs B4 from P82 
71.73941227691991 P13 recvs B4 from P66 
76.35196660709609 P13 recvs B5 from P53 
76.35196660709609 P13 adds B5 to its tree
76.35196660709609 P13 mines for 4032.787288165764 seconds
76.7695675673559 P13 recvs B5 from P82 
77.31703552472791 P13 recvs B5 from P15 
77.41955928975769 P13 recvs B5 from P21 
77.93347421193586 P13 recvs B5 from P66 
86.77930190651723 P13 recvs B6 from P52 
86.77930190651723 P13 adds B6 to its tree
86.77930190651723 P13 mines for 7940.637049930139 seconds
86.95116006037291 P13 recvs B6 from P15 
86.98787031012567 P13 recvs B6 from P21 
87.54722989734304 P13 recvs B6 from P82 
87.8942503865291 P13 recvs B6 from P66 
101.81361330899801 P13 recvs B7 from P21 
101.81361330899801 P13 adds B7 to its tree
101.81361330899801 P13 mines for 10761.276957144088 seconds
102.38733758494007 P13 recvs B7 from P15 
102.39155877115456 P13 recvs B7 from P66 
102.75153695395237 P13 recvs B7 from P52 
103.18835727390591 P13 recvs B7 from P82 
109.77639632782486 P13 recvs B8 from P15 
109.77639632782486 P13 adds B8 to its tree
109.77639632782486 P13 mines for 320.39955583041046 seconds
110.22819916368874 P13 recvs B8 from P82 
121.92728239160772 P13 recvs B9 from P21 
121.92728239160772 P13 adds B9 to its tree
121.92728239160772 P13 mines for 11288.496320581762 seconds
122.22044963022674 P13 recvs B9 from P52 
122.34335226582735 P13 recvs B9 from P66 
122.35302818419778 P13 recvs B9 from P15 
123.22986085280303 P13 recvs B9 from P82 
129.935264996722 P13 recvs B10 from P21 
129.935264996722 P13 adds B10 to its tree
129.935264996722 P13 mines for 2327.087322754991 seconds
130.51418147085047 P13 recvs B10 from P15 
130.5197022787158 P13 recvs B10 from P66 
131.05233054988713 P13 recvs B10 from P52 
131.3074463182272 P13 recvs B10 from P82 
140.90700198535453 P13 recvs B11 from P53 
140.90700198535453 P13 adds B11 to its tree
140.90700198535453 P13 mines for 555.748294793893 seconds
141.92971350507577 P13 recvs B11 from P82 
142.4907292418972 P13 recvs B11 from P21 
155.4652621054722 P13 recvs B12 from P52 
155.4652621054722 P13 adds B12 to its tree
155.4652621054722 P13 mines for 1738.4974614520163 seconds
156.25237771410093 P13 recvs B12 from P21 
156.27408413745098 P13 recvs B12 from P15 
156.5307560331111 P13 recvs B12 from P82 
157.02065394116582 P13 recvs B12 from P66 
169.65709824649295 P13 recvs B13 from P53 
169.65709824649295 P13 adds B13 to its tree
169.65709824649295 P13 mines for 5875.014301739003 seconds
170.07830679602134 P13 recvs B13 from P82 
170.12271602113103 P13 recvs B13 from P52 
170.75412047729316 P13 recvs B13 from P21 
170.8806503001241 P13 recvs B13 from P15 
171.1912016780253 P13 recvs B13 from P66 
185.02094824529186 P13 recvs B14 from P82 
185.02094824529186 P13 adds B14 to its tree
185.02094824529186 P13 mines for 19871.976433400243 seconds
185.34722905102515 P13 recvs B14 from P15 
185.5714095957527 P13 recvs B14 from P21 
186.34318211538758 P13 recvs B14 from P66 
186.68279842629784 P13 recvs B14 from P52 
201.8491790589292 P13 recvs B15 from P21 
201.8491790589292 P13 adds B15 to its tree
201.8491790589292 P13 mines for 6087.304558284572 seconds
202.7674324948805 P13 recvs B15 from P82 
203.0801046671222 P13 recvs B15 from P15 
203.1077289325291 P13 recvs B15 from P52 
203.17853965655408 P13 recvs B15 from P66 
212.50269675419054 P13 recvs B16 from P21 
212.50269675419054 P13 adds B16 to its tree
212.50269675419054 P13 mines for 517.4292487188713 seconds
212.97391998877532 P13 recvs B17 from P82 
212.97391998877532 P13 adds B17 to its tree
213.08856374144253 P13 recvs B16 from P15 
213.10519912239675 P13 recvs B16 from P66 
213.43832861138935 P13 recvs B17 from P15 
213.468577147312 P13 recvs B16 from P52 
213.83432198222806 P13 recvs B16 from P82 
213.90643692755148 P13 recvs B17 from P21 
214.6428977391376 P13 recvs B17 from P66 
220.572814843449 P13 recvs B18 from P21 
220.572814843449 P13 adds B18 to its tree
220.572814843449 P13 mines for 9606.295869656644 seconds
220.78571019675624 P13 recvs B18 from P15 
221.32660167424012 P13 recvs B18 from P52 
221.32714911938496 P13 recvs B18 from P66 
221.3996685907758 P13 recvs B18 from P82 
222.16631705003715 P13 recvs B19 from P53 
222.16631705003715 P13 adds B19 to its tree
222.23055272002125 P13 recvs B19 from P21 
222.52303356199434 P13 recvs B19 from P15 
222.5416083947285 P13 recvs B19 from P52 
222.61876307213552 P13 recvs B19 from P82 
223.42837932389642 P13 recvs B19 from P66 
229.8007137475462 P13 recvs B20 from P82 
229.8007137475462 P13 adds B20 to its tree
229.8007137475462 P13 mines for 4724.596634616593 seconds
230.18899602647525 P13 recvs B20 from P15 
230.32074692983267 P13 recvs B20 from P21 
231.21728939510675 P13 recvs B20 from P66 
231.25570789327105 P13 recvs B20 from P52 
252.3124258080388 P13 recvs B21 from P53 
252.3124258080388 P13 adds B21 to its tree
252.3124258080388 P13 mines for 1847.3491158875202 seconds
252.74746320987597 P13 recvs B21 from P82 
253.03707954654914 P13 recvs B21 from P52 
253.1910829205457 P13 recvs B21 from P21 
253.61998235186584 P13 recvs B21 from P15 
253.82041293279568 P13 recvs B21 from P66 
259.32219045818044 P13 recvs B22 from P21 
259.32219045818044 P13 adds B22 to its tree
259.32219045818044 P13 mines for 5452.429803202619 seconds
259.5443354918749 P13 recvs B22 from P15 
260.05027101686477 P13 recvs B22 from P82 
260.0523593335749 P13 recvs B22 from P52 
260.0808425139976 P13 recvs B22 from P66 
286.8082857766944 P13 recvs B23 from P52 
286.8082857766944 P13 adds B23 to its tree
286.8082857766944 P13 mines for 4034.3234700931957 seconds
287.6240890626874 P13 recvs B23 from P15 
287.7383863039902 P13 recvs B23 from P21 
287.9373903045049 P13 recvs B23 from P82 
288.39460678968896 P13 recvs B23 from P66 
295.54645136232955 P13 recvs B24 from P53 
295.54645136232955 P13 adds B24 to its tree
295.54645136232955 P13 mines for 16175.646607423549 seconds
295.81095939457055 P13 recvs B24 from P21 
296.0406238179411 P13 recvs B24 from P82 
296.9963060934824 P13 recvs B24 from P52 
297.26066353234614 P13 recvs B24 from P66 
307.04138024187324 P13 recvs B25 from P52 
307.04138024187324 P13 adds B25 to its tree
307.04138024187324 P13 mines for 12008.450690528813 seconds
307.19807232293266 P13 recvs B25 from P15 
307.24151950437084 P13 recvs B25 from P21 
307.55646613263036 P13 recvs B25 from P66 
307.5765642437014 P13 recvs B26 from P21 
307.5765642437014 P13 adds B26 to its tree
307.67174140359066 P13 recvs B25 from P82 
308.06840822832413 P13 recvs B26 from P15 
308.0785555572394 P13 recvs B26 from P66 
308.4292514402853 P13 recvs B26 from P52 
308.4611402382077 P13 recvs B26 from P82 
340.3266304643434 P13 recvs B27 from P21 
340.3266304643434 P13 adds B27 to its tree
340.3266304643434 P13 mines for 265.33418713118596 seconds
340.5880650005166 P13 recvs B27 from P15 
341.0491880750627 P13 recvs B27 from P82 
341.1011381614964 P13 recvs B27 from P66 
341.11249373828406 P13 recvs B27 from P52 
368.9718866360871 P13 recvs B28 from P21 
368.9718866360871 P13 adds B28 to its tree
368.9718866360871 P13 mines for 2089.248834076512 seconds
370.23980867325736 P13 recvs B28 from P66 
370.23996937214355 P13 recvs B28 from P15 
370.6418995178305 P13 recvs B28 from P82 
379.81789587702536 P13 recvs B29 from P15 
379.81789587702536 P13 adds B29 to its tree
379.81789587702536 P13 mines for 5314.899264727947 seconds
380.1212386036992 P13 recvs B29 from P21 
380.49042926222955 P13 recvs B29 from P82 
380.97506677583016 P13 recvs B29 from P66 
380.99799499323484 P13 recvs B29 from P52 
386.5332792543914 P13 recvs B30 from P15 
386.5332792543914 P13 adds B30 to its tree
386.5332792543914 P13 mines for 630.8314831515939 seconds
388.0288316067895 P13 recvs B30 from P82 
395.41261893415486 P13 recvs B31 from P21 
395.41261893415486 P13 adds B31 to its tree
395.41261893415486 P13 mines for 12415.134168280832 seconds
396.26350413177914 P13 recvs B31 from P15 
396.75782603078 P13 recvs B31 from P66 
396.783527033294 P13 recvs B31 from P82 
397.0215860658752 P13 recvs B31 from P52 
402.03683369495695 P13 recvs B32 from P53 
402.03683369495695 P13 adds B32 to its tree
402.03683369495695 P13 mines for 13238.627180520729 seconds
402.45158367376786 P13 recvs B32 from P82 
402.81096945587484 P13 recvs B33 from P21 
402.81096945587484 P13 adds B33 to its tree
402.9637915475633 P13 recvs B32 from P15 
403.20211873544554 P13 recvs B32 from P21 
403.2406849997441 P13 recvs B33 from P15 
403.67858340873715 P13 recvs B32 from P66 
403.68034855247106 P13 recvs B33 from P66 
403.7465653373242 P13 recvs B33 from P52 
403.7637345942523 P13 recvs B33 from P82 
406.3190846025696 P13 recvs B34 from P15 
406.3190846025696 P13 adds B34 to its tree
406.3190846025696 P13 mines for 3141.0807855751377 seconds
406.65539624231025 P13 recvs B34 from P21 
407.0378420660689 P13 recvs B34 from P82 
407.45979383902744 P13 recvs B34 from P66 
407.5470200800596 P13 recvs B34 from P52 
435.8668124283217 P13 recvs B35 from P21 
435.8668124283217 P13 adds B35 to its tree
435.8668124283217 P13 mines for 2948.452333913343 seconds
436.4968549348212 P13 recvs B35 from P15 
436.86266920261073 P13 recvs B35 from P82 
437.1351167062339 P13 recvs B35 from P66 
437.1351997704784 P13 recvs B35 from P52 
438.70837798064343 P13 recvs B36 from P82 
438.70837798064343 P13 adds B36 to its tree
438.70837798064343 P13 mines for 2329.51629660877 seconds
438.75725514320834 P13 recvs B36 from P66 
439.1352567608837 P13 recvs B36 from P21 
439.7923765132619 P13 recvs B36 from P15 
439.92949220910856 P13 recvs B36 from P52 
445.69100244445895 P13 recvs B37 from P15 
445.69100244445895 P13 adds B37 to its tree
445.69100244445895 P13 mines for 2282.69802072595 seconds
446.5830216440677 P13 recvs B38 from P53 
446.5830216440677 P13 adds B38 to its tree
447.01295483679314 P13 recvs B38 from P21 
447.1452123132704 P13 recvs B38 from P15 
447.157994372075 P13 recvs B37 from P82 
447.2987329798733 P13 recvs B38 from P82 
447.4880881307399 P13 recvs B38 from P52 
448.04488724029295 P13 recvs B38 from P66 
455.55847790374895 P13 recvs B39 from P82 
455.55847790374895 P13 adds B39 to its tree
455.55847790374895 P13 mines for 4860.782198084815 seconds
456.04980738339015 P13 recvs B39 from P66 
456.07200988551403 P13 recvs B39 from P21 
456.7928180272998 P13 recvs B39 from P52 
456.8527654192108 P13 recvs B39 from P15 
476.53573977186903 P13 recvs B40 from P21 
476.53573977186903 P13 adds B40 to its tree
476.53573977186903 P13 mines for 3872.61434332407 seconds
476.8628528641927 P13 recvs B40 from P15 
477.35800917387587 P13 recvs B40 from P66 
477.4043891419519 P13 recvs B40 from P82 
477.6765990579556 P13 recvs B40 from P52 
483.35441531511555 P13 recvs B41 from P52 
483.35441531511555 P13 adds B41 to its tree
483.35441531511555 P13 mines for 2477.6415998517473 seconds
483.50210507797453 P13 recvs B41 from P15 
483.52494436960257 P13 recvs B41 from P21 
484.23754434123214 P13 recvs B41 from P82 
484.3721416911138 P13 recvs B41 from P66 
493.39304272075367 P13 recvs B42 from P15 
493.39304272075367 P13 adds B42 to its tree
493.39304272075367 P13 mines for 668.7904619676611 seconds
493.75666685518064 P13 recvs B42 from P52 
493.8479699294126 P13 recvs B42 from P21 
494.0770026295695 P13 recvs B42 from P82 
494.7772268642834 P13 recvs B42 from P66 
502.42581111783153 P13 recvs B43 from P15 
502.42581111783153 P13 adds B43 to its tree
502.42581111783153 P13 mines for 11906.150463538335 seconds
502.4646893369345 P13 recvs B43 from P82 
502.48634772154514 P13 recvs B44 from P21 
502.48634772154514 P13 adds B44 to its tree
502.487763181404 P13 recvs B43 from P53 
502.7037713748451 P13 recvs B43 from P21 
503.00647321197175 P13 recvs B44 from P15 
503.0382294365178 P13 recvs B44 from P66 
503.19410330712617 P13 recvs B43 from P66 
503.2677699582996 P13 recvs B44 from P82 
503.3755376653472 P13 recvs B44 from P52 
503.80401279817505 P13 recvs B43 from P52 
525.9854082659139 P13 recvs B45 from P15 
525.9854082659139 P13 adds B45 to its tree
525.9854082659139 P13 mines for 1592.0821234903585 seconds
526.2586371075928 P13 recvs B45 from P21 
526.7377553022399 P13 recvs B45 from P82 
527.1686368061064 P13 recvs B45 from P66 
527.2474755951214 P13 recvs B45 from P52 
547.9165379781463 P13 recvs B46 from P21 
547.9165379781463 P13 adds B46 to its tree
547.9165379781463 P13 mines for 9151.245422285796 seconds
548.1722766766409 P13 recvs B46 from P53 
548.1773763588891 P13 recvs B46 from P52 
548.2340179443988 P13 recvs B46 from P15 
548.317946937133 P13 recvs B46 from P66 
549.0996878747222 P13 recvs B46 from P82 
561.6935006148434 P13 recvs B47 from P82 
561.6935006148434 P13 adds B47 to its tree
561.6935006148434 P13 mines for 5121.907556645381 seconds
561.9543659343634 P13 recvs B47 from P15 
562.2003892150746 P13 recvs B47 from P21 
563.1335555135453 P13 recvs B47 from P66 
563.1461167581891 P13 recvs B47 from P52 
564.943169331823 P13 recvs B48 from P21 
564.943169331823 P13 adds B48 to its tree
564.943169331823 P13 mines for 7362.134041086108 seconds
565.7515450449466 P13 recvs B48 from P15 
565.783901713372 P13 recvs B48 from P66 
566.160184944308 P13 recvs B48 from P52 
566.2716519763691 P13 recvs B48 from P82 
575.7918130465671 P13 recvs B49 from P21 
575.7918130465671 P13 adds B49 to its tree
575.7918130465671 P13 mines for 4680.481359781129 seconds
576.314557291165 P13 recvs B49 from P15 
576.3336918221926 P13 recvs B49 from P66 
576.5560602058863 P13 recvs B49 from P82 
576.7176844899257 P13 recvs B49 from P52 
588.6554468981674 P13 recvs B50 from P53 
588.6554468981674 P13 adds B50 to its tree
588.6554468981674 P13 mines for 15403.03210813769 seconds
589.1152177402167 P13 recvs B50 from P82 
589.5411156145428 P13 recvs B50 from P15 
589.7414572091471 P13 recvs B50 from P21 
590.3611764300404 P13 recvs B50 from P66 
593.1266794618231 P13 recvs B51 from P53 
593.1266794618231 P13 adds B51 to its tree
593.1266794618231 P13 mines for 444.32344546979425 seconds
593.3715208853978 P13 recvs B51 from P21 
593.5460600940886 P13 recvs B51 from P82 
594.4521369065194 P13 recvs B52 from P15 
594.4521369065194 P13 adds B52 to its tree
594.6132904999796 P13 recvs B52 from P21 
594.6354623334383 P13 recvs B51 from P52 
594.887324765652 P13 recvs B51 from P66 
595.0867916674729 P13 recvs B52 from P82 
595.5376707143099 P13 recvs B52 from P66 
595.5721484163992 P13 recvs B52 from P52 
595.9194923420994 P13 recvs B53 from P82 
595.9194923420994 P13 adds B53 to its tree
595.9194923420994 P13 mines for 2973.1047011932433 seconds
596.3695899246438 P13 recvs B53 from P21 
596.4331737879927 P13 recvs B53 from P66 
597.2020973640128 P13 recvs B53 from P52 
597.2188009779279 P13 recvs B53 from P15 
