0 P14 mines for 614.8294507212732 seconds
5.301255594090964 P14 recvs B2 from P6 
5.301255594090964 P14 adds B2 to its tree
5.301255594090964 P14 mines for 443.9590314695443 seconds
6.163657072888091 P14 recvs B2 from P63 
6.329065459379118 P14 recvs B2 from P87 
7.332299748703255 P14 recvs B2 from P41 
8.622895932701672 P14 creates T73
24.989846638411976 P14 recvs B3 from P6 
24.989846638411976 P14 adds B3 to its tree
24.989846638411976 P14 mines for 430.7945678412403 seconds
25.289928591653016 P14 recvs B3 from P9 
25.40461730698985 P14 recvs B3 from P63 
25.555124188721 P14 recvs B3 from P52 
25.759611126614917 P14 recvs B3 from P41 
26.13053265277392 P14 recvs B3 from P87 
70.28570541143223 P14 recvs B4 from P63 
70.28570541143223 P14 adds B4 to its tree
70.28570541143223 P14 mines for 206.61786461908227 seconds
70.44130896407337 P14 recvs B4 from P52 
70.66229361997743 P14 recvs B4 from P6 
70.9670313754505 P14 recvs B4 from P87 
71.02352680341905 P14 recvs B4 from P41 
71.13000257724471 P14 recvs B4 from P9 
77.05862813136109 P14 recvs B5 from P6 
77.05862813136109 P14 adds B5 to its tree
77.05862813136109 P14 mines for 1102.3884929413955 seconds
77.28942722402888 P14 recvs B5 from P87 
77.63462942535037 P14 recvs B5 from P41 
77.74704587823318 P14 recvs B5 from P63 
77.75593441609236 P14 recvs B5 from P9 
78.13705997070039 P14 recvs B5 from P52 
86.54088547589723 P14 recvs B6 from P6 
86.54088547589723 P14 adds B6 to its tree
86.54088547589723 P14 mines for 135.31746170823334 seconds
86.98342555305703 P14 recvs B6 from P63 
87.215050108792 P14 recvs B6 from P52 
87.55084623434325 P14 recvs B6 from P87 
87.79323994431252 P14 recvs B6 from P41 
102.61625185258256 P14 recvs B7 from P6 
102.61625185258256 P14 adds B7 to its tree
102.61625185258256 P14 mines for 810.38188107287 seconds
102.95972404295165 P14 recvs B7 from P41 
102.96085839720138 P14 recvs B7 from P63 
103.01487780366512 P14 recvs B7 from P9 
103.15600685253642 P14 recvs B7 from P52 
103.29468952387526 P14 recvs B7 from P87 
110.14250265367086 P14 recvs B8 from P6 
110.14250265367086 P14 adds B8 to its tree
110.14250265367086 P14 mines for 1057.102036732752 seconds
110.40512284156789 P14 recvs B8 from P63 
110.5660147085864 P14 recvs B8 from P41 
111.19230787781498 P14 recvs B8 from P9 
111.28735715476628 P14 recvs B8 from P52 
111.416089508241 P14 recvs B8 from P87 
122.20176914894553 P14 recvs B9 from P9 
122.20176914894553 P14 adds B9 to its tree
122.20176914894553 P14 mines for 228.05107840835393 seconds
122.40866915912936 P14 recvs B9 from P6 
122.52002884814738 P14 recvs B9 from P63 
122.62514430174458 P14 recvs B9 from P52 
122.72451860065225 P14 recvs B9 from P87 
123.00466641872099 P14 recvs B9 from P41 
130.77059017781468 P14 recvs B10 from P6 
130.77059017781468 P14 adds B10 to its tree
130.77059017781468 P14 mines for 249.8576255726619 seconds
131.19452431655031 P14 recvs B10 from P9 
131.225427360582 P14 recvs B10 from P63 
131.46806404814248 P14 recvs B10 from P52 
131.5502280838631 P14 recvs B10 from P41 
131.87905209539886 P14 recvs B10 from P87 
140.86424172321367 P14 recvs B11 from P41 
140.86424172321367 P14 adds B11 to its tree
140.86424172321367 P14 mines for 202.96560686609726 seconds
142.57775001859875 P14 recvs B11 from P63 
142.7027280563471 P14 recvs B11 from P52 
143.0347406925255 P14 recvs B11 from P87 
155.69142887071575 P14 recvs B12 from P63 
155.69142887071575 P14 adds B12 to its tree
155.69142887071575 P14 mines for 117.14403669882896 seconds
155.87151161590623 P14 recvs B12 from P52 
155.97174661274616 P14 recvs B12 from P6 
156.25031017614154 P14 recvs B12 from P87 
156.44384506879155 P14 recvs B12 from P41 
156.52792161523072 P14 recvs B12 from P9 
169.94010628416518 P14 recvs B13 from P9 
169.94010628416518 P14 adds B13 to its tree
169.94010628416518 P14 mines for 329.11850532241306 seconds
170.01208474176175 P14 recvs B13 from P41 
170.33252039467672 P14 recvs B13 from P63 
170.37409356713198 P14 recvs B13 from P6 
170.52958213523752 P14 recvs B13 from P52 
170.94874363264023 P14 recvs B13 from P87 
184.9693145960521 P14 recvs B14 from P9 
184.9693145960521 P14 adds B14 to its tree
184.9693145960521 P14 mines for 406.142481454689 seconds
184.9878717766917 P14 recvs B14 from P6 
185.0244415267134 P14 recvs B14 from P63 
186.36075033000725 P14 recvs B14 from P87 
186.38532945133426 P14 recvs B14 from P41 
201.9489714504101 P14 recvs B15 from P63 
201.9489714504101 P14 adds B15 to its tree
201.9489714504101 P14 mines for 668.7092137714594 seconds
202.220491751906 P14 recvs B15 from P6 
202.48540562599612 P14 recvs B15 from P41 
202.87343831308957 P14 recvs B15 from P9 
203.21279253259857 P14 recvs B15 from P87 
203.52313292378315 P14 recvs B15 from P52 
213.0592402762861 P14 recvs B17 from P63 
213.0592402762861 P14 adds B17 to its tree
213.0592402762861 P14 mines for 360.953471575562 seconds
213.22564985369726 P14 recvs B16 from P6 
213.22564985369726 P14 adds B16 to its tree
213.32473376423374 P14 recvs B17 from P6 
213.72587715287816 P14 recvs B16 from P9 
213.78484406270954 P14 recvs B16 from P63 
213.90075094627957 P14 recvs B16 from P52 
214.15490275305118 P14 recvs B16 from P41 
214.35981509571408 P14 recvs B17 from P9 
214.48294874338552 P14 recvs B17 from P87 
214.51484989198116 P14 recvs B16 from P87 
214.5420901405772 P14 recvs B17 from P41 
214.8846869662869 P14 recvs B17 from P52 
220.07319965839403 P14 recvs B18 from P6 
220.07319965839403 P14 adds B18 to its tree
220.07319965839403 P14 mines for 575.5012809562779 seconds
220.26608925851986 P14 recvs B18 from P9 
220.51129122721142 P14 recvs B18 from P63 
220.54532826879765 P14 recvs B18 from P87 
221.6081697501757 P14 recvs B18 from P41 
221.73334879445005 P14 recvs B18 from P52 
221.75922608674176 P14 recvs B19 from P6 
221.75922608674176 P14 adds B19 to its tree
221.84548486972608 P14 recvs B19 from P9 
222.31136280517316 P14 recvs B19 from P63 
222.6304147568926 P14 recvs B19 from P87 
222.69782499862671 P14 recvs B19 from P41 
222.95598836717028 P14 recvs B19 from P52 
229.7525772872674 P14 recvs B20 from P6 
229.7525772872674 P14 adds B20 to its tree
229.7525772872674 P14 mines for 898.1942931380096 seconds
229.79014924530907 P14 recvs B20 from P9 
229.8483062650222 P14 recvs B20 from P63 
231.15116264138223 P14 recvs B20 from P87 
231.15311959160428 P14 recvs B20 from P41 
252.57789426076152 P14 recvs B21 from P9 
252.57789426076152 P14 adds B21 to its tree
252.57789426076152 P14 mines for 358.66026337213606 seconds
252.61850368480472 P14 recvs B21 from P41 
253.00184270934076 P14 recvs B21 from P63 
253.0943186579958 P14 recvs B21 from P6 
253.4822078650005 P14 recvs B21 from P52 
253.8018830814738 P14 recvs B21 from P87 
258.785836942061 P14 recvs B22 from P6 
258.785836942061 P14 adds B22 to its tree
258.785836942061 P14 mines for 34.555323477577176 seconds
258.9725600397185 P14 recvs B22 from P9 
259.1688278720481 P14 recvs B22 from P63 
259.16986331071814 P14 recvs B22 from P87 
260.36458998256836 P14 recvs B22 from P41 
260.47558832310585 P14 recvs B22 from P52 
286.9931427920822 P14 recvs B23 from P63 
286.9931427920822 P14 adds B23 to its tree
286.9931427920822 P14 mines for 1009.2125806261862 seconds
287.21659904619236 P14 recvs B23 from P52 
287.2704688241515 P14 recvs B23 from P9 
287.4402640672087 P14 recvs B23 from P6 
287.5957864375732 P14 recvs B23 from P87 
287.78440923460437 P14 recvs B23 from P41 
296.59024426191496 P14 recvs B24 from P6 
296.59024426191496 P14 adds B24 to its tree
296.59024426191496 P14 mines for 810.3948971370454 seconds
296.59422011942127 P14 recvs B24 from P41 
296.6726457489819 P14 recvs B24 from P9 
296.75242324994986 P14 recvs B24 from P63 
297.4082074193445 P14 recvs B24 from P52 
297.50398791620137 P14 recvs B24 from P87 
306.30542906650567 P14 recvs B25 from P9 
306.30542906650567 P14 adds B25 to its tree
306.30542906650567 P14 mines for 308.48991649809034 seconds
306.60932978699833 P14 recvs B25 from P6 
307.0776050314493 P14 recvs B25 from P63 
307.11471258562455 P14 recvs B25 from P87 
307.45958184021515 P14 recvs B25 from P52 
308.0036898467228 P14 recvs B25 from P41 
308.364298418349 P14 recvs B26 from P6 
308.364298418349 P14 adds B26 to its tree
308.7293254324684 P14 recvs B26 from P63 
308.796620786014 P14 recvs B26 from P9 
308.8650347709761 P14 recvs B26 from P52 
308.98122594932516 P14 recvs B26 from P41 
309.3473203704766 P14 recvs B26 from P87 
339.2633406770646 P14 recvs B27 from P87 
339.2633406770646 P14 adds B27 to its tree
339.2633406770646 P14 mines for 2995.8305133183217 seconds
339.79782856603606 P14 recvs B27 from P6 
341.04916938168003 P14 recvs B27 from P63 
341.1476860101394 P14 recvs B27 from P41 
370.1647007058242 P14 recvs B28 from P6 
370.1647007058242 P14 adds B28 to its tree
370.1647007058242 P14 mines for 713.2966985686033 seconds
370.30176977089013 P14 recvs B28 from P9 
370.38931855478575 P14 recvs B28 from P63 
370.71239486630964 P14 recvs B28 from P41 
370.80583024687286 P14 recvs B28 from P87 
370.97023604207675 P14 recvs B28 from P52 
379.4739561766104 P14 recvs B29 from P6 
379.4739561766104 P14 adds B29 to its tree
379.4739561766104 P14 mines for 124.88137480194838 seconds
380.33158828855 P14 recvs B29 from P63 
380.47023801818887 P14 recvs B29 from P87 
381.48388944607234 P14 recvs B29 from P41 
386.9234102633896 P14 recvs B30 from P6 
386.9234102633896 P14 adds B30 to its tree
386.9234102633896 P14 mines for 97.26627767384969 seconds
387.87223880906976 P14 recvs B30 from P63 
388.0126760398509 P14 recvs B30 from P52 
388.17015122107244 P14 recvs B30 from P87 
388.2357497389265 P14 recvs B30 from P41 
395.4952223618354 P14 recvs B31 from P6 
395.4952223618354 P14 adds B31 to its tree
395.4952223618354 P14 mines for 434.3893025875069 seconds
395.99174270710137 P14 recvs B31 from P87 
396.21092185959077 P14 recvs B31 from P41 
396.6765935409906 P14 recvs B31 from P63 
402.4527672295032 P14 recvs B33 from P6 
402.4527672295032 P14 adds B33 to its tree
402.4527672295032 P14 mines for 404.0134413198258 seconds
402.6118499424532 P14 recvs B33 from P9 
402.6548158533608 P14 recvs B32 from P6 
402.6548158533608 P14 adds B32 to its tree
402.9141157389796 P14 recvs B33 from P63 
402.9615760690541 P14 recvs B33 from P87 
403.0141157103507 P14 recvs B32 from P87 
403.3075451499249 P14 recvs B32 from P41 
403.4735753221504 P14 recvs B32 from P63 
403.4920318561751 P14 recvs B32 from P9 
403.8634244359941 P14 recvs B32 from P52 
404.02677677423594 P14 recvs B33 from P41 
404.1601881632335 P14 recvs B33 from P52 
406.0077581322382 P14 recvs B34 from P6 
406.0077581322382 P14 adds B34 to its tree
406.0077581322382 P14 mines for 203.30092322871891 seconds
406.81645859636274 P14 recvs B34 from P63 
406.99244908497553 P14 recvs B34 from P87 
408.07073655275246 P14 recvs B34 from P41 
435.9265049881892 P14 recvs B35 from P63 
435.9265049881892 P14 adds B35 to its tree
435.9265049881892 P14 mines for 1491.1215802538493 seconds
436.12772973474455 P14 recvs B35 from P6 
436.5700661711726 P14 recvs B35 from P41 
436.82847868169466 P14 recvs B35 from P9 
437.2800693575359 P14 recvs B35 from P87 
437.5544571289217 P14 recvs B35 from P52 
439.1969908238507 P14 recvs B36 from P6 
439.1969908238507 P14 adds B36 to its tree
439.1969908238507 P14 mines for 773.2606029957623 seconds
439.6689889632113 P14 recvs B36 from P87 
439.9334991665614 P14 recvs B36 from P41 
440.24617751474364 P14 recvs B36 from P63 
440.3906086057113 P14 recvs B36 from P52 
446.13933127596255 P14 recvs B37 from P6 
446.13933127596255 P14 adds B37 to its tree
446.13933127596255 P14 mines for 210.51001939428798 seconds
446.51852456059146 P14 recvs B38 from P6 
446.51852456059146 P14 adds B38 to its tree
446.61245167933623 P14 recvs B38 from P63 
446.98524270400475 P14 recvs B37 from P63 
447.1997238745852 P14 recvs B37 from P52 
447.215504536372 P14 recvs B38 from P87 
447.335258275826 P14 recvs B37 from P87 
447.44140946376314 P14 recvs B37 from P41 
447.80210648191456 P14 recvs B38 from P41 
447.9655463897329 P14 recvs B38 from P52 
456.11236437325726 P14 recvs B39 from P6 
456.11236437325726 P14 adds B39 to its tree
456.11236437325726 P14 mines for 467.2399038997237 seconds
456.54037720997144 P14 recvs B39 from P87 
456.78438334984503 P14 recvs B39 from P41 
457.05631753369977 P14 recvs B39 from P63 
457.19961174865716 P14 recvs B39 from P52 
476.10794090505897 P14 recvs B40 from P6 
476.10794090505897 P14 adds B40 to its tree
476.10794090505897 P14 mines for 75.65541679265316 seconds
476.65259068307347 P14 recvs B40 from P87 
477.3402930484962 P14 recvs B40 from P63 
477.64657724681325 P14 recvs B40 from P41 
483.20374769949746 P14 recvs B41 from P6 
483.20374769949746 P14 adds B41 to its tree
483.20374769949746 P14 mines for 8.60136094858651 seconds
483.5653101381103 P14 recvs B41 from P63 
483.75912147747067 P14 recvs B41 from P52 
484.0830852878993 P14 recvs B41 from P87 
484.3801493476292 P14 recvs B41 from P41 
491.80510864808394 P14 mines B42
502.2535713736395 P14 recvs B43 from P6 
502.2535713736395 P14 adds B43 to its tree
502.2535713736395 P14 mines for 567.7752616273599 seconds
502.3540437035565 P14 recvs B43 from P63 
503.1940151272943 P14 recvs B44 from P6 
503.1940151272943 P14 adds B44 to its tree
503.28930408604606 P14 recvs B43 from P9 
503.49366093426204 P14 recvs B43 from P87 
503.62994767018813 P14 recvs B44 from P9 
503.6441587631555 P14 recvs B44 from P63 
503.65230700694434 P14 recvs B43 from P41 
503.7813624821872 P14 recvs B44 from P52 
503.91338766087483 P14 recvs B44 from P41 
504.3041195309992 P14 recvs B44 from P87 
525.7233993435647 P14 recvs B45 from P6 
525.7233993435647 P14 adds B45 to its tree
525.7233993435647 P14 mines for 1339.1845910722475 seconds
526.5204231873345 P14 recvs B45 from P63 
526.7183691468763 P14 recvs B45 from P87 
527.6722735407084 P14 recvs B45 from P41 
548.2599877593445 P14 recvs B46 from P9 
548.2599877593445 P14 adds B46 to its tree
548.2599877593445 P14 mines for 365.0834513453107 seconds
548.3552710713834 P14 recvs B46 from P6 
548.3871092518132 P14 recvs B46 from P63 
548.5984067396382 P14 recvs B46 from P52 
548.6327637671174 P14 recvs B46 from P87 
548.9424317587109 P14 recvs B46 from P41 
561.5420788073995 P14 recvs B47 from P6 
561.5420788073995 P14 adds B47 to its tree
561.5420788073995 P14 mines for 168.85871670551535 seconds
561.5612008758693 P14 recvs B47 from P9 
561.6681396353765 P14 recvs B47 from P63 
562.9306326655151 P14 recvs B47 from P41 
562.9617777209505 P14 recvs B47 from P87 
565.7512498354365 P14 recvs B48 from P6 
565.7512498354365 P14 adds B48 to its tree
565.7512498354365 P14 mines for 103.69963443753858 seconds
566.2070072509829 P14 recvs B48 from P9 
566.46282999803 P14 recvs B48 from P63 
566.644672558262 P14 recvs B48 from P52 
566.6751902642659 P14 recvs B48 from P41 
567.0359655021688 P14 recvs B48 from P87 
576.586124269846 P14 recvs B49 from P6 
576.586124269846 P14 adds B49 to its tree
576.586124269846 P14 mines for 96.37788710115028 seconds
576.9854229397243 P14 recvs B49 from P63 
576.9896181099862 P14 recvs B49 from P9 
577.1300311727672 P14 recvs B49 from P52 
577.1671212706574 P14 recvs B49 from P41 
577.6339633524202 P14 recvs B49 from P87 
589.3518279409411 P14 recvs B50 from P6 
589.3518279409411 P14 adds B50 to its tree
589.3518279409411 P14 mines for 264.6003473103127 seconds
589.5404811142682 P14 recvs B50 from P87 
589.9269234360852 P14 recvs B50 from P41 
590.0629620954998 P14 recvs B50 from P63 
590.1338593452542 P14 recvs B50 from P9 
590.4910573403561 P14 recvs B50 from P52 
594.0347408344081 P14 recvs B52 from P6 
594.0347408344081 P14 adds B52 to its tree
594.0347408344081 P14 mines for 52.114386371512595 seconds
594.1441092153809 P14 recvs B51 from P6 
594.1441092153809 P14 adds B51 to its tree
594.1494261048117 P14 recvs B51 from P41 
594.2687824230783 P14 recvs B51 from P9 
594.299179717637 P14 recvs B51 from P63 
594.9437333419501 P14 recvs B52 from P63 
595.0468229290209 P14 recvs B52 from P87 
595.0514527825093 P14 recvs B51 from P52 
595.0847499606825 P14 recvs B51 from P87 
596.0503097755333 P14 recvs B52 from P41 
596.4894288252497 P14 recvs B53 from P6 
596.4894288252497 P14 adds B53 to its tree
596.4894288252497 P14 mines for 38.96352833115388 seconds
596.9157116636397 P14 recvs B53 from P87 
597.1256754695452 P14 recvs B53 from P41 
597.4876460208039 P14 recvs B53 from P63 
597.6371879330968 P14 recvs B53 from P52 
599.962209037072 P14 recvs B54 from P9 
599.962209037072 P14 adds B54 to its tree
599.962209037072 P14 mines for 551.0126596209543 seconds
