0 P15 mines for 417.54766956663696 seconds
0.0585067517242711 P15 creates T3
3.3624095949268233 P15 creates T42
5.207916733525677 P15 recvs B2 from P4 
5.207916733525677 P15 adds B2 to its tree
5.207916733525677 P15 mines for 3156.823633546012 seconds
5.455268105173503 P15 recvs B2 from P30 
5.783429876017171 P15 recvs B2 from P22 
5.816370554225968 P15 recvs B2 from P39 
6.099373555484926 P15 recvs B2 from P62 
23.869432552249872 P15 recvs B3 from P30 
23.869432552249872 P15 adds B3 to its tree
23.869432552249872 P15 mines for 147.0810254648529 seconds
24.706304868865985 P15 recvs B3 from P13 
24.810569844140243 P15 recvs B3 from P4 
25.060689647621544 P15 recvs B3 from P22 
25.211963352860163 P15 recvs B3 from P62 
70.0232921837302 P15 recvs B4 from P22 
70.0232921837302 P15 adds B4 to its tree
70.0232921837302 P15 mines for 5893.908333893614 seconds
70.10692658205558 P15 recvs B4 from P62 
70.5671907462337 P15 recvs B4 from P13 
70.6333575458189 P15 recvs B4 from P30 
70.8020200164047 P15 recvs B4 from P4 
71.41823258650811 P15 recvs B4 from P39 
76.47315206198097 P15 recvs B5 from P22 
76.47315206198097 P15 adds B5 to its tree
76.47315206198097 P15 mines for 4073.1602271940064 seconds
76.79774600509327 P15 recvs B5 from P13 
77.13019597492442 P15 recvs B5 from P30 
77.20648925936604 P15 recvs B5 from P4 
77.49132864293836 P15 recvs B5 from P62 
77.85035874090705 P15 recvs B5 from P39 
86.46117414920359 P15 recvs B6 from P4 
86.46117414920359 P15 adds B6 to its tree
86.46117414920359 P15 mines for 8010.30193370517 seconds
86.71175587092917 P15 recvs B6 from P30 
86.77418139539414 P15 recvs B6 from P22 
86.85523898396939 P15 recvs B6 from P62 
87.33093150513116 P15 recvs B6 from P13 
87.60227085595787 P15 recvs B6 from P39 
101.54071738406877 P15 recvs B7 from P30 
101.54071738406877 P15 adds B7 to its tree
101.54071738406877 P15 mines for 14732.772509644765 seconds
102.39097194087448 P15 recvs B7 from P13 
102.46331025233401 P15 recvs B7 from P4 
102.64643301687994 P15 recvs B7 from P22 
102.74368502707166 P15 recvs B7 from P62 
108.86978261041655 P15 recvs B8 from P39 
108.86978261041655 P15 adds B8 to its tree
108.86978261041655 P15 mines for 3343.0739322116947 seconds
110.56878655660299 P15 recvs B8 from P30 
121.47642686941346 P15 recvs B9 from P30 
121.47642686941346 P15 adds B9 to its tree
121.47642686941346 P15 mines for 588.9368205198173 seconds
121.80428579785372 P15 recvs B9 from P22 
122.35905809633476 P15 recvs B9 from P62 
122.51005472670523 P15 recvs B9 from P13 
122.63598985779599 P15 recvs B9 from P4 
129.64899037409475 P15 recvs B10 from P30 
129.64899037409475 P15 adds B10 to its tree
129.64899037409475 P15 mines for 5182.96072060718 seconds
130.5176728395225 P15 recvs B10 from P13 
130.65220690657054 P15 recvs B10 from P4 
130.8722241879987 P15 recvs B10 from P22 
131.03512572708146 P15 recvs B10 from P62 
141.34845996650438 P15 recvs B11 from P13 
141.34845996650438 P15 adds B11 to its tree
141.34845996650438 P15 mines for 221.3859496222052 seconds
141.81642286656407 P15 recvs B11 from P62 
141.96348897529282 P15 recvs B11 from P4 
142.40739332743792 P15 recvs B11 from P30 
142.420675140416 P15 recvs B11 from P39 
142.4243662568669 P15 recvs B11 from P22 
155.4318287897334 P15 recvs B12 from P22 
155.4318287897334 P15 adds B12 to its tree
155.4318287897334 P15 mines for 832.8419152363357 seconds
155.4885690354313 P15 recvs B12 from P62 
155.9435205520724 P15 recvs B12 from P30 
156.0229406550799 P15 recvs B12 from P13 
156.07059468748102 P15 recvs B12 from P4 
156.87576416872324 P15 recvs B12 from P39 
170.0448441603471 P15 recvs B13 from P22 
170.0448441603471 P15 adds B13 to its tree
170.0448441603471 P15 mines for 4052.6065378973803 seconds
170.15437280408744 P15 recvs B13 from P13 
170.16319752925395 P15 recvs B13 from P62 
170.31133666636754 P15 recvs B13 from P4 
170.34839849554297 P15 recvs B13 from P30 
170.65488545144572 P15 recvs B13 from P39 
184.8938489104731 P15 recvs B14 from P4 
184.8938489104731 P15 adds B14 to its tree
184.8938489104731 P15 mines for 6844.217756507051 seconds
185.0158806463983 P15 recvs B14 from P39 
185.35423911479973 P15 recvs B14 from P30 
185.55762723492418 P15 recvs B14 from P62 
185.58227249506842 P15 recvs B14 from P13 
185.65260790440053 P15 recvs B14 from P22 
202.24174245268188 P15 recvs B15 from P30 
202.24174245268188 P15 adds B15 to its tree
202.24174245268188 P15 mines for 9047.593805570375 seconds
202.2640462154522 P15 recvs B15 from P4 
202.31403847758 P15 recvs B15 from P22 
202.40277184221603 P15 recvs B15 from P13 
202.42432476179306 P15 recvs B15 from P62 
202.80084942447436 P15 recvs B15 from P39 
212.24355579245287 P15 recvs B16 from P30 
212.24355579245287 P15 adds B16 to its tree
212.24355579245287 P15 mines for 10330.258862141258 seconds
212.99404557206913 P15 recvs B17 from P4 
212.99404557206913 P15 adds B17 to its tree
213.02395508487635 P15 recvs B17 from P39 
213.05974218718723 P15 recvs B16 from P13 
213.14398226572465 P15 recvs B16 from P4 
213.35332966489008 P15 recvs B16 from P22 
213.54964102406063 P15 recvs B17 from P13 
213.55020692798476 P15 recvs B16 from P62 
213.58737813142346 P15 recvs B17 from P62 
213.63413722113026 P15 recvs B17 from P30 
213.94967549853666 P15 recvs B17 from P22 
219.9310534441577 P15 recvs B18 from P22 
219.9310534441577 P15 adds B18 to its tree
219.9310534441577 P15 mines for 557.8439384205996 seconds
220.02233870073073 P15 recvs B18 from P30 
220.26627372755104 P15 recvs B18 from P4 
220.30098760646018 P15 recvs B18 from P62 
220.34663125218955 P15 recvs B18 from P39 
221.10983832922463 P15 recvs B18 from P13 
221.64698329592753 P15 recvs B19 from P62 
221.64698329592753 P15 adds B19 to its tree
221.65310783091022 P15 recvs B19 from P4 
221.84961888398462 P15 recvs B19 from P39 
221.96581050601148 P15 recvs B19 from P30 
222.0941398835108 P15 recvs B19 from P22 
222.62289155065602 P15 recvs B19 from P13 
229.71029346122586 P15 recvs B20 from P4 
229.71029346122586 P15 adds B20 to its tree
229.71029346122586 P15 mines for 1003.767323765262 seconds
229.81587402854947 P15 recvs B20 from P39 
230.11689962327128 P15 recvs B20 from P30 
230.23933012410592 P15 recvs B20 from P62 
230.36737701845388 P15 recvs B20 from P13 
230.4463010488499 P15 recvs B20 from P22 
252.7451882567675 P15 recvs B21 from P22 
252.7451882567675 P15 adds B21 to its tree
252.7451882567675 P15 mines for 7097.70112355277 seconds
252.7760209066784 P15 recvs B21 from P13 
252.8082849768203 P15 recvs B21 from P30 
252.8837551383193 P15 recvs B21 from P62 
252.98350626765395 P15 recvs B21 from P4 
253.2301268221782 P15 recvs B21 from P39 
258.69972918180866 P15 recvs B22 from P22 
258.69972918180866 P15 adds B22 to its tree
258.69972918180866 P15 mines for 10649.130324495307 seconds
258.78710226211916 P15 recvs B22 from P30 
258.91156044185294 P15 recvs B22 from P4 
258.98974543017744 P15 recvs B22 from P62 
259.02080138965124 P15 recvs B22 from P39 
259.89117776355243 P15 recvs B22 from P13 
286.76660781124264 P15 recvs B23 from P22 
286.76660781124264 P15 adds B23 to its tree
286.76660781124264 P15 mines for 2055.824024398308 seconds
286.8455775783949 P15 recvs B23 from P62 
287.23980796294876 P15 recvs B23 from P39 
287.2906811979095 P15 recvs B23 from P30 
287.3680445610974 P15 recvs B23 from P4 
287.37377956056076 P15 recvs B23 from P13 
295.9924144524145 P15 recvs B24 from P13 
295.9924144524145 P15 adds B24 to its tree
295.9924144524145 P15 mines for 533.1724913595029 seconds
296.39131932689423 P15 recvs B24 from P4 
296.41243311415536 P15 recvs B24 from P62 
296.5522611929322 P15 recvs B24 from P30 
296.6976517637862 P15 recvs B24 from P39 
296.83449386779694 P15 recvs B24 from P22 
306.33282015535895 P15 recvs B25 from P39 
306.33282015535895 P15 adds B25 to its tree
306.33282015535895 P15 mines for 22462.87395968331 seconds
306.54587384710624 P15 recvs B25 from P22 
306.59435530502617 P15 recvs B25 from P30 
306.74528255735163 P15 recvs B25 from P4 
307.1385646190843 P15 recvs B25 from P62 
307.2287911800871 P15 recvs B26 from P30 
307.2287911800871 P15 adds B26 to its tree
307.61371625544916 P15 recvs B25 from P13 
308.1584517504987 P15 recvs B26 from P13 
308.2090377493493 P15 recvs B26 from P4 
308.41505072173146 P15 recvs B26 from P22 
308.4986294663689 P15 recvs B26 from P62 
339.74064220517545 P15 recvs B27 from P22 
339.74064220517545 P15 adds B27 to its tree
339.74064220517545 P15 mines for 2411.49871656197 seconds
339.77781696988404 P15 recvs B27 from P30 
339.89118838989486 P15 recvs B27 from P4 
340.78337317346313 P15 recvs B27 from P62 
340.88685932376916 P15 recvs B27 from P13 
341.085459813574 P15 recvs B27 from P39 
369.37541690611147 P15 recvs B28 from P30 
369.37541690611147 P15 adds B28 to its tree
369.37541690611147 P15 mines for 5461.257394885466 seconds
369.5580254994949 P15 recvs B28 from P13 
370.06968226969605 P15 recvs B28 from P4 
370.25056811715 P15 recvs B28 from P62 
370.28719969359815 P15 recvs B28 from P22 
370.67956471896076 P15 recvs B28 from P39 
379.3713495982522 P15 recvs B29 from P4 
379.3713495982522 P15 adds B29 to its tree
379.3713495982522 P15 mines for 2384.7403647091355 seconds
379.64191042962926 P15 recvs B29 from P30 
379.9288848866823 P15 recvs B29 from P22 
379.9716365528236 P15 recvs B29 from P39 
380.2190054284523 P15 recvs B29 from P62 
385.6655987104595 P15 recvs B30 from P30 
385.6655987104595 P15 adds B30 to its tree
385.6655987104595 P15 mines for 5192.374334237084 seconds
387.5946883700648 P15 recvs B30 from P22 
395.41764150404777 P15 recvs B31 from P22 
395.41764150404777 P15 adds B31 to its tree
395.41764150404777 P15 mines for 766.0627629412227 seconds
395.5057678840913 P15 recvs B31 from P30 
395.6787258063258 P15 recvs B31 from P4 
395.97084329986603 P15 recvs B31 from P13 
396.4785619681041 P15 recvs B31 from P62 
396.8201842033121 P15 recvs B31 from P39 
402.1122291983187 P15 recvs B32 from P22 
402.1122291983187 P15 adds B32 to its tree
402.1122291983187 P15 mines for 245.28443460614014 seconds
402.38890987829484 P15 recvs B33 from P22 
402.38890987829484 P15 adds B33 to its tree
402.48189681790865 P15 recvs B33 from P30 
402.4871142689073 P15 recvs B32 from P13 
402.5854448632389 P15 recvs B33 from P4 
402.6529231126825 P15 recvs B33 from P39 
402.6887268753921 P15 recvs B32 from P30 
402.70122083681196 P15 recvs B33 from P62 
402.86423045269083 P15 recvs B32 from P4 
403.19647294742 P15 recvs B32 from P62 
403.3502075939288 P15 recvs B33 from P13 
403.4594689243411 P15 recvs B32 from P39 
405.8772376276311 P15 recvs B34 from P4 
405.8772376276311 P15 adds B34 to its tree
405.8772376276311 P15 mines for 5030.676516975618 seconds
406.18296166825246 P15 recvs B34 from P30 
406.4697655903845 P15 recvs B34 from P22 
406.86816648261896 P15 recvs B34 from P62 
436.0299135118491 P15 recvs B35 from P4 
436.0299135118491 P15 adds B35 to its tree
436.0299135118491 P15 mines for 6562.8397427103655 seconds
436.2916879947484 P15 recvs B35 from P30 
436.3774277808195 P15 recvs B35 from P22 
436.4397536161956 P15 recvs B35 from P13 
436.4912609803367 P15 recvs B35 from P62 
436.8374814290862 P15 recvs B35 from P39 
438.96382370748336 P15 recvs B36 from P30 
438.96382370748336 P15 adds B36 to its tree
438.96382370748336 P15 mines for 5.863504785842422 seconds
439.1409317691851 P15 recvs B36 from P22 
439.2729967250928 P15 recvs B36 from P13 
439.30276202497004 P15 recvs B36 from P4 
439.9540411447151 P15 recvs B36 from P62 
440.2621806843269 P15 recvs B36 from P39 
444.82732849332575 P15 mines B37
446.3024735631822 P15 recvs B38 from P22 
446.3024735631822 P15 adds B38 to its tree
446.39994413762685 P15 recvs B38 from P62 
446.4984216794619 P15 recvs B37 from P30 
446.58660971865146 P15 recvs B38 from P4 
446.69648397052987 P15 recvs B38 from P30 
446.7372083440142 P15 recvs B37 from P22 
446.97390782131856 P15 recvs B37 from P62 
447.05595475858627 P15 recvs B38 from P13 
447.58956838869983 P15 recvs B38 from P39 
455.96336320570265 P15 recvs B39 from P22 
455.96336320570265 P15 adds B39 to its tree
455.96336320570265 P15 mines for 34.204245163652274 seconds
456.08021482452057 P15 recvs B39 from P30 
456.08974740816467 P15 recvs B39 from P13 
456.22391002027047 P15 recvs B39 from P4 
456.7540113630668 P15 recvs B39 from P62 
457.0688677162183 P15 recvs B39 from P39 
476.03643022211605 P15 recvs B40 from P22 
476.03643022211605 P15 adds B40 to its tree
476.03643022211605 P15 mines for 5903.710394686799 seconds
476.08398377045546 P15 recvs B40 from P30 
476.2972760429499 P15 recvs B40 from P4 
476.99866903732067 P15 recvs B40 from P62 
477.0658870947345 P15 recvs B40 from P13 
477.472632271524 P15 recvs B40 from P39 
483.0572125730839 P15 recvs B41 from P4 
483.0572125730839 P15 adds B41 to its tree
483.0572125730839 P15 mines for 2747.5875652269433 seconds
483.29142352016595 P15 recvs B41 from P22 
483.3766954135491 P15 recvs B41 from P62 
483.4258358287476 P15 recvs B41 from P30 
483.91604583879774 P15 recvs B41 from P13 
492.9237524284978 P15 recvs B42 from P4 
492.9237524284978 P15 adds B42 to its tree
492.9237524284978 P15 mines for 136.17119689725567 seconds
493.3867663510819 P15 recvs B42 from P30 
493.6563162310106 P15 recvs B42 from P22 
493.84704908849255 P15 recvs B42 from P62 
501.9812076732982 P15 recvs B43 from P4 
501.9812076732982 P15 adds B43 to its tree
501.9812076732982 P15 mines for 23953.506908571897 seconds
502.1607129625014 P15 recvs B44 from P30 
502.1607129625014 P15 adds B44 to its tree
502.36444568868 P15 recvs B43 from P30 
502.46801033207123 P15 recvs B43 from P62 
502.5096358917336 P15 recvs B43 from P39 
502.6019607826557 P15 recvs B43 from P22 
503.02608816603225 P15 recvs B44 from P13 
503.08173576920615 P15 recvs B44 from P4 
503.35047853402006 P15 recvs B44 from P22 
503.43185881720143 P15 recvs B44 from P62 
525.5351401933975 P15 recvs B45 from P4 
525.5351401933975 P15 adds B45 to its tree
525.5351401933975 P15 mines for 5442.1937728543535 seconds
525.8420764659812 P15 recvs B45 from P30 
526.1357103722138 P15 recvs B45 from P22 
526.1698728276467 P15 recvs B45 from P39 
526.4317367803657 P15 recvs B45 from P62 
547.4092072574034 P15 recvs B46 from P30 
547.4092072574034 P15 adds B46 to its tree
547.4092072574034 P15 mines for 4564.23058024352 seconds
547.7653200500426 P15 recvs B46 from P22 
548.2373072165434 P15 recvs B46 from P62 
548.4669760010554 P15 recvs B46 from P13 
548.4676355478123 P15 recvs B46 from P4 
561.4895538142414 P15 recvs B47 from P4 
561.4895538142414 P15 adds B47 to its tree
561.4895538142414 P15 mines for 10458.569725922205 seconds
561.693301725229 P15 recvs B47 from P39 
561.9343453833352 P15 recvs B47 from P30 
562.0627375030789 P15 recvs B47 from P62 
562.2352694917753 P15 recvs B47 from P13 
562.3983978058504 P15 recvs B47 from P22 
564.9309494013576 P15 recvs B48 from P30 
564.9309494013576 P15 adds B48 to its tree
564.9309494013576 P15 mines for 12332.98754338941 seconds
565.5231676809091 P15 recvs B48 from P13 
565.6204354754694 P15 recvs B48 from P4 
565.8237558438128 P15 recvs B48 from P22 
566.1915027945325 P15 recvs B48 from P62 
566.3374453207457 P15 recvs B48 from P39 
575.4843570341816 P15 recvs B49 from P30 
575.4843570341816 P15 adds B49 to its tree
575.4843570341816 P15 mines for 15570.491337491663 seconds
576.4201819871753 P15 recvs B49 from P13 
576.4338839983502 P15 recvs B49 from P4 
576.6588020778414 P15 recvs B49 from P22 
576.8239450184818 P15 recvs B49 from P62 
588.70302876832 P15 recvs B50 from P22 
588.70302876832 P15 adds B50 to its tree
588.70302876832 P15 mines for 8630.332995244467 seconds
589.122617290419 P15 recvs B50 from P13 
589.2389344705491 P15 recvs B50 from P30 
589.3885907892696 P15 recvs B50 from P4 
589.7782761708692 P15 recvs B50 from P62 
590.132544584071 P15 recvs B50 from P39 
593.623736085026 P15 recvs B51 from P13 
593.623736085026 P15 adds B51 to its tree
593.623736085026 P15 mines for 2077.38972607598 seconds
593.9210664097327 P15 recvs B51 from P4 
593.9712039816293 P15 recvs B52 from P4 
593.9712039816293 P15 adds B52 to its tree
593.9784839401134 P15 recvs B51 from P30 
594.0635637694761 P15 recvs B51 from P62 
594.1616065687512 P15 recvs B52 from P30 
594.1863049360772 P15 recvs B51 from P22 
594.2795896963491 P15 recvs B51 from P39 
594.4777335907509 P15 recvs B52 from P22 
594.8768959759911 P15 recvs B52 from P62 
595.1021721426557 P15 recvs B52 from P39 
596.3718785547679 P15 recvs B53 from P22 
596.3718785547679 P15 adds B53 to its tree
596.3718785547679 P15 mines for 10273.284607339281 seconds
596.4772313557414 P15 recvs B53 from P30 
596.5048638857629 P15 recvs B53 from P13 
596.6555228746332 P15 recvs B53 from P4 
597.2809802161955 P15 recvs B53 from P62 
597.4135633652733 P15 recvs B53 from P39 
