0 P16 mines for 67.18596979409202 seconds
2.192286620233347 P16 creates T34
5.567923595038208 P16 recvs B2 from P51 
5.567923595038208 P16 adds B2 to its tree
5.567923595038208 P16 mines for 1090.9819355621462 seconds
5.8262394717956285 P16 recvs B2 from P42 
5.974365385945163 P16 recvs B2 from P26 
6.003310752366164 P16 recvs B2 from P22 
6.011421053091941 P16 recvs B2 from P36 
6.367578398458347 P16 recvs B2 from P80 
23.48147596263721 P16 recvs B3 from P51 
23.48147596263721 P16 adds B3 to its tree
23.48147596263721 P16 mines for 951.1865571950127 seconds
24.503343862311663 P16 recvs B3 from P80 
70.19653732258428 P16 recvs B4 from P36 
70.19653732258428 P16 adds B4 to its tree
70.19653732258428 P16 mines for 317.3582193175793 seconds
70.22436048343124 P16 recvs B4 from P22 
70.3966401611822 P16 recvs B4 from P42 
70.44580351032026 P16 recvs B4 from P51 
70.66628590871161 P16 recvs B4 from P80 
71.05087965085896 P16 recvs B4 from P26 
76.69324324376953 P16 recvs B5 from P22 
76.69324324376953 P16 adds B5 to its tree
76.69324324376953 P16 mines for 43.195822696549726 seconds
76.95726247155415 P16 recvs B5 from P51 
77.2351339490826 P16 recvs B5 from P26 
77.48845192155596 P16 recvs B5 from P80 
86.5834188227499 P16 recvs B6 from P51 
86.5834188227499 P16 adds B6 to its tree
86.5834188227499 P16 mines for 63.94130435284662 seconds
86.93887280753403 P16 recvs B6 from P36 
87.00809929305245 P16 recvs B6 from P22 
87.04840371743202 P16 recvs B6 from P42 
87.26069363153441 P16 recvs B6 from P26 
87.47222075581851 P16 recvs B6 from P80 
101.13463631409276 P16 recvs B7 from P51 
101.13463631409276 P16 adds B7 to its tree
101.13463631409276 P16 mines for 253.44495196191448 seconds
102.18392461839534 P16 recvs B7 from P80 
110.6603623429551 P16 recvs B8 from P51 
110.6603623429551 P16 adds B8 to its tree
110.6603623429551 P16 mines for 104.06246655602109 seconds
110.68174403446282 P16 recvs B8 from P22 
110.80071170860276 P16 recvs B8 from P42 
110.87803203283464 P16 recvs B8 from P26 
110.95712690081434 P16 recvs B8 from P36 
110.96424465015082 P16 recvs B8 from P80 
120.56081725631704 P16 recvs B9 from P26 
120.56081725631704 P16 adds B9 to its tree
120.56081725631704 P16 mines for 166.64641463444033 seconds
129.2580292263275 P16 recvs B10 from P51 
129.2580292263275 P16 adds B10 to its tree
129.2580292263275 P16 mines for 195.11057728245234 seconds
130.35552848852632 P16 recvs B10 from P80 
141.8221391003914 P16 recvs B11 from P36 
141.8221391003914 P16 adds B11 to its tree
141.8221391003914 P16 mines for 1501.660782946979 seconds
141.96276556449928 P16 recvs B11 from P51 
142.1139709313746 P16 recvs B11 from P42 
142.15459989461982 P16 recvs B11 from P80 
142.61895065400518 P16 recvs B11 from P26 
142.6265194153153 P16 recvs B11 from P22 
155.5875197760602 P16 recvs B12 from P36 
155.5875197760602 P16 adds B12 to its tree
155.5875197760602 P16 mines for 476.39343244570654 seconds
155.64578523574247 P16 recvs B12 from P22 
155.80026432000318 P16 recvs B12 from P42 
155.93679890789892 P16 recvs B12 from P51 
156.24196234518334 P16 recvs B12 from P80 
156.54855450655424 P16 recvs B12 from P26 
169.64045345405947 P16 recvs B13 from P42 
169.64045345405947 P16 adds B13 to its tree
169.64045345405947 P16 mines for 91.9348445577697 seconds
169.6438955275052 P16 recvs B13 from P80 
169.947678233424 P16 recvs B13 from P51 
170.25915144992538 P16 recvs B13 from P22 
170.37468043668298 P16 recvs B13 from P36 
185.10926371547342 P16 recvs B14 from P51 
185.10926371547342 P16 adds B14 to its tree
185.10926371547342 P16 mines for 1253.4197367386075 seconds
185.29798973828866 P16 recvs B14 from P36 
185.341228974264 P16 recvs B14 from P42 
185.42912474639422 P16 recvs B14 from P26 
185.66619027249567 P16 recvs B14 from P80 
185.86761962773375 P16 recvs B14 from P22 
201.14825730931264 P16 recvs B15 from P36 
201.14825730931264 P16 adds B15 to its tree
201.14825730931264 P16 mines for 61.841111391594005 seconds
201.8075162898429 P16 recvs B15 from P51 
202.51395883919702 P16 recvs B15 from P22 
202.85023725281178 P16 recvs B15 from P80 
211.83896373472928 P16 recvs B16 from P51 
211.83896373472928 P16 adds B16 to its tree
211.83896373472928 P16 mines for 542.9447895206421 seconds
212.84652790458074 P16 recvs B16 from P80 
213.37873363692563 P16 recvs B17 from P51 
213.37873363692563 P16 adds B17 to its tree
213.42051066406054 P16 recvs B17 from P26 
214.1643762719972 P16 recvs B17 from P22 
214.23666975829295 P16 recvs B17 from P80 
220.06601713254744 P16 recvs B18 from P51 
220.06601713254744 P16 adds B18 to its tree
220.06601713254744 P16 mines for 1041.9014018518271 seconds
220.12974530650408 P16 recvs B18 from P22 
220.30227818233206 P16 recvs B18 from P26 
220.35474174262137 P16 recvs B18 from P42 
220.88028927971175 P16 recvs B18 from P36 
220.94394593284082 P16 recvs B18 from P80 
221.49707685150935 P16 recvs B19 from P36 
221.49707685150935 P16 adds B19 to its tree
222.1723786536776 P16 recvs B19 from P51 
222.32288071914988 P16 recvs B19 from P22 
222.3294717535805 P16 recvs B19 from P26 
222.72239642808287 P16 recvs B19 from P80 
229.96038099959515 P16 recvs B20 from P51 
229.96038099959515 P16 adds B20 to its tree
229.96038099959515 P16 mines for 221.4133801406702 seconds
230.10892038696977 P16 recvs B20 from P36 
230.13744785727485 P16 recvs B20 from P42 
230.17350816499777 P16 recvs B20 from P26 
230.55549348994867 P16 recvs B20 from P80 
230.68520898099138 P16 recvs B20 from P22 
252.169388211415 P16 recvs B21 from P42 
252.169388211415 P16 adds B21 to its tree
252.169388211415 P16 mines for 1248.1249634935511 seconds
252.21951901883457 P16 recvs B21 from P80 
252.53708854107916 P16 recvs B21 from P51 
252.93922600797825 P16 recvs B21 from P36 
252.95660777093957 P16 recvs B21 from P22 
258.8284988012949 P16 recvs B22 from P51 
258.8284988012949 P16 adds B22 to its tree
258.8284988012949 P16 mines for 70.33836287015461 seconds
258.9033021192779 P16 recvs B22 from P22 
258.95736820337225 P16 recvs B22 from P26 
259.04546861639693 P16 recvs B22 from P42 
259.6578434231904 P16 recvs B22 from P80 
259.68310383305806 P16 recvs B22 from P36 
286.96753179786305 P16 recvs B23 from P22 
286.96753179786305 P16 adds B23 to its tree
286.96753179786305 P16 mines for 281.37335918264057 seconds
287.0368576682524 P16 recvs B23 from P36 
287.0904702331095 P16 recvs B23 from P42 
287.18050124807104 P16 recvs B23 from P51 
287.44009592374397 P16 recvs B23 from P80 
287.69841195541096 P16 recvs B23 from P26 
296.0760806321457 P16 recvs B24 from P51 
296.0760806321457 P16 adds B24 to its tree
296.0760806321457 P16 mines for 47.194845749251726 seconds
296.3424007890072 P16 recvs B24 from P26 
296.45675704900924 P16 recvs B24 from P42 
296.505720231034 P16 recvs B24 from P80 
296.64460303479405 P16 recvs B24 from P36 
297.0607356194777 P16 recvs B24 from P22 
305.77123950923556 P16 recvs B25 from P26 
305.77123950923556 P16 adds B25 to its tree
305.77123950923556 P16 mines for 140.73661182440028 seconds
306.74640375389066 P16 recvs B25 from P22 
306.8266140993965 P16 recvs B26 from P51 
306.8266140993965 P16 adds B26 to its tree
307.9861207485582 P16 recvs B26 from P80 
339.77760422815544 P16 recvs B27 from P51 
339.77760422815544 P16 adds B27 to its tree
339.77760422815544 P16 mines for 875.5366367041164 seconds
339.9693103103532 P16 recvs B27 from P22 
340.3226323084532 P16 recvs B27 from P26 
340.571348692944 P16 recvs B27 from P80 
368.9845304880238 P16 recvs B28 from P51 
368.9845304880238 P16 adds B28 to its tree
368.9845304880238 P16 mines for 591.9572196394128 seconds
369.3894328804394 P16 recvs B28 from P36 
369.4682022163622 P16 recvs B28 from P80 
370.51414330389434 P16 recvs B28 from P22 
379.7469946068649 P16 recvs B29 from P51 
379.7469946068649 P16 adds B29 to its tree
379.7469946068649 P16 mines for 541.043544007906 seconds
379.936535438898 P16 recvs B29 from P42 
380.1161343507785 P16 recvs B29 from P36 
380.139288283444 P16 recvs B29 from P26 
380.15967412357804 P16 recvs B29 from P22 
380.5589705351832 P16 recvs B29 from P80 
387.34351302045883 P16 recvs B30 from P51 
387.34351302045883 P16 adds B30 to its tree
387.34351302045883 P16 mines for 2193.772280199811 seconds
387.5159205141793 P16 recvs B30 from P42 
387.6611984801139 P16 recvs B30 from P26 
387.8010691885727 P16 recvs B30 from P22 
388.1281857427118 P16 recvs B30 from P80 
388.3326257188418 P16 recvs B30 from P36 
395.4823682171059 P16 recvs B31 from P51 
395.4823682171059 P16 adds B31 to its tree
395.4823682171059 P16 mines for 112.38297848094726 seconds
395.6174745172791 P16 recvs B31 from P22 
395.94972903622363 P16 recvs B31 from P80 
395.99574057706997 P16 recvs B31 from P36 
396.0548450686304 P16 recvs B31 from P26 
402.331180843153 P16 recvs B32 from P22 
402.331180843153 P16 adds B32 to its tree
402.331180843153 P16 mines for 233.8371304338852 seconds
402.3810953022192 P16 recvs B33 from P51 
402.3810953022192 P16 adds B33 to its tree
402.58765215045145 P16 recvs B33 from P22 
402.64515520834425 P16 recvs B33 from P26 
402.6870931209784 P16 recvs B32 from P51 
402.70275530666225 P16 recvs B33 from P42 
402.9023806732265 P16 recvs B32 from P26 
403.2547789121495 P16 recvs B33 from P36 
403.2664310788813 P16 recvs B32 from P80 
403.34276545076534 P16 recvs B33 from P80 
406.2452467435981 P16 recvs B34 from P51 
406.2452467435981 P16 adds B34 to its tree
406.2452467435981 P16 mines for 154.22798119282785 seconds
406.676077723155 P16 recvs B34 from P22 
406.78688790742046 P16 recvs B34 from P26 
406.9682015094052 P16 recvs B34 from P80 
407.1584351366978 P16 recvs B34 from P36 
435.14748959165803 P16 recvs B35 from P36 
435.14748959165803 P16 adds B35 to its tree
435.14748959165803 P16 mines for 7.0394161593425935 seconds
435.8374826446822 P16 recvs B35 from P51 
436.58948794332116 P16 recvs B35 from P22 
436.80369885508645 P16 recvs B35 from P80 
438.5478241697216 P16 recvs B36 from P51 
438.5478241697216 P16 adds B36 to its tree
438.5478241697216 P16 mines for 531.3320512354661 seconds
439.3705868909713 P16 recvs B36 from P22 
439.5569548341347 P16 recvs B36 from P80 
446.54472634758116 P16 recvs B38 from P22 
446.54472634758116 P16 adds B38 to its tree
446.54472634758116 P16 mines for 48.877626477820044 seconds
446.5902302646222 P16 recvs B37 from P51 
446.5902302646222 P16 adds B37 to its tree
446.64769465257905 P16 recvs B38 from P51 
446.91912429697595 P16 recvs B37 from P26 
446.93982895250673 P16 recvs B38 from P36 
446.95018941778187 P16 recvs B37 from P22 
447.25057852954257 P16 recvs B38 from P26 
447.30179266248865 P16 recvs B37 from P80 
447.43570710825094 P16 recvs B37 from P36 
447.65478462584736 P16 recvs B38 from P80 
456.12993681859416 P16 recvs B39 from P51 
456.12993681859416 P16 adds B39 to its tree
456.12993681859416 P16 mines for 714.0136419659597 seconds
456.1817597195353 P16 recvs B39 from P22 
456.5547589556754 P16 recvs B39 from P26 
456.70770334545495 P16 recvs B39 from P36 
457.23072277542434 P16 recvs B39 from P80 
476.08328390192537 P16 recvs B40 from P51 
476.08328390192537 P16 adds B40 to its tree
476.08328390192537 P16 mines for 136.78995672024752 seconds
476.2551897157944 P16 recvs B40 from P22 
476.60805867424847 P16 recvs B40 from P26 
476.9224758963997 P16 recvs B40 from P80 
477.15600063370476 P16 recvs B40 from P36 
483.1129778604615 P16 recvs B41 from P51 
483.1129778604615 P16 adds B41 to its tree
483.1129778604615 P16 mines for 214.96865731364628 seconds
483.495219140468 P16 recvs B41 from P22 
483.5850057950993 P16 recvs B41 from P36 
483.8562969428296 P16 recvs B41 from P26 
483.9943795046058 P16 recvs B41 from P80 
493.5131330513801 P16 recvs B42 from P51 
493.5131330513801 P16 adds B42 to its tree
493.5131330513801 P16 mines for 2338.5144523281283 seconds
493.648267797256 P16 recvs B42 from P80 
493.8103102234925 P16 recvs B42 from P26 
493.8787802825817 P16 recvs B42 from P22 
494.45309897223706 P16 recvs B42 from P36 
501.7699451860929 P16 recvs B44 from P51 
501.7699451860929 P16 adds B44 to its tree
501.7699451860929 P16 mines for 1221.3438697604242 seconds
501.8881253308416 P16 recvs B43 from P51 
501.8881253308416 P16 adds B43 to its tree
502.3559585424532 P16 recvs B43 from P26 
502.80450741269834 P16 recvs B44 from P80 
502.8143585306248 P16 recvs B43 from P22 
502.99062070998065 P16 recvs B43 from P80 
503.55288995981806 P16 recvs B44 from P22 
525.8943685372614 P16 recvs B45 from P51 
525.8943685372614 P16 adds B45 to its tree
525.8943685372614 P16 mines for 43.816861462607875 seconds
526.1897438241264 P16 recvs B45 from P42 
526.348133556185 P16 recvs B45 from P26 
526.371310961514 P16 recvs B45 from P22 
526.4450314274626 P16 recvs B45 from P36 
526.6032386259822 P16 recvs B45 from P80 
546.50095404375 P16 recvs B46 from P26 
546.50095404375 P16 adds B46 to its tree
546.50095404375 P16 mines for 36.44638775883402 seconds
561.7785245100872 P16 recvs B47 from P51 
561.7785245100872 P16 adds B47 to its tree
561.7785245100872 P16 mines for 357.6581549705128 seconds
561.8174744057924 P16 recvs B47 from P36 
561.9329621140437 P16 recvs B47 from P42 
561.9720607279237 P16 recvs B47 from P26 
562.2833380042426 P16 recvs B47 from P80 
562.6050083300148 P16 recvs B47 from P22 
564.5448569577907 P16 recvs B48 from P51 
564.5448569577907 P16 adds B48 to its tree
564.5448569577907 P16 mines for 92.64447365143097 seconds
565.3209766166293 P16 recvs B48 from P80 
566.0663192064432 P16 recvs B48 from P22 
575.095252748475 P16 recvs B49 from P51 
575.095252748475 P16 adds B49 to its tree
575.095252748475 P16 mines for 45.54909800541457 seconds
576.180125693415 P16 recvs B49 from P80 
588.9138140399747 P16 recvs B50 from P22 
588.9138140399747 P16 adds B50 to its tree
588.9138140399747 P16 mines for 749.297587964951 seconds
589.2339067627333 P16 recvs B50 from P51 
589.5235532175133 P16 recvs B50 from P26 
589.9164548206481 P16 recvs B50 from P80 
593.5774605084258 P16 recvs B51 from P51 
593.5774605084258 P16 adds B51 to its tree
593.5774605084258 P16 mines for 15.917583884002264 seconds
593.9467778991375 P16 recvs B51 from P26 
594.0408532253948 P16 recvs B51 from P42 
594.0801157129566 P16 recvs B51 from P80 
594.2296561092179 P16 recvs B51 from P36 
594.2622455067926 P16 recvs B52 from P51 
594.2622455067926 P16 adds B52 to its tree
594.3873364345103 P16 recvs B51 from P22 
594.6931617972115 P16 recvs B52 from P22 
594.7609690107398 P16 recvs B52 from P26 
594.9779233855711 P16 recvs B52 from P80 
595.2410930669959 P16 recvs B52 from P36 
596.3986949100259 P16 recvs B53 from P51 
596.3986949100259 P16 adds B53 to its tree
596.3986949100259 P16 mines for 236.31931042053628 seconds
596.5706042466749 P16 recvs B53 from P22 
596.9094715929144 P16 recvs B53 from P36 
596.9790174577182 P16 recvs B53 from P80 
596.9896567019058 P16 recvs B53 from P26 
