0 P17 mines for 6143.521731889776 seconds
5.284836115140446 P17 recvs B2 from P2 
5.284836115140446 P17 adds B2 to its tree
5.284836115140446 P17 mines for 126.32924155379204 seconds
5.696532321332459 P17 recvs B2 from P45 
5.7069284352274146 P17 recvs B2 from P6 
5.8490305898557065 P17 recvs B2 from P44 
5.967122513383769 P17 recvs B2 from P39 
24.163100721827167 P17 recvs B3 from P45 
24.163100721827167 P17 adds B3 to its tree
24.163100721827167 P17 mines for 22258.165240102313 seconds
24.792987298974953 P17 recvs B3 from P2 
25.11857354471525 P17 recvs B3 from P44 
25.406109083148536 P17 recvs B3 from P6 
25.409258319277903 P17 recvs B3 from P39 
70.00874742851256 P17 recvs B4 from P44 
70.00874742851256 P17 adds B4 to its tree
70.00874742851256 P17 mines for 4133.5945355245385 seconds
70.13166009695844 P17 recvs B4 from P45 
70.47950914721197 P17 recvs B4 from P2 
71.08241712671399 P17 recvs B4 from P6 
71.21947865106341 P17 recvs B4 from P82 
76.84832623996677 P17 recvs B5 from P82 
76.84832623996677 P17 adds B5 to its tree
76.84832623996677 P17 mines for 811.4946433337554 seconds
77.16102510708465 P17 recvs B5 from P45 
77.18218344218671 P17 recvs B5 from P2 
77.44709522676104 P17 recvs B5 from P6 
77.95022753829345 P17 recvs B5 from P39 
77.96785780795274 P17 recvs B5 from P44 
86.56017458787159 P17 recvs B6 from P2 
86.56017458787159 P17 adds B6 to its tree
86.56017458787159 P17 mines for 289.6548645824067 seconds
86.77012111717818 P17 recvs B6 from P44 
86.78051312088964 P17 recvs B6 from P45 
86.97653541907513 P17 recvs B6 from P6 
101.76961709675895 P17 recvs B7 from P45 
101.76961709675895 P17 adds B7 to its tree
101.76961709675895 P17 mines for 4668.0309946018915 seconds
102.54462814605878 P17 recvs B7 from P2 
102.7318331284486 P17 recvs B7 from P44 
103.04049816951998 P17 recvs B7 from P6 
103.05152308130427 P17 recvs B7 from P39 
108.99655876200518 P17 recvs B8 from P39 
108.99655876200518 P17 adds B8 to its tree
108.99655876200518 P17 mines for 935.7937478628653 seconds
110.52747595739932 P17 recvs B8 from P6 
121.90675354927872 P17 recvs B9 from P45 
121.90675354927872 P17 adds B9 to its tree
121.90675354927872 P17 mines for 2173.4376178163284 seconds
122.07679868181798 P17 recvs B9 from P2 
122.28785159287177 P17 recvs B9 from P44 
122.80793667279026 P17 recvs B9 from P6 
122.98132828922628 P17 recvs B9 from P39 
129.93515417491034 P17 recvs B10 from P45 
129.93515417491034 P17 adds B10 to its tree
129.93515417491034 P17 mines for 1682.9048852894446 seconds
130.62618000806162 P17 recvs B10 from P2 
131.0106250449069 P17 recvs B10 from P44 
131.15907563668145 P17 recvs B10 from P6 
131.1618049829515 P17 recvs B10 from P39 
142.00668403615668 P17 recvs B11 from P82 
142.00668403615668 P17 adds B11 to its tree
142.00668403615668 P17 mines for 2641.0857381121427 seconds
142.09117859515345 P17 recvs B11 from P2 
142.0951610965414 P17 recvs B11 from P6 
142.33075737312535 P17 recvs B11 from P45 
142.42249554288642 P17 recvs B11 from P44 
142.53642872620506 P17 recvs B11 from P39 
155.45436114739348 P17 recvs B12 from P44 
155.45436114739348 P17 adds B12 to its tree
155.45436114739348 P17 mines for 8046.065892076435 seconds
155.61503772987916 P17 recvs B12 from P45 
155.81670103754558 P17 recvs B12 from P2 
156.3747788826051 P17 recvs B12 from P6 
156.6387145380503 P17 recvs B12 from P82 
170.15591091242038 P17 recvs B13 from P82 
170.15591091242038 P17 adds B13 to its tree
170.15591091242038 P17 mines for 4661.421918689236 seconds
170.17389426197911 P17 recvs B13 from P44 
170.28586646761354 P17 recvs B13 from P45 
170.47724994158284 P17 recvs B13 from P2 
170.76082994446037 P17 recvs B13 from P6 
170.78452359981898 P17 recvs B13 from P39 
183.67564828713765 P17 recvs B14 from P44 
183.67564828713765 P17 adds B14 to its tree
183.67564828713765 P17 mines for 1111.3730036014124 seconds
185.40106888159042 P17 recvs B14 from P6 
201.7724952039696 P17 recvs B15 from P2 
201.7724952039696 P17 adds B15 to its tree
201.7724952039696 P17 mines for 9.897059522496658 seconds
201.85286956649685 P17 recvs B15 from P45 
202.22672050954228 P17 recvs B15 from P44 
202.63713282402466 P17 recvs B15 from P6 
202.90004280523095 P17 recvs B15 from P39 
211.66955472646626 P17 mines B17
212.48523642547636 P17 recvs B16 from P45 
212.48523642547636 P17 adds B16 to its tree
213.48877778276665 P17 recvs B16 from P44 
213.62634967724713 P17 recvs B16 from P6 
213.76091214755004 P17 recvs B16 from P39 
220.35594845858068 P17 recvs B18 from P2 
220.35594845858068 P17 adds B18 to its tree
220.35594845858068 P17 mines for 2057.4257392057298 seconds
220.43891339164196 P17 recvs B18 from P45 
220.4602067715872 P17 recvs B18 from P39 
220.46296478462293 P17 recvs B18 from P6 
220.93195574004613 P17 recvs B18 from P44 
221.47711681544678 P17 recvs B18 from P82 
221.81027366454165 P17 recvs B19 from P2 
221.81027366454165 P17 adds B19 to its tree
221.96508869775286 P17 recvs B19 from P39 
222.14732606523418 P17 recvs B19 from P6 
222.24613164582053 P17 recvs B19 from P45 
222.57886450179953 P17 recvs B19 from P44 
222.69145800835705 P17 recvs B19 from P82 
228.43444543503216 P17 recvs B20 from P44 
228.43444543503216 P17 adds B20 to its tree
228.43444543503216 P17 mines for 1477.4164858566514 seconds
230.14839646657052 P17 recvs B20 from P6 
252.73327714578232 P17 recvs B21 from P44 
252.73327714578232 P17 adds B21 to its tree
252.73327714578232 P17 mines for 571.4491856389454 seconds
252.81325063670866 P17 recvs B21 from P45 
252.8298523984666 P17 recvs B21 from P82 
252.88168881270676 P17 recvs B21 from P2 
253.32922066577433 P17 recvs B21 from P39 
253.5081997013505 P17 recvs B21 from P6 
259.0180109864859 P17 recvs B22 from P2 
259.0180109864859 P17 adds B22 to its tree
259.0180109864859 P17 mines for 1915.8835804561375 seconds
259.1298719505101 P17 recvs B22 from P39 
259.18653345655576 P17 recvs B22 from P6 
259.31564936419755 P17 recvs B22 from P45 
259.6769821592198 P17 recvs B22 from P44 
286.8334335716452 P17 recvs B23 from P44 
286.8334335716452 P17 adds B23 to its tree
286.8334335716452 P17 mines for 3628.1808549417715 seconds
286.9295720500691 P17 recvs B23 from P45 
287.1543041248708 P17 recvs B23 from P2 
287.3439502909349 P17 recvs B23 from P39 
287.83967803993295 P17 recvs B23 from P6 
288.0125402309355 P17 recvs B23 from P82 
295.86991362596575 P17 recvs B24 from P2 
295.86991362596575 P17 adds B24 to its tree
295.86991362596575 P17 mines for 1789.3417461760214 seconds
296.152607109429 P17 recvs B24 from P82 
296.4557181541744 P17 recvs B24 from P45 
296.8053885841028 P17 recvs B24 from P39 
296.9764774890321 P17 recvs B24 from P6 
297.1636976128608 P17 recvs B24 from P44 
306.4504635562304 P17 recvs B25 from P39 
306.4504635562304 P17 adds B25 to its tree
306.4504635562304 P17 mines for 4134.145333957136 seconds
306.85907182026375 P17 recvs B25 from P2 
307.00382137652065 P17 recvs B25 from P6 
307.02848599907554 P17 recvs B25 from P44 
307.0325969792153 P17 recvs B25 from P45 
307.54048779066517 P17 recvs B26 from P45 
307.54048779066517 P17 adds B26 to its tree
307.637206829094 P17 recvs B26 from P44 
308.23467474867203 P17 recvs B26 from P2 
308.5374520398658 P17 recvs B26 from P82 
308.7517834351587 P17 recvs B26 from P6 
308.80454862171814 P17 recvs B26 from P39 
340.011392938267 P17 recvs B27 from P2 
340.011392938267 P17 adds B27 to its tree
340.011392938267 P17 mines for 711.9862922019335 seconds
340.13909989667354 P17 recvs B27 from P45 
340.18484192002427 P17 recvs B27 from P6 
341.19178872482684 P17 recvs B27 from P44 
369.3254619538925 P17 recvs B28 from P45 
369.3254619538925 P17 adds B28 to its tree
369.3254619538925 P17 mines for 5381.194572574931 seconds
370.28838664711037 P17 recvs B28 from P44 
370.56262643793923 P17 recvs B28 from P6 
379.4835240709318 P17 recvs B29 from P2 
379.4835240709318 P17 adds B29 to its tree
379.4835240709318 P17 mines for 1964.61417005018 seconds
379.8462643374428 P17 recvs B29 from P45 
379.8587347602036 P17 recvs B29 from P6 
380.00082645726053 P17 recvs B29 from P44 
380.10277694001485 P17 recvs B29 from P39 
386.9657316399611 P17 recvs B30 from P2 
386.9657316399611 P17 adds B30 to its tree
386.9657316399611 P17 mines for 10981.386614556637 seconds
387.1831928429784 P17 recvs B30 from P39 
387.349908884794 P17 recvs B30 from P6 
387.42704432694694 P17 recvs B30 from P45 
395.7732720351344 P17 recvs B31 from P2 
395.7732720351344 P17 adds B31 to its tree
395.7732720351344 P17 mines for 5764.909398158079 seconds
395.8706249200928 P17 recvs B31 from P45 
395.88798937024774 P17 recvs B31 from P6 
396.9772529026674 P17 recvs B31 from P44 
402.54760534092105 P17 recvs B32 from P82 
402.54760534092105 P17 adds B32 to its tree
402.54760534092105 P17 mines for 3736.8537927684292 seconds
402.7190498436573 P17 recvs B33 from P2 
402.7190498436573 P17 adds B33 to its tree
402.75382649066324 P17 recvs B33 from P39 
402.7817433310034 P17 recvs B32 from P45 
402.7986741571076 P17 recvs B33 from P45 
402.85844008403586 P17 recvs B33 from P6 
402.9452605241609 P17 recvs B32 from P2 
403.0650599909182 P17 recvs B32 from P6 
403.28985133768674 P17 recvs B33 from P44 
403.6089047666081 P17 recvs B32 from P39 
403.74097841402323 P17 recvs B32 from P44 
403.8401644742854 P17 recvs B33 from P82 
405.98613035098975 P17 recvs B34 from P2 
405.98613035098975 P17 adds B34 to its tree
405.98613035098975 P17 mines for 758.102167473039 seconds
406.3549155991559 P17 recvs B34 from P45 
406.40935977793123 P17 recvs B34 from P6 
406.9713300333163 P17 recvs B34 from P39 
435.8577580428443 P17 recvs B35 from P2 
435.8577580428443 P17 adds B35 to its tree
435.8577580428443 P17 mines for 7825.684799303817 seconds
435.925647273783 P17 recvs B35 from P45 
436.2017569886913 P17 recvs B35 from P44 
436.52308242664265 P17 recvs B35 from P6 
436.96807982515395 P17 recvs B35 from P39 
438.8388139980337 P17 recvs B36 from P82 
438.8388139980337 P17 adds B36 to its tree
438.8388139980337 P17 mines for 578.7203703785109 seconds
439.1871559559689 P17 recvs B36 from P45 
439.334278512301 P17 recvs B36 from P44 
439.3959424193534 P17 recvs B36 from P2 
439.5882452697159 P17 recvs B36 from P6 
446.1353161147482 P17 recvs B37 from P2 
446.1353161147482 P17 adds B37 to its tree
446.1353161147482 P17 mines for 3438.947162227892 seconds
446.1944131209951 P17 recvs B38 from P44 
446.1944131209951 P17 adds B38 to its tree
446.32899562102716 P17 recvs B38 from P45 
446.4026293355076 P17 recvs B37 from P39 
446.5390254689645 P17 recvs B37 from P6 
446.7072702077895 P17 recvs B37 from P45 
446.7298445209458 P17 recvs B38 from P2 
446.91176736145934 P17 recvs B38 from P6 
447.40931440508047 P17 recvs B38 from P82 
455.63437770711175 P17 recvs B39 from P82 
455.63437770711175 P17 adds B39 to its tree
455.63437770711175 P17 mines for 952.0073459070301 seconds
456.49000106783274 P17 recvs B39 from P45 
456.50807777902384 P17 recvs B39 from P6 
456.8132578923036 P17 recvs B39 from P44 
476.43120894919804 P17 recvs B40 from P2 
476.43120894919804 P17 adds B40 to its tree
476.43120894919804 P17 mines for 7288.8977242852825 seconds
476.50760513465025 P17 recvs B40 from P6 
476.5210952220847 P17 recvs B40 from P45 
477.47789873831937 P17 recvs B40 from P82 
477.56885699100525 P17 recvs B40 from P44 
483.1643905713891 P17 recvs B41 from P2 
483.1643905713891 P17 adds B41 to its tree
483.1643905713891 P17 mines for 4363.212625365508 seconds
483.3151462023518 P17 recvs B41 from P45 
483.3982594663253 P17 recvs B41 from P44 
483.59079446048463 P17 recvs B41 from P6 
484.1131827400657 P17 recvs B41 from P39 
493.0607370874305 P17 recvs B42 from P2 
493.0607370874305 P17 adds B42 to its tree
493.0607370874305 P17 mines for 13210.950912352737 seconds
493.0828338219438 P17 recvs B42 from P6 
493.58833078824176 P17 recvs B42 from P45 
494.03483964285584 P17 recvs B42 from P39 
494.1240586737444 P17 recvs B42 from P44 
501.4977860734892 P17 recvs B43 from P2 
501.4977860734892 P17 adds B43 to its tree
501.4977860734892 P17 mines for 2675.6134868439785 seconds
502.38817689957204 P17 recvs B44 from P45 
502.38817689957204 P17 adds B44 to its tree
502.58498633814753 P17 recvs B44 from P44 
502.587873015947 P17 recvs B43 from P45 
502.64706700224417 P17 recvs B43 from P6 
503.37022310980274 P17 recvs B44 from P82 
503.5878578783646 P17 recvs B44 from P6 
503.6556016045136 P17 recvs B44 from P39 
525.6645986764063 P17 recvs B45 from P2 
525.6645986764063 P17 adds B45 to its tree
525.6645986764063 P17 mines for 9206.942656526338 seconds
525.9649375101511 P17 recvs B45 from P45 
526.1096331094833 P17 recvs B45 from P6 
526.2695522850968 P17 recvs B45 from P39 
526.2870737069667 P17 recvs B45 from P44 
547.8048562139021 P17 recvs B46 from P45 
547.8048562139021 P17 adds B46 to its tree
547.8048562139021 P17 mines for 932.4730634815085 seconds
548.1248804330352 P17 recvs B46 from P2 
548.1909493033098 P17 recvs B46 from P44 
548.7444592773724 P17 recvs B46 from P6 
548.8869893507537 P17 recvs B46 from P39 
560.2242900096404 P17 recvs B47 from P44 
560.2242900096404 P17 adds B47 to its tree
560.2242900096404 P17 mines for 1408.8389743011555 seconds
561.9336424298577 P17 recvs B47 from P6 
564.8786503298899 P17 recvs B48 from P45 
564.8786503298899 P17 adds B48 to its tree
564.8786503298899 P17 mines for 4261.199117971525 seconds
566.1227927330531 P17 recvs B48 from P44 
566.1469990796928 P17 recvs B48 from P6 
575.7402164863249 P17 recvs B49 from P45 
575.7402164863249 P17 adds B49 to its tree
575.7402164863249 P17 mines for 10446.609785476232 seconds
575.9041189235772 P17 recvs B49 from P44 
576.6289533816274 P17 recvs B49 from P82 
576.9254420599398 P17 recvs B49 from P39 
576.9886980220522 P17 recvs B49 from P6 
589.1952899751444 P17 recvs B50 from P82 
589.1952899751444 P17 adds B50 to its tree
589.1952899751444 P17 mines for 3260.9440350362547 seconds
589.3407344356085 P17 recvs B50 from P45 
589.4619719333191 P17 recvs B50 from P2 
589.7438086933221 P17 recvs B50 from P6 
590.2680904070379 P17 recvs B50 from P39 
590.328764487051 P17 recvs B50 from P44 
593.4401140214524 P17 recvs B51 from P2 
593.4401140214524 P17 adds B51 to its tree
593.4401140214524 P17 mines for 2226.637339393286 seconds
593.6457757200294 P17 recvs B51 from P82 
594.0464168170377 P17 recvs B51 from P45 
594.0838910598737 P17 recvs B52 from P2 
594.0838910598737 P17 adds B52 to its tree
594.350310302432 P17 recvs B52 from P45 
594.3938811945325 P17 recvs B51 from P39 
594.4258595129365 P17 recvs B52 from P6 
594.5325026477452 P17 recvs B51 from P6 
596.0024251034251 P17 recvs B53 from P82 
596.0024251034251 P17 adds B53 to its tree
596.0024251034251 P17 mines for 6698.067930394366 seconds
596.8233008576725 P17 recvs B53 from P45 
596.8977881654382 P17 recvs B53 from P6 
597.1935238581475 P17 recvs B53 from P44 
