0 P18 mines for 555.9475562202651 seconds
2.6522698927168897 P18 creates T38
4.420102845969868 P18 recvs B2 from P70 
4.420102845969868 P18 adds B2 to its tree
4.420102845969868 P18 mines for 206.88659044429113 seconds
24.01206817390423 P18 recvs B3 from P29 
24.01206817390423 P18 adds B3 to its tree
24.01206817390423 P18 mines for 331.935660244036 seconds
24.82398285884762 P18 recvs B3 from P88 
70.11532734038173 P18 recvs B4 from P83 
70.11532734038173 P18 adds B4 to its tree
70.11532734038173 P18 mines for 193.45064856630833 seconds
70.121176316405 P18 recvs B4 from P48 
70.1928672593773 P18 recvs B4 from P4 
70.26084230026429 P18 recvs B4 from P88 
70.70482381116086 P18 recvs B4 from P29 
76.59875129056515 P18 recvs B5 from P48 
76.59875129056515 P18 adds B5 to its tree
76.59875129056515 P18 mines for 221.90998210683603 seconds
76.65064447100202 P18 recvs B5 from P4 
76.66708280267603 P18 recvs B5 from P29 
76.85428510012383 P18 recvs B5 from P88 
85.64011460565814 P18 recvs B6 from P83 
85.64011460565814 P18 adds B6 to its tree
85.64011460565814 P18 mines for 440.20660668900547 seconds
86.97937108762136 P18 recvs B6 from P88 
101.6835442284001 P18 recvs B7 from P29 
101.6835442284001 P18 adds B7 to its tree
101.6835442284001 P18 mines for 52.97034811752526 seconds
102.4833940137847 P18 recvs B7 from P88 
109.54122095137978 P18 recvs B8 from P4 
109.54122095137978 P18 adds B8 to its tree
109.54122095137978 P18 mines for 481.0604490953531 seconds
121.76383097480438 P18 recvs B9 from P29 
121.76383097480438 P18 adds B9 to its tree
121.76383097480438 P18 mines for 923.7468541886645 seconds
121.90578050304127 P18 recvs B9 from P48 
122.0268811897126 P18 recvs B9 from P4 
122.26116279073604 P18 recvs B9 from P83 
122.42972556033106 P18 recvs B9 from P88 
122.79396432672932 P18 recvs B9 from P70 
129.79753962690867 P18 recvs B10 from P29 
129.79753962690867 P18 adds B10 to its tree
129.79753962690867 P18 mines for 3674.7857857324875 seconds
130.63275877508391 P18 recvs B10 from P88 
141.42756397441542 P18 recvs B11 from P4 
141.42756397441542 P18 adds B11 to its tree
141.42756397441542 P18 mines for 96.74906266208585 seconds
141.82294037171022 P18 recvs B11 from P29 
142.1586839478918 P18 recvs B11 from P88 
143.0987685031916 P18 recvs B11 from P70 
155.44872689275684 P18 recvs B12 from P48 
155.44872689275684 P18 adds B12 to its tree
155.44872689275684 P18 mines for 102.86201499028651 seconds
155.5035227779247 P18 recvs B12 from P83 
155.52957942954177 P18 recvs B12 from P4 
155.6811543208492 P18 recvs B12 from P88 
156.18021975694623 P18 recvs B12 from P29 
169.77802309671293 P18 recvs B13 from P4 
169.77802309671293 P18 adds B13 to its tree
169.77802309671293 P18 mines for 91.08345031070535 seconds
170.1601262315979 P18 recvs B13 from P48 
170.2013214206244 P18 recvs B13 from P29 
170.20741165042256 P18 recvs B13 from P83 
170.208277711611 P18 recvs B13 from P88 
171.29460817420818 P18 recvs B13 from P70 
184.3687748891966 P18 recvs B14 from P4 
184.3687748891966 P18 adds B14 to its tree
184.3687748891966 P18 mines for 493.39829043795334 seconds
185.40767552167057 P18 recvs B14 from P83 
185.91618912449948 P18 recvs B14 from P70 
201.22696050148673 P18 recvs B15 from P29 
201.22696050148673 P18 adds B15 to its tree
201.22696050148673 P18 mines for 353.32113358329826 seconds
201.4757289133926 P18 recvs B15 from P88 
202.28540275748207 P18 recvs B15 from P83 
202.41645926393556 P18 recvs B15 from P70 
212.35818137076 P18 recvs B16 from P29 
212.35818137076 P18 adds B16 to its tree
212.35818137076 P18 mines for 16.96453182551764 seconds
212.6001790853604 P18 recvs B17 from P4 
212.6001790853604 P18 adds B17 to its tree
213.18219721670562 P18 recvs B16 from P88 
213.3991661359982 P18 recvs B17 from P29 
219.53673799060223 P18 recvs B18 from P48 
219.53673799060223 P18 adds B18 to its tree
219.53673799060223 P18 mines for 754.8833023259483 seconds
219.70030670548275 P18 recvs B18 from P4 
220.24205353255178 P18 recvs B18 from P29 
220.85729720534047 P18 recvs B19 from P88 
220.85729720534047 P18 adds B19 to its tree
220.93673601655613 P18 recvs B18 from P70 
221.56972616490322 P18 recvs B19 from P29 
229.13180866902258 P18 recvs B20 from P4 
229.13180866902258 P18 adds B20 to its tree
229.13180866902258 P18 mines for 892.5360917129062 seconds
230.11796957838033 P18 recvs B20 from P83 
230.61984082006754 P18 recvs B20 from P70 
252.42140182522124 P18 recvs B21 from P4 
252.42140182522124 P18 adds B21 to its tree
252.42140182522124 P18 mines for 558.3660925002204 seconds
252.74104024268527 P18 recvs B21 from P48 
252.81739501944858 P18 recvs B21 from P88 
252.82030249394424 P18 recvs B21 from P83 
252.86596915280845 P18 recvs B21 from P29 
253.74654032726372 P18 recvs B21 from P70 
258.296252101935 P18 recvs B22 from P48 
258.296252101935 P18 adds B22 to its tree
258.296252101935 P18 mines for 1132.2198242848938 seconds
258.33431407679353 P18 recvs B22 from P4 
258.9944822333615 P18 recvs B22 from P29 
259.69802266110594 P18 recvs B22 from P70 
259.760533496778 P18 recvs B22 from P88 
286.8004143838098 P18 recvs B23 from P48 
286.8004143838098 P18 adds B23 to its tree
286.8004143838098 P18 mines for 20.25573621054864 seconds
286.81345731440086 P18 recvs B23 from P4 
286.84397903926555 P18 recvs B23 from P83 
286.9842384397733 P18 recvs B23 from P88 
287.5704236129961 P18 recvs B23 from P29 
288.48153189633916 P18 recvs B23 from P70 
295.9526300701237 P18 recvs B24 from P4 
295.9526300701237 P18 adds B24 to its tree
295.9526300701237 P18 mines for 903.2571393110029 seconds
296.30918252558104 P18 recvs B24 from P29 
297.11169939028883 P18 recvs B24 from P88 
297.28700674480865 P18 recvs B24 from P70 
306.0963207731261 P18 recvs B25 from P48 
306.0963207731261 P18 adds B25 to its tree
306.0963207731261 P18 mines for 75.64435000526873 seconds
306.11086693092835 P18 recvs B25 from P4 
306.499970648451 P18 recvs B25 from P29 
306.67976220153 P18 recvs B25 from P88 
307.40532272714097 P18 recvs B26 from P29 
307.40532272714097 P18 adds B26 to its tree
307.5915003026851 P18 recvs B25 from P70 
308.31408915491266 P18 recvs B26 from P88 
308.4395597312761 P18 recvs B26 from P70 
308.4416729502725 P18 recvs B26 from P83 
339.30151814322545 P18 recvs B27 from P48 
339.30151814322545 P18 adds B27 to its tree
339.30151814322545 P18 mines for 149.2494439484582 seconds
339.35444297900085 P18 recvs B27 from P4 
340.0482570620216 P18 recvs B27 from P29 
369.207669734674 P18 recvs B28 from P29 
369.207669734674 P18 adds B28 to its tree
369.207669734674 P18 mines for 85.53661586094644 seconds
369.83490551748946 P18 recvs B28 from P48 
370.27428326756643 P18 recvs B28 from P70 
370.3597527536428 P18 recvs B28 from P88 
378.5613048807535 P18 recvs B29 from P70 
378.5613048807535 P18 adds B29 to its tree
378.5613048807535 P18 mines for 97.84339641252909 seconds
386.296996278219 P18 recvs B30 from P4 
386.296996278219 P18 adds B30 to its tree
386.296996278219 P18 mines for 140.81049800137774 seconds
395.02156009491847 P18 recvs B31 from P48 
395.02156009491847 P18 adds B31 to its tree
395.02156009491847 P18 mines for 29.37999490255163 seconds
395.07745082056476 P18 recvs B31 from P4 
395.70709064167846 P18 recvs B31 from P29 
401.9872040526299 P18 recvs B33 from P48 
401.9872040526299 P18 adds B33 to its tree
401.9872040526299 P18 mines for 3.073254476980961 seconds
402.0489582974146 P18 recvs B33 from P4 
402.18531544053207 P18 recvs B32 from P48 
402.18531544053207 P18 adds B32 to its tree
402.2632138222688 P18 recvs B32 from P4 
402.3903039854633 P18 recvs B32 from P29 
402.53249251712845 P18 recvs B32 from P88 
402.6523121071621 P18 recvs B33 from P29 
403.30244209832694 P18 recvs B33 from P70 
405.06045852961086 P18 mines B34
435.22117361090346 P18 recvs B35 from P29 
435.22117361090346 P18 adds B35 to its tree
435.22117361090346 P18 mines for 16.474339886007073 seconds
435.4670039702143 P18 recvs B35 from P88 
436.3755048845652 P18 recvs B35 from P70 
438.6927006250794 P18 recvs B36 from P48 
438.6927006250794 P18 adds B36 to its tree
438.6927006250794 P18 mines for 576.1172458466257 seconds
438.74807419286907 P18 recvs B36 from P4 
439.1054894298925 P18 recvs B36 from P29 
439.98693683216305 P18 recvs B36 from P88 
440.0308399356103 P18 recvs B36 from P70 
445.46382991731326 P18 recvs B37 from P4 
445.46382991731326 P18 adds B37 to its tree
445.46382991731326 P18 mines for 97.47132077723428 seconds
446.05389286156156 P18 recvs B38 from P4 
446.05389286156156 P18 adds B38 to its tree
446.13441636961613 P18 recvs B38 from P48 
447.08656496181857 P18 recvs B38 from P83 
447.48174333761244 P18 recvs B38 from P88 
455.6057685605549 P18 recvs B39 from P48 
455.6057685605549 P18 adds B39 to its tree
455.6057685605549 P18 mines for 1966.7304512764767 seconds
455.6927152831397 P18 recvs B39 from P4 
456.34453855153237 P18 recvs B39 from P29 
475.59337823905105 P18 recvs B40 from P48 
475.59337823905105 P18 adds B40 to its tree
475.59337823905105 P18 mines for 1713.8927307622318 seconds
475.70887637427006 P18 recvs B40 from P4 
476.3636499220664 P18 recvs B40 from P29 
482.2353193948574 P18 recvs B41 from P83 
482.2353193948574 P18 adds B41 to its tree
482.2353193948574 P18 mines for 657.3496564134766 seconds
483.2096477337668 P18 recvs B41 from P29 
483.5474059234149 P18 recvs B41 from P88 
492.3857226146254 P18 recvs B42 from P4 
492.3857226146254 P18 adds B42 to its tree
492.3857226146254 P18 mines for 196.31438859162085 seconds
501.60109359907483 P18 recvs B43 from P4 
501.60109359907483 P18 adds B43 to its tree
501.60109359907483 P18 mines for 260.26639751068143 seconds
502.28234899250606 P18 recvs B44 from P29 
502.28234899250606 P18 adds B44 to its tree
502.3360669177214 P18 recvs B43 from P29 
502.93772387133663 P18 recvs B43 from P88 
503.1409524566149 P18 recvs B44 from P88 
503.4500402435218 P18 recvs B44 from P70 
524.7488481195629 P18 recvs B45 from P70 
524.7488481195629 P18 adds B45 to its tree
524.7488481195629 P18 mines for 572.1233622994619 seconds
547.7105796177447 P18 recvs B46 from P29 
547.7105796177447 P18 adds B46 to its tree
547.7105796177447 P18 mines for 195.23444385076075 seconds
547.7789226318437 P18 recvs B46 from P48 
548.252853567102 P18 recvs B46 from P83 
548.3657831621678 P18 recvs B46 from P88 
548.7693024048772 P18 recvs B46 from P70 
560.9330959503922 P18 recvs B47 from P4 
560.9330959503922 P18 adds B47 to its tree
560.9330959503922 P18 mines for 199.68488829958895 seconds
561.9503168121363 P18 recvs B47 from P83 
562.4285773147235 P18 recvs B47 from P70 
564.8093413232322 P18 recvs B48 from P29 
564.8093413232322 P18 adds B48 to its tree
564.8093413232322 P18 mines for 28.18505429480851 seconds
565.8932439649406 P18 recvs B48 from P88 
575.587976457838 P18 recvs B49 from P29 
575.587976457838 P18 adds B49 to its tree
575.587976457838 P18 mines for 361.88112642725423 seconds
576.4499384698163 P18 recvs B49 from P88 
576.7035208569629 P18 recvs B49 from P70 
588.7408333425074 P18 recvs B50 from P48 
588.7408333425074 P18 adds B50 to its tree
588.7408333425074 P18 mines for 4.348053783219266 seconds
588.8177321988129 P18 recvs B50 from P4 
588.9572871018765 P18 recvs B50 from P29 
589.1457361546435 P18 recvs B50 from P88 
593.0888871257266 P18 mines B52
593.5146707821266 P18 recvs B51 from P4 
593.5146707821266 P18 adds B51 to its tree
593.898009873212 P18 recvs B51 from P29 
594.642483736732 P18 recvs B51 from P88 
594.8937980989872 P18 recvs B51 from P70 
595.9773298794642 P18 recvs B53 from P48 
595.9773298794642 P18 adds B53 to its tree
595.9773298794642 P18 mines for 146.32949473626965 seconds
596.0546849040724 P18 recvs B53 from P4 
596.694732516937 P18 recvs B53 from P29 
597.7556901466828 P18 recvs B53 from P70 
599.7978164889503 P18 recvs B54 from P4 
599.7978164889503 P18 adds B54 to its tree
599.7978164889503 P18 mines for 733.9127465583039 seconds
