0 P21 mines for 4396.16361642081 seconds
2.5900970726296544 P21 creates T37
5.610387283463587 P21 recvs B2 from P10 
5.610387283463587 P21 adds B2 to its tree
5.610387283463587 P21 mines for 2423.3348831145445 seconds
6.091334256521524 P21 recvs B2 from P36 
6.258303812847849 P21 recvs B2 from P59 
6.272856519510001 P21 recvs B2 from P13 
6.525522662943464 P21 recvs B2 from P93 
23.802717085811043 P21 recvs B3 from P10 
23.802717085811043 P21 adds B3 to its tree
23.802717085811043 P21 mines for 995.2216272849241 seconds
24.564687467690387 P21 recvs B3 from P36 
25.010899694016135 P21 recvs B3 from P59 
70.25933591265799 P21 recvs B4 from P36 
70.25933591265799 P21 adds B4 to its tree
70.25933591265799 P21 mines for 5589.568556566685 seconds
70.51765351585016 P21 recvs B4 from P10 
70.73826031872305 P21 recvs B4 from P13 
70.8202412570657 P21 recvs B4 from P59 
71.60529847158584 P21 recvs B4 from P93 
71.70350834040525 P21 recvs B4 from P12 
77.08850756553677 P21 recvs B5 from P10 
77.08850756553677 P21 adds B5 to its tree
77.08850756553677 P21 mines for 170.39100946318086 seconds
77.12959377178385 P21 recvs B5 from P12 
77.27002217843742 P21 recvs B5 from P59 
77.2714478640331 P21 recvs B5 from P13 
77.75927615702412 P21 recvs B5 from P36 
86.61079808793295 P21 recvs B6 from P10 
86.61079808793295 P21 adds B6 to its tree
86.61079808793295 P21 mines for 3664.9588810870323 seconds
87.02406416593078 P21 recvs B6 from P36 
87.4656050219607 P21 recvs B6 from P13 
87.47083638010716 P21 recvs B6 from P59 
101.47785636949072 P21 recvs B7 from P10 
101.47785636949072 P21 adds B7 to its tree
101.47785636949072 P21 mines for 11563.70039037503 seconds
102.20570267132747 P21 recvs B7 from P36 
102.64838504203482 P21 recvs B7 from P59 
110.38707065217761 P21 recvs B8 from P13 
110.38707065217761 P21 adds B8 to its tree
110.38707065217761 P21 mines for 4876.315925981314 seconds
110.64091149994496 P21 recvs B8 from P10 
111.02032724118318 P21 recvs B8 from P36 
111.18141842841916 P21 recvs B8 from P12 
111.18885354624192 P21 recvs B8 from P59 
111.4297331615673 P21 recvs B8 from P93 
121.27472156249931 P21 recvs B9 from P36 
121.27472156249931 P21 adds B9 to its tree
121.27472156249931 P21 mines for 9802.498505592757 seconds
121.54632459166753 P21 recvs B9 from P10 
122.65115463728763 P21 recvs B9 from P59 
129.59666923951477 P21 recvs B10 from P10 
129.59666923951477 P21 adds B10 to its tree
129.59666923951477 P21 mines for 158.5999989208164 seconds
130.4577275062783 P21 recvs B10 from P36 
130.75567904118984 P21 recvs B10 from P59 
141.8407562885174 P21 recvs B11 from P59 
141.8407562885174 P21 adds B11 to its tree
141.8407562885174 P21 mines for 1789.6973127720228 seconds
141.86024088456207 P21 recvs B11 from P13 
141.89456015871076 P21 recvs B11 from P36 
142.01309145594746 P21 recvs B11 from P10 
142.31766573413512 P21 recvs B11 from P12 
142.6300550727442 P21 recvs B11 from P93 
155.65749691683058 P21 recvs B12 from P36 
155.65749691683058 P21 adds B12 to its tree
155.65749691683058 P21 mines for 362.028380608303 seconds
155.9870158918795 P21 recvs B12 from P10 
156.13031266946857 P21 recvs B12 from P59 
156.1615126558734 P21 recvs B12 from P13 
157.04942137694448 P21 recvs B12 from P12 
170.03310252642902 P21 recvs B13 from P59 
170.03310252642902 P21 adds B13 to its tree
170.03310252642902 P21 mines for 14748.584056394833 seconds
170.04342908164696 P21 recvs B13 from P10 
170.4658218690027 P21 recvs B13 from P36 
170.51429166449188 P21 recvs B13 from P12 
170.63693218117209 P21 recvs B13 from P13 
185.1966761689883 P21 recvs B14 from P10 
185.1966761689883 P21 adds B14 to its tree
185.1966761689883 P21 mines for 9947.543757479014 seconds
185.3725260671505 P21 recvs B14 from P36 
185.98266976897102 P21 recvs B14 from P59 
186.0695665178287 P21 recvs B14 from P13 
201.24344701923067 P21 recvs B15 from P36 
201.24344701923067 P21 adds B15 to its tree
201.24344701923067 P21 mines for 3021.4915156937327 seconds
201.83107286965208 P21 recvs B15 from P10 
201.98095902735588 P21 recvs B15 from P93 
202.59866961635066 P21 recvs B15 from P12 
212.1691302370078 P21 recvs B16 from P10 
212.1691302370078 P21 adds B16 to its tree
212.1691302370078 P21 mines for 8728.740201520872 seconds
212.85820362257348 P21 recvs B16 from P36 
213.36451637229692 P21 recvs B16 from P59 
213.54325923448494 P21 recvs B17 from P10 
213.54325923448494 P21 adds B17 to its tree
214.00438249518822 P21 recvs B17 from P59 
214.06667526366599 P21 recvs B17 from P13 
214.48748883680503 P21 recvs B17 from P36 
220.11237742456046 P21 recvs B18 from P10 
220.11237742456046 P21 adds B18 to its tree
220.11237742456046 P21 mines for 9875.056862528141 seconds
220.36604997629254 P21 recvs B18 from P59 
220.9433010193614 P21 recvs B18 from P36 
221.57274108720603 P21 recvs B19 from P36 
221.57274108720603 P21 adds B19 to its tree
222.17453301819134 P21 recvs B19 from P10 
222.36219013106492 P21 recvs B19 from P93 
222.49028611610964 P21 recvs B19 from P59 
222.977806150215 P21 recvs B19 from P12 
223.11001622093332 P21 recvs B19 from P13 
229.98319896057777 P21 recvs B20 from P10 
229.98319896057777 P21 adds B20 to its tree
229.98319896057777 P21 mines for 2035.766771196559 seconds
230.19981568135407 P21 recvs B20 from P36 
230.78139856802377 P21 recvs B20 from P59 
230.88002357723835 P21 recvs B20 from P13 
252.57723107283806 P21 recvs B21 from P59 
252.57723107283806 P21 adds B21 to its tree
252.57723107283806 P21 mines for 818.5497793472817 seconds
252.63801189080638 P21 recvs B21 from P10 
253.01720207111444 P21 recvs B21 from P36 
253.13525463739515 P21 recvs B21 from P12 
253.2707941386941 P21 recvs B21 from P13 
258.9514841107179 P21 recvs B22 from P10 
258.9514841107179 P21 adds B22 to its tree
258.9514841107179 P21 mines for 457.5708752483905 seconds
259.073531744612 P21 recvs B22 from P59 
259.74939572110213 P21 recvs B22 from P36 
287.10976311565275 P21 recvs B23 from P36 
287.10976311565275 P21 adds B23 to its tree
287.10976311565275 P21 mines for 214.34153442961122 seconds
287.33955027608897 P21 recvs B23 from P10 
287.50741939719245 P21 recvs B23 from P59 
287.52173566887075 P21 recvs B23 from P13 
288.224676822606 P21 recvs B23 from P12 
288.4437495928768 P21 recvs B23 from P93 
295.4067314515705 P21 recvs B24 from P12 
295.4067314515705 P21 adds B24 to its tree
295.4067314515705 P21 mines for 6489.098227808325 seconds
296.4728841543617 P21 recvs B24 from P13 
296.89249454937266 P21 recvs B24 from P59 
306.56284109139 P21 recvs B25 from P36 
306.56284109139 P21 adds B25 to its tree
306.56284109139 P21 mines for 4856.940471476966 seconds
306.6670087509416 P21 recvs B25 from P10 
307.0165712983377 P21 recvs B25 from P59 
307.2335406658494 P21 recvs B26 from P10 
307.2335406658494 P21 adds B26 to its tree
307.6869902265735 P21 recvs B25 from P12 
307.77333348737926 P21 recvs B25 from P13 
307.9562199334807 P21 recvs B26 from P36 
307.988313489283 P21 recvs B25 from P93 
308.2144109565199 P21 recvs B26 from P59 
339.7251005547726 P21 recvs B27 from P59 
339.7251005547726 P21 adds B27 to its tree
339.7251005547726 P21 mines for 1278.3711057615744 seconds
339.86481499452054 P21 recvs B27 from P10 
340.8134909492022 P21 recvs B27 from P36 
368.2496231131252 P21 recvs B28 from P93 
368.2496231131252 P21 adds B28 to its tree
368.2496231131252 P21 mines for 13921.015599345073 seconds
379.75071989904467 P21 recvs B29 from P10 
379.75071989904467 P21 adds B29 to its tree
379.75071989904467 P21 mines for 11112.631264381944 seconds
380.1943577463919 P21 recvs B29 from P36 
380.37785846171073 P21 recvs B29 from P59 
380.454003133107 P21 recvs B29 from P13 
380.6694535548887 P21 recvs B29 from P93 
387.1525804783544 P21 recvs B30 from P13 
387.1525804783544 P21 adds B30 to its tree
387.1525804783544 P21 mines for 2552.247157420959 seconds
387.4169828810721 P21 recvs B30 from P10 
387.4333502054652 P21 recvs B30 from P93 
388.05366681110934 P21 recvs B30 from P59 
388.24493030310924 P21 recvs B30 from P12 
388.41039049023726 P21 recvs B30 from P36 
394.79706070996986 P21 recvs B31 from P59 
394.79706070996986 P21 adds B31 to its tree
394.79706070996986 P21 mines for 8198.264529455302 seconds
402.469866122335 P21 recvs B33 from P10 
402.469866122335 P21 adds B33 to its tree
402.469866122335 P21 mines for 12908.440347341695 seconds
402.75505481385954 P21 recvs B33 from P59 
402.7966374445712 P21 recvs B32 from P10 
402.7966374445712 P21 adds B32 to its tree
402.8420338240917 P21 recvs B32 from P12 
402.9145781185333 P21 recvs B32 from P59 
403.057386311691 P21 recvs B32 from P13 
403.31486793669086 P21 recvs B33 from P36 
403.35722504147697 P21 recvs B32 from P36 
406.25530207807697 P21 recvs B34 from P10 
406.25530207807697 P21 adds B34 to its tree
406.25530207807697 P21 mines for 2034.1896548584539 seconds
406.9040389993812 P21 recvs B34 from P59 
406.91125926624096 P21 recvs B34 from P13 
407.23320308363463 P21 recvs B34 from P36 
435.20846026263 P21 recvs B35 from P36 
435.20846026263 P21 adds B35 to its tree
435.20846026263 P21 mines for 12192.003670110358 seconds
435.86259415483704 P21 recvs B35 from P10 
435.96085269641054 P21 recvs B35 from P93 
436.5791254162286 P21 recvs B35 from P12 
438.5279448360962 P21 recvs B36 from P59 
438.5279448360962 P21 adds B36 to its tree
438.5279448360962 P21 mines for 2646.840150570368 seconds
438.8671660702709 P21 recvs B36 from P10 
439.5824555659353 P21 recvs B36 from P36 
439.7545687252577 P21 recvs B36 from P13 
446.2638311958197 P21 recvs B37 from P13 
446.2638311958197 P21 adds B37 to its tree
446.2638311958197 P21 mines for 5661.214633876422 seconds
446.55953228417303 P21 recvs B38 from P12 
446.55953228417303 P21 adds B38 to its tree
446.61355041581527 P21 recvs B37 from P10 
446.76288301688066 P21 recvs B38 from P10 
447.00624613408803 P21 recvs B38 from P36 
447.13642477328415 P21 recvs B38 from P59 
447.21884358924046 P21 recvs B37 from P59 
447.50603637441765 P21 recvs B37 from P36 
447.54681950486935 P21 recvs B38 from P13 
455.4003673976765 P21 recvs B39 from P59 
455.4003673976765 P21 adds B39 to its tree
455.4003673976765 P21 mines for 11902.62565609517 seconds
456.16960277646166 P21 recvs B39 from P10 
456.5724303824507 P21 recvs B39 from P13 
476.1916369895644 P21 recvs B40 from P10 
476.1916369895644 P21 adds B40 to its tree
476.1916369895644 P21 mines for 4949.06783390317 seconds
476.5659162125182 P21 recvs B40 from P59 
477.2406013130145 P21 recvs B40 from P36 
483.1522549128932 P21 recvs B41 from P10 
483.1522549128932 P21 adds B41 to its tree
483.1522549128932 P21 mines for 7494.941179334976 seconds
483.6509573057986 P21 recvs B41 from P36 
483.9922039740074 P21 recvs B41 from P59 
484.0629096063328 P21 recvs B41 from P13 
493.51081295321444 P21 recvs B42 from P10 
493.51081295321444 P21 adds B42 to its tree
493.51081295321444 P21 mines for 2417.8585959046177 seconds
493.98321580088077 P21 recvs B42 from P13 
494.1086224612978 P21 recvs B42 from P59 
494.5285264964289 P21 recvs B42 from P36 
502.11439587407824 P21 recvs B44 from P10 
502.11439587407824 P21 adds B44 to its tree
502.11439587407824 P21 mines for 2071.116407326345 seconds
502.27347892475785 P21 recvs B43 from P10 
502.27347892475785 P21 adds B43 to its tree
502.82480488978604 P21 recvs B44 from P36 
502.9378529207038 P21 recvs B43 from P36 
503.0065635955335 P21 recvs B43 from P13 
503.0757285426223 P21 recvs B44 from P59 
503.37890420918245 P21 recvs B43 from P59 
503.3942780697973 P21 recvs B43 from P12 
525.8809905687475 P21 recvs B45 from P10 
525.8809905687475 P21 adds B45 to its tree
525.8809905687475 P21 mines for 5766.260196690599 seconds
526.5454889150399 P21 recvs B45 from P36 
526.5787478346971 P21 recvs B45 from P13 
526.6063526152009 P21 recvs B45 from P59 
526.8937769960665 P21 recvs B45 from P93 
547.2970824425187 P21 recvs B46 from P36 
547.2970824425187 P21 adds B46 to its tree
547.2970824425187 P21 mines for 330.78276458315025 seconds
547.5188585710139 P21 recvs B46 from P10 
548.5304117254221 P21 recvs B46 from P59 
561.853728425431 P21 recvs B47 from P10 
561.853728425431 P21 adds B47 to its tree
561.853728425431 P21 mines for 14280.231929571773 seconds
561.8902504851654 P21 recvs B47 from P36 
562.7028753732504 P21 recvs B47 from P59 
562.7260550983854 P21 recvs B47 from P13 
563.2314381575297 P21 recvs B47 from P12 
564.6006790004117 P21 recvs B48 from P10 
564.6006790004117 P21 adds B48 to its tree
564.6006790004117 P21 mines for 8795.310063854677 seconds
565.6517514786083 P21 recvs B48 from P36 
575.4549142713473 P21 recvs B49 from P10 
575.4549142713473 P21 adds B49 to its tree
575.4549142713473 P21 mines for 8519.408111555478 seconds
576.2067723248713 P21 recvs B49 from P36 
576.3785280930924 P21 recvs B49 from P59 
589.3801269621295 P21 recvs B50 from P10 
589.3801269621295 P21 adds B50 to its tree
589.3801269621295 P21 mines for 596.0926961628296 seconds
589.4366782327817 P21 recvs B50 from P12 
589.4768533424468 P21 recvs B50 from P59 
589.6070967277236 P21 recvs B50 from P13 
589.8223372017217 P21 recvs B50 from P36 
592.9417612376702 P21 recvs B51 from P12 
592.9417612376702 P21 adds B51 to its tree
592.9417612376702 P21 mines for 7304.165284254316 seconds
594.1413636080953 P21 recvs B51 from P13 
594.2706738051003 P21 recvs B52 from P10 
594.2706738051003 P21 adds B52 to its tree
594.4141706187969 P21 recvs B51 from P59 
594.9607472025502 P21 recvs B52 from P59 
595.0302255284738 P21 recvs B52 from P13 
595.3459444334457 P21 recvs B52 from P36 
595.7612998128797 P21 recvs B53 from P59 
595.7612998128797 P21 adds B53 to its tree
595.7612998128797 P21 mines for 15269.474105407375 seconds
597.056161049449 P21 recvs B53 from P13 
