0 P22 mines for 6281.887376771941 seconds
0.05067362453967994 P22 creates T1
2.8706705755786968 P22 creates T40
5.300647216264579 P22 recvs B2 from P11 
5.300647216264579 P22 adds B2 to its tree
5.300647216264579 P22 mines for 2733.402493095004 seconds
5.9680788190751315 P22 recvs B2 from P45 
6.029472589545728 P22 recvs B2 from P85 
6.116820359462738 P22 recvs B2 from P19 
6.367817397741865 P22 recvs B2 from P15 
6.456667437342863 P22 recvs B2 from P16 
24.376129698827054 P22 recvs B3 from P16 
24.376129698827054 P22 adds B3 to its tree
24.376129698827054 P22 mines for 5788.489463178205 seconds
24.439871361259257 P22 recvs B3 from P45 
24.45505260002758 P22 recvs B3 from P19 
24.869281410265078 P22 creates T102
24.90642307238193 P22 recvs B3 from P11 
25.225224635903704 P22 recvs B3 from P85 
25.34563188354225 P22 recvs B3 from P15 
69.32526649931467 P22 recvs B4 from P19 
69.32526649931467 P22 adds B4 to its tree
69.32526649931467 P22 mines for 2830.0327453919854 seconds
70.39791182960394 P22 recvs B4 from P45 
70.861058864617 P22 recvs B4 from P85 
71.1872212422108 P22 recvs B4 from P16 
75.77968190177525 P22 recvs B5 from P85 
75.77968190177525 P22 adds B5 to its tree
75.77968190177525 P22 mines for 611.4703698263459 seconds
86.04123681473627 P22 recvs B6 from P19 
86.04123681473627 P22 adds B6 to its tree
86.04123681473627 P22 mines for 16058.279814785663 seconds
86.52989531178524 P22 recvs B6 from P11 
87.04885520635166 P22 recvs B6 from P45 
87.28181713350693 P22 recvs B6 from P85 
87.458871360992 P22 recvs B6 from P16 
87.57703560508695 P22 recvs B6 from P15 
102.00464912339218 P22 recvs B7 from P16 
102.00464912339218 P22 adds B7 to its tree
102.00464912339218 P22 mines for 6972.67537456902 seconds
102.01303891014496 P22 recvs B7 from P19 
102.07853420334642 P22 recvs B7 from P45 
102.23422765507446 P22 recvs B7 from P85 
103.04361141880014 P22 recvs B7 from P15 
110.2627405420844 P22 recvs B8 from P15 
110.2627405420844 P22 adds B8 to its tree
110.2627405420844 P22 mines for 668.2806109914005 seconds
110.36376609048206 P22 recvs B8 from P11 
110.54765351161942 P22 recvs B8 from P45 
110.57649271838574 P22 recvs B8 from P85 
111.60329343169124 P22 recvs B8 from P16 
121.12948960995891 P22 recvs B9 from P16 
121.12948960995891 P22 adds B9 to its tree
121.12948960995891 P22 mines for 4277.13114778153 seconds
121.56493760913737 P22 recvs B9 from P19 
122.03691608463215 P22 recvs B9 from P85 
122.22813934042713 P22 recvs B9 from P45 
123.0011082576222 P22 recvs B9 from P15 
130.2222740349389 P22 recvs B10 from P16 
130.2222740349389 P22 adds B10 to its tree
130.2222740349389 P22 mines for 15578.410423020074 seconds
130.23336887148392 P22 recvs B10 from P45 
130.3082716646194 P22 recvs B10 from P19 
130.93110234586624 P22 recvs B10 from P85 
131.14981480541923 P22 recvs B10 from P15 
141.7993785175516 P22 recvs B11 from P85 
141.7993785175516 P22 adds B11 to its tree
141.7993785175516 P22 mines for 1581.6575259032227 seconds
141.9988103768976 P22 recvs B11 from P19 
142.0052965882919 P22 recvs B11 from P11 
142.3793925102771 P22 recvs B11 from P15 
142.5944367858922 P22 recvs B11 from P45 
142.8452212642392 P22 recvs B11 from P16 
154.73369123140833 P22 recvs B12 from P19 
154.73369123140833 P22 adds B12 to its tree
154.73369123140833 P22 mines for 1631.9181135729864 seconds
155.88523358535818 P22 recvs B12 from P45 
156.2169908839729 P22 recvs B12 from P85 
156.60562756248837 P22 recvs B12 from P16 
169.4059032736195 P22 recvs B13 from P19 
169.4059032736195 P22 adds B13 to its tree
169.4059032736195 P22 mines for 1241.582963257081 seconds
170.0113215126369 P22 recvs B13 from P85 
170.4348529450065 P22 recvs B13 from P16 
170.61337760794643 P22 recvs B13 from P45 
185.0026389900896 P22 recvs B14 from P45 
185.0026389900896 P22 adds B14 to its tree
185.0026389900896 P22 mines for 24827.897690689184 seconds
185.18753265275276 P22 recvs B14 from P11 
185.6121402617352 P22 recvs B14 from P19 
185.93749768323914 P22 recvs B14 from P85 
185.9821976210091 P22 recvs B14 from P16 
185.9823908274025 P22 recvs B14 from P15 
201.64574032476128 P22 recvs B15 from P19 
201.64574032476128 P22 adds B15 to its tree
201.64574032476128 P22 mines for 3896.344838033491 seconds
202.0800369707992 P22 recvs B15 from P11 
202.1498288393029 P22 recvs B15 from P45 
202.18171860645958 P22 recvs B15 from P16 
202.82468910034697 P22 recvs B15 from P85 
203.71942200589217 P22 recvs B15 from P15 
212.7194384356963 P22 recvs B16 from P16 
212.7194384356963 P22 adds B16 to its tree
212.7194384356963 P22 mines for 9403.722769119795 seconds
212.75175783905982 P22 recvs B16 from P45 
212.7887847042054 P22 recvs B16 from P19 
213.29835741401226 P22 recvs B17 from P45 
213.29835741401226 P22 adds B17 to its tree
213.48088289428674 P22 recvs B17 from P11 
213.48417751224915 P22 recvs B16 from P85 
213.80809883538106 P22 recvs B16 from P15 
214.06535347536126 P22 recvs B17 from P15 
214.09875348026205 P22 recvs B17 from P19 
214.23034382301975 P22 recvs B17 from P85 
214.30634353975208 P22 recvs B17 from P16 
219.4744808970586 P22 recvs B18 from P11 
219.4744808970586 P22 adds B18 to its tree
219.4744808970586 P22 mines for 9256.824389985988 seconds
219.54269064103642 P22 recvs B18 from P19 
220.249251180502 P22 recvs B18 from P85 
220.70396331110288 P22 recvs B18 from P45 
220.9397698645295 P22 recvs B18 from P16 
221.62522120230994 P22 recvs B19 from P11 
221.62522120230994 P22 adds B19 to its tree
221.6449883551529 P22 recvs B19 from P19 
222.41183011923576 P22 recvs B19 from P85 
222.48676529581144 P22 recvs B19 from P16 
222.51330643724972 P22 recvs B19 from P45 
223.145762501873 P22 recvs B19 from P15 
229.7958987387776 P22 recvs B20 from P45 
229.7958987387776 P22 adds B20 to its tree
229.7958987387776 P22 mines for 11323.191215987672 seconds
229.91691259505217 P22 recvs B20 from P11 
230.37874787379465 P22 recvs B20 from P19 
230.6863152871821 P22 recvs B20 from P85 
230.82386305783385 P22 recvs B20 from P15 
230.82771826984555 P22 recvs B20 from P16 
252.08983309641937 P22 recvs B21 from P19 
252.08983309641937 P22 adds B21 to its tree
252.08983309641937 P22 mines for 5174.680755440446 seconds
252.69737030163998 P22 recvs B21 from P85 
252.69775122696237 P22 recvs B21 from P11 
252.99107894751043 P22 recvs B21 from P16 
253.09421924432672 P22 recvs B21 from P45 
258.21747087506486 P22 recvs B22 from P11 
258.21747087506486 P22 adds B22 to its tree
258.21747087506486 P22 mines for 8123.625838288813 seconds
258.22823193354935 P22 recvs B22 from P19 
259.05454836118105 P22 recvs B22 from P85 
259.7439488631808 P22 recvs B22 from P16 
286.11958877590166 P22 recvs B23 from P19 
286.11958877590166 P22 adds B23 to its tree
286.11958877590166 P22 mines for 1540.1798566298385 seconds
287.2076101584482 P22 recvs B23 from P45 
287.49720996652326 P22 recvs B23 from P85 
296.12664942961527 P22 recvs B24 from P85 
296.12664942961527 P22 adds B24 to its tree
296.12664942961527 P22 mines for 3777.9936986207917 seconds
296.4665552276226 P22 recvs B24 from P19 
296.5455476749444 P22 recvs B24 from P11 
296.7480753807235 P22 recvs B24 from P45 
296.9524318863461 P22 recvs B24 from P16 
297.0075264024483 P22 recvs B24 from P15 
306.05312782664157 P22 recvs B25 from P11 
306.05312782664157 P22 adds B25 to its tree
306.05312782664157 P22 mines for 6579.744040579152 seconds
306.15711856131236 P22 recvs B25 from P19 
306.3866508054352 P22 recvs B25 from P16 
306.80888811513097 P22 recvs B25 from P85 
307.32953627576165 P22 recvs B25 from P45 
307.6555654711834 P22 recvs B25 from P15 
307.7278805346966 P22 recvs B26 from P16 
307.7278805346966 P22 adds B26 to its tree
307.7834502069144 P22 recvs B26 from P19 
307.81695953109056 P22 recvs B26 from P45 
308.3342413594105 P22 recvs B26 from P11 
308.474060768658 P22 recvs B26 from P85 
308.6915533506492 P22 recvs B26 from P15 
339.2594330376173 P22 recvs B27 from P11 
339.2594330376173 P22 adds B27 to its tree
339.2594330376173 P22 mines for 511.19923609927196 seconds
340.0376726858277 P22 recvs B27 from P85 
340.41137027406796 P22 recvs B27 from P45 
340.6612665414792 P22 recvs B27 from P16 
369.59028532484734 P22 recvs B28 from P45 
369.59028532484734 P22 adds B28 to its tree
369.59028532484734 P22 mines for 7085.931872507194 seconds
369.7575273107616 P22 recvs B28 from P11 
369.885501537502 P22 recvs B28 from P16 
370.03755320022356 P22 recvs B28 from P19 
370.3375942656655 P22 recvs B28 from P85 
370.85477086226916 P22 recvs B28 from P15 
379.457282266422 P22 recvs B29 from P11 
379.457282266422 P22 adds B29 to its tree
379.457282266422 P22 mines for 2125.5589387536997 seconds
380.1182204907053 P22 recvs B29 from P45 
380.22115291130893 P22 recvs B29 from P85 
380.46317205266985 P22 recvs B29 from P15 
380.62700898494086 P22 recvs B29 from P16 
387.1286006684172 P22 recvs B30 from P11 
387.1286006684172 P22 adds B30 to its tree
387.1286006684172 P22 mines for 4479.282515010337 seconds
387.19907452880506 P22 recvs B30 from P15 
387.4446832085722 P22 recvs B30 from P19 
387.75199825643546 P22 recvs B30 from P45 
387.8116384724914 P22 recvs B30 from P85 
388.2171143184634 P22 recvs B30 from P16 
394.96041068217085 P22 recvs B31 from P11 
394.96041068217085 P22 adds B31 to its tree
394.96041068217085 P22 mines for 7976.627553927319 seconds
395.7304219856693 P22 recvs B31 from P85 
396.18178171421397 P22 recvs B31 from P45 
396.3899830528585 P22 recvs B31 from P16 
401.47643427091657 P22 recvs B32 from P85 
401.47643427091657 P22 adds B32 to its tree
401.47643427091657 P22 mines for 4470.134321672071 seconds
401.9001331600591 P22 recvs B33 from P11 
401.9001331600591 P22 adds B33 to its tree
401.93846043716974 P22 recvs B33 from P19 
402.64034914923576 P22 recvs B33 from P85 
403.0692310470209 P22 recvs B32 from P45 
403.1071584802844 P22 recvs B33 from P45 
403.2672067294048 P22 recvs B33 from P16 
405.9897282216612 P22 recvs B34 from P11 
405.9897282216612 P22 adds B34 to its tree
405.9897282216612 P22 mines for 4042.555938781571 seconds
406.6364075214354 P22 recvs B34 from P45 
406.7812413235162 P22 recvs B34 from P85 
406.7823273991423 P22 recvs B34 from P19 
406.9904601984334 P22 recvs B34 from P15 
407.1422548941797 P22 recvs B34 from P16 
435.7334803381699 P22 recvs B35 from P19 
435.7334803381699 P22 adds B35 to its tree
435.7334803381699 P22 mines for 5161.760802203129 seconds
436.0729649761285 P22 recvs B35 from P11 
436.1685270773095 P22 recvs B35 from P16 
436.1975950796409 P22 recvs B35 from P45 
436.8353855268195 P22 recvs B35 from P85 
437.157263630473 P22 recvs B35 from P15 
438.65729860174713 P22 recvs B36 from P11 
438.65729860174713 P22 adds B36 to its tree
438.65729860174713 P22 mines for 3627.4547471789892 seconds
439.3996841988599 P22 recvs B36 from P16 
439.4174466408004 P22 recvs B36 from P85 
439.4429451369557 P22 recvs B36 from P19 
439.46472885797493 P22 recvs B36 from P45 
440.4364407221825 P22 recvs B36 from P15 
445.6611865445303 P22 recvs B38 from P19 
445.6611865445303 P22 adds B38 to its tree
445.6611865445303 P22 mines for 5638.407522966857 seconds
446.2812153762515 P22 recvs B37 from P11 
446.2812153762515 P22 adds B37 to its tree
446.3495820208304 P22 recvs B37 from P15 
446.60542287088714 P22 recvs B38 from P45 
447.00331038482085 P22 recvs B37 from P45 
447.044858860567 P22 recvs B38 from P85 
447.05067250432194 P22 recvs B37 from P85 
447.0618002277228 P22 recvs B37 from P19 
447.5176087661021 P22 recvs B37 from P16 
455.5122621620261 P22 recvs B39 from P11 
455.5122621620261 P22 adds B39 to its tree
455.5122621620261 P22 mines for 1479.9720631624427 seconds
456.27278846045215 P22 recvs B39 from P85 
456.7649839409387 P22 recvs B39 from P45 
457.0104848682155 P22 recvs B39 from P16 
475.57071436004384 P22 recvs B40 from P11 
475.57071436004384 P22 adds B40 to its tree
475.57071436004384 P22 mines for 4960.064391898618 seconds
476.3547330944568 P22 recvs B40 from P85 
476.7950054524911 P22 recvs B40 from P45 
477.03268502554147 P22 recvs B40 from P16 
482.61334529506706 P22 recvs B41 from P19 
482.61334529506706 P22 adds B41 to its tree
482.61334529506706 P22 mines for 3286.4240500942274 seconds
483.61771535493193 P22 recvs B41 from P45 
484.0163301720473 P22 recvs B41 from P85 
484.0234352295578 P22 recvs B41 from P16 
484.18556644070765 P22 recvs B41 from P15 
493.20423661004565 P22 recvs B42 from P11 
493.20423661004565 P22 adds B42 to its tree
493.20423661004565 P22 mines for 26074.402956426984 seconds
493.8467334097083 P22 recvs B42 from P19 
493.86157296529706 P22 recvs B42 from P45 
494.02536367071815 P22 recvs B42 from P15 
494.03985184291514 P22 recvs B42 from P85 
494.39623237034476 P22 recvs B42 from P16 
501.9348230802077 P22 recvs B43 from P85 
501.9348230802077 P22 adds B43 to its tree
501.9348230802077 P22 mines for 503.437511142066 seconds
502.4461808583419 P22 recvs B43 from P11 
502.6521436842491 P22 recvs B44 from P45 
502.6521436842491 P22 adds B44 to its tree
502.65223020238835 P22 recvs B44 from P16 
502.6833464843146 P22 recvs B44 from P19 
502.7814579715669 P22 recvs B43 from P16 
502.8289978229192 P22 recvs B43 from P19 
502.862941297815 P22 recvs B43 from P45 
503.0478697706722 P22 recvs B43 from P15 
503.230310052843 P22 recvs B44 from P11 
503.3676607784454 P22 recvs B44 from P85 
503.62778429333144 P22 recvs B44 from P15 
525.6746729945304 P22 recvs B45 from P11 
525.6746729945304 P22 adds B45 to its tree
525.6746729945304 P22 mines for 3104.233333942517 seconds
526.2298709729516 P22 recvs B45 from P45 
526.4165782852839 P22 recvs B45 from P85 
526.5345197901485 P22 recvs B45 from P19 
526.6554251181839 P22 recvs B45 from P15 
526.8460477878157 P22 recvs B45 from P16 
547.1021177186143 P22 recvs B46 from P16 
547.1021177186143 P22 adds B46 to its tree
547.1021177186143 P22 mines for 6649.360348924558 seconds
547.4426138855854 P22 recvs B46 from P19 
547.8806515983699 P22 recvs B46 from P85 
548.0826667220156 P22 recvs B46 from P45 
548.8913083625367 P22 recvs B46 from P15 
561.6739411943702 P22 recvs B47 from P45 
561.6739411943702 P22 adds B47 to its tree
561.6739411943702 P22 mines for 4611.992922122409 seconds
561.7679534354373 P22 recvs B47 from P11 
562.1429838789597 P22 recvs B47 from P19 
562.5451230048299 P22 recvs B47 from P85 
562.5859820152604 P22 recvs B47 from P15 
562.7580844503858 P22 recvs B47 from P16 
565.1560156618623 P22 recvs B48 from P45 
565.1560156618623 P22 adds B48 to its tree
565.1560156618623 P22 mines for 2019.9677853478834 seconds
565.4674353188582 P22 recvs B48 from P16 
565.5218360461397 P22 recvs B48 from P19 
566.0127028114211 P22 recvs B48 from P85 
566.3879208745992 P22 recvs B48 from P15 
575.9817313869195 P22 recvs B49 from P16 
575.9817313869195 P22 adds B49 to its tree
575.9817313869195 P22 mines for 10758.58850321893 seconds
576.0104843362541 P22 recvs B49 from P45 
576.0398393839555 P22 recvs B49 from P19 
576.6055180011364 P22 recvs B49 from P11 
576.6248540653253 P22 recvs B49 from P85 
576.9261439035014 P22 recvs B49 from P15 
588.0636006621396 P22 recvs B50 from P85 
588.0636006621396 P22 adds B50 to its tree
588.0636006621396 P22 mines for 269.63514472360964 seconds
593.5588723661924 P22 recvs B51 from P85 
593.5588723661924 P22 adds B51 to its tree
593.5588723661924 P22 mines for 1884.0404426719688 seconds
593.9071510469902 P22 recvs B51 from P19 
594.0203644705535 P22 recvs B52 from P11 
594.0203644705535 P22 adds B52 to its tree
594.1103182215317 P22 recvs B51 from P11 
594.3144131767953 P22 recvs B51 from P45 
594.4877397644972 P22 recvs B51 from P16 
594.6258500002806 P22 recvs B51 from P15 
594.6300392180215 P22 recvs B52 from P45 
594.7617662381062 P22 recvs B52 from P19 
594.7716051900096 P22 recvs B52 from P85 
595.0608574777713 P22 recvs B52 from P15 
595.1538272549019 P22 recvs B52 from P16 
595.9145065435316 P22 recvs B53 from P11 
595.9145065435316 P22 adds B53 to its tree
595.9145065435316 P22 mines for 10688.401478105101 seconds
596.7221587089853 P22 recvs B53 from P85 
597.1428112257898 P22 recvs B53 from P45 
597.3008790860255 P22 recvs B53 from P16 
