0 P23 mines for 191.93306337675773 seconds
4.290452597745185 P23 creates T49
5.640397839145515 P23 recvs B2 from P49 
5.640397839145515 P23 adds B2 to its tree
5.640397839145515 P23 mines for 548.6717863483653 seconds
6.387213592395059 P23 recvs B2 from P31 
6.516810706780191 P23 recvs B2 from P3 
6.518504579414546 P23 recvs B2 from P24 
6.790843703916922 P23 recvs B2 from P86 
7.02536287432611 P23 recvs B2 from P7 
24.886450699910597 P23 recvs B3 from P86 
24.886450699910597 P23 adds B3 to its tree
24.886450699910597 P23 mines for 68.13321795614289 seconds
25.04170776141687 P23 recvs B3 from P3 
25.162113120700948 P23 recvs B3 from P49 
25.906899420157213 P23 recvs B3 from P24 
25.940910872064624 P23 recvs B3 from P31 
26.039713486058826 P23 recvs B3 from P7 
70.02302495782592 P23 recvs B4 from P3 
70.02302495782592 P23 adds B4 to its tree
70.02302495782592 P23 mines for 195.146730977263 seconds
70.88301630440539 P23 recvs B4 from P49 
71.06584525269122 P23 recvs B4 from P24 
71.4416757261466 P23 recvs B4 from P31 
71.98042183794642 P23 recvs B4 from P7 
76.969731574325 P23 recvs B5 from P49 
76.969731574325 P23 adds B5 to its tree
76.969731574325 P23 mines for 1281.1844727081561 seconds
77.72386300619748 P23 recvs B5 from P31 
77.96875076237002 P23 recvs B5 from P3 
78.0283945910846 P23 recvs B5 from P86 
78.16778337722873 P23 recvs B5 from P7 
78.17290000853481 P23 recvs B5 from P24 
86.5677893275736 P23 recvs B6 from P3 
86.5677893275736 P23 adds B6 to its tree
86.5677893275736 P23 mines for 330.350082380066 seconds
86.86679551091717 P23 recvs B6 from P49 
87.68240473001667 P23 recvs B6 from P24 
87.78127758994145 P23 recvs B6 from P86 
87.89062023969073 P23 recvs B6 from P31 
88.27299729711599 P23 recvs B6 from P7 
102.27166563203409 P23 recvs B7 from P86 
102.27166563203409 P23 adds B7 to its tree
102.27166563203409 P23 mines for 72.09831843470049 seconds
102.3132150594163 P23 recvs B7 from P49 
102.66492117606079 P23 recvs B7 from P3 
103.55668549164947 P23 recvs B7 from P31 
103.57501010696922 P23 recvs B7 from P24 
103.7513484886328 P23 recvs B7 from P7 
110.06743594335846 P23 recvs B8 from P31 
110.06743594335846 P23 adds B8 to its tree
110.06743594335846 P23 mines for 2386.3943822938036 seconds
110.34686905305506 P23 recvs B8 from P49 
110.7449404052563 P23 recvs B8 from P7 
111.26375008182212 P23 recvs B8 from P24 
111.77397699077311 P23 recvs B8 from P86 
122.13993855192449 P23 recvs B9 from P3 
122.13993855192449 P23 adds B9 to its tree
122.13993855192449 P23 mines for 151.48964020161935 seconds
122.33990348025641 P23 recvs B9 from P49 
122.5687781740887 P23 recvs B9 from P86 
122.6239794902512 P23 recvs B9 from P31 
122.80289607184731 P23 recvs B9 from P24 
123.83313067936339 P23 recvs B9 from P7 
130.6135035898986 P23 recvs B10 from P86 
130.6135035898986 P23 adds B10 to its tree
130.6135035898986 P23 mines for 193.03105686373343 seconds
130.91410872977065 P23 recvs B10 from P49 
130.94282108275016 P23 recvs B10 from P3 
131.5994076676321 P23 recvs B10 from P24 
131.79832667176206 P23 recvs B10 from P31 
131.84708948835805 P23 recvs B10 from P7 
141.58347512373297 P23 recvs B11 from P49 
141.58347512373297 P23 adds B11 to its tree
141.58347512373297 P23 mines for 64.35457298836245 seconds
142.17123260985116 P23 recvs B11 from P31 
142.63527535928557 P23 recvs B11 from P24 
142.65510446284827 P23 recvs B11 from P3 
143.15920581959514 P23 recvs B11 from P86 
143.16136820276523 P23 recvs B11 from P7 
155.35987712482802 P23 recvs B12 from P3 
155.35987712482802 P23 adds B12 to its tree
155.35987712482802 P23 mines for 365.6539442279405 seconds
156.2753730151007 P23 recvs B12 from P49 
156.51517377161184 P23 recvs B12 from P24 
156.80066017664865 P23 recvs B12 from P31 
157.48527270620386 P23 recvs B12 from P7 
169.8551159345099 P23 recvs B13 from P49 
169.8551159345099 P23 adds B13 to its tree
169.8551159345099 P23 mines for 48.29844744086536 seconds
170.05453221577505 P23 recvs B13 from P3 
170.33772548941198 P23 recvs B13 from P24 
170.97463066946392 P23 recvs B13 from P7 
171.21882075548032 P23 recvs B13 from P86 
171.5249690307045 P23 recvs B13 from P31 
184.77172501076072 P23 recvs B14 from P24 
184.77172501076072 P23 adds B14 to its tree
184.77172501076072 P23 mines for 979.604802017023 seconds
185.40401649770135 P23 recvs B14 from P49 
185.59559815232885 P23 recvs B14 from P31 
186.37912858549666 P23 recvs B14 from P7 
201.45035922921366 P23 recvs B15 from P31 
201.45035922921366 P23 adds B15 to its tree
201.45035922921366 P23 mines for 1367.4706116587336 seconds
202.09252030296332 P23 recvs B15 from P49 
202.7793482021808 P23 recvs B15 from P24 
203.08694137787947 P23 recvs B15 from P86 
203.3665961454772 P23 recvs B15 from P7 
213.1977050162535 P23 recvs B16 from P86 
213.1977050162535 P23 adds B16 to its tree
213.1977050162535 P23 mines for 928.2235714445096 seconds
213.408716305122 P23 recvs B16 from P3 
213.4813405519536 P23 recvs B16 from P49 
213.58560814102745 P23 recvs B17 from P49 
213.58560814102745 P23 adds B17 to its tree
214.04113139804792 P23 recvs B17 from P24 
214.0685513048097 P23 recvs B17 from P31 
214.22514505496213 P23 recvs B16 from P31 
214.3937087391854 P23 recvs B17 from P7 
214.4113356236554 P23 recvs B16 from P24 
214.41698983400153 P23 recvs B16 from P7 
214.642468293031 P23 recvs B17 from P86 
214.7314525629997 P23 recvs B17 from P3 
219.4980757955271 P23 recvs B18 from P49 
219.4980757955271 P23 adds B18 to its tree
219.4980757955271 P23 mines for 1059.1489645355941 seconds
220.64769475341484 P23 recvs B18 from P24 
221.05992701579166 P23 recvs B19 from P49 
221.05992701579166 P23 adds B19 to its tree
221.3820642916522 P23 recvs B18 from P86 
221.80312169297952 P23 recvs B19 from P31 
222.2196051992666 P23 recvs B19 from P24 
229.58008008698377 P23 recvs B20 from P24 
229.58008008698377 P23 adds B20 to its tree
229.58008008698377 P23 mines for 529.0043947004349 seconds
230.13675931123535 P23 recvs B20 from P49 
230.3969177202811 P23 recvs B20 from P31 
231.19031048265637 P23 recvs B20 from P7 
252.40142276126542 P23 recvs B21 from P49 
252.40142276126542 P23 adds B21 to its tree
252.40142276126542 P23 mines for 540.5447203725528 seconds
252.67298073623894 P23 recvs B21 from P3 
252.9341063403878 P23 recvs B21 from P24 
253.55952870547299 P23 recvs B21 from P7 
253.75965907536659 P23 recvs B21 from P86 
254.0900992786489 P23 recvs B21 from P31 
258.1847265392101 P23 recvs B22 from P49 
258.1847265392101 P23 adds B22 to its tree
258.1847265392101 P23 mines for 27.09432296393866 seconds
259.40383665368836 P23 recvs B22 from P24 
285.27904950314877 P23 mines B23
295.8874215612508 P23 recvs B24 from P49 
295.8874215612508 P23 adds B24 to its tree
295.8874215612508 P23 mines for 822.4916445376031 seconds
295.9876780385953 P23 recvs B24 from P31 
296.14722199058247 P23 recvs B24 from P7 
297.04922049776894 P23 recvs B24 from P3 
297.0659428720824 P23 recvs B24 from P24 
297.40018350144663 P23 recvs B24 from P86 
305.48532233912886 P23 recvs B25 from P49 
305.48532233912886 P23 adds B25 to its tree
305.48532233912886 P23 mines for 195.14970826174593 seconds
306.6591903199821 P23 recvs B25 from P24 
307.74902658359326 P23 recvs B26 from P86 
307.74902658359326 P23 adds B26 to its tree
308.34266462705045 P23 recvs B26 from P3 
308.5565369343346 P23 recvs B26 from P49 
308.70361563366606 P23 recvs B26 from P24 
309.0509031711437 P23 recvs B26 from P31 
309.5095141994622 P23 recvs B26 from P7 
340.35525036501275 P23 recvs B27 from P49 
340.35525036501275 P23 adds B27 to its tree
340.35525036501275 P23 mines for 234.8777197765926 seconds
340.95914192139435 P23 recvs B27 from P24 
341.0006352031415 P23 recvs B27 from P31 
341.0296611542477 P23 recvs B27 from P86 
341.2972332664155 P23 recvs B27 from P3 
341.7856136870791 P23 recvs B27 from P7 
370.1978667284842 P23 recvs B28 from P86 
370.1978667284842 P23 adds B28 to its tree
370.1978667284842 P23 mines for 53.137955973479514 seconds
370.495049506333 P23 recvs B28 from P49 
370.6449156087853 P23 recvs B28 from P3 
370.75530358504676 P23 recvs B28 from P31 
370.83011639851424 P23 recvs B28 from P24 
370.86814095082445 P23 recvs B28 from P7 
379.8559501687388 P23 recvs B29 from P49 
379.8559501687388 P23 adds B29 to its tree
379.8559501687388 P23 mines for 118.03700631747752 seconds
380.4886123843211 P23 recvs B29 from P31 
380.6708781839129 P23 recvs B29 from P24 
380.7502195331767 P23 recvs B29 from P3 
380.9768328821611 P23 recvs B29 from P86 
381.170793154945 P23 recvs B29 from P7 
387.2958736073586 P23 recvs B30 from P49 
387.2958736073586 P23 adds B30 to its tree
387.2958736073586 P23 mines for 668.9255585613801 seconds
388.13210173496145 P23 recvs B30 from P24 
388.2258392538058 P23 recvs B30 from P86 
388.2654314165237 P23 recvs B30 from P31 
388.3700950676203 P23 recvs B30 from P3 
388.6671493275663 P23 recvs B30 from P7 
396.0429850957964 P23 recvs B31 from P49 
396.0429850957964 P23 adds B31 to its tree
396.0429850957964 P23 mines for 367.13543416739867 seconds
396.6303989200352 P23 recvs B31 from P86 
396.6704089326328 P23 recvs B31 from P24 
396.68577911786514 P23 recvs B31 from P31 
397.0072667971602 P23 recvs B31 from P3 
397.308012668941 P23 recvs B31 from P7 
401.84808034219805 P23 recvs B33 from P49 
401.84808034219805 P23 adds B33 to its tree
401.84808034219805 P23 mines for 494.81472872289646 seconds
402.6561099914264 P23 recvs B32 from P49 
402.6561099914264 P23 adds B32 to its tree
403.07562513980736 P23 recvs B33 from P24 
403.6320672499229 P23 recvs B32 from P86 
403.73151345261016 P23 recvs B32 from P3 
403.7363927270943 P23 recvs B33 from P86 
403.80217297165814 P23 recvs B32 from P31 
403.85085117150834 P23 recvs B32 from P24 
403.8759360070525 P23 recvs B32 from P7 
404.517277758802 P23 recvs B33 from P7 
406.3369485469516 P23 recvs B34 from P49 
406.3369485469516 P23 adds B34 to its tree
406.3369485469516 P23 mines for 784.1025346454951 seconds
407.19365757158823 P23 recvs B34 from P24 
407.2333374439122 P23 recvs B34 from P3 
407.3278032783665 P23 recvs B34 from P31 
407.41083114409173 P23 recvs B34 from P86 
407.73840662040584 P23 recvs B34 from P7 
435.4452350364132 P23 recvs B35 from P31 
435.4452350364132 P23 adds B35 to its tree
435.4452350364132 P23 mines for 391.0168908190775 seconds
436.04772945346497 P23 recvs B35 from P49 
436.7365783123414 P23 recvs B35 from P24 
437.4644754143545 P23 recvs B35 from P7 
439.23367720608934 P23 recvs B36 from P86 
439.23367720608934 P23 adds B36 to its tree
439.23367720608934 P23 mines for 976.2895378145051 seconds
439.68016629991394 P23 recvs B36 from P49 
439.8528767209356 P23 recvs B36 from P3 
440.31147663597625 P23 recvs B36 from P31 
440.45554254324543 P23 recvs B36 from P24 
440.57904034474853 P23 recvs B36 from P7 
446.44277654769354 P23 recvs B37 from P49 
446.44277654769354 P23 adds B37 to its tree
446.44277654769354 P23 mines for 788.5373130296268 seconds
446.95537324105555 P23 recvs B38 from P49 
446.95537324105555 P23 adds B38 to its tree
446.95835608242874 P23 recvs B38 from P3 
447.16729670470824 P23 recvs B38 from P31 
447.32901981277195 P23 recvs B37 from P24 
447.3884210891898 P23 recvs B38 from P7 
447.4264842535923 P23 recvs B38 from P24 
447.43656980057744 P23 recvs B37 from P31 
447.5415364412447 P23 recvs B37 from P3 
447.8042392816426 P23 recvs B37 from P86 
447.86949977377174 P23 recvs B38 from P86 
447.8728773889079 P23 recvs B37 from P7 
456.58517330096623 P23 recvs B39 from P86 
456.58517330096623 P23 adds B39 to its tree
456.58517330096623 P23 mines for 1516.3407389801857 seconds
456.5973003359481 P23 recvs B39 from P49 
456.77264672105173 P23 recvs B39 from P3 
457.27979540324844 P23 recvs B39 from P31 
457.31066539903526 P23 recvs B39 from P24 
457.80336993567465 P23 recvs B39 from P7 
476.66709688164565 P23 recvs B40 from P49 
476.66709688164565 P23 adds B40 to its tree
476.66709688164565 P23 mines for 143.09890658009604 seconds
477.3418269288809 P23 recvs B40 from P31 
477.3570544892514 P23 recvs B40 from P86 
477.37732070332885 P23 recvs B40 from P24 
477.6555940785335 P23 recvs B40 from P3 
478.1138232836346 P23 recvs B40 from P7 
483.1332526858714 P23 recvs B41 from P3 
483.1332526858714 P23 adds B41 to its tree
483.1332526858714 P23 mines for 145.5462645687259 seconds
483.5463831482521 P23 recvs B41 from P49 
484.27483124403017 P23 recvs B41 from P24 
484.3454492712475 P23 recvs B41 from P86 
484.5086385683647 P23 recvs B41 from P31 
484.9196683421181 P23 recvs B41 from P7 
493.5454141948281 P23 recvs B42 from P24 
493.5454141948281 P23 adds B42 to its tree
493.5454141948281 P23 mines for 155.90076157458256 seconds
493.55041811300737 P23 recvs B42 from P49 
494.0373779013923 P23 recvs B42 from P3 
494.530554356703 P23 recvs B42 from P31 
494.71612149643414 P23 recvs B42 from P86 
494.8053688852712 P23 recvs B42 from P7 
502.0626024110023 P23 recvs B43 from P86 
502.0626024110023 P23 adds B43 to its tree
502.0626024110023 P23 mines for 676.3677626197997 seconds
502.29055153710465 P23 recvs B43 from P49 
502.69410042077806 P23 recvs B44 from P86 
502.69410042077806 P23 adds B44 to its tree
503.30047811457644 P23 recvs B44 from P3 
503.33750289672 P23 recvs B43 from P7 
503.5037898089369 P23 recvs B43 from P24 
503.5054726099928 P23 recvs B44 from P49 
503.5730492703861 P23 recvs B43 from P31 
503.71173771686733 P23 recvs B44 from P24 
504.069101615139 P23 recvs B44 from P31 
504.4677963508776 P23 recvs B44 from P7 
526.0445134158491 P23 recvs B45 from P49 
526.0445134158491 P23 adds B45 to its tree
526.0445134158491 P23 mines for 1390.2309242540791 seconds
526.7274078125812 P23 recvs B45 from P31 
526.8805667545798 P23 recvs B45 from P3 
526.8879413562719 P23 recvs B45 from P24 
527.1520143045104 P23 recvs B45 from P86 
527.3567954108713 P23 recvs B45 from P7 
548.1608119031032 P23 recvs B46 from P3 
548.1608119031032 P23 adds B46 to its tree
548.1608119031032 P23 mines for 738.9919286653277 seconds
548.2594062452816 P23 recvs B46 from P49 
548.5578182894568 P23 recvs B46 from P86 
548.6712490745327 P23 recvs B46 from P31 
548.828672833201 P23 recvs B46 from P24 
549.8276671502828 P23 recvs B46 from P7 
561.3608095712884 P23 recvs B47 from P24 
561.3608095712884 P23 adds B47 to its tree
561.3608095712884 P23 mines for 200.53852351910177 seconds
561.948891339883 P23 recvs B47 from P49 
562.1396168965352 P23 recvs B47 from P31 
562.6605860571646 P23 recvs B47 from P3 
562.988834484946 P23 recvs B47 from P7 
565.7405597042781 P23 recvs B48 from P86 
565.7405597042781 P23 adds B48 to its tree
565.7405597042781 P23 mines for 132.90980342764695 seconds
566.0573944832432 P23 recvs B48 from P49 
566.0589537781831 P23 recvs B48 from P3 
566.4307109631079 P23 recvs B48 from P31 
566.697459755342 P23 recvs B48 from P24 
566.8681184033162 P23 recvs B48 from P7 
575.9021673490743 P23 recvs B49 from P86 
575.9021673490743 P23 adds B49 to its tree
575.9021673490743 P23 mines for 54.57584873022158 seconds
576.6745294837212 P23 recvs B49 from P3 
576.7633138703172 P23 recvs B49 from P49 
577.0818966501921 P23 recvs B49 from P24 
577.3991062366566 P23 recvs B49 from P31 
577.6564787160081 P23 recvs B49 from P7 
589.3313507928182 P23 recvs B50 from P49 
589.3313507928182 P23 adds B50 to its tree
589.3313507928182 P23 mines for 75.64295012092386 seconds
590.2802499382296 P23 recvs B50 from P86 
590.3045630126009 P23 recvs B50 from P3 
590.4793430523049 P23 recvs B50 from P7 
590.5358203334611 P23 recvs B50 from P31 
590.5396210012345 P23 recvs B50 from P24 
593.4739485520031 P23 recvs B51 from P49 
593.4739485520031 P23 adds B51 to its tree
593.4739485520031 P23 mines for 51.116993204953346 seconds
593.5511753717117 P23 recvs B51 from P31 
593.737562220714 P23 recvs B51 from P7 
594.4088698305244 P23 recvs B52 from P49 
594.4088698305244 P23 adds B52 to its tree
594.6361949408421 P23 recvs B51 from P24 
594.6680841084648 P23 recvs B51 from P3 
594.8565579401386 P23 recvs B51 from P86 
595.1728749088676 P23 recvs B52 from P3 
595.2902937220323 P23 recvs B52 from P24 
595.3403414007198 P23 recvs B52 from P31 
595.586382750548 P23 recvs B52 from P86 
595.8963346943453 P23 recvs B52 from P7 
596.9280951182029 P23 recvs B53 from P86 
596.9280951182029 P23 adds B53 to its tree
596.9280951182029 P23 mines for 15.97727566511672 seconds
597.0333220092112 P23 recvs B53 from P49 
597.1179380501292 P23 recvs B53 from P3 
597.6288997773034 P23 recvs B53 from P31 
597.7468036926994 P23 recvs B53 from P24 
598.1406242832071 P23 recvs B53 from P7 
