0 P25 mines for 477.64852094177644 seconds
6.152638499536587 P25 recvs B2 from P20 
6.152638499536587 P25 adds B2 to its tree
6.152638499536587 P25 mines for 474.4661632474447 seconds
6.261960915722155 P25 recvs B2 from P42 
6.360078861407117 P25 recvs B2 from P5 
6.482263205496583 P25 recvs B2 from P80 
6.545025504493303 P25 recvs B2 from P59 
6.6188858313833645 P25 recvs B2 from P79 
7.112128279388316 P25 creates T63
24.18273784862693 P25 recvs B3 from P42 
24.18273784862693 P25 adds B3 to its tree
24.18273784862693 P25 mines for 153.86256142585688 seconds
24.488078300874832 P25 recvs B3 from P20 
24.63955803457791 P25 recvs B3 from P80 
25.27666267894176 P25 recvs B3 from P59 
25.479849420668213 P25 recvs B3 from P79 
69.38698423248685 P25 recvs B4 from P20 
69.38698423248685 P25 adds B4 to its tree
69.38698423248685 P25 mines for 216.0847201059098 seconds
70.52184489924092 P25 recvs B4 from P5 
70.80322107004898 P25 recvs B4 from P42 
71.08271189076056 P25 recvs B4 from P59 
76.53900189732693 P25 recvs B5 from P5 
76.53900189732693 P25 adds B5 to its tree
76.53900189732693 P25 mines for 1229.1163944817063 seconds
77.37840102984649 P25 recvs B5 from P42 
77.5350528259324 P25 recvs B5 from P59 
86.10918576142517 P25 recvs B6 from P20 
86.10918576142517 P25 adds B6 to its tree
86.10918576142517 P25 mines for 379.9837677951565 seconds
87.2054186427392 P25 recvs B6 from P5 
87.4651883466944 P25 recvs B6 from P42 
87.74296638646479 P25 recvs B6 from P59 
101.85401336752386 P25 recvs B7 from P42 
101.85401336752386 P25 adds B7 to its tree
101.85401336752386 P25 mines for 169.96516196950077 seconds
102.18524653246195 P25 recvs B7 from P20 
102.32056496423556 P25 recvs B7 from P80 
102.92174838664401 P25 recvs B7 from P59 
103.21630682454635 P25 recvs B7 from P79 
109.95474873594823 P25 recvs B8 from P5 
109.95474873594823 P25 adds B8 to its tree
109.95474873594823 P25 mines for 672.1141301957341 seconds
111.24918205379717 P25 recvs B8 from P42 
111.45614432065504 P25 recvs B8 from P59 
121.28075472241063 P25 recvs B9 from P42 
121.28075472241063 P25 adds B9 to its tree
121.28075472241063 P25 mines for 227.16552859484335 seconds
121.63122516021969 P25 recvs B9 from P20 
121.92464561140433 P25 recvs B9 from P80 
122.4670864246247 P25 recvs B9 from P79 
122.91580919253738 P25 recvs B9 from P59 
130.07172202023708 P25 recvs B10 from P42 
130.07172202023708 P25 adds B10 to its tree
130.07172202023708 P25 mines for 1610.5433309724162 seconds
130.40341449443898 P25 recvs B10 from P20 
130.5464339736598 P25 recvs B10 from P80 
131.0343852516891 P25 recvs B10 from P59 
131.13709730632704 P25 recvs B10 from P5 
131.33371833394799 P25 recvs B10 from P79 
141.170751359173 P25 recvs B11 from P5 
141.170751359173 P25 adds B11 to its tree
141.170751359173 P25 mines for 399.25287903723984 seconds
142.10489156711432 P25 recvs B11 from P59 
154.82589406644493 P25 recvs B12 from P20 
154.82589406644493 P25 adds B12 to its tree
154.82589406644493 P25 mines for 13.278326314773706 seconds
155.91643617752786 P25 recvs B12 from P5 
156.24335512288735 P25 recvs B12 from P42 
156.40496997678338 P25 recvs B12 from P59 
168.10422038121862 P25 mines B13
185.4362699792277 P25 recvs B14 from P79 
185.4362699792277 P25 adds B14 to its tree
185.4362699792277 P25 mines for 1401.381252669243 seconds
185.71460338125158 P25 recvs B14 from P20 
185.78217870245666 P25 recvs B14 from P80 
185.82274076482815 P25 recvs B14 from P42 
185.9389633219881 P25 recvs B14 from P5 
186.24416979331912 P25 recvs B14 from P59 
201.87135596053201 P25 recvs B15 from P42 
201.87135596053201 P25 adds B15 to its tree
201.87135596053201 P25 mines for 317.65375324479754 seconds
202.19721657503953 P25 recvs B15 from P20 
202.77205859726155 P25 recvs B15 from P5 
202.92995527076644 P25 recvs B15 from P59 
202.97512510521443 P25 recvs B15 from P80 
212.5263508100101 P25 recvs B16 from P42 
212.5263508100101 P25 adds B16 to its tree
212.5263508100101 P25 mines for 75.1342827506483 seconds
212.8577474167086 P25 recvs B16 from P20 
212.96871307549858 P25 recvs B16 from P80 
213.6312399751001 P25 recvs B16 from P59 
213.8780456149094 P25 recvs B16 from P79 
214.09499947480555 P25 recvs B17 from P42 
214.09499947480555 P25 adds B17 to its tree
214.11876747387154 P25 recvs B17 from P5 
214.27735350372018 P25 recvs B17 from P59 
214.36038029574925 P25 recvs B17 from P80 
214.39914058528097 P25 recvs B17 from P20 
214.84978624927055 P25 recvs B17 from P79 
220.39646324866 P25 recvs B18 from P20 
220.39646324866 P25 adds B18 to its tree
220.39646324866 P25 mines for 577.0477220511774 seconds
220.6624748762746 P25 recvs B18 from P59 
220.71448605297488 P25 recvs B18 from P79 
220.81484597240117 P25 recvs B18 from P42 
221.08722625279225 P25 recvs B18 from P5 
221.13802322080926 P25 recvs B18 from P80 
221.72999296270626 P25 recvs B19 from P5 
221.72999296270626 P25 adds B19 to its tree
221.93470313927136 P25 recvs B19 from P20 
222.19923512309248 P25 recvs B19 from P42 
222.3467985890779 P25 recvs B19 from P79 
222.79974972931132 P25 recvs B19 from P59 
230.33373765357086 P25 recvs B20 from P79 
230.33373765357086 P25 adds B20 to its tree
230.33373765357086 P25 mines for 20.41967963709257 seconds
230.468680709641 P25 recvs B20 from P20 
230.59876638398723 P25 recvs B20 from P42 
230.7095436847723 P25 recvs B20 from P80 
230.93114843309857 P25 recvs B20 from P5 
231.10127489395546 P25 recvs B20 from P59 
250.75341729066344 P25 mines B21
259.13572569401515 P25 recvs B22 from P20 
259.13572569401515 P25 adds B22 to its tree
259.13572569401515 P25 mines for 201.01368187327083 seconds
259.3691525460245 P25 recvs B22 from P59 
259.4405814647787 P25 recvs B22 from P79 
259.48570932682566 P25 recvs B22 from P42 
259.7844201409676 P25 recvs B22 from P80 
259.8522891662613 P25 recvs B22 from P5 
286.1334741137198 P25 recvs B23 from P20 
286.1334741137198 P25 adds B23 to its tree
286.1334741137198 P25 mines for 1035.908554534867 seconds
287.1413260201054 P25 recvs B23 from P5 
287.52604971859336 P25 recvs B23 from P42 
287.7978707536991 P25 recvs B23 from P59 
295.4790260082223 P25 recvs B24 from P5 
295.4790260082223 P25 adds B24 to its tree
295.4790260082223 P25 mines for 636.857950029729 seconds
306.3304121151559 P25 recvs B25 from P20 
306.3304121151559 P25 adds B25 to its tree
306.3304121151559 P25 mines for 78.23791252830857 seconds
306.5290531303251 P25 recvs B25 from P42 
306.7559827657754 P25 recvs B25 from P79 
307.16599772992555 P25 recvs B25 from P5 
307.25217177046665 P25 recvs B25 from P80 
307.29052189815224 P25 recvs B25 from P59 
307.52903037128317 P25 recvs B26 from P42 
307.52903037128317 P25 adds B26 to its tree
307.8532649271088 P25 recvs B26 from P20 
308.1294785804821 P25 recvs B26 from P80 
308.49177819417815 P25 recvs B26 from P59 
308.9363458586188 P25 recvs B26 from P79 
340.0048323274791 P25 recvs B27 from P59 
340.0048323274791 P25 adds B27 to its tree
340.0048323274791 P25 mines for 1835.9171305151758 seconds
340.5015621845851 P25 recvs B27 from P42 
340.6957488758448 P25 recvs B27 from P80 
340.8039293891193 P25 recvs B27 from P20 
340.83254447514446 P25 recvs B27 from P5 
340.99315307323064 P25 recvs B27 from P79 
369.5949145169393 P25 recvs B28 from P80 
369.5949145169393 P25 adds B28 to its tree
369.5949145169393 P25 mines for 16.391619649681605 seconds
369.63234769815926 P25 recvs B28 from P59 
369.7483099056746 P25 recvs B28 from P42 
370.1304090826067 P25 recvs B28 from P20 
370.2370131582962 P25 recvs B28 from P5 
370.5722995804252 P25 recvs B28 from P79 
380.3788800569548 P25 recvs B29 from P20 
380.3788800569548 P25 adds B29 to its tree
380.3788800569548 P25 mines for 16.458247821928264 seconds
380.4604134289431 P25 recvs B29 from P42 
380.50989921531345 P25 recvs B29 from P5 
380.63915875193834 P25 recvs B29 from P59 
380.699800625625 P25 recvs B29 from P80 
380.83135309722064 P25 recvs B29 from P79 
387.3049141035243 P25 recvs B30 from P79 
387.3049141035243 P25 adds B30 to its tree
387.3049141035243 P25 mines for 13.054586104753849 seconds
387.9644095494978 P25 recvs B30 from P42 
387.9808280904945 P25 recvs B30 from P5 
387.9952863810994 P25 recvs B30 from P20 
388.2512637825654 P25 recvs B30 from P80 
388.3225512364008 P25 recvs B30 from P59 
395.0662728378879 P25 recvs B31 from P59 
395.0662728378879 P25 adds B31 to its tree
395.0662728378879 P25 mines for 146.80581201108686 seconds
396.08480406816267 P25 recvs B31 from P80 
396.15919009753526 P25 recvs B31 from P42 
396.489142005748 P25 recvs B31 from P20 
402.2543044356291 P25 recvs B32 from P5 
402.2543044356291 P25 adds B32 to its tree
402.2543044356291 P25 mines for 313.76794743577284 seconds
402.75014274166347 P25 recvs B33 from P20 
402.75014274166347 P25 adds B33 to its tree
403.0371362068993 P25 recvs B33 from P59 
403.0382001948922 P25 recvs B32 from P42 
403.11145636864376 P25 recvs B33 from P79 
403.17704659905945 P25 recvs B33 from P42 
403.1829311124814 P25 recvs B32 from P59 
403.46749490266836 P25 recvs B33 from P80 
403.6199451707735 P25 recvs B33 from P5 
406.8312337536246 P25 recvs B34 from P20 
406.8312337536246 P25 adds B34 to its tree
406.8312337536246 P25 mines for 426.20060160650263 seconds
406.9759004722229 P25 recvs B34 from P42 
407.02385519729626 P25 recvs B34 from P5 
407.08608995716827 P25 recvs B34 from P80 
407.19518088912326 P25 recvs B34 from P59 
407.32907918999285 P25 recvs B34 from P79 
435.85260440297066 P25 recvs B35 from P42 
435.85260440297066 P25 adds B35 to its tree
435.85260440297066 P25 mines for 511.2818603769853 seconds
436.1396513201414 P25 recvs B35 from P20 
436.78266301865847 P25 recvs B35 from P5 
436.8837414171832 P25 recvs B35 from P59 
436.9237084097848 P25 recvs B35 from P80 
438.798695877678 P25 recvs B36 from P59 
438.798695877678 P25 adds B36 to its tree
438.798695877678 P25 mines for 222.65295241165944 seconds
439.2185945811575 P25 recvs B36 from P42 
439.52825507178966 P25 recvs B36 from P20 
439.67099543838 P25 recvs B36 from P80 
439.74149844816344 P25 recvs B36 from P5 
446.6037935897675 P25 recvs B38 from P20 
446.6037935897675 P25 adds B38 to its tree
446.6037935897675 P25 mines for 23.99337896493388 seconds
446.74721243790395 P25 recvs B38 from P5 
447.1241777610457 P25 recvs B37 from P20 
447.1241777610457 P25 adds B37 to its tree
447.1662074481028 P25 recvs B37 from P5 
447.23714994748747 P25 recvs B38 from P42 
447.2679212446999 P25 recvs B37 from P42 
447.4078198291979 P25 recvs B38 from P59 
447.43916097093035 P25 recvs B37 from P80 
447.4763928511298 P25 recvs B37 from P79 
447.4878950958599 P25 recvs B37 from P59 
447.7758094084233 P25 recvs B38 from P80 
447.8808030737657 P25 recvs B38 from P79 
455.67443730993136 P25 recvs B39 from P59 
455.67443730993136 P25 adds B39 to its tree
455.67443730993136 P25 mines for 1573.7315227346944 seconds
456.4097644531297 P25 recvs B39 from P20 
456.5067426495134 P25 recvs B39 from P5 
456.8685671354982 P25 recvs B39 from P42 
476.8532314680271 P25 recvs B40 from P42 
476.8532314680271 P25 adds B40 to its tree
476.8532314680271 P25 mines for 931.685190439346 seconds
476.86491953591593 P25 recvs B40 from P59 
477.04079821553825 P25 recvs B40 from P80 
477.118726141078 P25 recvs B40 from P5 
477.17768604795396 P25 recvs B40 from P20 
477.45520697915043 P25 recvs B40 from P79 
482.7019839481188 P25 recvs B41 from P20 
482.7019839481188 P25 adds B41 to its tree
482.7019839481188 P25 mines for 1046.1484872594178 seconds
483.7808201955772 P25 recvs B41 from P5 
483.85214645232935 P25 recvs B41 from P42 
484.2592493998836 P25 recvs B41 from P59 
493.40966375878344 P25 recvs B42 from P79 
493.40966375878344 P25 adds B42 to its tree
493.40966375878344 P25 mines for 557.1959551039935 seconds
493.78531148373844 P25 recvs B42 from P80 
493.952379882544 P25 recvs B42 from P20 
494.1327911095604 P25 recvs B42 from P5 
494.2208712647225 P25 recvs B42 from P42 
494.3715076096357 P25 recvs B42 from P59 
502.45239362365083 P25 recvs B44 from P42 
502.45239362365083 P25 adds B44 to its tree
502.45239362365083 P25 mines for 74.5280369029691 seconds
502.5637793444887 P25 recvs B43 from P42 
502.5637793444887 P25 adds B43 to its tree
502.7141076880734 P25 recvs B43 from P5 
502.77243615452153 P25 recvs B44 from P20 
502.86970467156357 P25 recvs B43 from P20 
502.9510617388569 P25 recvs B44 from P80 
503.1069606304619 P25 recvs B43 from P80 
503.33826675880886 P25 recvs B44 from P59 
503.65775183798837 P25 recvs B43 from P59 
503.76615079130966 P25 recvs B43 from P79 
503.811821464324 P25 recvs B44 from P79 
526.5605843223033 P25 recvs B45 from P20 
526.5605843223033 P25 adds B45 to its tree
526.5605843223033 P25 mines for 129.91132114938594 seconds
526.6250744387215 P25 recvs B45 from P42 
526.7468129126338 P25 recvs B45 from P5 
526.7579283611037 P25 recvs B45 from P80 
526.8863588052669 P25 recvs B45 from P59 
527.0759311057581 P25 recvs B45 from P79 
547.1819908529927 P25 recvs B46 from P42 
547.1819908529927 P25 adds B46 to its tree
547.1819908529927 P25 mines for 19.857458055881185 seconds
547.5246825958086 P25 recvs B46 from P20 
547.9916887092365 P25 recvs B46 from P80 
548.8058129455826 P25 recvs B46 from P59 
562.0414027023481 P25 recvs B47 from P79 
562.0414027023481 P25 adds B47 to its tree
562.0414027023481 P25 mines for 97.19279784653074 seconds
562.217328518644 P25 recvs B47 from P20 
562.372805931238 P25 recvs B47 from P42 
562.4574190848629 P25 recvs B47 from P80 
562.6136347576831 P25 recvs B47 from P5 
562.9633988372843 P25 recvs B47 from P59 
565.2719882816647 P25 recvs B48 from P42 
565.2719882816647 P25 adds B48 to its tree
565.2719882816647 P25 mines for 36.356965459546224 seconds
565.4434887188237 P25 recvs B48 from P80 
565.5740520599593 P25 recvs B48 from P20 
565.995097389049 P25 recvs B48 from P59 
566.2095734801492 P25 recvs B48 from P5 
566.4610746441238 P25 recvs B48 from P79 
575.7797642057684 P25 recvs B49 from P42 
575.7797642057684 P25 adds B49 to its tree
575.7797642057684 P25 mines for 175.0515548300979 seconds
576.1238903762771 P25 recvs B49 from P20 
576.302454868304 P25 recvs B49 from P80 
576.6519095116641 P25 recvs B49 from P59 
577.2494580129742 P25 recvs B49 from P79 
588.9106028538662 P25 recvs B50 from P5 
588.9106028538662 P25 adds B50 to its tree
588.9106028538662 P25 mines for 53.19478249230434 seconds
589.5956139925975 P25 recvs B50 from P42 
589.7412236655935 P25 recvs B50 from P59 
593.0603447150675 P25 recvs B51 from P5 
593.0603447150675 P25 adds B51 to its tree
593.0603447150675 P25 mines for 16.705976665989475 seconds
594.8201549357213 P25 recvs B52 from P20 
594.8201549357213 P25 adds B52 to its tree
594.9729560519254 P25 recvs B52 from P42 
595.0971071468705 P25 recvs B52 from P80 
595.149023857423 P25 recvs B52 from P5 
595.2383980647232 P25 recvs B52 from P59 
595.3351333004458 P25 recvs B52 from P79 
596.0224780182308 P25 recvs B53 from P59 
596.0224780182308 P25 adds B53 to its tree
596.0224780182308 P25 mines for 1042.3802475405232 seconds
596.820929436038 P25 recvs B53 from P20 
596.9519971142314 P25 recvs B53 from P5 
597.0893160918847 P25 recvs B53 from P42 
597.0933337377984 P25 recvs B53 from P80 
