0 P26 mines for 259.38707497566236 seconds
3.5662883087719646 P26 creates T43
5.551401282258145 P26 recvs B2 from P35 
5.551401282258145 P26 adds B2 to its tree
5.551401282258145 P26 mines for 1012.1738938616323 seconds
5.871862884569273 P26 recvs B2 from P43 
6.250014095854282 P26 recvs B2 from P16 
6.457214487541406 P26 recvs B2 from P75 
6.601383554796224 P26 recvs B2 from P91 
24.16690365943711 P26 recvs B3 from P16 
24.16690365943711 P26 adds B3 to its tree
24.16690365943711 P26 mines for 486.59115643829546 seconds
25.18660676007745 P26 recvs B3 from P43 
25.241120076689928 P26 recvs B3 from P35 
25.568337924218667 P26 recvs B3 from P75 
25.649213738461164 P26 recvs B3 from P91 
70.6192630240341 P26 recvs B4 from P43 
70.6192630240341 P26 adds B4 to its tree
70.6192630240341 P26 mines for 1654.477450102793 seconds
70.68732911157437 P26 recvs B4 from P91 
70.86541900912738 P26 recvs B4 from P35 
70.87540858454528 P26 recvs B4 from P16 
71.22421181243021 P26 recvs B4 from P75 
76.79168663977318 P26 recvs B5 from P91 
76.79168663977318 P26 adds B5 to its tree
76.79168663977318 P26 mines for 243.98526201198624 seconds
77.10058648096044 P26 recvs B5 from P43 
77.39083107104372 P26 recvs B5 from P16 
77.58760318167869 P26 recvs B5 from P35 
77.85011773481007 P26 recvs B5 from P75 
86.82958602967244 P26 recvs B6 from P35 
86.82958602967244 P26 adds B6 to its tree
86.82958602967244 P26 mines for 1690.2265466035396 seconds
87.08010140037314 P26 recvs B6 from P43 
87.25818598499049 P26 recvs B6 from P16 
87.4144139130282 P26 recvs B6 from P91 
87.92685512369262 P26 recvs B6 from P75 
101.8034649510402 P26 recvs B7 from P16 
101.8034649510402 P26 adds B7 to its tree
101.8034649510402 P26 mines for 913.7706229895856 seconds
102.8707517426578 P26 recvs B7 from P35 
102.89999973286973 P26 recvs B7 from P43 
102.90761409671042 P26 recvs B7 from P91 
103.26466151062398 P26 recvs B7 from P75 
110.4002379187118 P26 recvs B8 from P35 
110.4002379187118 P26 adds B8 to its tree
110.4002379187118 P26 mines for 9.71881257711486 seconds
110.96495603369574 P26 recvs B8 from P43 
111.19535534904527 P26 recvs B8 from P75 
111.37267592731656 P26 recvs B8 from P16 
111.4747925616233 P26 recvs B8 from P91 
120.11905049582666 P26 mines B9
130.01247096405334 P26 recvs B10 from P16 
130.01247096405334 P26 adds B10 to its tree
130.01247096405334 P26 mines for 868.9434124040936 seconds
131.00400266093195 P26 recvs B10 from P35 
131.08431979592314 P26 recvs B10 from P43 
131.28547652325295 P26 recvs B10 from P91 
131.44176219751515 P26 recvs B10 from P75 
142.19529207137072 P26 recvs B11 from P43 
142.19529207137072 P26 adds B11 to its tree
142.19529207137072 P26 mines for 125.43322596684293 seconds
142.36145373955435 P26 recvs B11 from P35 
142.41748329454782 P26 recvs B11 from P75 
142.4753384460391 P26 recvs B11 from P91 
142.51151108826366 P26 recvs B11 from P16 
156.08375248759398 P26 recvs B12 from P43 
156.08375248759398 P26 adds B12 to its tree
156.08375248759398 P26 mines for 163.23075178598316 seconds
156.14139419131044 P26 recvs B12 from P91 
156.22538831697995 P26 recvs B12 from P35 
156.286748719157 P26 recvs B12 from P16 
156.57048178983428 P26 recvs B12 from P75 
170.08470354587106 P26 recvs B13 from P16 
170.08470354587106 P26 adds B13 to its tree
170.08470354587106 P26 mines for 1022.3793790418356 seconds
170.32910853245394 P26 recvs B13 from P35 
170.64175758401265 P26 recvs B13 from P43 
170.8408230850786 P26 recvs B13 from P91 
171.12897049822314 P26 recvs B13 from P75 
184.97734323648112 P26 recvs B14 from P35 
184.97734323648112 P26 adds B14 to its tree
184.97734323648112 P26 mines for 65.02223885764361 seconds
185.76859861698944 P26 recvs B14 from P16 
185.80516296761544 P26 recvs B14 from P43 
186.49382280996844 P26 recvs B14 from P91 
186.6079975446873 P26 recvs B14 from P75 
201.85819470634098 P26 recvs B15 from P16 
201.85819470634098 P26 adds B15 to its tree
201.85819470634098 P26 mines for 19.177149941174545 seconds
202.37872197881896 P26 recvs B15 from P35 
202.44413185728266 P26 recvs B15 from P75 
202.66582932439997 P26 recvs B15 from P43 
202.92996143945552 P26 recvs B15 from P91 
212.50973574977033 P26 recvs B16 from P16 
212.50973574977033 P26 adds B16 to its tree
212.50973574977033 P26 mines for 595.2616240996034 seconds
212.96276380982962 P26 recvs B17 from P35 
212.96276380982962 P26 adds B17 to its tree
213.5887298213495 P26 recvs B16 from P43 
213.59453138639833 P26 recvs B16 from P35 
213.9641105441706 P26 recvs B16 from P91 
213.97161521007632 P26 recvs B16 from P75 
214.09164628359994 P26 recvs B17 from P16 
214.10058713596163 P26 recvs B17 from P43 
214.43198042433605 P26 recvs B17 from P75 
214.47379436602458 P26 recvs B17 from P91 
219.85517217372055 P26 recvs B18 from P75 
219.85517217372055 P26 adds B18 to its tree
219.85517217372055 P26 mines for 570.5957156619091 seconds
220.10890254942996 P26 recvs B18 from P43 
220.2703127739239 P26 recvs B18 from P91 
220.68284376216832 P26 recvs B18 from P35 
220.73794280017987 P26 recvs B18 from P16 
221.88235307997846 P26 recvs B19 from P75 
221.88235307997846 P26 adds B19 to its tree
221.89589227773652 P26 recvs B19 from P91 
222.1390108369886 P26 recvs B19 from P35 
222.16332914550577 P26 recvs B19 from P16 
222.24063752968365 P26 recvs B19 from P43 
229.73096186122925 P26 recvs B20 from P35 
229.73096186122925 P26 adds B20 to its tree
229.73096186122925 P26 mines for 737.925712681719 seconds
230.49875218104535 P26 recvs B20 from P43 
230.62076611436973 P26 recvs B20 from P16 
230.93837148042965 P26 recvs B20 from P75 
231.25896346028577 P26 recvs B20 from P91 
252.62543306666305 P26 recvs B21 from P16 
252.62543306666305 P26 adds B21 to its tree
252.62543306666305 P26 mines for 75.83526256189852 seconds
252.92256162829904 P26 recvs B21 from P35 
253.23890297178494 P26 recvs B21 from P75 
253.33387358733881 P26 recvs B21 from P43 
253.46727889285094 P26 recvs B21 from P91 
258.51589812069426 P26 recvs B22 from P75 
258.51589812069426 P26 adds B22 to its tree
258.51589812069426 P26 mines for 416.47982552755036 seconds
258.8982778162796 P26 recvs B22 from P91 
258.9309605684722 P26 recvs B22 from P43 
259.2838072361179 P26 recvs B22 from P35 
259.53432322054067 P26 recvs B22 from P16 
287.25187181395785 P26 recvs B23 from P35 
287.25187181395785 P26 adds B23 to its tree
287.25187181395785 P26 mines for 323.74973286831744 seconds
287.3322849973021 P26 recvs B23 from P43 
287.355196324488 P26 recvs B23 from P75 
287.372448122778 P26 recvs B23 from P91 
287.6519185571005 P26 recvs B23 from P16 
295.9011211609133 P26 recvs B24 from P35 
295.9011211609133 P26 adds B24 to its tree
295.9011211609133 P26 mines for 155.35504672170703 seconds
296.7356243712657 P26 recvs B24 from P75 
296.74062112279626 P26 recvs B24 from P16 
296.75238374219947 P26 recvs B24 from P43 
296.7840065323664 P26 recvs B24 from P91 
305.3361023150863 P26 recvs B25 from P75 
305.3361023150863 P26 adds B25 to its tree
305.3361023150863 P26 mines for 233.97187685157033 seconds
306.2696363283173 P26 recvs B25 from P91 
306.65941616693794 P26 recvs B25 from P43 
307.1200196311556 P26 recvs B25 from P35 
307.4988053839194 P26 recvs B26 from P16 
307.4988053839194 P26 adds B26 to its tree
308.63242484934324 P26 recvs B26 from P35 
308.67628830565843 P26 recvs B26 from P43 
308.9139301937758 P26 recvs B26 from P91 
308.98691007060967 P26 recvs B26 from P75 
339.895843549923 P26 recvs B27 from P43 
339.895843549923 P26 adds B27 to its tree
339.895843549923 P26 mines for 630.5779716296004 seconds
340.28202912433323 P26 recvs B27 from P35 
340.4617755799388 P26 recvs B27 from P16 
340.98806300442095 P26 recvs B27 from P91 
369.66072422106487 P26 recvs B28 from P16 
369.66072422106487 P26 adds B28 to its tree
369.66072422106487 P26 mines for 892.6298480798459 seconds
370.1454725870761 P26 recvs B28 from P43 
370.4054760805231 P26 recvs B28 from P35 
370.9185066906635 P26 recvs B28 from P91 
371.0891071822734 P26 recvs B28 from P75 
379.7027603163551 P26 recvs B29 from P35 
379.7027603163551 P26 adds B29 to its tree
379.7027603163551 P26 mines for 512.0058851690628 seconds
380.0368042979554 P26 recvs B29 from P43 
380.42666061468213 P26 recvs B29 from P16 
380.69589299528366 P26 recvs B29 from P75 
380.86820852584333 P26 recvs B29 from P91 
387.2306116959032 P26 recvs B30 from P35 
387.2306116959032 P26 adds B30 to its tree
387.2306116959032 P26 mines for 909.0690209136335 seconds
387.7918436614956 P26 recvs B30 from P43 
388.0088441329236 P26 recvs B30 from P16 
388.29990773934855 P26 recvs B30 from P91 
388.4831495836817 P26 recvs B30 from P75 
395.6329836164094 P26 recvs B31 from P43 
395.6329836164094 P26 adds B31 to its tree
395.6329836164094 P26 mines for 293.21581502016636 seconds
396.0431444064283 P26 recvs B31 from P35 
396.14881629346274 P26 recvs B31 from P16 
396.4061010519718 P26 recvs B31 from P75 
396.7128507180527 P26 recvs B31 from P91 
402.21393787915673 P26 recvs B33 from P75 
402.21393787915673 P26 adds B33 to its tree
402.21393787915673 P26 mines for 915.9700185184355 seconds
402.47025209489027 P26 recvs B32 from P91 
402.47025209489027 P26 adds B32 to its tree
402.4897381006422 P26 recvs B33 from P43 
402.6278303324773 P26 recvs B33 from P91 
402.7562327347215 P26 recvs B32 from P43 
402.965640819756 P26 recvs B33 from P35 
403.01314527360086 P26 recvs B32 from P16 
403.04433616955185 P26 recvs B33 from P16 
403.20523226827953 P26 recvs B32 from P35 
403.5634085338785 P26 recvs B32 from P75 
406.32242935407294 P26 recvs B34 from P35 
406.32242935407294 P26 adds B34 to its tree
406.32242935407294 P26 mines for 809.7925806046783 seconds
406.64155923141004 P26 recvs B34 from P43 
406.927229482621 P26 recvs B34 from P16 
407.1465876226321 P26 recvs B34 from P75 
407.3567864511805 P26 recvs B34 from P91 
435.83049601564164 P26 recvs B35 from P16 
435.83049601564164 P26 adds B35 to its tree
435.83049601564164 P26 mines for 1061.254642832822 seconds
436.29575574386394 P26 recvs B35 from P35 
436.4120892691915 P26 recvs B35 from P75 
436.7056156374807 P26 recvs B35 from P43 
436.9980318512721 P26 recvs B35 from P91 
439.1997072611278 P26 recvs B36 from P16 
439.1997072611278 P26 adds B36 to its tree
439.1997072611278 P26 mines for 453.13552238096713 seconds
439.2912682667731 P26 recvs B36 from P43 
439.6908710520877 P26 recvs B36 from P35 
440.0689805748295 P26 recvs B36 from P75 
440.3464448110719 P26 recvs B36 from P91 
446.48192843698246 P26 recvs B37 from P35 
446.48192843698246 P26 adds B37 to its tree
446.48192843698246 P26 mines for 455.75980439164016 seconds
446.81656109284273 P26 recvs B38 from P75 
446.81656109284273 P26 adds B38 to its tree
446.89071898683005 P26 recvs B37 from P43 
446.91151363925877 P26 recvs B38 from P43 
447.01879502219856 P26 recvs B38 from P91 
447.0759489088276 P26 recvs B38 from P35 
447.24892745825804 P26 recvs B38 from P16 
447.2699637730151 P26 recvs B37 from P75 
447.28616710860416 P26 recvs B37 from P16 
447.55587325146627 P26 recvs B37 from P91 
456.12368588733483 P26 recvs B39 from P43 
456.12368588733483 P26 adds B39 to its tree
456.12368588733483 P26 mines for 242.68804480761568 seconds
456.5715411768436 P26 recvs B39 from P35 
456.79122664102994 P26 recvs B39 from P16 
456.9241910109251 P26 recvs B39 from P75 
457.32003745013185 P26 recvs B39 from P91 
476.17993913966063 P26 recvs B40 from P43 
476.17993913966063 P26 adds B40 to its tree
476.17993913966063 P26 mines for 411.6756256973723 seconds
476.6838364508611 P26 recvs B40 from P35 
476.80027589589645 P26 recvs B40 from P16 
477.28664572523195 P26 recvs B40 from P91 
483.4265930271522 P26 recvs B41 from P35 
483.4265930271522 P26 adds B41 to its tree
483.4265930271522 P26 mines for 571.0368813393601 seconds
483.7854969235749 P26 recvs B41 from P16 
483.8746553036059 P26 recvs B41 from P43 
484.01663939501475 P26 recvs B41 from P91 
484.5525853622848 P26 recvs B41 from P75 
493.32280312777107 P26 recvs B42 from P35 
493.32280312777107 P26 adds B42 to its tree
493.32280312777107 P26 mines for 1884.0962495628803 seconds
493.7925781744785 P26 recvs B42 from P43 
494.18498126762717 P26 recvs B42 from P16 
494.5918092576211 P26 recvs B42 from P75 
494.6465432216543 P26 recvs B42 from P91 
501.92423421772355 P26 recvs B43 from P35 
501.92423421772355 P26 adds B43 to its tree
501.92423421772355 P26 mines for 1166.7449866423517 seconds
502.441634643013 P26 recvs B44 from P16 
502.441634643013 P26 adds B44 to its tree
502.55482181324203 P26 recvs B43 from P16 
503.0144086123271 P26 recvs B43 from P91 
503.11295739578964 P26 recvs B43 from P43 
503.12830358601127 P26 recvs B43 from P75 
503.54405473462356 P26 recvs B44 from P43 
503.5655322641591 P26 recvs B44 from P35 
503.81411085465754 P26 recvs B44 from P91 
503.89254717805295 P26 recvs B44 from P75 
525.9121543707603 P26 recvs B45 from P35 
525.9121543707603 P26 adds B45 to its tree
525.9121543707603 P26 mines for 20.1616170982006 seconds
526.2413371559895 P26 recvs B45 from P43 
526.6448274315217 P26 recvs B45 from P16 
526.939743810202 P26 recvs B45 from P75 
527.0511130304691 P26 recvs B45 from P91 
546.0737714689609 P26 mines B46
561.5498248772325 P26 recvs B47 from P35 
561.5498248772325 P26 adds B47 to its tree
561.5498248772325 P26 mines for 66.87407827376076 seconds
562.4145269006789 P26 recvs B47 from P43 
562.4581898118257 P26 recvs B47 from P16 
562.8105204914601 P26 recvs B47 from P75 
563.0185097765698 P26 recvs B47 from P91 
565.2328526666714 P26 recvs B48 from P16 
565.2328526666714 P26 adds B48 to its tree
565.2328526666714 P26 mines for 318.390372995858 seconds
565.9683787488549 P26 recvs B48 from P43 
566.047813161379 P26 recvs B48 from P35 
566.4620264043625 P26 recvs B48 from P91 
566.6604293292985 P26 recvs B48 from P75 
575.7786638652207 P26 recvs B49 from P16 
575.7786638652207 P26 adds B49 to its tree
575.7786638652207 P26 mines for 533.302796352018 seconds
576.819111569902 P26 recvs B49 from P43 
576.8352121820913 P26 recvs B49 from P35 
577.0492974116997 P26 recvs B49 from P91 
577.2346589409964 P26 recvs B49 from P75 
589.1007959428879 P26 recvs B50 from P91 
589.1007959428879 P26 adds B50 to its tree
589.1007959428879 P26 mines for 215.17233857067902 seconds
589.380823271615 P26 recvs B50 from P43 
589.5696975298974 P26 recvs B50 from P16 
589.7330427607795 P26 recvs B50 from P35 
590.177964926947 P26 recvs B50 from P75 
593.5183238512321 P26 recvs B51 from P35 
593.5183238512321 P26 adds B51 to its tree
593.5183238512321 P26 mines for 135.5900284456498 seconds
594.2800235978983 P26 recvs B51 from P16 
594.3121496131052 P26 recvs B51 from P75 
594.3355709454879 P26 recvs B52 from P35 
594.3355709454879 P26 adds B52 to its tree
594.3794234866252 P26 recvs B51 from P43 
594.5665443966551 P26 recvs B51 from P91 
594.5710221157349 P26 recvs B52 from P43 
594.9399645541996 P26 recvs B52 from P16 
595.1814733657934 P26 recvs B52 from P75 
595.33102272902 P26 recvs B52 from P91 
596.565464253373 P26 recvs B53 from P43 
596.565464253373 P26 adds B53 to its tree
596.565464253373 P26 mines for 2043.0054577375188 seconds
597.0322506196687 P26 recvs B53 from P35 
597.0680505276794 P26 recvs B53 from P16 
597.3654051977785 P26 recvs B53 from P75 
597.6886234407409 P26 recvs B53 from P91 
