0 P28 mines for 874.5138853027049 seconds
0.17414530361352368 P28 creates T6
0.5766641385125598 P28 creates T11
5.609333331649809 P28 recvs B2 from P95 
5.609333331649809 P28 adds B2 to its tree
5.609333331649809 P28 mines for 3670.9487273193804 seconds
9.869150730024716 P28 creates T82
24.926649306454756 P28 recvs B3 from P97 
24.926649306454756 P28 adds B3 to its tree
24.926649306454756 P28 mines for 297.8400857569641 seconds
25.195863910115712 P28 recvs B3 from P27 
25.200989343165826 P28 recvs B3 from P95 
26.04666287904683 P28 recvs B3 from P91 
69.80208389931123 P28 recvs B4 from P97 
69.80208389931123 P28 adds B4 to its tree
69.80208389931123 P28 mines for 1969.0976498456057 seconds
77.18698795830905 P28 recvs B5 from P91 
77.18698795830905 P28 adds B5 to its tree
77.18698795830905 P28 mines for 2682.846792983509 seconds
77.245199910949 P28 recvs B5 from P97 
77.28761565983511 P28 recvs B5 from P95 
86.50532746097794 P28 recvs B6 from P97 
86.50532746097794 P28 adds B6 to its tree
86.50532746097794 P28 mines for 3451.7807547589155 seconds
86.90603776983792 P28 recvs B6 from P95 
102.45079021643465 P28 recvs B7 from P97 
102.45079021643465 P28 adds B7 to its tree
102.45079021643465 P28 mines for 5115.457825452726 seconds
102.85972399951456 P28 recvs B7 from P27 
102.87540936417983 P28 recvs B7 from P95 
103.31454235159198 P28 recvs B7 from P91 
110.53422041577326 P28 recvs B8 from P95 
110.53422041577326 P28 adds B8 to its tree
110.53422041577326 P28 mines for 2650.4214686660553 seconds
122.0160356725807 P28 recvs B9 from P97 
122.0160356725807 P28 adds B9 to its tree
122.0160356725807 P28 mines for 6984.465791295555 seconds
122.10276917558446 P28 recvs B9 from P27 
122.38546689892594 P28 recvs B9 from P91 
122.54395130444809 P28 recvs B9 from P95 
130.74929706512575 P28 recvs B10 from P97 
130.74929706512575 P28 adds B10 to its tree
130.74929706512575 P28 mines for 5202.2708636876305 seconds
131.1010327125802 P28 recvs B10 from P95 
131.20399742950792 P28 recvs B10 from P27 
131.67102121182603 P28 recvs B10 from P91 
142.42472029629593 P28 recvs B11 from P95 
142.42472029629593 P28 adds B11 to its tree
142.42472029629593 P28 mines for 358.6480775073791 seconds
142.46636197560554 P28 recvs B11 from P97 
142.55593013703972 P28 recvs B11 from P27 
142.87383436795182 P28 recvs B11 from P91 
155.19938293491663 P28 recvs B12 from P97 
155.19938293491663 P28 adds B12 to its tree
155.19938293491663 P28 mines for 5429.000713571851 seconds
169.86294498694363 P28 recvs B13 from P97 
169.86294498694363 P28 adds B13 to its tree
169.86294498694363 P28 mines for 492.43040413900275 seconds
170.23671875786354 P28 recvs B13 from P27 
185.51446048692853 P28 recvs B14 from P95 
185.51446048692853 P28 adds B14 to its tree
185.51446048692853 P28 mines for 7790.704605606453 seconds
185.8282488105728 P28 recvs B14 from P27 
201.94328940601002 P28 recvs B15 from P95 
201.94328940601002 P28 adds B15 to its tree
201.94328940601002 P28 mines for 4089.2617803948897 seconds
202.0263288394756 P28 recvs B15 from P27 
202.10109693773862 P28 recvs B15 from P97 
213.25579610646133 P28 recvs B16 from P97 
213.25579610646133 P28 adds B16 to its tree
213.25579610646133 P28 mines for 889.7046990408911 seconds
213.5846671341454 P28 recvs B16 from P27 
213.61577040888724 P28 recvs B16 from P95 
213.7765515761792 P28 recvs B17 from P95 
213.7765515761792 P28 adds B17 to its tree
214.29317764835582 P28 recvs B17 from P27 
214.36934489348752 P28 recvs B16 from P91 
214.86726315189216 P28 recvs B17 from P91 
219.998805602698 P28 recvs B18 from P97 
219.998805602698 P28 adds B18 to its tree
219.998805602698 P28 mines for 40.3994830114445 seconds
220.20627123682235 P28 recvs B18 from P95 
220.6812454076802 P28 recvs B18 from P91 
221.8705790178877 P28 recvs B19 from P95 
221.8705790178877 P28 adds B19 to its tree
222.10145270395054 P28 recvs B19 from P97 
222.29781294852017 P28 recvs B19 from P91 
222.3417500794441 P28 recvs B19 from P27 
230.28329139516475 P28 recvs B20 from P95 
230.28329139516475 P28 adds B20 to its tree
230.28329139516475 P28 mines for 992.6404243020761 seconds
230.6165239965056 P28 recvs B20 from P27 
252.53039894322566 P28 recvs B21 from P97 
252.53039894322566 P28 adds B21 to its tree
252.53039894322566 P28 mines for 4256.767928928806 seconds
252.74711760893015 P28 recvs B21 from P27 
258.69899193017096 P28 recvs B22 from P97 
258.69899193017096 P28 adds B22 to its tree
258.69899193017096 P28 mines for 11851.719693838933 seconds
258.9298480137136 P28 recvs B22 from P95 
259.29682687917654 P28 recvs B22 from P91 
286.4950982347659 P28 recvs B23 from P97 
286.4950982347659 P28 adds B23 to its tree
286.4950982347659 P28 mines for 8069.0874128681135 seconds
296.48582664767474 P28 recvs B24 from P95 
296.48582664767474 P28 adds B24 to its tree
296.48582664767474 P28 mines for 424.2472951683654 seconds
297.1852333312445 P28 recvs B24 from P91 
306.3484106341806 P28 recvs B25 from P95 
306.3484106341806 P28 adds B25 to its tree
306.3484106341806 P28 mines for 4963.9518220592 seconds
306.65516284063153 P28 recvs B25 from P91 
308.21489221087353 P28 recvs B26 from P97 
308.21489221087353 P28 adds B26 to its tree
308.70884171665386 P28 recvs B26 from P95 
308.7860884635165 P28 recvs B26 from P27 
309.3091757124711 P28 recvs B26 from P91 
339.9913052207475 P28 recvs B27 from P95 
339.9913052207475 P28 adds B27 to its tree
339.9913052207475 P28 mines for 770.0810134105103 seconds
370.1149426699704 P28 recvs B28 from P27 
370.1149426699704 P28 adds B28 to its tree
370.1149426699704 P28 mines for 5695.500777614898 seconds
370.4577737412445 P28 recvs B28 from P95 
371.30693145599804 P28 recvs B28 from P91 
379.7939823735439 P28 recvs B29 from P95 
379.7939823735439 P28 adds B29 to its tree
379.7939823735439 P28 mines for 3781.7462983709015 seconds
387.45990519808674 P28 recvs B30 from P95 
387.45990519808674 P28 adds B30 to its tree
387.45990519808674 P28 mines for 2651.46397001534 seconds
388.69009834383127 P28 recvs B30 from P91 
395.65791961020574 P28 recvs B31 from P95 
395.65791961020574 P28 adds B31 to its tree
395.65791961020574 P28 mines for 18499.785935417298 seconds
402.41118676349316 P28 recvs B33 from P97 
402.41118676349316 P28 adds B33 to its tree
402.41118676349316 P28 mines for 1170.2177869710506 seconds
402.62462656898924 P28 recvs B33 from P95 
402.8040985214076 P28 recvs B32 from P95 
402.8040985214076 P28 adds B32 to its tree
402.8680430951109 P28 recvs B32 from P91 
402.9763608380226 P28 recvs B32 from P97 
403.0833939888576 P28 recvs B33 from P91 
406.3246590866594 P28 recvs B34 from P95 
406.3246590866594 P28 adds B34 to its tree
406.3246590866594 P28 mines for 8920.12531627635 seconds
435.9826991672782 P28 recvs B35 from P95 
435.9826991672782 P28 adds B35 to its tree
435.9826991672782 P28 mines for 1314.3160651840035 seconds
436.04784580358086 P28 recvs B35 from P27 
436.1722043923929 P28 recvs B35 from P97 
439.3189163605863 P28 recvs B36 from P95 
439.3189163605863 P28 adds B36 to its tree
439.3189163605863 P28 mines for 2011.2412398418855 seconds
446.08169796103465 P28 recvs B38 from P97 
446.08169796103465 P28 adds B38 to its tree
446.08169796103465 P28 mines for 1817.405320866692 seconds
446.59845856401853 P28 recvs B37 from P95 
446.59845856401853 P28 adds B37 to its tree
456.28283710786934 P28 recvs B39 from P95 
456.28283710786934 P28 adds B39 to its tree
456.28283710786934 P28 mines for 303.30387409844155 seconds
476.22517496179 P28 recvs B40 from P95 
476.22517496179 P28 adds B40 to its tree
476.22517496179 P28 mines for 11921.59028268635 seconds
483.07275628859986 P28 recvs B41 from P97 
483.07275628859986 P28 adds B41 to its tree
483.07275628859986 P28 mines for 1367.1963789603758 seconds
483.5367606048327 P28 recvs B41 from P95 
493.55459958000716 P28 recvs B42 from P95 
493.55459958000716 P28 adds B42 to its tree
493.55459958000716 P28 mines for 8803.319303540891 seconds
502.75488657055286 P28 recvs B43 from P95 
502.75488657055286 P28 adds B43 to its tree
502.75488657055286 P28 mines for 738.1666369417641 seconds
503.1121603974849 P28 recvs B44 from P97 
503.1121603974849 P28 adds B44 to its tree
503.2317432994358 P28 recvs B43 from P27 
503.41980520525345 P28 recvs B43 from P91 
503.5285762057608 P28 recvs B44 from P27 
503.5732637650354 P28 recvs B44 from P95 
504.2266286494803 P28 recvs B44 from P91 
526.0990739630483 P28 recvs B45 from P95 
526.0990739630483 P28 adds B45 to its tree
526.0990739630483 P28 mines for 654.1100385281129 seconds
547.8959446410886 P28 recvs B46 from P97 
547.8959446410886 P28 adds B46 to its tree
547.8959446410886 P28 mines for 17771.638249150295 seconds
548.0920562144642 P28 recvs B46 from P27 
548.3459958398948 P28 recvs B46 from P91 
548.4209789524165 P28 recvs B46 from P95 
562.0685077027417 P28 recvs B47 from P95 
562.0685077027417 P28 adds B47 to its tree
562.0685077027417 P28 mines for 4440.364297118419 seconds
562.395518744715 P28 recvs B47 from P27 
565.9550564924214 P28 recvs B48 from P27 
565.9550564924214 P28 adds B48 to its tree
565.9550564924214 P28 mines for 9674.05593760169 seconds
565.9641495761472 P28 recvs B48 from P97 
566.0547508900213 P28 recvs B48 from P95 
566.8552212634788 P28 recvs B48 from P91 
576.5070387770452 P28 recvs B49 from P97 
576.5070387770452 P28 adds B49 to its tree
576.5070387770452 P28 mines for 11465.214686647914 seconds
576.8065795198631 P28 recvs B49 from P95 
576.938733451297 P28 recvs B49 from P27 
577.4344111120372 P28 recvs B49 from P91 
589.414040084644 P28 recvs B50 from P95 
589.414040084644 P28 adds B50 to its tree
589.414040084644 P28 mines for 356.54478579571344 seconds
589.5680935038969 P28 recvs B50 from P97 
589.5899976387171 P28 recvs B50 from P91 
594.049504373348 P28 recvs B51 from P95 
594.049504373348 P28 adds B51 to its tree
594.049504373348 P28 mines for 6310.5422692148795 seconds
594.3396529418042 P28 recvs B52 from P95 
594.3396529418042 P28 adds B52 to its tree
594.6410503194703 P28 recvs B51 from P27 
594.9600590558916 P28 recvs B51 from P91 
596.6221303812041 P28 recvs B53 from P95 
596.6221303812041 P28 adds B53 to its tree
596.6221303812041 P28 mines for 6491.991347970705 seconds
