0 P29 mines for 459.0944615007397 seconds
4.983229976962288 P29 recvs B2 from P18 
4.983229976962288 P29 adds B2 to its tree
4.983229976962288 P29 mines for 678.6094749941408 seconds
5.5907590609471205 P29 recvs B2 from P35 
7.798119398845301 P29 recvs B2 from P52 
12.308213946917395 P29 creates T86
23.665573911544072 P29 recvs B3 from P71 
23.665573911544072 P29 adds B3 to its tree
23.665573911544072 P29 mines for 522.841838024578 seconds
24.304698207416845 P29 recvs B3 from P38 
24.472898596797652 P29 recvs B3 from P33 
26.45401615249236 P29 recvs B3 from P52 
70.35480693533648 P29 recvs B4 from P71 
70.35480693533648 P29 adds B4 to its tree
70.35480693533648 P29 mines for 547.6566042956454 seconds
70.56329341409132 P29 recvs B4 from P33 
70.66762112754677 P29 recvs B4 from P18 
70.79682232512525 P29 recvs B4 from P38 
70.9050345268116 P29 recvs B4 from P35 
71.38941072551934 P29 recvs B4 from P52 
76.3190036431084 P29 recvs B5 from P38 
76.3190036431084 P29 adds B5 to its tree
76.3190036431084 P29 mines for 92.7067220122314 seconds
77.02113213816816 P29 recvs B5 from P18 
77.63973304790046 P29 recvs B5 from P35 
79.03236024004326 P29 recvs B5 from P52 
86.18506745730613 P29 recvs B6 from P18 
86.18506745730613 P29 adds B6 to its tree
86.18506745730613 P29 mines for 35.372770133050935 seconds
86.31279273621116 P29 recvs B6 from P71 
86.871657177193 P29 recvs B6 from P35 
88.13619697377574 P29 recvs B6 from P52 
101.33463701770366 P29 recvs B7 from P71 
101.33463701770366 P29 adds B7 to its tree
101.33463701770366 P29 mines for 375.2105762217563 seconds
101.64973370043505 P29 recvs B7 from P33 
101.95628842708629 P29 recvs B7 from P38 
104.05054679450194 P29 recvs B7 from P52 
110.05818086934961 P29 recvs B8 from P18 
110.05818086934961 P29 adds B8 to its tree
110.05818086934961 P29 mines for 295.5379538052607 seconds
110.47333084501786 P29 recvs B8 from P35 
111.10560770717505 P29 recvs B8 from P38 
112.21233489952232 P29 recvs B8 from P52 
121.397720891944 P29 recvs B9 from P71 
121.397720891944 P29 adds B9 to its tree
121.397720891944 P29 mines for 422.71019780774185 seconds
121.89549335567177 P29 recvs B9 from P38 
122.12060027426772 P29 recvs B9 from P33 
122.38191397440178 P29 recvs B9 from P35 
123.53700554527163 P29 recvs B9 from P52 
129.44112839806527 P29 recvs B10 from P71 
129.44112839806527 P29 adds B10 to its tree
129.44112839806527 P29 mines for 228.56687420210295 seconds
130.1064331782759 P29 recvs B10 from P38 
130.1955666365995 P29 recvs B10 from P33 
132.36666690262547 P29 recvs B10 from P52 
141.45119467909944 P29 recvs B11 from P33 
141.45119467909944 P29 adds B11 to its tree
141.45119467909944 P29 mines for 123.15152646329456 seconds
141.84069161733416 P29 recvs B11 from P71 
141.95987469603762 P29 recvs B11 from P18 
142.32421561045976 P29 recvs B11 from P38 
142.40261081033302 P29 recvs B11 from P35 
143.705537368819 P29 recvs B11 from P52 
155.8054657005004 P29 recvs B12 from P71 
155.8054657005004 P29 adds B12 to its tree
155.8054657005004 P29 mines for 40.51716455657232 seconds
155.87231086666887 P29 recvs B12 from P18 
155.95912405050802 P29 recvs B12 from P33 
156.16975069086394 P29 recvs B12 from P38 
156.2672342111765 P29 recvs B12 from P35 
156.7659312680116 P29 recvs B12 from P52 
169.8497405745175 P29 recvs B13 from P71 
169.8497405745175 P29 adds B13 to its tree
169.8497405745175 P29 mines for 658.698624697446 seconds
170.32217633823507 P29 recvs B13 from P18 
170.37625643149818 P29 recvs B13 from P35 
170.56070939320713 P29 recvs B13 from P38 
170.62073426331767 P29 recvs B13 from P33 
171.4633946948408 P29 recvs B13 from P52 
184.9007627256285 P29 recvs B14 from P18 
184.9007627256285 P29 adds B14 to its tree
184.9007627256285 P29 mines for 645.9406110173658 seconds
185.05797524587004 P29 recvs B14 from P71 
185.08589174029393 P29 recvs B14 from P35 
185.94504321452376 P29 recvs B14 from P38 
187.62983580915227 P29 recvs B14 from P52 
200.8366900710619 P29 recvs B15 from P33 
200.8366900710619 P29 adds B15 to its tree
200.8366900710619 P29 mines for 1095.4802064147364 seconds
211.99930627413147 P29 recvs B16 from P71 
211.99930627413147 P29 adds B16 to its tree
211.99930627413147 P29 mines for 199.30406343999337 seconds
212.66509911374973 P29 recvs B16 from P38 
212.84745286014078 P29 recvs B16 from P33 
213.00206681409503 P29 recvs B17 from P35 
213.00206681409503 P29 adds B17 to its tree
213.13388021637263 P29 recvs B17 from P18 
213.36362031746748 P29 recvs B17 from P71 
214.18323217571844 P29 recvs B17 from P38 
214.84082138321043 P29 recvs B16 from P52 
215.82095336499285 P29 recvs B17 from P52 
219.88866119752478 P29 recvs B18 from P33 
219.88866119752478 P29 adds B18 to its tree
219.88866119752478 P29 mines for 639.1671100983941 seconds
219.933558008742 P29 recvs B18 from P18 
219.96655923597612 P29 recvs B18 from P71 
220.5450736157085 P29 recvs B18 from P38 
220.73107755440623 P29 recvs B18 from P35 
221.21647792812993 P29 recvs B19 from P33 
221.21647792812993 P29 adds B19 to its tree
221.45374517550795 P29 recvs B19 from P18 
221.88891447530358 P29 recvs B19 from P38 
222.16319671896892 P29 recvs B18 from P52 
222.18458731501082 P29 recvs B19 from P35 
223.92552195702314 P29 recvs B19 from P52 
229.64413661164872 P29 recvs B20 from P18 
229.64413661164872 P29 adds B20 to its tree
229.64413661164872 P29 mines for 84.95628666066942 seconds
229.77079214225012 P29 recvs B20 from P35 
229.85571338960756 P29 recvs B20 from P71 
232.15477536562327 P29 recvs B20 from P52 
252.49416171901555 P29 recvs B21 from P71 
252.49416171901555 P29 adds B21 to its tree
252.49416171901555 P29 mines for 13.214115576102799 seconds
252.94047891020134 P29 recvs B21 from P18 
252.96608205770514 P29 recvs B21 from P35 
253.2610989413226 P29 recvs B21 from P38 
253.3066894481426 P29 recvs B21 from P33 
254.4171665019177 P29 recvs B21 from P52 
258.59819147660403 P29 recvs B22 from P33 
258.59819147660403 P29 adds B22 to its tree
258.59819147660403 P29 mines for 420.62586278074804 seconds
258.75859281324557 P29 recvs B22 from P18 
258.9121845460808 P29 recvs B22 from P71 
259.1964524175944 P29 recvs B22 from P38 
259.3557082782942 P29 recvs B22 from P35 
260.91154130452645 P29 recvs B22 from P52 
287.1879967738203 P29 recvs B23 from P71 
287.1879967738203 P29 adds B23 to its tree
287.1879967738203 P29 mines for 886.1778512792429 seconds
287.22441564286936 P29 recvs B23 from P18 
287.2705263810608 P29 recvs B23 from P33 
287.29340795604526 P29 recvs B23 from P35 
287.4588263814661 P29 recvs B23 from P38 
288.13706868189 P29 recvs B23 from P52 
295.9458110936664 P29 recvs B24 from P35 
295.9458110936664 P29 adds B24 to its tree
295.9458110936664 P29 mines for 215.45960256417058 seconds
295.9732433575775 P29 recvs B24 from P71 
296.4851014537913 P29 recvs B24 from P18 
296.6454499954912 P29 recvs B24 from P38 
296.9523620600377 P29 recvs B24 from P33 
298.34134969386577 P29 recvs B24 from P52 
306.0884895600058 P29 recvs B25 from P38 
306.0884895600058 P29 adds B25 to its tree
306.0884895600058 P29 mines for 947.9894128913405 seconds
306.43949019718355 P29 recvs B25 from P33 
306.49510867262853 P29 recvs B25 from P18 
306.52394424470987 P29 recvs B25 from P71 
307.050996379177 P29 recvs B26 from P71 
307.050996379177 P29 adds B26 to its tree
307.16655749517076 P29 recvs B25 from P35 
307.68979469842407 P29 recvs B26 from P38 
307.8357367874082 P29 recvs B26 from P33 
308.3536187686712 P29 recvs B25 from P52 
309.85094613123744 P29 recvs B26 from P52 
339.70178453475313 P29 recvs B27 from P71 
339.70178453475313 P29 adds B27 to its tree
339.70178453475313 P29 mines for 197.7277433321328 seconds
339.71547672729605 P29 recvs B27 from P18 
340.3021525966996 P29 recvs B27 from P33 
340.3404590139935 P29 recvs B27 from P35 
340.5468922816111 P29 recvs B27 from P38 
342.0300399028381 P29 recvs B27 from P52 
368.85019808410044 P29 recvs B28 from P71 
368.85019808410044 P29 adds B28 to its tree
368.85019808410044 P29 mines for 204.55502535248561 seconds
369.3115361606101 P29 recvs B28 from P33 
369.80267523621836 P29 recvs B28 from P38 
371.86390289402044 P29 recvs B28 from P52 
379.1817483091698 P29 recvs B29 from P18 
379.1817483091698 P29 adds B29 to its tree
379.1817483091698 P29 mines for 811.1375619126404 seconds
379.7478620620143 P29 recvs B29 from P35 
381.94104642038974 P29 recvs B29 from P52 
386.8019957275146 P29 recvs B30 from P18 
386.8019957275146 P29 adds B30 to its tree
386.8019957275146 P29 mines for 1202.3985945135792 seconds
387.2723923757188 P29 recvs B30 from P35 
388.937367769036 P29 recvs B30 from P52 
395.3613032302841 P29 recvs B31 from P71 
395.3613032302841 P29 adds B31 to its tree
395.3613032302841 P29 mines for 2259.8617453431675 seconds
395.4949473882772 P29 recvs B31 from P18 
396.08646003858473 P29 recvs B31 from P35 
396.3565448815278 P29 recvs B31 from P38 
397.92767179797136 P29 recvs B31 from P52 
402.0075255203674 P29 recvs B32 from P38 
402.0075255203674 P29 adds B32 to its tree
402.0075255203674 P29 mines for 293.3570926735919 seconds
402.25904034656054 P29 recvs B33 from P33 
402.25904034656054 P29 adds B33 to its tree
402.295464038898 P29 recvs B33 from P71 
402.3791687135093 P29 recvs B33 from P18 
402.5869701059317 P29 recvs B32 from P71 
402.59238488476905 P29 recvs B32 from P18 
402.90133727425547 P29 recvs B33 from P38 
403.0107328571248 P29 recvs B33 from P35 
403.30735871433905 P29 recvs B32 from P35 
404.5807863610414 P29 recvs B33 from P52 
404.78335720551223 P29 recvs B32 from P52 
405.66189895844894 P29 recvs B34 from P18 
405.66189895844894 P29 adds B34 to its tree
405.66189895844894 P29 mines for 876.8405228517931 seconds
406.38555111353594 P29 recvs B34 from P35 
408.5044042358559 P29 recvs B34 from P52 
434.8609927097098 P29 recvs B35 from P33 
434.8609927097098 P29 adds B35 to its tree
434.8609927097098 P29 mines for 195.52598071550113 seconds
438.72659103208485 P29 recvs B36 from P71 
438.72659103208485 P29 adds B36 to its tree
438.72659103208485 P29 mines for 286.0620766360409 seconds
439.09821568091996 P29 recvs B36 from P18 
439.41906900721455 P29 recvs B36 from P33 
439.43112990832196 P29 recvs B36 from P38 
439.8155121861134 P29 recvs B36 from P35 
441.29196999526596 P29 recvs B36 from P52 
445.9803168510271 P29 recvs B37 from P18 
445.9803168510271 P29 adds B37 to its tree
445.9803168510271 P29 mines for 310.67585690386477 seconds
446.5248463002283 P29 recvs B37 from P35 
446.5867231672207 P29 recvs B38 from P18 
446.5867231672207 P29 adds B38 to its tree
446.6006206344649 P29 recvs B38 from P71 
446.9160087510772 P29 recvs B38 from P33 
447.13401224333904 P29 recvs B38 from P35 
447.50502219097785 P29 recvs B38 from P38 
448.10416683350275 P29 recvs B37 from P52 
448.4121491725503 P29 recvs B38 from P52 
455.99762448292284 P29 recvs B39 from P71 
455.99762448292284 P29 adds B39 to its tree
455.99762448292284 P29 mines for 246.40454111252328 seconds
456.0316919441532 P29 recvs B39 from P18 
456.639420417132 P29 recvs B39 from P35 
456.8592489220163 P29 recvs B39 from P38 
458.17923431766565 P29 recvs B39 from P52 
476.01578451474126 P29 recvs B40 from P71 
476.01578451474126 P29 adds B40 to its tree
476.01578451474126 P29 mines for 704.1807217693673 seconds
476.0537823789776 P29 recvs B40 from P18 
476.73660517501753 P29 recvs B40 from P35 
476.89858355526803 P29 recvs B40 from P38 
478.5766719931372 P29 recvs B40 from P52 
482.8488228414332 P29 recvs B41 from P71 
482.8488228414332 P29 adds B41 to its tree
482.8488228414332 P29 mines for 172.2034652580213 seconds
482.8739573152533 P29 recvs B41 from P18 
483.5312827922467 P29 recvs B41 from P35 
483.92683993107437 P29 recvs B41 from P38 
484.68290210539317 P29 recvs B41 from P52 
492.9167448645271 P29 recvs B42 from P18 
492.9167448645271 P29 adds B42 to its tree
492.9167448645271 P29 mines for 132.7909360703372 seconds
493.36154288770996 P29 recvs B42 from P35 
494.6576231064119 P29 recvs B42 from P52 
501.9319478129341 P29 recvs B44 from P71 
501.9319478129341 P29 adds B44 to its tree
501.9319478129341 P29 mines for 746.2347285713053 seconds
501.97810688080557 P29 recvs B43 from P35 
501.97810688080557 P29 adds B43 to its tree
502.11097326557274 P29 recvs B43 from P71 
502.13841149567065 P29 recvs B43 from P18 
502.42556309618317 P29 recvs B43 from P33 
502.4960926091706 P29 recvs B43 from P38 
502.5939578133657 P29 recvs B44 from P38 
502.71929047401676 P29 recvs B44 from P33 
504.7147514889013 P29 recvs B43 from P52 
504.7312690642352 P29 recvs B44 from P52 
525.3169692091448 P29 recvs B45 from P18 
525.3169692091448 P29 adds B45 to its tree
525.3169692091448 P29 mines for 1326.9369705876989 seconds
525.9601201850421 P29 recvs B45 from P35 
528.1528974257179 P29 recvs B45 from P52 
547.3643564986987 P29 recvs B46 from P71 
547.3643564986987 P29 adds B46 to its tree
547.3643564986987 P29 mines for 1238.166203224343 seconds
547.8299770948604 P29 recvs B46 from P38 
548.0942741606474 P29 recvs B46 from P33 
548.3158323720196 P29 recvs B46 from P35 
549.5561647517544 P29 recvs B46 from P52 
561.4679113014444 P29 recvs B47 from P18 
561.4679113014444 P29 adds B47 to its tree
561.4679113014444 P29 mines for 96.55245922782136 seconds
561.5893183625789 P29 recvs B47 from P35 
564.0567023252847 P29 recvs B47 from P52 
564.4247239229235 P29 recvs B48 from P71 
564.4247239229235 P29 adds B48 to its tree
564.4247239229235 P29 mines for 610.5309400544852 seconds
565.3487079079595 P29 recvs B48 from P38 
567.5765412847816 P29 recvs B48 from P52 
575.2349355238235 P29 recvs B49 from P71 
575.2349355238235 P29 adds B49 to its tree
575.2349355238235 P29 mines for 1091.9298103202875 seconds
575.915227785679 P29 recvs B49 from P38 
576.0115894431362 P29 recvs B49 from P33 
578.1146203762734 P29 recvs B49 from P52 
588.6078106156665 P29 recvs B50 from P38 
588.6078106156665 P29 adds B50 to its tree
588.6078106156665 P29 mines for 10.125659727590115 seconds
589.1439153653478 P29 recvs B50 from P18 
589.7734519703943 P29 recvs B50 from P35 
591.385916772797 P29 recvs B50 from P52 
593.5427260103197 P29 recvs B51 from P71 
593.5427260103197 P29 adds B51 to its tree
593.5427260103197 P29 mines for 128.57400188235243 seconds
593.5775715068547 P29 recvs B51 from P35 
593.6545938070516 P29 recvs B52 from P18 
593.6545938070516 P29 adds B52 to its tree
594.0459437079962 P29 recvs B51 from P18 
594.116808310695 P29 recvs B51 from P38 
594.382118092776 P29 recvs B51 from P33 
594.3831599598062 P29 recvs B52 from P35 
595.970839362485 P29 recvs B51 from P52 
596.3371895111137 P29 recvs B53 from P71 
596.3371895111137 P29 adds B53 to its tree
596.3371895111137 P29 mines for 947.0763023240404 seconds
596.4711476713841 P29 recvs B52 from P52 
596.5135418651734 P29 recvs B53 from P18 
597.097032171096 P29 recvs B53 from P35 
597.1936744284914 P29 recvs B53 from P38 
598.5369910415657 P29 recvs B53 from P52 
