0 P30 mines for 269.9511672428123 seconds
5.2917768889690215 P30 recvs B2 from P48 
5.2917768889690215 P30 adds B2 to its tree
5.2917768889690215 P30 mines for 838.5971666546814 seconds
5.795019548090276 P30 recvs B2 from P51 
6.223091329778438 P30 recvs B2 from P46 
6.525326980193328 P30 recvs B2 from P15 
6.66955142783518 P30 recvs B2 from P42 
7.395237559200241 P30 creates T65
23.712364818276946 P30 recvs B3 from P51 
23.712364818276946 P30 adds B3 to its tree
23.712364818276946 P30 mines for 1279.912420057562 seconds
24.368636763380234 P30 recvs B3 from P46 
24.60268401178529 P30 recvs B3 from P42 
24.90115322779612 P30 recvs B3 from P48 
70.47449228577426 P30 recvs B4 from P48 
70.47449228577426 P30 adds B4 to its tree
70.47449228577426 P30 mines for 207.1167942926236 seconds
70.66785360516992 P30 recvs B4 from P51 
71.10696055772229 P30 recvs B4 from P46 
71.21025938645951 P30 recvs B4 from P42 
71.23122407895703 P30 recvs B4 from P15 
76.95542199705662 P30 recvs B5 from P48 
76.95542199705662 P30 adds B5 to its tree
76.95542199705662 P30 mines for 1492.5692668532274 seconds
77.18046143016666 P30 recvs B5 from P51 
77.67563725606011 P30 recvs B5 from P46 
77.76160630280116 P30 recvs B5 from P15 
77.79259937780826 P30 recvs B5 from P42 
86.5257999945571 P30 recvs B6 from P48 
86.5257999945571 P30 adds B6 to its tree
86.5257999945571 P30 mines for 378.8750086317585 seconds
86.85384599014094 P30 recvs B6 from P51 
87.18483714772677 P30 recvs B6 from P46 
87.76560609014749 P30 recvs B6 from P15 
87.8756292742147 P30 recvs B6 from P42 
101.36846960311225 P30 recvs B7 from P51 
101.36846960311225 P30 adds B7 to its tree
101.36846960311225 P30 mines for 774.8372897201016 seconds
101.66337157845774 P30 recvs B7 from P46 
102.30273323125016 P30 recvs B7 from P42 
102.57308389564257 P30 recvs B7 from P48 
110.39848573121945 P30 recvs B8 from P48 
110.39848573121945 P30 adds B8 to its tree
110.39848573121945 P30 mines for 78.64104433644088 seconds
110.46309470936724 P30 recvs B8 from P15 
110.90538965915752 P30 recvs B8 from P51 
111.42717448341267 P30 recvs B8 from P46 
111.65795735803839 P30 recvs B8 from P42 
121.32237700476101 P30 recvs B9 from P51 
121.32237700476101 P30 adds B9 to its tree
121.32237700476101 P30 mines for 693.0797984917788 seconds
121.74006567825393 P30 recvs B9 from P42 
121.94870295968683 P30 recvs B9 from P46 
122.24348448143911 P30 recvs B9 from P48 
129.48883247114773 P30 recvs B10 from P51 
129.48883247114773 P30 adds B10 to its tree
129.48883247114773 P30 mines for 360.82580724470665 seconds
129.9992563218348 P30 recvs B10 from P46 
130.49426339240307 P30 recvs B10 from P42 
130.75466518740015 P30 recvs B10 from P48 
142.19065085668538 P30 recvs B11 from P51 
142.19065085668538 P30 adds B11 to its tree
142.19065085668538 P30 mines for 903.5994781509634 seconds
142.34173170955702 P30 recvs B11 from P48 
142.5495947676099 P30 recvs B11 from P42 
142.57408369632057 P30 recvs B11 from P15 
142.6268018654076 P30 recvs B11 from P46 
155.78694333338595 P30 recvs B12 from P48 
155.78694333338595 P30 adds B12 to its tree
155.78694333338595 P30 mines for 674.9194309475398 seconds
156.18117945290138 P30 recvs B12 from P51 
156.58129439759233 P30 recvs B12 from P46 
156.5912761897121 P30 recvs B12 from P15 
156.64471288964913 P30 recvs B12 from P42 
170.17019133951135 P30 recvs B13 from P51 
170.17019133951135 P30 adds B13 to its tree
170.17019133951135 P30 mines for 426.6666214408105 seconds
170.17386674817948 P30 recvs B13 from P42 
170.48024620349045 P30 recvs B13 from P48 
170.61743288166292 P30 recvs B13 from P46 
171.06359270822082 P30 recvs B13 from P99 
171.25717200145482 P30 recvs B13 from P15 
185.18646881322974 P30 recvs B14 from P48 
185.18646881322974 P30 adds B14 to its tree
185.18646881322974 P30 mines for 27.53006737087194 seconds
185.33481142640466 P30 recvs B14 from P51 
185.7318124768542 P30 recvs B14 from P46 
186.16397180993522 P30 recvs B14 from P15 
186.2265011683629 P30 recvs B14 from P42 
202.04588179485214 P30 recvs B15 from P51 
202.04588179485214 P30 adds B15 to its tree
202.04588179485214 P30 mines for 169.75837358951532 seconds
202.19092910404245 P30 recvs B15 from P48 
202.28625066248534 P30 recvs B15 from P42 
202.4790065886338 P30 recvs B15 from P46 
202.9053774125017 P30 recvs B15 from P99 
212.06515097386085 P30 recvs B16 from P51 
212.06515097386085 P30 adds B16 to its tree
212.06515097386085 P30 mines for 1667.6855456559892 seconds
212.645970650375 P30 recvs B16 from P46 
212.97263962100627 P30 recvs B16 from P42 
213.26563747918124 P30 recvs B16 from P48 
213.46698414189834 P30 recvs B17 from P48 
213.46698414189834 P30 adds B17 to its tree
213.60186790040134 P30 recvs B17 from P51 
214.042789468756 P30 recvs B17 from P46 
214.24611796608363 P30 recvs B17 from P15 
214.49884774657224 P30 recvs B17 from P42 
219.85654410173214 P30 recvs B18 from P48 
219.85654410173214 P30 adds B18 to its tree
219.85654410173214 P30 mines for 31.874803233218874 seconds
220.29730333313213 P30 recvs B18 from P51 
220.48913917881725 P30 recvs B18 from P99 
220.6724459614278 P30 recvs B18 from P46 
221.1376962388181 P30 recvs B18 from P15 
221.22834130007007 P30 recvs B18 from P42 
221.764275921065 P30 recvs B19 from P48 
221.764275921065 P30 adds B19 to its tree
222.42030424415597 P30 recvs B19 from P51 
222.59891102631178 P30 recvs B19 from P42 
222.63047536005814 P30 recvs B19 from P99 
222.80913492537667 P30 recvs B19 from P46 
223.32213362595914 P30 recvs B19 from P15 
229.94970256160514 P30 recvs B20 from P48 
229.94970256160514 P30 adds B20 to its tree
229.94970256160514 P30 mines for 170.70268451134032 seconds
230.20683553332466 P30 recvs B20 from P51 
230.6435026442233 P30 recvs B20 from P46 
230.99830423858106 P30 recvs B20 from P42 
231.00498011683877 P30 recvs B20 from P15 
252.6434559371813 P30 recvs B21 from P42 
252.6434559371813 P30 adds B21 to its tree
252.6434559371813 P30 mines for 33.84315011140123 seconds
252.76975917152353 P30 recvs B21 from P51 
253.13036831877594 P30 recvs B21 from P48 
253.1811812771017 P30 recvs B21 from P46 
253.67691887946427 P30 recvs B21 from P99 
253.95062167458542 P30 recvs B21 from P15 
258.6206174628732 P30 recvs B22 from P48 
258.6206174628732 P30 adds B22 to its tree
258.6206174628732 P30 mines for 1906.2885791693775 seconds
259.05582258472805 P30 recvs B22 from P51 
259.1958334142608 P30 recvs B22 from P99 
259.5322188244875 P30 recvs B22 from P46 
259.88791620804807 P30 recvs B22 from P15 
259.9243145919936 P30 recvs B22 from P42 
287.12328246969406 P30 recvs B23 from P48 
287.12328246969406 P30 adds B23 to its tree
287.12328246969406 P30 mines for 132.48480185810638 seconds
287.4116996833671 P30 recvs B23 from P51 
287.92280457373033 P30 recvs B23 from P46 
287.92570097667254 P30 recvs B23 from P42 
287.95353229127835 P30 recvs B23 from P15 
288.0161371914583 P30 recvs B23 from P99 
296.29857346466 P30 recvs B24 from P51 
296.29857346466 P30 adds B24 to its tree
296.29857346466 P30 mines for 275.03753242743085 seconds
296.78218962597884 P30 recvs B24 from P48 
296.785444895159 P30 recvs B24 from P46 
296.8928567636948 P30 recvs B24 from P42 
297.16122789291956 P30 recvs B24 from P15 
297.4257865151296 P30 recvs B24 from P99 
306.4195935382804 P30 recvs B25 from P48 
306.4195935382804 P30 adds B25 to its tree
306.4195935382804 P30 mines for 366.14344903729335 seconds
306.55239912687586 P30 recvs B25 from P51 
306.9289944401342 P30 recvs B25 from P42 
307.07297382683186 P30 recvs B26 from P51 
307.07297382683186 P30 adds B26 to its tree
307.1180736943291 P30 recvs B25 from P99 
307.2265062081532 P30 recvs B25 from P46 
307.6800917201595 P30 recvs B26 from P46 
307.8131992655523 P30 recvs B25 from P15 
307.94259437410904 P30 recvs B26 from P42 
308.3588457254537 P30 recvs B26 from P48 
339.62067880593094 P30 recvs B27 from P48 
339.62067880593094 P30 adds B27 to its tree
339.62067880593094 P30 mines for 166.55100693917257 seconds
340.0593406272929 P30 recvs B27 from P51 
340.06775932567797 P30 recvs B27 from P46 
340.897640945427 P30 recvs B27 from P15 
340.90250978556134 P30 recvs B27 from P42 
369.2163590244315 P30 recvs B28 from P51 
369.2163590244315 P30 adds B28 to its tree
369.2163590244315 P30 mines for 341.76494564918073 seconds
369.6438999759083 P30 recvs B28 from P46 
370.150528730716 P30 recvs B28 from P42 
370.16735110626155 P30 recvs B28 from P48 
379.4863128920611 P30 recvs B29 from P48 
379.4863128920611 P30 adds B29 to its tree
379.4863128920611 P30 mines for 5.983176544474214 seconds
379.97861334802303 P30 recvs B29 from P51 
380.40461079147457 P30 recvs B29 from P46 
380.6214840129932 P30 recvs B29 from P15 
380.86816058336734 P30 recvs B29 from P42 
385.4694894365353 P30 mines B30
387.1379383007265 P30 recvs B30 from P48 
387.5915784030695 P30 recvs B30 from P51 
395.3501781348933 P30 recvs B31 from P48 
395.3501781348933 P30 adds B31 to its tree
395.3501781348933 P30 mines for 1424.4732661649452 seconds
395.7091943985968 P30 recvs B31 from P51 
396.0697837125649 P30 recvs B31 from P46 
396.5599357516439 P30 recvs B31 from P42 
396.58695731272184 P30 recvs B31 from P15 
402.3128416890378 P30 recvs B33 from P48 
402.3128416890378 P30 adds B33 to its tree
402.3128416890378 P30 mines for 111.75744323426927 seconds
402.5078500826541 P30 recvs B32 from P48 
402.5078500826541 P30 adds B32 to its tree
402.6163743192403 P30 recvs B33 from P51 
402.86894180751165 P30 recvs B33 from P99 
402.90788023042734 P30 recvs B32 from P51 
403.03625096344336 P30 recvs B33 from P46 
403.29562236464426 P30 recvs B32 from P15 
403.38406252295425 P30 recvs B32 from P46 
403.4373164838658 P30 recvs B32 from P42 
403.58048140754534 P30 recvs B33 from P42 
403.60460679817726 P30 recvs B33 from P15 
405.99340244362554 P30 recvs B34 from P48 
405.99340244362554 P30 adds B34 to its tree
405.99340244362554 P30 mines for 846.7263209081475 seconds
406.4662651771235 P30 recvs B34 from P51 
406.86586789294796 P30 recvs B34 from P46 
407.1536116110157 P30 recvs B34 from P15 
407.3914866050323 P30 recvs B34 from P42 
436.11292549393744 P30 recvs B35 from P51 
436.11292549393744 P30 adds B35 to its tree
436.11292549393744 P30 mines for 62.562928791065765 seconds
436.2533641022552 P30 recvs B35 from P42 
436.2819874564541 P30 recvs B35 from P48 
436.47381972217835 P30 recvs B35 from P46 
436.8766966394032 P30 recvs B35 from P99 
437.3332402475883 P30 recvs B35 from P15 
438.79316584027663 P30 recvs B36 from P51 
438.79316584027663 P30 adds B36 to its tree
438.79316584027663 P30 mines for 1590.6131524127904 seconds
439.0206308409219 P30 recvs B36 from P48 
439.3241176421428 P30 recvs B36 from P46 
439.62021977334507 P30 recvs B36 from P42 
446.2675709445419 P30 recvs B37 from P48 
446.2675709445419 P30 adds B37 to its tree
446.2675709445419 P30 mines for 450.4267944513988 seconds
446.50929180531443 P30 recvs B38 from P48 
446.50929180531443 P30 adds B38 to its tree
446.5306784283963 P30 recvs B37 from P15 
446.8268927633963 P30 recvs B37 from P51 
446.89097775908925 P30 recvs B38 from P51 
447.2570588641912 P30 recvs B37 from P46 
447.29654518559636 P30 recvs B38 from P46 
447.51878825940986 P30 recvs B38 from P15 
447.6948429885279 P30 recvs B37 from P42 
447.71762966966816 P30 recvs B38 from P42 
455.92614250997866 P30 recvs B39 from P48 
455.92614250997866 P30 adds B39 to its tree
455.92614250997866 P30 mines for 845.5737877606663 seconds
456.3517563160717 P30 recvs B39 from P51 
456.91364072739725 P30 recvs B39 from P46 
457.1778438381406 P30 recvs B39 from P15 
457.286540554692 P30 recvs B39 from P42 
475.9131227335404 P30 recvs B40 from P48 
475.9131227335404 P30 adds B40 to its tree
475.9131227335404 P30 mines for 273.93718571470475 seconds
476.3163447226154 P30 recvs B40 from P51 
476.76932542554556 P30 recvs B40 from P46 
477.21213500930696 P30 recvs B40 from P15 
477.26384644552485 P30 recvs B40 from P42 
483.2280344009018 P30 recvs B41 from P48 
483.2280344009018 P30 adds B41 to its tree
483.2280344009018 P30 mines for 1116.519561497761 seconds
483.3442037031778 P30 recvs B41 from P51 
483.7926423007253 P30 recvs B41 from P46 
484.26008485000926 P30 recvs B41 from P42 
484.34136465752835 P30 recvs B41 from P15 
493.22298691967046 P30 recvs B42 from P48 
493.22298691967046 P30 adds B42 to its tree
493.22298691967046 P30 mines for 582.6940476567513 seconds
493.7358425958063 P30 recvs B42 from P51 
494.16271619941836 P30 recvs B42 from P46 
494.19221344525 P30 recvs B42 from P15 
494.6287152511687 P30 recvs B42 from P42 
502.00132678777396 P30 recvs B44 from P51 
502.00132678777396 P30 adds B44 to its tree
502.00132678777396 P30 mines for 54.50198139048387 seconds
502.18030042014425 P30 recvs B43 from P51 
502.18030042014425 P30 adds B43 to its tree
502.409589940735 P30 recvs B43 from P46 
502.450632062688 P30 recvs B43 from P48 
502.52586469384045 P30 recvs B44 from P46 
502.89473459466154 P30 recvs B44 from P42 
502.97212274229514 P30 recvs B43 from P42 
503.2042039425651 P30 recvs B43 from P15 
503.2764583272092 P30 recvs B44 from P48 
525.6736244398782 P30 recvs B45 from P48 
525.6736244398782 P30 adds B45 to its tree
525.6736244398782 P30 mines for 1764.128165409758 seconds
526.1379928780584 P30 recvs B45 from P51 
526.5042135827836 P30 recvs B45 from P46 
526.8256059648969 P30 recvs B45 from P15 
527.1193482750467 P30 recvs B45 from P42 
547.2452699067211 P30 recvs B46 from P51 
547.2452699067211 P30 adds B46 to its tree
547.2452699067211 P30 mines for 466.27645853734856 seconds
547.6585864069725 P30 recvs B46 from P42 
547.9024865334318 P30 recvs B46 from P46 
548.126466234458 P30 recvs B46 from P48 
561.7729265593825 P30 recvs B47 from P48 
561.7729265593825 P30 adds B47 to its tree
561.7729265593825 P30 mines for 180.93834629451206 seconds
562.0943951324062 P30 recvs B47 from P51 
562.4297980306563 P30 recvs B47 from P46 
562.7677709231439 P30 recvs B47 from P15 
562.7727316438645 P30 recvs B47 from P42 
564.7732268467903 P30 recvs B48 from P51 
564.7732268467903 P30 adds B48 to its tree
564.7732268467903 P30 mines for 1806.1999447798835 seconds
565.1982567296961 P30 recvs B48 from P46 
565.6846684467063 P30 recvs B48 from P42 
565.7206314839292 P30 recvs B48 from P48 
575.3299527027363 P30 recvs B49 from P51 
575.3299527027363 P30 adds B49 to its tree
575.3299527027363 P30 mines for 446.6434240170859 seconds
575.7981256413311 P30 recvs B49 from P46 
576.2045856319413 P30 recvs B49 from P42 
576.469678926962 P30 recvs B49 from P48 
589.0635490523789 P30 recvs B50 from P48 
589.0635490523789 P30 adds B50 to its tree
589.0635490523789 P30 mines for 378.45211678935675 seconds
589.5356939193049 P30 recvs B50 from P51 
589.8990586244446 P30 recvs B50 from P15 
589.9391182019303 P30 recvs B50 from P46 
590.0012365427923 P30 recvs B50 from P42 
593.8098733002687 P30 recvs B51 from P51 
593.8098733002687 P30 adds B51 to its tree
593.8098733002687 P30 mines for 1130.637668094539 seconds
594.002557225528 P30 recvs B52 from P48 
594.002557225528 P30 adds B52 to its tree
594.2739093629755 P30 recvs B51 from P46 
594.3358659760164 P30 recvs B51 from P48 
594.4835964816145 P30 recvs B51 from P42 
594.4956709597407 P30 recvs B52 from P51 
594.7876060222934 P30 recvs B51 from P15 
594.8452329411456 P30 recvs B51 from P99 
594.9178781857756 P30 recvs B52 from P46 
595.2466146508908 P30 recvs B52 from P15 
595.3730693351692 P30 recvs B52 from P42 
596.3225071919926 P30 recvs B53 from P48 
596.3225071919926 P30 adds B53 to its tree
596.3225071919926 P30 mines for 622.5097824352151 seconds
596.6213792420341 P30 recvs B53 from P51 
597.030344466381 P30 recvs B53 from P46 
597.5310682056008 P30 recvs B53 from P42 
597.579698282452 P30 recvs B53 from P15 
