0 P31 mines for 2262.7518327372454 seconds
4.575455323197945 P31 creates T50
5.73418402607044 P31 recvs B2 from P98 
5.73418402607044 P31 adds B2 to its tree
5.73418402607044 P31 mines for 5153.343789062123 seconds
6.021160893860015 P31 recvs B2 from P95 
6.3901452443144455 P31 recvs B2 from P39 
6.763082079296934 P31 recvs B2 from P23 
7.338453872322339 P31 recvs B2 from P12 
7.859352612259256 P31 creates T69
25.3071548628502 P31 recvs B3 from P98 
25.3071548628502 P31 adds B3 to its tree
25.3071548628502 P31 mines for 16997.27973472452 seconds
25.59042785071311 P31 recvs B3 from P95 
25.633467325010514 P31 recvs B3 from P12 
25.83193065938861 P31 recvs B3 from P39 
26.05472514667573 P31 recvs B3 from P23 
70.80649876959791 P31 recvs B4 from P95 
70.80649876959791 P31 adds B4 to its tree
70.80649876959791 P31 mines for 1149.9119917295154 seconds
71.02859710638731 P31 recvs B4 from P98 
71.05539732814675 P31 recvs B4 from P23 
71.86760951690445 P31 recvs B4 from P39 
72.22519043319865 P31 recvs B4 from P12 
77.63556698166057 P31 recvs B5 from P12 
77.63556698166057 P31 adds B5 to its tree
77.63556698166057 P31 mines for 5972.403771598415 seconds
77.67610468263618 P31 recvs B5 from P95 
78.14055860375369 P31 recvs B5 from P23 
78.35954151818383 P31 recvs B5 from P98 
78.37389760234238 P31 recvs B5 from P39 
87.29899251529677 P31 recvs B6 from P95 
87.29899251529677 P31 adds B6 to its tree
87.29899251529677 P31 mines for 4772.764141978984 seconds
87.58262294200506 P31 recvs B6 from P23 
87.72314519526108 P31 recvs B6 from P98 
88.02405267356492 P31 recvs B6 from P39 
88.37638491857076 P31 recvs B6 from P12 
102.96348306471393 P31 recvs B7 from P98 
102.96348306471393 P31 adds B7 to its tree
102.96348306471393 P31 mines for 2011.6625801921537 seconds
103.22424248361912 P31 recvs B7 from P12 
103.25527734727837 P31 recvs B7 from P95 
103.47784544255458 P31 recvs B7 from P39 
103.50037791338758 P31 recvs B7 from P23 
109.4492067769626 P31 recvs B8 from P39 
109.4492067769626 P31 adds B8 to its tree
109.4492067769626 P31 mines for 3856.5272360048975 seconds
122.01501509760692 P31 recvs B9 from P98 
122.01501509760692 P31 adds B9 to its tree
122.01501509760692 P31 mines for 9393.242424885868 seconds
122.92632382613871 P31 recvs B9 from P95 
123.14885252382223 P31 recvs B9 from P23 
123.32194159745411 P31 recvs B9 from P12 
123.42301875694781 P31 recvs B9 from P39 
131.2025562270061 P31 recvs B10 from P98 
131.2025562270061 P31 adds B10 to its tree
131.2025562270061 P31 mines for 11640.177692556565 seconds
131.304779156251 P31 recvs B10 from P12 
131.49401992899996 P31 recvs B10 from P95 
131.67041071664897 P31 recvs B10 from P39 
131.74107576401562 P31 recvs B10 from P23 
141.54298487427195 P31 recvs B11 from P98 
141.54298487427195 P31 adds B11 to its tree
141.54298487427195 P31 mines for 1007.9768958724873 seconds
142.69961082851228 P31 recvs B11 from P23 
142.84049189606918 P31 recvs B11 from P95 
142.84580991571383 P31 recvs B11 from P12 
142.97381980998134 P31 recvs B11 from P39 
156.16771709044397 P31 recvs B12 from P95 
156.16771709044397 P31 adds B12 to its tree
156.16771709044397 P31 mines for 4208.6446939250945 seconds
156.35705156599653 P31 recvs B12 from P23 
156.4290312404003 P31 recvs B12 from P98 
157.30450894530492 P31 recvs B12 from P39 
157.54628598922886 P31 recvs B12 from P12 
170.8602099034594 P31 recvs B13 from P95 
170.8602099034594 P31 adds B13 to its tree
170.8602099034594 P31 mines for 4631.305904906934 seconds
170.9989160868588 P31 recvs B13 from P23 
171.0141726213167 P31 recvs B13 from P12 
171.2071605431613 P31 recvs B13 from P39 
171.23574040287824 P31 recvs B13 from P98 
184.9972709076153 P31 recvs B14 from P98 
184.9972709076153 P31 adds B14 to its tree
184.9972709076153 P31 mines for 5407.108107304232 seconds
185.45837321306757 P31 recvs B14 from P39 
185.59986624302235 P31 recvs B14 from P23 
185.9141643935497 P31 recvs B14 from P95 
186.9362114412529 P31 recvs B14 from P12 
200.8504122861644 P31 recvs B15 from P98 
200.8504122861644 P31 adds B15 to its tree
200.8504122861644 P31 mines for 3973.378461062762 seconds
213.4486709184903 P31 recvs B17 from P39 
213.4486709184903 P31 adds B17 to its tree
213.4486709184903 P31 mines for 18111.066871067465 seconds
213.59430698328484 P31 recvs B16 from P98 
213.59430698328484 P31 adds B16 to its tree
213.98365664937484 P31 recvs B16 from P12 
214.00352918853838 P31 recvs B16 from P95 
214.1580670110693 P31 recvs B17 from P95 
214.19015155562232 P31 recvs B17 from P98 
214.21516626817893 P31 recvs B16 from P39 
214.36876753311907 P31 recvs B16 from P23 
214.74957693251164 P31 recvs B17 from P23 
215.3479473183365 P31 recvs B17 from P12 
220.6837476818621 P31 recvs B18 from P23 
220.6837476818621 P31 adds B18 to its tree
220.6837476818621 P31 mines for 11736.605614841728 seconds
220.68580574382335 P31 recvs B18 from P95 
220.92025641810477 P31 recvs B18 from P39 
221.21104678561733 P31 recvs B19 from P98 
221.21104678561733 P31 adds B19 to its tree
221.40471485821328 P31 recvs B18 from P98 
222.02535942528246 P31 recvs B18 from P12 
222.14818701001067 P31 recvs B19 from P23 
222.26256727100886 P31 recvs B19 from P95 
222.40734639798865 P31 recvs B19 from P39 
229.77062888786168 P31 recvs B20 from P98 
229.77062888786168 P31 adds B20 to its tree
229.77062888786168 P31 mines for 13596.238603477486 seconds
230.2408491264785 P31 recvs B20 from P39 
230.3550666768837 P31 recvs B20 from P23 
230.69434390897663 P31 recvs B20 from P95 
231.76390922640354 P31 recvs B20 from P12 
253.5098624823779 P31 recvs B21 from P95 
253.5098624823779 P31 adds B21 to its tree
253.5098624823779 P31 mines for 7172.508613552715 seconds
253.55547049608623 P31 recvs B21 from P23 
253.63476363026416 P31 recvs B21 from P12 
253.80138408120607 P31 recvs B21 from P39 
253.81250423269157 P31 recvs B21 from P98 
259.2807348936805 P31 recvs B22 from P23 
259.2807348936805 P31 adds B22 to its tree
259.2807348936805 P31 mines for 6598.050689098931 seconds
259.3087935302155 P31 recvs B22 from P95 
259.562133523933 P31 recvs B22 from P39 
260.18108307679296 P31 recvs B22 from P98 
260.7807533985277 P31 recvs B22 from P12 
286.45131499187625 P31 recvs B23 from P23 
286.45131499187625 P31 adds B23 to its tree
286.45131499187625 P31 mines for 21749.99333283975 seconds
287.4910832444547 P31 recvs B23 from P95 
287.7690639006191 P31 recvs B23 from P39 
287.8675728366193 P31 recvs B23 from P98 
295.9086955507126 P31 recvs B24 from P12 
295.9086955507126 P31 adds B24 to its tree
295.9086955507126 P31 mines for 525.5831551101456 seconds
297.02299857796936 P31 recvs B24 from P23 
297.26456074929797 P31 recvs B24 from P39 
306.5943849082942 P31 recvs B25 from P23 
306.5943849082942 P31 adds B25 to its tree
306.5943849082942 P31 mines for 6314.4849563059925 seconds
306.7386356491047 P31 recvs B25 from P95 
306.87493756608416 P31 recvs B25 from P39 
307.334181165198 P31 recvs B25 from P98 
308.21380053875873 P31 recvs B25 from P12 
308.4541417834138 P31 recvs B26 from P98 
308.4541417834138 P31 adds B26 to its tree
308.87827180288343 P31 recvs B26 from P23 
309.0344692239874 P31 recvs B26 from P12 
309.09168708457975 P31 recvs B26 from P95 
309.26916460945085 P31 recvs B26 from P39 
340.39306389785196 P31 recvs B27 from P95 
340.39306389785196 P31 adds B27 to its tree
340.39306389785196 P31 mines for 16211.465770959921 seconds
341.3032348872949 P31 recvs B27 from P98 
341.4550957576553 P31 recvs B27 from P23 
341.53122304328656 P31 recvs B27 from P39 
341.70518332181024 P31 recvs B27 from P12 
370.1763300096453 P31 recvs B28 from P98 
370.1763300096453 P31 adds B28 to its tree
370.1763300096453 P31 mines for 238.8596888789208 seconds
370.38148430947973 P31 recvs B28 from P12 
370.84539410613485 P31 recvs B28 from P95 
371.11487490863493 P31 recvs B28 from P39 
371.3906783079777 P31 recvs B28 from P23 
379.8406561659752 P31 recvs B29 from P98 
379.8406561659752 P31 adds B29 to its tree
379.8406561659752 P31 mines for 4574.471086424245 seconds
380.1873368581589 P31 recvs B29 from P95 
380.553996367722 P31 recvs B29 from P39 
380.9971734633088 P31 recvs B29 from P23 
381.539844736811 P31 recvs B29 from P12 
387.647070759344 P31 recvs B30 from P39 
387.647070759344 P31 adds B30 to its tree
387.647070759344 P31 mines for 9194.392454643617 seconds
387.8630202522341 P31 recvs B30 from P95 
388.4135134458008 P31 recvs B30 from P23 
388.7666655513881 P31 recvs B30 from P12 
388.8732499545377 P31 recvs B30 from P98 
396.08346639034636 P31 recvs B31 from P95 
396.08346639034636 P31 adds B31 to its tree
396.08346639034636 P31 mines for 2598.009423093719 seconds
396.7739194781805 P31 recvs B31 from P98 
396.78401166191117 P31 recvs B31 from P12 
397.1469743810857 P31 recvs B31 from P23 
397.2595082906361 P31 recvs B31 from P39 
403.01094021296234 P31 recvs B33 from P23 
403.01094021296234 P31 adds B33 to its tree
403.01094021296234 P31 mines for 2874.994865056137 seconds
403.0124768883765 P31 recvs B33 from P95 
403.1774067102587 P31 recvs B33 from P39 
403.18712938352746 P31 recvs B32 from P95 
403.18712938352746 P31 adds B32 to its tree
403.36313282729213 P31 recvs B32 from P12 
403.7573870679038 P31 recvs B33 from P98 
403.8086303054192 P31 recvs B32 from P23 
404.03800630573915 P31 recvs B32 from P39 
404.12280956959654 P31 recvs B32 from P98 
404.18897987168435 P31 recvs B33 from P12 
406.7127091478774 P31 recvs B34 from P95 
406.7127091478774 P31 adds B34 to its tree
406.7127091478774 P31 mines for 14295.724182402417 seconds
407.398221159622 P31 recvs B34 from P23 
407.4069109878893 P31 recvs B34 from P39 
407.6806317985635 P31 recvs B34 from P98 
408.019857809584 P31 recvs B34 from P12 
434.8425896066711 P31 recvs B35 from P98 
434.8425896066711 P31 adds B35 to its tree
434.8425896066711 P31 mines for 17009.047790431257 seconds
439.69938210527505 P31 recvs B36 from P95 
439.69938210527505 P31 adds B36 to its tree
439.69938210527505 P31 mines for 4044.072536371745 seconds
440.2157486865612 P31 recvs B36 from P98 
440.4404687961704 P31 recvs B36 from P23 
440.5318295615112 P31 recvs B36 from P12 
440.7013383975304 P31 recvs B36 from P39 
446.85197286296653 P31 recvs B37 from P39 
446.85197286296653 P31 adds B37 to its tree
446.85197286296653 P31 mines for 2808.02384987436 seconds
446.9798998076093 P31 recvs B37 from P95 
447.05619213694433 P31 recvs B38 from P12 
447.05619213694433 P31 adds B38 to its tree
447.0862393572333 P31 recvs B38 from P95 
447.43899407290144 P31 recvs B38 from P98 
447.518911972055 P31 recvs B37 from P23 
447.9769415363467 P31 recvs B37 from P98 
448.01095609721614 P31 recvs B38 from P39 
448.0402013629225 P31 recvs B38 from P23 
448.28269231952834 P31 recvs B37 from P12 
456.68708889563794 P31 recvs B39 from P95 
456.68708889563794 P31 adds B39 to its tree
456.68708889563794 P31 mines for 957.6929264372823 seconds
457.4566767618523 P31 recvs B39 from P12 
457.45747463455206 P31 recvs B39 from P98 
457.4952041079607 P31 recvs B39 from P39 
457.76411827536504 P31 recvs B39 from P23 
476.69217555749594 P31 recvs B40 from P95 
476.69217555749594 P31 adds B40 to its tree
476.69217555749594 P31 mines for 3686.1651173764662 seconds
477.7061358476708 P31 recvs B40 from P98 
477.77807430649676 P31 recvs B40 from P23 
477.91078161013013 P31 recvs B40 from P39 
477.9342820943494 P31 recvs B40 from P12 
483.9191910076562 P31 recvs B41 from P95 
483.9191910076562 P31 adds B41 to its tree
483.9191910076562 P31 mines for 24360.80617564806 seconds
484.1753888879559 P31 recvs B41 from P23 
484.3627812907455 P31 recvs B41 from P98 
484.5557495963353 P31 recvs B41 from P39 
484.9253218104844 P31 recvs B41 from P12 
493.94198611419006 P31 recvs B42 from P95 
493.94198611419006 P31 adds B42 to its tree
493.94198611419006 P31 mines for 3081.3439772289908 seconds
494.30144051069004 P31 recvs B42 from P23 
494.46952502845426 P31 recvs B42 from P39 
494.90969899644773 P31 recvs B42 from P98 
495.2233631587751 P31 recvs B42 from P12 
502.965779421776 P31 recvs B43 from P39 
502.965779421776 P31 adds B43 to its tree
502.965779421776 P31 mines for 3890.2236048173777 seconds
503.1983852967889 P31 recvs B43 from P95 
503.27994350316425 P31 recvs B43 from P23 
503.4560550689827 P31 recvs B44 from P98 
503.4560550689827 P31 adds B44 to its tree
503.6977055489533 P31 recvs B43 from P98 
503.8395425066371 P31 recvs B44 from P12 
503.92621914980447 P31 recvs B44 from P23 
503.93378873590615 P31 recvs B43 from P12 
503.9569351128804 P31 recvs B44 from P95 
504.09563817506984 P31 recvs B44 from P39 
526.080073666223 P31 recvs B45 from P98 
526.080073666223 P31 adds B45 to its tree
526.080073666223 P31 mines for 1687.3344578807048 seconds
526.4882159027541 P31 recvs B45 from P95 
526.6974978416214 P31 recvs B45 from P39 
527.1378108269606 P31 recvs B45 from P23 
527.6449392717296 P31 recvs B45 from P12 
548.0829475104787 P31 recvs B46 from P98 
548.0829475104787 P31 adds B46 to its tree
548.0829475104787 P31 mines for 11981.70862147448 seconds
548.8155834978919 P31 recvs B46 from P95 
549.1421714751056 P31 recvs B46 from P23 
549.3160933134926 P31 recvs B46 from P39 
549.3669748344516 P31 recvs B46 from P12 
561.511019086073 P31 recvs B47 from P98 
561.511019086073 P31 adds B47 to its tree
561.511019086073 P31 mines for 8956.635882399025 seconds
562.1278867766016 P31 recvs B47 from P39 
562.158923848344 P31 recvs B47 from P23 
562.4741710577466 P31 recvs B47 from P95 
566.3464465317021 P31 recvs B48 from P12 
566.3464465317021 P31 adds B48 to its tree
566.3464465317021 P31 mines for 148.11739075439775 seconds
566.429426406246 P31 recvs B48 from P98 
566.4600083621298 P31 recvs B48 from P95 
566.7873381427925 P31 recvs B48 from P39 
566.883891992312 P31 recvs B48 from P23 
576.776658118481 P31 recvs B49 from P98 
576.776658118481 P31 adds B49 to its tree
576.776658118481 P31 mines for 15171.023284411238 seconds
577.1736405105985 P31 recvs B49 from P23 
577.1868135407489 P31 recvs B49 from P95 
577.2615507317855 P31 recvs B49 from P12 
577.3733485259409 P31 recvs B49 from P39 
589.8258511945002 P31 recvs B50 from P95 
589.8258511945002 P31 adds B50 to its tree
589.8258511945002 P31 mines for 1505.1314404177888 seconds
589.9338878204903 P31 recvs B50 from P12 
590.4059289372672 P31 recvs B50 from P23 
590.5644140009426 P31 recvs B50 from P98 
590.6926265005837 P31 recvs B50 from P39 
593.4728623404382 P31 recvs B51 from P12 
593.4728623404382 P31 adds B51 to its tree
593.4728623404382 P31 mines for 4813.2636917366335 seconds
594.6006906831644 P31 recvs B51 from P23 
594.7544976288015 P31 recvs B52 from P95 
594.7544976288015 P31 adds B52 to its tree
594.8437044602898 P31 recvs B51 from P39 
595.5206062977269 P31 recvs B52 from P23 
595.6292838232143 P31 recvs B52 from P39 
595.7943112245968 P31 recvs B52 from P98 
596.0052899204622 P31 recvs B52 from P12 
597.0422621971761 P31 recvs B53 from P95 
597.0422621971761 P31 adds B53 to its tree
597.0422621971761 P31 mines for 1445.4330991876227 seconds
597.6441922465023 P31 recvs B53 from P98 
597.7698807445026 P31 recvs B53 from P12 
597.8530054888009 P31 recvs B53 from P39 
598.0559705063283 P31 recvs B53 from P23 
