0 P32 mines for 2364.5844997174654 seconds
2.26002778095083 P32 creates T35
4.761985673791108 P32 recvs B2 from P6 
4.761985673791108 P32 adds B2 to its tree
4.761985673791108 P32 mines for 5785.579024937545 seconds
5.649829464300432 P32 recvs B2 from P4 
6.52465785006194 P32 recvs B2 from P62 
24.428473483332883 P32 recvs B3 from P6 
24.428473483332883 P32 adds B3 to its tree
24.428473483332883 P32 mines for 16398.844133676517 seconds
24.926715660862747 P32 recvs B3 from P5 
25.282684636783838 P32 recvs B3 from P4 
25.610225149733438 P32 recvs B3 from P62 
26.007673512343214 P32 recvs B3 from P55 
26.009133117378394 P32 recvs B3 from P0 
69.99084633018535 P32 recvs B4 from P5 
69.99084633018535 P32 adds B4 to its tree
69.99084633018535 P32 mines for 7977.96343513936 seconds
70.27455905647743 P32 recvs B4 from P6 
70.5195693857095 P32 recvs B4 from P62 
71.1898258762286 P32 recvs B4 from P55 
71.26825843134213 P32 recvs B4 from P4 
76.06519232218737 P32 recvs B5 from P5 
76.06519232218737 P32 adds B5 to its tree
76.06519232218737 P32 mines for 973.5716026573126 seconds
76.72151402480968 P32 recvs B5 from P6 
77.66102511752406 P32 recvs B5 from P4 
77.85391680903989 P32 recvs B5 from P62 
86.00930459308049 P32 recvs B6 from P6 
86.00930459308049 P32 adds B6 to its tree
86.00930459308049 P32 mines for 295.4485041619943 seconds
86.70693523899283 P32 recvs B6 from P5 
86.9104386861954 P32 recvs B6 from P4 
87.35461752679942 P32 recvs B6 from P62 
87.86026452292776 P32 recvs B6 from P55 
102.04046374946871 P32 recvs B7 from P6 
102.04046374946871 P32 adds B7 to its tree
102.04046374946871 P32 mines for 5589.179530621308 seconds
102.61675967952243 P32 recvs B7 from P5 
102.90397002848312 P32 recvs B7 from P4 
103.1784876413621 P32 recvs B7 from P62 
103.20212401355987 P32 recvs B7 from P0 
103.73384500480635 P32 recvs B7 from P55 
109.48084690423605 P32 recvs B8 from P5 
109.48084690423605 P32 adds B8 to its tree
109.48084690423605 P32 mines for 5410.290961484847 seconds
109.60824745167297 P32 recvs B8 from P6 
110.18094794592176 P32 recvs B8 from P4 
111.08499291581325 P32 recvs B8 from P62 
122.04692164615307 P32 recvs B9 from P5 
122.04692164615307 P32 adds B9 to its tree
122.04692164615307 P32 mines for 300.36863266940424 seconds
122.0606630502501 P32 recvs B9 from P6 
122.7281660249839 P32 recvs B9 from P0 
122.75000093968586 P32 recvs B9 from P62 
123.09837231235878 P32 recvs B9 from P4 
123.71534432762058 P32 recvs B9 from P55 
130.19396926555214 P32 recvs B10 from P6 
130.19396926555214 P32 adds B10 to its tree
130.19396926555214 P32 mines for 18937.341603523102 seconds
130.65171475323692 P32 recvs B10 from P5 
131.0890795455052 P32 recvs B10 from P4 
131.41301565619284 P32 recvs B10 from P62 
131.74240602904607 P32 recvs B10 from P0 
131.8350821090603 P32 recvs B10 from P55 
140.68774207710342 P32 recvs B11 from P5 
140.68774207710342 P32 adds B11 to its tree
140.68774207710342 P32 mines for 712.5392872172011 seconds
141.50649525514302 P32 recvs B11 from P6 
142.01558628730345 P32 recvs B11 from P55 
142.19780256665845 P32 recvs B11 from P62 
142.42278134294747 P32 recvs B11 from P4 
155.39666869246457 P32 recvs B12 from P5 
155.39666869246457 P32 adds B12 to its tree
155.39666869246457 P32 mines for 3502.3538350393983 seconds
155.62946056672087 P32 recvs B12 from P6 
155.87036643333317 P32 recvs B12 from P62 
156.54329535988344 P32 recvs B12 from P4 
156.63768066613432 P32 recvs B12 from P0 
156.64780506264037 P32 recvs B12 from P55 
168.89092525565454 P32 recvs B13 from P5 
168.89092525565454 P32 adds B13 to its tree
168.89092525565454 P32 mines for 5069.4894042775395 seconds
169.84917895960788 P32 recvs B13 from P6 
170.54930312523788 P32 recvs B13 from P62 
170.75097383117935 P32 recvs B13 from P4 
184.46119598842765 P32 recvs B14 from P6 
184.46119598842765 P32 adds B14 to its tree
184.46119598842765 P32 mines for 410.9878935090826 seconds
185.34327438069684 P32 recvs B14 from P4 
185.46462247110787 P32 recvs B14 from P5 
185.9461051887581 P32 recvs B14 from P62 
185.99005069847146 P32 recvs B14 from P55 
201.33441278470437 P32 recvs B15 from P55 
201.33441278470437 P32 adds B15 to its tree
201.33441278470437 P32 mines for 6229.210416832452 seconds
201.67571329675783 P32 recvs B15 from P6 
202.2906939794153 P32 recvs B15 from P5 
202.44297127912034 P32 recvs B15 from P0 
202.7396009227435 P32 recvs B15 from P4 
202.8294691426053 P32 recvs B15 from P62 
212.7070433970218 P32 recvs B16 from P6 
212.7070433970218 P32 adds B16 to its tree
212.7070433970218 P32 mines for 565.8606211305535 seconds
212.73103775012714 P32 recvs B17 from P6 
212.73103775012714 P32 adds B17 to its tree
213.30824095253976 P32 recvs B16 from P5 
213.43983427753676 P32 recvs B17 from P4 
213.5327453137676 P32 recvs B17 from P5 
213.61104412785105 P32 recvs B16 from P4 
213.94829704350084 P32 recvs B16 from P62 
213.9566964341219 P32 recvs B17 from P62 
214.3517220269457 P32 recvs B16 from P0 
214.36925455683053 P32 recvs B16 from P55 
219.69280444387203 P32 recvs B18 from P6 
219.69280444387203 P32 adds B18 to its tree
219.69280444387203 P32 mines for 39.51181273113407 seconds
219.85233667097268 P32 recvs B18 from P0 
220.17175198289706 P32 recvs B19 from P55 
220.17175198289706 P32 adds B19 to its tree
220.59104607721875 P32 recvs B18 from P5 
220.68084098043335 P32 recvs B18 from P62 
220.75377665757765 P32 recvs B18 from P4 
221.23736919070546 P32 recvs B19 from P6 
222.09581908884704 P32 recvs B19 from P4 
229.2115392112536 P32 recvs B20 from P6 
229.2115392112536 P32 adds B20 to its tree
229.2115392112536 P32 mines for 4238.632673993428 seconds
230.1535432048113 P32 recvs B20 from P4 
230.29342023826788 P32 recvs B20 from P5 
230.63422573329825 P32 recvs B20 from P62 
230.75661538888306 P32 recvs B20 from P55 
251.50425333273446 P32 recvs B21 from P5 
251.50425333273446 P32 adds B21 to its tree
251.50425333273446 P32 mines for 2679.0149372358014 seconds
252.50596300080153 P32 recvs B21 from P6 
253.27898694876333 P32 recvs B21 from P62 
253.4241553693589 P32 recvs B21 from P4 
258.4336860077589 P32 recvs B22 from P6 
258.4336860077589 P32 adds B22 to its tree
258.4336860077589 P32 mines for 2712.5915866548644 seconds
258.49732109145504 P32 recvs B22 from P0 
259.35619005474393 P32 recvs B22 from P62 
259.357652149735 P32 recvs B22 from P4 
259.36774429838084 P32 recvs B22 from P5 
286.6634356523606 P32 recvs B23 from P5 
286.6634356523606 P32 adds B23 to its tree
286.6634356523606 P32 mines for 8291.136728448937 seconds
286.91500667814006 P32 recvs B23 from P6 
287.23875616693556 P32 recvs B23 from P62 
287.30790614583816 P32 recvs B23 from P0 
287.81558228544833 P32 recvs B23 from P4 
287.8715726708799 P32 recvs B23 from P55 
295.00122822821857 P32 recvs B24 from P5 
295.00122822821857 P32 adds B24 to its tree
295.00122822821857 P32 mines for 3996.866145501808 seconds
296.0707739554069 P32 recvs B24 from P6 
296.79493007160477 P32 recvs B24 from P62 
296.8378648567351 P32 recvs B24 from P4 
305.88082724834527 P32 recvs B25 from P0 
305.88082724834527 P32 adds B25 to its tree
305.88082724834527 P32 mines for 8110.726587107159 seconds
306.26381467472845 P32 recvs B25 from P6 
307.2042604172865 P32 recvs B25 from P4 
307.50595422942797 P32 recvs B25 from P62 
307.8114380171545 P32 recvs B26 from P6 
307.8114380171545 P32 adds B26 to its tree
308.38303190350143 P32 recvs B26 from P5 
308.6716940380561 P32 recvs B26 from P4 
308.90525245556427 P32 recvs B26 from P62 
308.9424795760001 P32 recvs B26 from P55 
309.3708637275484 P32 recvs B26 from P0 
339.4506040791261 P32 recvs B27 from P6 
339.4506040791261 P32 adds B27 to its tree
339.4506040791261 P32 mines for 809.6832763302899 seconds
340.33984689859795 P32 recvs B27 from P4 
340.35485236962444 P32 recvs B27 from P5 
341.1754490065578 P32 recvs B27 from P62 
369.62668008185506 P32 recvs B28 from P6 
369.62668008185506 P32 adds B28 to its tree
369.62668008185506 P32 mines for 8644.107507119837 seconds
369.7654588479902 P32 recvs B28 from P5 
370.51491837089065 P32 recvs B28 from P4 
370.631617636954 P32 recvs B28 from P62 
370.85445478012804 P32 recvs B28 from P0 
370.8987845102917 P32 recvs B28 from P55 
378.93342876731197 P32 recvs B29 from P6 
378.93342876731197 P32 adds B29 to its tree
378.93342876731197 P32 mines for 19414.598622958507 seconds
379.82808806345423 P32 recvs B29 from P4 
380.5974939748841 P32 recvs B29 from P62 
386.3923854621082 P32 recvs B30 from P6 
386.3923854621082 P32 adds B30 to its tree
386.3923854621082 P32 mines for 1273.6290338866716 seconds
386.90336085777386 P32 recvs B30 from P4 
387.78195222952485 P32 recvs B30 from P62 
395.15900809359863 P32 recvs B31 from P6 
395.15900809359863 P32 adds B31 to its tree
395.15900809359863 P32 mines for 9219.648149568246 seconds
395.9072222135988 P32 recvs B31 from P5 
396.1188537483452 P32 recvs B31 from P4 
396.42024283974945 P32 recvs B31 from P0 
396.8969492519592 P32 recvs B31 from P62 
401.7600900159288 P32 recvs B32 from P5 
401.7600900159288 P32 adds B32 to its tree
401.7600900159288 P32 mines for 5849.585607490166 seconds
402.1163763988632 P32 recvs B33 from P6 
402.1163763988632 P32 adds B33 to its tree
402.2171188821661 P32 recvs B33 from P0 
402.2970779941464 P32 recvs B32 from P6 
403.0466858089294 P32 recvs B33 from P4 
403.0638530274469 P32 recvs B33 from P62 
403.11340363027443 P32 recvs B33 from P5 
403.32346418312284 P32 recvs B32 from P4 
403.57936765705296 P32 recvs B32 from P62 
405.44260867958985 P32 recvs B34 from P6 
405.44260867958985 P32 adds B34 to its tree
405.44260867958985 P32 mines for 9050.216157461602 seconds
406.31439387401645 P32 recvs B34 from P4 
407.2665648216458 P32 recvs B34 from P62 
435.3197909859226 P32 recvs B35 from P55 
435.3197909859226 P32 adds B35 to its tree
435.3197909859226 P32 mines for 39.94204661336215 seconds
435.6007280829296 P32 recvs B35 from P6 
436.30640620702945 P32 recvs B35 from P5 
436.4373819633681 P32 recvs B35 from P0 
436.4661808110523 P32 recvs B35 from P4 
436.86327693256703 P32 recvs B35 from P62 
438.8591131884751 P32 recvs B36 from P6 
438.8591131884751 P32 adds B36 to its tree
438.8591131884751 P32 mines for 4747.850437008162 seconds
439.2666858874931 P32 recvs B36 from P5 
439.74606803643803 P32 recvs B36 from P4 
440.04928014107827 P32 recvs B36 from P0 
440.35683196536485 P32 recvs B36 from P62 
440.6490575321625 P32 recvs B36 from P55 
445.5507455522369 P32 recvs B37 from P6 
445.5507455522369 P32 adds B37 to its tree
445.5507455522369 P32 mines for 2236.6569626294804 seconds
446.0836436484543 P32 recvs B37 from P4 
446.1720921296297 P32 recvs B38 from P6 
446.1720921296297 P32 adds B38 to its tree
446.2705365539079 P32 recvs B38 from P5 
446.772492678505 P32 recvs B38 from P62 
447.0410885284766 P32 recvs B38 from P4 
447.33379370311764 P32 recvs B38 from P0 
447.3492730147803 P32 recvs B37 from P62 
455.7198342274392 P32 recvs B39 from P6 
455.7198342274392 P32 adds B39 to its tree
455.7198342274392 P32 mines for 45.886164955060615 seconds
456.0148565213581 P32 recvs B39 from P5 
456.6646315352938 P32 recvs B39 from P4 
456.9458947024552 P32 recvs B39 from P0 
457.141745743969 P32 recvs B39 from P62 
475.7710040645963 P32 recvs B40 from P6 
475.7710040645963 P32 adds B40 to its tree
475.7710040645963 P32 mines for 4324.752643529897 seconds
476.63659696902215 P32 recvs B40 from P5 
476.777507243355 P32 recvs B40 from P4 
477.47654817457976 P32 recvs B40 from P62 
482.65074269961866 P32 recvs B41 from P6 
482.65074269961866 P32 adds B41 to its tree
482.65074269961866 P32 mines for 12846.059230947989 seconds
483.30176921203207 P32 recvs B41 from P5 
483.49716186382483 P32 recvs B41 from P4 
483.7820456652908 P32 recvs B41 from P62 
484.4214441733417 P32 recvs B41 from P55 
492.46501901826923 P32 recvs B42 from P6 
492.46501901826923 P32 adds B42 to its tree
492.46501901826923 P32 mines for 2062.992659187262 seconds
493.3852073539038 P32 recvs B42 from P4 
493.65649636230006 P32 recvs B42 from P5 
494.2549037242345 P32 recvs B42 from P62 
501.72253900189435 P32 recvs B43 from P6 
501.72253900189435 P32 adds B43 to its tree
501.72253900189435 P32 mines for 2186.2464702345856 seconds
502.24281616666445 P32 recvs B43 from P5 
502.42445262315704 P32 recvs B43 from P4 
502.6693122760413 P32 recvs B44 from P6 
502.6693122760413 P32 adds B44 to its tree
502.85790672054276 P32 recvs B43 from P62 
503.15411065019396 P32 recvs B43 from P0 
503.2209582362292 P32 recvs B44 from P5 
503.5266319387077 P32 recvs B44 from P4 
503.81364929448426 P32 recvs B44 from P62 
503.9176989535158 P32 recvs B44 from P55 
504.3180932441298 P32 recvs B44 from P0 
525.1682346503889 P32 recvs B45 from P6 
525.1682346503889 P32 adds B45 to its tree
525.1682346503889 P32 mines for 5243.914840064832 seconds
525.9714498855973 P32 recvs B45 from P4 
526.8114279596326 P32 recvs B45 from P62 
547.9497412619364 P32 recvs B46 from P5 
547.9497412619364 P32 adds B46 to its tree
547.9497412619364 P32 mines for 807.8057524025332 seconds
547.992998500128 P32 recvs B46 from P6 
548.6396274903786 P32 recvs B46 from P62 
548.6865516896142 P32 recvs B46 from P0 
548.943952851983 P32 recvs B46 from P4 
549.6551452017201 P32 recvs B46 from P55 
561.0217133983737 P32 recvs B47 from P6 
561.0217133983737 P32 adds B47 to its tree
561.0217133983737 P32 mines for 918.6644471399251 seconds
561.9412128398351 P32 recvs B47 from P4 
562.1401235412326 P32 recvs B47 from P5 
562.4397209888831 P32 recvs B47 from P62 
562.576789689546 P32 recvs B47 from P55 
565.185097404617 P32 recvs B48 from P6 
565.185097404617 P32 adds B48 to its tree
565.185097404617 P32 mines for 1187.6244710579554 seconds
565.7367940063435 P32 recvs B48 from P5 
566.0634521756693 P32 recvs B48 from P4 
566.6260127711886 P32 recvs B48 from P62 
567.0968912810021 P32 recvs B48 from P55 
576.0126330913554 P32 recvs B49 from P6 
576.0126330913554 P32 adds B49 to its tree
576.0126330913554 P32 mines for 12344.942761216667 seconds
576.5684313175852 P32 recvs B49 from P5 
576.9059285252597 P32 recvs B49 from P4 
577.2382716193117 P32 recvs B49 from P55 
577.2883622367798 P32 recvs B49 from P62 
577.5409559758705 P32 recvs B49 from P0 
588.4126071933305 P32 recvs B50 from P5 
588.4126071933305 P32 adds B50 to its tree
588.4126071933305 P32 mines for 2587.3808204918582 seconds
588.9589064177293 P32 recvs B50 from P6 
589.8414454109936 P32 recvs B50 from P4 
590.1595791348144 P32 recvs B50 from P62 
592.5639283279926 P32 recvs B51 from P5 
592.5639283279926 P32 adds B51 to its tree
592.5639283279926 P32 mines for 41.73631239173982 seconds
593.4833864402451 P32 recvs B52 from P6 
593.4833864402451 P32 adds B52 to its tree
593.6136758072498 P32 recvs B51 from P6 
594.3666177018757 P32 recvs B51 from P4 
594.4111814948524 P32 recvs B52 from P4 
594.4201448690038 P32 recvs B51 from P62 
595.2343052844358 P32 recvs B52 from P62 
596.1493513948928 P32 recvs B53 from P6 
596.1493513948928 P32 adds B53 to its tree
596.1493513948928 P32 mines for 1563.8616938068499 seconds
596.4409885799622 P32 recvs B53 from P5 
597.12751981777 P32 recvs B53 from P4 
597.3667683752979 P32 recvs B53 from P0 
597.6457989064639 P32 recvs B53 from P62 
599.8881569050352 P32 recvs B54 from P6 
599.8881569050352 P32 adds B54 to its tree
599.8881569050352 P32 mines for 1888.6840999137366 seconds
