0 P33 mines for 2760.998392148096 seconds
5.371114826285135 P33 recvs B2 from P29 
5.371114826285135 P33 adds B2 to its tree
5.371114826285135 P33 mines for 1334.55877632261 seconds
6.463988060607089 P33 recvs B2 from P65 
18.70101798963758 P33 creates T95
24.18842392209083 P33 recvs B3 from P72 
24.18842392209083 P33 adds B3 to its tree
24.18842392209083 P33 mines for 3661.024501884394 seconds
24.25980925146402 P33 recvs B3 from P29 
25.669043815443757 P33 recvs B3 from P65 
70.31916948056835 P33 recvs B4 from P72 
70.31916948056835 P33 adds B4 to its tree
70.31916948056835 P33 mines for 5801.363974213062 seconds
70.95265341297318 P33 recvs B4 from P29 
71.05407079946589 P33 recvs B4 from P65 
71.2242746260665 P33 recvs B4 from P40 
77.05895592773894 P33 recvs B5 from P29 
77.05895592773894 P33 adds B5 to its tree
77.05895592773894 P33 mines for 9265.961747443731 seconds
77.4749395333789 P33 recvs B5 from P65 
77.67767230353533 P33 recvs B5 from P72 
86.52742545224861 P33 recvs B6 from P29 
86.52742545224861 P33 adds B6 to its tree
86.52742545224861 P33 mines for 1232.6167953558365 seconds
86.99746426109051 P33 recvs B6 from P72 
87.09322960831884 P33 recvs B6 from P84 
87.63902198497708 P33 recvs B6 from P65 
101.39647160718386 P33 recvs B7 from P72 
101.39647160718386 P33 adds B7 to its tree
101.39647160718386 P33 mines for 5870.98307038559 seconds
101.92324989747028 P33 recvs B7 from P29 
110.42056091445743 P33 recvs B8 from P29 
110.42056091445743 P33 adds B8 to its tree
110.42056091445743 P33 mines for 8639.960601423143 seconds
111.0718112379454 P33 recvs B8 from P65 
111.16605346134725 P33 recvs B8 from P84 
121.86947774124259 P33 recvs B9 from P72 
121.86947774124259 P33 adds B9 to its tree
121.86947774124259 P33 mines for 2153.488833435201 seconds
122.09333185756694 P33 recvs B9 from P29 
122.72492008875926 P33 recvs B9 from P40 
122.85572555831884 P33 recvs B9 from P65 
129.94339722691757 P33 recvs B10 from P72 
129.94339722691757 P33 adds B10 to its tree
129.94339722691757 P33 mines for 2889.254769960822 seconds
130.05375858835515 P33 recvs B10 from P29 
131.4767204454675 P33 recvs B10 from P65 
141.21158702724813 P33 recvs B11 from P40 
141.21158702724813 P33 adds B11 to its tree
141.21158702724813 P33 mines for 5887.0167893464095 seconds
155.71239123928152 P33 recvs B12 from P72 
155.71239123928152 P33 adds B12 to its tree
155.71239123928152 P33 mines for 14765.096707462975 seconds
156.33541591562653 P33 recvs B12 from P65 
156.4255066220445 P33 recvs B12 from P29 
156.6520935655609 P33 recvs B12 from P40 
170.34838834575802 P33 recvs B13 from P72 
170.34838834575802 P33 adds B13 to its tree
170.34838834575802 P33 mines for 4876.412635812888 seconds
170.4809893949465 P33 recvs B13 from P29 
170.51752419681168 P33 recvs B13 from P65 
171.11289602813525 P33 recvs B13 from P40 
185.26067031712486 P33 recvs B14 from P29 
185.26067031712486 P33 adds B14 to its tree
185.26067031712486 P33 mines for 921.7764404884015 seconds
185.29019063970634 P33 recvs B14 from P40 
185.5438500708925 P33 recvs B14 from P84 
185.71114798155267 P33 recvs B14 from P72 
186.3709122824697 P33 recvs B14 from P65 
200.5888296667423 P33 recvs B15 from P40 
200.5888296667423 P33 adds B15 to its tree
200.5888296667423 P33 mines for 837.0020955486635 seconds
212.592212490877 P33 recvs B16 from P72 
212.592212490877 P33 adds B16 to its tree
212.592212490877 P33 mines for 17001.486204675846 seconds
212.61326802170808 P33 recvs B16 from P29 
213.72844945405586 P33 recvs B17 from P29 
213.72844945405586 P33 adds B17 to its tree
213.93435334851517 P33 recvs B17 from P72 
213.95415433477348 P33 recvs B17 from P84 
214.04912327460252 P33 recvs B16 from P65 
214.21886681614544 P33 recvs B17 from P40 
214.58732962880703 P33 recvs B17 from P65 
219.64010536596675 P33 recvs B18 from P65 
219.64010536596675 P33 adds B18 to its tree
219.64010536596675 P33 mines for 7287.404985875707 seconds
220.97433260360992 P33 recvs B19 from P40 
220.97433260360992 P33 adds B19 to its tree
221.7408247890121 P33 recvs B19 from P65 
230.0044577531485 P33 recvs B20 from P29 
230.0044577531485 P33 adds B20 to its tree
230.0044577531485 P33 mines for 2037.0015404128328 seconds
230.05571729315227 P33 recvs B20 from P40 
230.2578275017777 P33 recvs B20 from P84 
230.6162597012906 P33 recvs B20 from P72 
231.02273988244428 P33 recvs B20 from P65 
253.03040185961015 P33 recvs B21 from P72 
253.03040185961015 P33 adds B21 to its tree
253.03040185961015 P33 mines for 5072.95192132925 seconds
253.12807293808308 P33 recvs B21 from P29 
253.14704444368888 P33 recvs B21 from P65 
253.74901605472962 P33 recvs B21 from P40 
258.32603077060827 P33 recvs B22 from P65 
258.32603077060827 P33 adds B22 to its tree
258.32603077060827 P33 mines for 519.7764452377505 seconds
287.0235328563571 P33 recvs B23 from P72 
287.0235328563571 P33 adds B23 to its tree
287.0235328563571 P33 mines for 1388.1240396126495 seconds
287.14701906802037 P33 recvs B23 from P65 
287.8139172860499 P33 recvs B23 from P29 
287.8887010071768 P33 recvs B23 from P40 
296.6875610503011 P33 recvs B24 from P65 
296.6875610503011 P33 adds B24 to its tree
296.6875610503011 P33 mines for 7039.491731186805 seconds
296.69733946227547 P33 recvs B24 from P72 
296.70067658598174 P33 recvs B24 from P29 
297.0018858404082 P33 recvs B24 from P40 
297.4517852169616 P33 recvs B24 from P84 
306.19916449595246 P33 recvs B25 from P65 
306.19916449595246 P33 adds B25 to its tree
306.19916449595246 P33 mines for 2752.359635206897 seconds
306.8596363549009 P33 recvs B25 from P29 
307.58541170544123 P33 recvs B26 from P72 
307.58541170544123 P33 adds B26 to its tree
307.65791895398513 P33 recvs B26 from P29 
308.1029149402248 P33 recvs B26 from P84 
308.19061290869183 P33 recvs B26 from P40 
309.03216848303856 P33 recvs B26 from P65 
340.06043745833307 P33 recvs B27 from P72 
340.06043745833307 P33 adds B27 to its tree
340.06043745833307 P33 mines for 6270.88777632623 seconds
340.3297117463434 P33 recvs B27 from P29 
340.4417312301065 P33 recvs B27 from P65 
341.02391183355303 P33 recvs B27 from P40 
369.0693869753612 P33 recvs B28 from P40 
369.0693869753612 P33 adds B28 to its tree
369.0693869753612 P33 mines for 4753.443972196709 seconds
369.4479888536781 P33 recvs B28 from P29 
369.5494691399366 P33 recvs B28 from P72 
379.5367728946306 P33 recvs B29 from P29 
379.5367728946306 P33 adds B29 to its tree
379.5367728946306 P33 mines for 172.70904804713314 seconds
380.5848430360822 P33 recvs B29 from P65 
387.15823512050486 P33 recvs B30 from P29 
387.15823512050486 P33 adds B30 to its tree
387.15823512050486 P33 mines for 1342.7399238102728 seconds
387.5218347301518 P33 recvs B30 from P65 
395.947996405296 P33 recvs B31 from P29 
395.947996405296 P33 adds B31 to its tree
395.947996405296 P33 mines for 6489.479796708616 seconds
395.98628976082426 P33 recvs B31 from P72 
396.1187550334333 P33 recvs B31 from P65 
396.6641793999827 P33 recvs B31 from P40 
401.9936914100812 P33 recvs B33 from P65 
401.9936914100812 P33 adds B33 to its tree
401.9936914100812 P33 mines for 8130.395142733343 seconds
402.7622872682022 P33 recvs B32 from P29 
402.7622872682022 P33 adds B32 to its tree
403.088656648959 P33 recvs B32 from P65 
403.4096800736512 P33 recvs B32 from P72 
406.0220635299439 P33 recvs B34 from P29 
406.0220635299439 P33 adds B34 to its tree
406.0220635299439 P33 mines for 2271.0030040351594 seconds
407.1118619887328 P33 recvs B34 from P65 
434.57816924631607 P33 recvs B35 from P40 
434.57816924631607 P33 adds B35 to its tree
434.57816924631607 P33 mines for 3035.427629203948 seconds
439.1748099851478 P33 recvs B36 from P72 
439.1748099851478 P33 adds B36 to its tree
439.1748099851478 P33 mines for 2954.533061967659 seconds
439.36561876745355 P33 recvs B36 from P29 
439.7539926703841 P33 recvs B36 from P65 
439.8284494009769 P33 recvs B36 from P84 
439.89606720683605 P33 recvs B36 from P40 
446.3870378025919 P33 recvs B37 from P29 
446.3870378025919 P33 adds B37 to its tree
446.3870378025919 P33 mines for 5473.553143811899 seconds
446.6571681955436 P33 recvs B38 from P72 
446.6571681955436 P33 adds B38 to its tree
446.9688099608591 P33 recvs B38 from P29 
447.23989343416497 P33 recvs B38 from P65 
447.39830845247457 P33 recvs B37 from P65 
447.79888795246376 P33 recvs B38 from P40 
456.5939070015294 P33 recvs B39 from P29 
456.5939070015294 P33 adds B39 to its tree
456.5939070015294 P33 mines for 4935.542166329602 seconds
456.64591428444913 P33 recvs B39 from P65 
456.8323838105532 P33 recvs B39 from P72 
457.3179647240101 P33 recvs B39 from P40 
457.3237632276067 P33 recvs B39 from P84 
476.6087803450322 P33 recvs B40 from P29 
476.6087803450322 P33 adds B40 to its tree
476.6087803450322 P33 mines for 5734.759174922267 seconds
476.67328425131416 P33 recvs B40 from P72 
476.77620706991723 P33 recvs B40 from P65 
483.4569882297401 P33 recvs B41 from P29 
483.4569882297401 P33 adds B41 to its tree
483.4569882297401 P33 mines for 17990.534121789886 seconds
483.60461648261816 P33 recvs B41 from P72 
483.67403822558646 P33 recvs B41 from P84 
484.12673594308217 P33 recvs B41 from P40 
484.2158248673819 P33 recvs B41 from P65 
493.2983423211654 P33 recvs B42 from P29 
493.2983423211654 P33 adds B42 to its tree
493.2983423211654 P33 mines for 15450.045638749487 seconds
494.38124436991075 P33 recvs B42 from P65 
502.17617135343215 P33 recvs B43 from P72 
502.17617135343215 P33 adds B43 to its tree
502.17617135343215 P33 mines for 4653.848757805747 seconds
502.46564290159216 P33 recvs B44 from P72 
502.46564290159216 P33 adds B44 to its tree
502.55756677930435 P33 recvs B44 from P29 
502.67406402322564 P33 recvs B43 from P29 
502.76208046464114 P33 recvs B43 from P84 
503.0675241694165 P33 recvs B44 from P84 
503.13495269383594 P33 recvs B43 from P65 
503.2282634800153 P33 recvs B44 from P40 
504.01559409809977 P33 recvs B44 from P65 
525.68160230729 P33 recvs B45 from P29 
525.68160230729 P33 adds B45 to its tree
525.68160230729 P33 mines for 10156.413233117994 seconds
526.8309065374515 P33 recvs B45 from P65 
547.8378682516945 P33 recvs B46 from P72 
547.8378682516945 P33 adds B46 to its tree
547.8378682516945 P33 mines for 11688.338370699486 seconds
547.970225613734 P33 recvs B46 from P29 
548.7508155009867 P33 recvs B46 from P65 
548.8345849095837 P33 recvs B46 from P40 
561.8119645587718 P33 recvs B47 from P29 
561.8119645587718 P33 adds B47 to its tree
561.8119645587718 P33 mines for 1410.6593759640693 seconds
561.8507543146534 P33 recvs B47 from P40 
562.0899262034999 P33 recvs B47 from P84 
562.373874877222 P33 recvs B47 from P72 
562.9793267803446 P33 recvs B47 from P65 
565.0520091444131 P33 recvs B48 from P29 
565.0520091444131 P33 adds B48 to its tree
565.0520091444131 P33 mines for 2308.1064596647184 seconds
565.1137501955922 P33 recvs B48 from P72 
575.7708932436088 P33 recvs B49 from P72 
575.7708932436088 P33 adds B49 to its tree
575.7708932436088 P33 mines for 311.825191925834 seconds
575.8475612007974 P33 recvs B49 from P29 
576.3567727202114 P33 recvs B49 from P84 
576.454187774858 P33 recvs B49 from P40 
589.2944854226274 P33 recvs B50 from P29 
589.2944854226274 P33 adds B50 to its tree
589.2944854226274 P33 mines for 809.9714596352928 seconds
589.638615301442 P33 recvs B50 from P65 
589.8470360596328 P33 recvs B50 from P72 
594.0080476026421 P33 recvs B52 from P29 
594.0080476026421 P33 adds B52 to its tree
594.0080476026421 P33 mines for 1895.3315795386036 seconds
594.1095927969834 P33 recvs B51 from P72 
594.1095927969834 P33 adds B51 to its tree
594.1475423208103 P33 recvs B51 from P29 
594.217491360442 P33 recvs B51 from P65 
594.5991874194895 P33 recvs B51 from P40 
595.1260408795517 P33 recvs B51 from P84 
595.1433783115742 P33 recvs B52 from P65 
596.941612149379 P33 recvs B53 from P29 
596.941612149379 P33 adds B53 to its tree
596.941612149379 P33 mines for 2191.832944261016 seconds
596.9717654537523 P33 recvs B53 from P72 
597.0975181066899 P33 recvs B53 from P65 
597.6133697110283 P33 recvs B53 from P40 
597.772765394661 P33 recvs B53 from P84 
