0 P37 mines for 13278.784333513893 seconds
3.6020795984000658 P37 creates T44
6.518663269601803 P37 recvs B2 from P8 
6.518663269601803 P37 adds B2 to its tree
6.518663269601803 P37 mines for 7447.280110914568 seconds
6.7261214265642835 P37 recvs B2 from P46 
6.837296332301416 P37 recvs B2 from P12 
6.914428031851315 P37 recvs B2 from P78 
7.230640025296961 P37 recvs B2 from P34 
24.836229696108855 P37 recvs B3 from P46 
24.836229696108855 P37 adds B3 to its tree
24.836229696108855 P37 mines for 738.6809506446107 seconds
25.109711890898733 P37 recvs B3 from P12 
25.17573365733363 P37 recvs B3 from P78 
25.39572470587325 P37 recvs B3 from P8 
25.6358361374304 P37 recvs B3 from P34 
71.34044699622518 P37 recvs B4 from P8 
71.34044699622518 P37 adds B4 to its tree
71.34044699622518 P37 mines for 3349.24684131382 seconds
71.47338228809895 P37 recvs B4 from P12 
71.58236109834174 P37 recvs B4 from P34 
71.60048983742244 P37 recvs B4 from P46 
71.79204982147466 P37 recvs B4 from P78 
76.45119436457922 P37 recvs B5 from P8 
76.45119436457922 P37 adds B5 to its tree
76.45119436457922 P37 mines for 3518.8542204282985 seconds
76.92603697053107 P37 recvs B5 from P12 
77.5480309387609 P37 recvs B5 from P34 
77.90562433831687 P37 recvs B5 from P78 
78.14186921535949 P37 recvs B5 from P46 
87.72307901793036 P37 recvs B6 from P46 
87.72307901793036 P37 adds B6 to its tree
87.72307901793036 P37 mines for 1824.062416071741 seconds
87.80555580941945 P37 recvs B6 from P8 
87.87790682577868 P37 recvs B6 from P12 
88.06629796982585 P37 recvs B6 from P78 
88.23107274369032 P37 recvs B6 from P34 
102.14328393777099 P37 recvs B7 from P46 
102.14328393777099 P37 adds B7 to its tree
102.14328393777099 P37 mines for 5735.2303129632965 seconds
102.5030704191148 P37 recvs B7 from P78 
102.54559884526336 P37 recvs B7 from P8 
102.72277745293945 P37 recvs B7 from P12 
102.81397515099478 P37 recvs B7 from P34 
110.7431495792665 P37 recvs B8 from P8 
110.7431495792665 P37 adds B8 to its tree
110.7431495792665 P37 mines for 2447.447403262943 seconds
110.96839409163341 P37 recvs B8 from P12 
111.5293800397443 P37 recvs B8 from P34 
111.72965598743463 P37 recvs B8 from P78 
111.9057770195205 P37 recvs B8 from P46 
122.41253273517995 P37 recvs B9 from P46 
122.41253273517995 P37 adds B9 to its tree
122.41253273517995 P37 mines for 837.7730611572355 seconds
122.50500897251653 P37 recvs B9 from P8 
122.78131063852597 P37 recvs B9 from P78 
122.81548565054821 P37 recvs B9 from P12 
122.87564852634642 P37 recvs B9 from P34 
130.48488905294462 P37 recvs B10 from P46 
130.48488905294462 P37 adds B10 to its tree
130.48488905294462 P37 mines for 7017.8310517215805 seconds
130.80782518839763 P37 recvs B10 from P12 
130.9466046358471 P37 recvs B10 from P78 
131.1323277360067 P37 recvs B10 from P8 
131.39597535216222 P37 recvs B10 from P34 
141.83383339368558 P37 recvs B11 from P34 
141.83383339368558 P37 adds B11 to its tree
141.83383339368558 P37 mines for 2657.919001880524 seconds
141.99484246936268 P37 recvs B11 from P8 
142.1128179923947 P37 recvs B11 from P12 
142.73837008945762 P37 recvs B11 from P78 
143.09655232561317 P37 recvs B11 from P46 
156.70399003071554 P37 recvs B12 from P8 
156.70399003071554 P37 adds B12 to its tree
156.70399003071554 P37 mines for 436.81182782738915 seconds
156.85035244855567 P37 recvs B12 from P12 
156.98510758715184 P37 recvs B12 from P34 
157.05666827805257 P37 recvs B12 from P46 
157.22120406630037 P37 recvs B12 from P78 
170.22669909273446 P37 recvs B13 from P8 
170.22669909273446 P37 adds B13 to its tree
170.22669909273446 P37 mines for 4397.188321578203 seconds
170.23750281105788 P37 recvs B13 from P12 
170.99336729524663 P37 recvs B13 from P34 
171.15601800892233 P37 recvs B13 from P46 
171.4615285194054 P37 recvs B13 from P78 
186.22599808823904 P37 recvs B14 from P46 
186.22599808823904 P37 adds B14 to its tree
186.22599808823904 P37 mines for 3983.013213717881 seconds
186.30117570644964 P37 recvs B14 from P34 
186.3993096876422 P37 recvs B14 from P78 
186.43091266227566 P37 recvs B14 from P12 
186.46362810808995 P37 recvs B14 from P8 
202.38959899903563 P37 recvs B15 from P12 
202.38959899903563 P37 adds B15 to its tree
202.38959899903563 P37 mines for 4580.446942843167 seconds
202.96902058445465 P37 recvs B15 from P46 
203.02941241383138 P37 recvs B15 from P78 
203.23227898351192 P37 recvs B15 from P34 
203.32904169692526 P37 recvs B15 from P8 
213.16584166310295 P37 recvs B16 from P46 
213.16584166310295 P37 adds B16 to its tree
213.16584166310295 P37 mines for 3038.9149869616253 seconds
213.40936939811598 P37 recvs B16 from P12 
213.58635146875858 P37 recvs B16 from P78 
213.82088892087583 P37 recvs B16 from P8 
214.02261353559936 P37 recvs B16 from P34 
214.39853593299267 P37 recvs B17 from P34 
214.39853593299267 P37 adds B17 to its tree
214.51211580917516 P37 recvs B17 from P78 
214.5329090294664 P37 recvs B17 from P46 
214.73181033684347 P37 recvs B17 from P8 
214.84595615289214 P37 recvs B17 from P12 
220.7618698189672 P37 recvs B18 from P8 
220.7618698189672 P37 adds B18 to its tree
220.7618698189672 P37 mines for 2863.285744180733 seconds
221.04253235934036 P37 recvs B18 from P78 
221.18757786302965 P37 recvs B18 from P46 
221.4362671300245 P37 recvs B18 from P34 
221.5111378198333 P37 recvs B18 from P12 
222.64112323780952 P37 recvs B19 from P78 
222.64112323780952 P37 adds B19 to its tree
222.72515671349117 P37 recvs B19 from P12 
222.96715588486052 P37 recvs B19 from P8 
223.27704698573908 P37 recvs B19 from P46 
223.57252395333882 P37 recvs B19 from P34 
231.10039666261426 P37 recvs B20 from P34 
231.10039666261426 P37 adds B20 to its tree
231.10039666261426 P37 mines for 4142.083060957054 seconds
231.1249841809137 P37 recvs B20 from P46 
231.18574455392766 P37 recvs B20 from P8 
231.22460948601383 P37 recvs B20 from P78 
231.2372043952229 P37 recvs B20 from P12 
252.8323423345802 P37 recvs B21 from P8 
252.8323423345802 P37 adds B21 to its tree
252.8323423345802 P37 mines for 3744.954537060724 seconds
252.91769779671858 P37 recvs B21 from P12 
253.65472292907066 P37 recvs B21 from P34 
253.66280266989722 P37 recvs B21 from P46 
254.11388228459984 P37 recvs B21 from P78 
259.58587071894823 P37 recvs B22 from P8 
259.58587071894823 P37 adds B22 to its tree
259.58587071894823 P37 mines for 7367.58514823232 seconds
259.6961776263361 P37 recvs B22 from P78 
260.0874155186224 P37 recvs B22 from P46 
260.2432639997411 P37 recvs B22 from P34 
260.2606344634513 P37 recvs B22 from P12 
288.0165793229418 P37 recvs B23 from P8 
288.0165793229418 P37 adds B23 to its tree
288.0165793229418 P37 mines for 22910.622532440128 seconds
288.0227068791104 P37 recvs B23 from P12 
288.2477633811166 P37 recvs B23 from P34 
288.4452203098873 P37 recvs B23 from P46 
288.44597943884224 P37 recvs B23 from P78 
295.201662100989 P37 recvs B24 from P12 
295.201662100989 P37 adds B24 to its tree
295.201662100989 P37 mines for 2872.716921556786 seconds
307.0782472924717 P37 recvs B25 from P78 
307.0782472924717 P37 adds B25 to its tree
307.0782472924717 P37 mines for 7501.526882899479 seconds
307.2842871328195 P37 recvs B25 from P8 
307.47168633270735 P37 recvs B25 from P12 
307.7010203636913 P37 recvs B25 from P46 
307.96940862775995 P37 recvs B25 from P34 
308.15537685566994 P37 recvs B26 from P46 
308.15537685566994 P37 adds B26 to its tree
308.5037460296047 P37 recvs B26 from P12 
308.6037796882139 P37 recvs B26 from P78 
308.8029760478097 P37 recvs B26 from P8 
309.0018674501359 P37 recvs B26 from P34 
340.5327857587128 P37 recvs B27 from P8 
340.5327857587128 P37 adds B27 to its tree
340.5327857587128 P37 mines for 10141.903893125998 seconds
340.54340093891335 P37 recvs B27 from P46 
340.9088975742462 P37 recvs B27 from P78 
341.20734217150675 P37 recvs B27 from P12 
341.23655117924073 P37 recvs B27 from P34 
369.79871619795546 P37 recvs B28 from P78 
369.79871619795546 P37 adds B28 to its tree
369.79871619795546 P37 mines for 3150.2243695751463 seconds
369.86327921309567 P37 recvs B28 from P12 
370.1140996829793 P37 recvs B28 from P46 
370.92246252306444 P37 recvs B28 from P8 
371.06382737375714 P37 recvs B28 from P34 
380.74615366785 P37 recvs B29 from P8 
380.74615366785 P37 adds B29 to its tree
380.74615366785 P37 mines for 3576.569360616203 seconds
380.8878778817072 P37 recvs B29 from P46 
380.98919762193856 P37 recvs B29 from P12 
380.99136935841983 P37 recvs B29 from P78 
381.3481238907501 P37 recvs B29 from P34 
386.9694235125688 P37 recvs B30 from P78 
386.9694235125688 P37 adds B30 to its tree
386.9694235125688 P37 mines for 3775.0018422887333 seconds
387.5298980203111 P37 recvs B30 from P46 
396.21980733375335 P37 recvs B31 from P8 
396.21980733375335 P37 adds B31 to its tree
396.21980733375335 P37 mines for 1206.2601645262725 seconds
396.27765886826705 P37 recvs B31 from P12 
396.54712661183993 P37 recvs B31 from P46 
396.9340907834083 P37 recvs B31 from P78 
396.96074263810243 P37 recvs B31 from P34 
402.0957686988095 P37 recvs B32 from P8 
402.0957686988095 P37 adds B32 to its tree
402.0957686988095 P37 mines for 1252.1370613517872 seconds
402.64780947392563 P37 recvs B32 from P12 
403.1733340039737 P37 recvs B32 from P34 
403.2475578817974 P37 recvs B33 from P8 
403.2475578817974 P37 adds B33 to its tree
403.45211826232963 P37 recvs B33 from P78 
403.53651086864454 P37 recvs B33 from P46 
403.65401268660264 P37 recvs B32 from P78 
403.6738881729152 P37 recvs B33 from P12 
403.84832558696036 P37 recvs B32 from P46 
403.87809557955626 P37 recvs B33 from P34 
407.3116250666211 P37 recvs B34 from P8 
407.3116250666211 P37 adds B34 to its tree
407.3116250666211 P37 mines for 1532.400195814212 seconds
407.34577759278864 P37 recvs B34 from P46 
407.5175966266781 P37 recvs B34 from P12 
407.5403318659811 P37 recvs B34 from P78 
407.9653794731181 P37 recvs B34 from P34 
436.3858333855766 P37 recvs B35 from P12 
436.3858333855766 P37 adds B35 to its tree
436.3858333855766 P37 mines for 990.1279191259204 seconds
436.9393350968641 P37 recvs B35 from P46 
437.0858744458245 P37 recvs B35 from P78 
437.21968809966626 P37 recvs B35 from P34 
437.30593263890125 P37 recvs B35 from P8 
439.81704037794145 P37 recvs B36 from P46 
439.81704037794145 P37 adds B36 to its tree
439.81704037794145 P37 mines for 5349.67117629035 seconds
439.9172969347075 P37 recvs B36 from P8 
439.9997178789137 P37 recvs B36 from P12 
440.26318966908156 P37 recvs B36 from P78 
440.6117691380807 P37 recvs B36 from P34 
446.36456703986323 P37 recvs B38 from P12 
446.36456703986323 P37 adds B38 to its tree
446.36456703986323 P37 mines for 18293.666296454434 seconds
447.5028968412704 P37 recvs B37 from P8 
447.5028968412704 P37 adds B37 to its tree
447.5520324361235 P37 recvs B38 from P8 
447.7221019517862 P37 recvs B37 from P46 
447.74849041711894 P37 recvs B37 from P12 
447.76578438905557 P37 recvs B38 from P46 
447.80319646382617 P37 recvs B37 from P78 
447.9221200872469 P37 recvs B38 from P34 
448.2639146759134 P37 recvs B37 from P34 
456.82587907633325 P37 recvs B39 from P8 
456.82587907633325 P37 adds B39 to its tree
456.82587907633325 P37 mines for 3203.123895970033 seconds
456.9544999714024 P37 recvs B39 from P12 
457.3928114170657 P37 recvs B39 from P46 
457.4458416779283 P37 recvs B39 from P34 
457.45439714365745 P37 recvs B39 from P78 
476.8236986136798 P37 recvs B40 from P8 
476.8236986136798 P37 adds B40 to its tree
476.8236986136798 P37 mines for 1026.7943941046299 seconds
477.26001016999396 P37 recvs B40 from P46 
477.3758893749698 P37 recvs B40 from P78 
477.43266015222787 P37 recvs B40 from P12 
477.4842046707328 P37 recvs B40 from P34 
484.30499308970695 P37 recvs B41 from P46 
484.30499308970695 P37 adds B41 to its tree
484.30499308970695 P37 mines for 13745.14232450867 seconds
484.4218861831034 P37 recvs B41 from P12 
484.5677699499068 P37 recvs B41 from P8 
484.7359060617895 P37 recvs B41 from P78 
484.87915953493615 P37 recvs B41 from P34 
494.5206649642325 P37 recvs B42 from P8 
494.5206649642325 P37 adds B42 to its tree
494.5206649642325 P37 mines for 3136.230673192538 seconds
494.6316659740353 P37 recvs B42 from P46 
494.68919252905516 P37 recvs B42 from P78 
494.7236990946597 P37 recvs B42 from P12 
494.8671342763785 P37 recvs B42 from P34 
502.56284961932175 P37 recvs B43 from P8 
502.56284961932175 P37 adds B43 to its tree
502.56284961932175 P37 mines for 10780.532445125958 seconds
502.57827930665115 P37 recvs B43 from P78 
502.88382687182803 P37 recvs B43 from P46 
502.99900008484315 P37 recvs B44 from P46 
502.99900008484315 P37 adds B44 to its tree
503.1708429954303 P37 recvs B43 from P12 
503.3182139234168 P37 recvs B44 from P12 
503.4886915329737 P37 recvs B44 from P78 
503.52152555461106 P37 recvs B43 from P34 
503.63517389007967 P37 recvs B44 from P8 
503.94221998967225 P37 recvs B44 from P34 
526.988713882405 P37 recvs B45 from P8 
526.988713882405 P37 adds B45 to its tree
526.988713882405 P37 mines for 3583.0573741784756 seconds
527.0019010494816 P37 recvs B45 from P46 
527.1325536862736 P37 recvs B45 from P12 
527.1580956435467 P37 recvs B45 from P78 
527.545550173423 P37 recvs B45 from P34 
548.3852388604956 P37 recvs B46 from P8 
548.3852388604956 P37 adds B46 to its tree
548.3852388604956 P37 mines for 5423.75460472898 seconds
548.4080687628697 P37 recvs B46 from P46 
548.7121612425631 P37 recvs B46 from P78 
548.758911347124 P37 recvs B46 from P34 
548.7903359172124 P37 recvs B46 from P12 
562.9170654954204 P37 recvs B47 from P46 
562.9170654954204 P37 adds B47 to its tree
562.9170654954204 P37 mines for 3864.469436748294 seconds
562.9806221220955 P37 recvs B47 from P78 
562.9993137604224 P37 recvs B47 from P34 
563.0388764231334 P37 recvs B47 from P12 
563.0537093328667 P37 recvs B47 from P8 
565.6667109295668 P37 recvs B48 from P46 
565.6667109295668 P37 adds B48 to its tree
565.6667109295668 P37 mines for 3660.3582683473187 seconds
565.8406245394452 P37 recvs B48 from P12 
566.284157125757 P37 recvs B48 from P8 
566.3110804022207 P37 recvs B48 from P78 
566.5322190658273 P37 recvs B48 from P34 
576.2633088443018 P37 recvs B49 from P46 
576.2633088443018 P37 adds B49 to its tree
576.2633088443018 P37 mines for 288.4096299103198 seconds
576.7470592171746 P37 recvs B49 from P12 
576.8512864152684 P37 recvs B49 from P78 
576.8799723897795 P37 recvs B49 from P8 
577.1644153677488 P37 recvs B49 from P34 
588.7072083499828 P37 recvs B50 from P8 
588.7072083499828 P37 adds B50 to its tree
588.7072083499828 P37 mines for 6853.665750207732 seconds
589.239710481017 P37 recvs B50 from P12 
589.8262822190671 P37 recvs B50 from P34 
590.2381862054503 P37 recvs B50 from P78 
590.4030325606268 P37 recvs B50 from P46 
592.7139457583245 P37 recvs B51 from P12 
592.7139457583245 P37 adds B51 to its tree
592.7139457583245 P37 mines for 109.67552046320581 seconds
595.2460886352355 P37 recvs B52 from P8 
595.2460886352355 P37 adds B52 to its tree
595.3895388402153 P37 recvs B52 from P46 
595.4511280099716 P37 recvs B52 from P78 
595.4957842671422 P37 recvs B52 from P12 
595.9127477028751 P37 recvs B52 from P34 
597.2036989758152 P37 recvs B53 from P8 
597.2036989758152 P37 adds B53 to its tree
597.2036989758152 P37 mines for 3732.5524251596353 seconds
597.2585353045379 P37 recvs B53 from P12 
597.4955661717789 P37 recvs B53 from P46 
597.8764325512216 P37 recvs B53 from P78 
597.9588442998737 P37 recvs B53 from P34 
