0 P38 mines for 500.9120391259066 seconds
5.823418977173985 P38 recvs B2 from P29 
5.823418977173985 P38 adds B2 to its tree
5.823418977173985 P38 mines for 60.933855717295835 seconds
6.022331150975947 P38 recvs B2 from P51 
6.2246111564854285 P38 recvs B2 from P85 
6.295568462151283 P38 recvs B2 from P88 
6.836394817947366 P38 recvs B2 from P75 
6.861009829665107 P38 creates T62
23.953190563585125 P38 recvs B3 from P51 
23.953190563585125 P38 adds B3 to its tree
23.953190563585125 P38 mines for 617.6824472338935 seconds
24.65965663986709 P38 recvs B3 from P29 
25.42935861463197 P38 recvs B3 from P85 
70.38815381505925 P38 recvs B4 from P88 
70.38815381505925 P38 adds B4 to its tree
70.38815381505925 P38 mines for 956.5560018712349 seconds
70.91907377449438 P38 recvs B4 from P51 
71.03141745402047 P38 recvs B4 from P85 
71.33750287163839 P38 recvs B4 from P29 
71.56797430754477 P38 recvs B4 from P75 
75.95287210434141 P38 recvs B5 from P85 
75.95287210434141 P38 adds B5 to its tree
75.95287210434141 P38 mines for 787.9278254229624 seconds
86.93687330555976 P38 recvs B6 from P29 
86.93687330555976 P38 adds B6 to its tree
86.93687330555976 P38 mines for 837.9179600213811 seconds
87.09755730635095 P38 recvs B6 from P51 
87.1135695430882 P38 recvs B6 from P88 
87.45964387897979 P38 recvs B6 from P85 
88.2854653373874 P38 recvs B6 from P75 
101.6100149332863 P38 recvs B7 from P51 
101.6100149332863 P38 adds B7 to its tree
101.6100149332863 P38 mines for 24.761765343737125 seconds
102.32181592556242 P38 recvs B7 from P29 
102.40396361111816 P38 recvs B7 from P85 
110.7468310647598 P38 recvs B8 from P85 
110.7468310647598 P38 adds B8 to its tree
110.7468310647598 P38 mines for 981.5062373154024 seconds
110.82679416212251 P38 recvs B8 from P29 
111.16436754662915 P38 recvs B8 from P51 
111.33589212020419 P38 recvs B8 from P88 
111.5370442360287 P38 recvs B8 from P75 
121.5588487096408 P38 recvs B9 from P51 
121.5588487096408 P38 adds B9 to its tree
121.5588487096408 P38 mines for 204.01745316084381 seconds
122.17681999816841 P38 recvs B9 from P75 
122.2091570883909 P38 recvs B9 from P85 
122.48211441487808 P38 recvs B9 from P29 
129.73596001405608 P38 recvs B10 from P51 
129.73596001405608 P38 adds B10 to its tree
129.73596001405608 P38 mines for 660.9436051527522 seconds
130.46263199084305 P38 recvs B10 from P29 
131.15894126145454 P38 recvs B10 from P85 
141.97279721959018 P38 recvs B11 from P85 
141.97279721959018 P38 adds B11 to its tree
141.97279721959018 P38 mines for 159.46440876830835 seconds
142.30208324782586 P38 recvs B11 from P29 
142.44779950960756 P38 recvs B11 from P51 
142.771786974366 P38 recvs B11 from P88 
142.77877958711952 P38 recvs B11 from P75 
155.83271531538227 P38 recvs B12 from P88 
155.83271531538227 P38 adds B12 to its tree
155.83271531538227 P38 mines for 23.883522207340715 seconds
156.39759840090193 P38 recvs B12 from P85 
156.40848359785443 P38 recvs B12 from P51 
156.9103945682178 P38 recvs B12 from P29 
156.9237875096916 P38 recvs B12 from P75 
170.2202258679671 P38 recvs B13 from P85 
170.2202258679671 P38 adds B13 to its tree
170.2202258679671 P38 mines for 1720.5636410739487 seconds
170.3339164481828 P38 recvs B13 from P88 
170.3986725001821 P38 recvs B13 from P51 
170.86301476126104 P38 recvs B13 from P29 
171.4730205126932 P38 recvs B13 from P75 
185.57735626290946 P38 recvs B14 from P51 
185.57735626290946 P38 adds B14 to its tree
185.57735626290946 P38 mines for 322.49630966802175 seconds
185.65651353101217 P38 recvs B14 from P29 
186.13183786726262 P38 recvs B14 from P85 
186.2456356167485 P38 recvs B14 from P88 
186.9507605432044 P38 recvs B14 from P75 
201.7391741871485 P38 recvs B15 from P29 
201.7391741871485 P38 adds B15 to its tree
201.7391741871485 P38 mines for 173.75633660986114 seconds
202.14252868378105 P38 recvs B15 from P88 
202.2717660540238 P38 recvs B15 from P51 
202.79147779611205 P38 recvs B15 from P75 
203.026830765857 P38 recvs B15 from P85 
212.3041914206984 P38 recvs B16 from P51 
212.3041914206984 P38 adds B16 to its tree
212.3041914206984 P38 mines for 127.98092755300343 seconds
213.00874423735547 P38 recvs B16 from P29 
213.67022571858243 P38 recvs B16 from P85 
213.84171193780423 P38 recvs B17 from P51 
213.84171193780423 P38 adds B17 to its tree
214.07805293185024 P38 recvs B17 from P29 
214.3948232382142 P38 recvs B17 from P88 
214.42378827820923 P38 recvs B17 from P85 
214.8111196116485 P38 recvs B17 from P75 
220.19425997742388 P38 recvs B18 from P75 
220.19425997742388 P38 adds B18 to its tree
220.19425997742388 P38 mines for 131.87659768045955 seconds
220.4353812828226 P38 recvs B18 from P85 
220.54580615286687 P38 recvs B18 from P51 
220.73719639889873 P38 recvs B18 from P29 
221.20311361859748 P38 recvs B18 from P88 
221.52579909832906 P38 recvs B19 from P88 
221.52579909832906 P38 adds B19 to its tree
222.0576847113855 P38 recvs B19 from P29 
222.24166189564826 P38 recvs B19 from P75 
222.5934180594565 P38 recvs B19 from P85 
222.65866617097117 P38 recvs B19 from P51 
230.38654754893946 P38 recvs B20 from P29 
230.38654754893946 P38 adds B20 to its tree
230.38654754893946 P38 mines for 718.7477219712091 seconds
230.44267382891533 P38 recvs B20 from P51 
230.87189468940997 P38 recvs B20 from P85 
230.99702869775209 P38 recvs B20 from P88 
231.28583921548494 P38 recvs B20 from P75 
252.89303413396377 P38 recvs B21 from P85 
252.89303413396377 P38 adds B21 to its tree
252.89303413396377 P38 mines for 473.03130214710745 seconds
252.94693462830367 P38 recvs B21 from P88 
253.02614925658645 P38 recvs B21 from P51 
253.51762285219766 P38 recvs B21 from P29 
253.58235416979284 P38 recvs B21 from P75 
258.8555041680997 P38 recvs B22 from P75 
258.8555041680997 P38 adds B22 to its tree
258.8555041680997 P38 mines for 1100.2044481433302 seconds
259.22573313606006 P38 recvs B22 from P85 
259.2875816555224 P38 recvs B22 from P51 
259.50755614064667 P38 recvs B22 from P29 
287.11776563033834 P38 recvs B23 from P88 
287.11776563033834 P38 adds B23 to its tree
287.11776563033834 P38 mines for 733.8049270963185 seconds
287.65787390650985 P38 recvs B23 from P51 
287.6786240868227 P38 recvs B23 from P85 
287.69899233018583 P38 recvs B23 from P75 
288.20894387226076 P38 recvs B23 from P29 
296.3096651857714 P38 recvs B24 from P85 
296.3096651857714 P38 adds B24 to its tree
296.3096651857714 P38 mines for 2387.966931075369 seconds
296.5378152878145 P38 recvs B24 from P51 
297.03657279832044 P38 recvs B24 from P29 
297.084124282943 P38 recvs B24 from P75 
297.8403078896883 P38 recvs B24 from P88 
305.724074698595 P38 recvs B25 from P75 
305.724074698595 P38 adds B25 to its tree
305.724074698595 P38 mines for 686.4196201550026 seconds
306.7783587133146 P38 recvs B25 from P51 
307.00366700467555 P38 recvs B25 from P85 
307.3107762182176 P38 recvs B26 from P51 
307.3107762182176 P38 adds B26 to its tree
308.1048678439174 P38 recvs B26 from P29 
308.6806449657971 P38 recvs B26 from P85 
340.20856136852854 P38 recvs B27 from P85 
340.20856136852854 P38 adds B27 to its tree
340.20856136852854 P38 mines for 1214.699182662041 seconds
340.28745193993103 P38 recvs B27 from P51 
340.74216423469466 P38 recvs B27 from P29 
341.03138288820315 P38 recvs B27 from P88 
341.4457309325376 P38 recvs B27 from P75 
369.46373755227216 P38 recvs B28 from P51 
369.46373755227216 P38 adds B28 to its tree
369.46373755227216 P38 mines for 147.07787496830332 seconds
369.83512694120554 P38 recvs B28 from P29 
370.51570213935764 P38 recvs B28 from P85 
379.9785488964022 P38 recvs B29 from P29 
379.9785488964022 P38 adds B29 to its tree
379.9785488964022 P38 mines for 867.9003750662623 seconds
380.2108984193429 P38 recvs B29 from P51 
380.4139347617252 P38 recvs B29 from P85 
380.4938144289541 P38 recvs B29 from P88 
381.0453721871637 P38 recvs B29 from P75 
387.54984310969724 P38 recvs B30 from P29 
387.54984310969724 P38 adds B30 to its tree
387.54984310969724 P38 mines for 63.742746140359955 seconds
387.82037822246605 P38 recvs B30 from P51 
387.9999438072149 P38 recvs B30 from P85 
388.10048740542993 P38 recvs B30 from P88 
388.84900342475845 P38 recvs B30 from P75 
395.9312978399201 P38 recvs B31 from P85 
395.9312978399201 P38 adds B31 to its tree
395.9312978399201 P38 mines for 385.1345748353429 seconds
395.9480937231429 P38 recvs B31 from P51 
396.3503311477826 P38 recvs B31 from P29 
396.7850210192766 P38 recvs B31 from P88 
396.80439005455554 P38 recvs B31 from P75 
401.6657105425733 P38 recvs B32 from P85 
401.6657105425733 P38 adds B32 to its tree
401.6657105425733 P38 mines for 493.3692147469551 seconds
402.56075875969356 P38 recvs B33 from P75 
402.56075875969356 P38 adds B33 to its tree
402.8152593521653 P38 recvs B33 from P85 
402.8749841491359 P38 recvs B33 from P51 
403.1634860536213 P38 recvs B33 from P29 
403.6682321334162 P38 recvs B33 from P88 
406.41301484192564 P38 recvs B34 from P29 
406.41301484192564 P38 adds B34 to its tree
406.41301484192564 P38 mines for 558.0514889066732 seconds
406.6945208100537 P38 recvs B34 from P51 
406.96466697161765 P38 recvs B34 from P88 
406.9791758790406 P38 recvs B34 from P85 
407.50328750089153 P38 recvs B34 from P75 
435.7462873747286 P38 recvs B35 from P29 
435.7462873747286 P38 adds B35 to its tree
435.7462873747286 P38 mines for 626.4605927200798 seconds
436.05068579286075 P38 recvs B35 from P88 
436.3708362066613 P38 recvs B35 from P51 
436.81005070237387 P38 recvs B35 from P75 
437.02061055437 P38 recvs B35 from P85 
439.08044045933093 P38 recvs B36 from P51 
439.08044045933093 P38 adds B36 to its tree
439.08044045933093 P38 mines for 30.526223793927684 seconds
439.60317884543394 P38 recvs B36 from P85 
439.76035493563205 P38 recvs B36 from P29 
440.4227598163979 P38 recvs B36 from P75 
446.81061426893837 P38 recvs B37 from P29 
446.81061426893837 P38 adds B37 to its tree
446.81061426893837 P38 mines for 102.70985754906347 seconds
447.05487221052937 P38 recvs B37 from P51 
447.16703823033225 P38 recvs B38 from P75 
447.16703823033225 P38 adds B38 to its tree
447.17161728069567 P38 recvs B38 from P51 
447.2427159648078 P38 recvs B37 from P85 
447.25372226217695 P38 recvs B37 from P88 
447.25884621776396 P38 recvs B38 from P85 
447.3571457962092 P38 recvs B38 from P29 
447.6120441527912 P38 recvs B38 from P88 
447.61320567790835 P38 recvs B37 from P75 
456.5071825928824 P38 recvs B39 from P85 
456.5071825928824 P38 adds B39 to its tree
456.5071825928824 P38 mines for 828.3694544875965 seconds
456.5814686450806 P38 recvs B39 from P51 
456.9778323608546 P38 recvs B39 from P29 
457.29834666754306 P38 recvs B39 from P75 
457.4649545094259 P38 recvs B39 from P88 
476.5443327399522 P38 recvs B40 from P85 
476.5443327399522 P38 adds B40 to its tree
476.5443327399522 P38 mines for 274.744815768646 seconds
476.5641533090259 P38 recvs B40 from P51 
476.99085084918073 P38 recvs B40 from P29 
477.3475425144956 P38 recvs B40 from P88 
477.81164659552746 P38 recvs B40 from P75 
483.57538462974856 P38 recvs B41 from P51 
483.57538462974856 P38 adds B41 to its tree
483.57538462974856 P38 mines for 66.3677013792248 seconds
483.67286715784354 P38 recvs B41 from P88 
483.84787240082596 P38 recvs B41 from P29 
484.189740338158 P38 recvs B41 from P85 
484.89717797905956 P38 recvs B41 from P75 
493.7127881659369 P38 recvs B42 from P29 
493.7127881659369 P38 adds B42 to its tree
493.7127881659369 P38 mines for 466.6071227225887 seconds
494.0014713009416 P38 recvs B42 from P51 
494.2213037884373 P38 recvs B42 from P85 
494.2546370701282 P38 recvs B42 from P88 
494.9443280241108 P38 recvs B42 from P75 
502.1377764436004 P38 recvs B43 from P85 
502.1377764436004 P38 adds B43 to its tree
502.1377764436004 P38 mines for 994.6701806157599 seconds
502.2493610643588 P38 recvs B44 from P51 
502.2493610643588 P38 adds B44 to its tree
502.4092600907126 P38 recvs B43 from P51 
502.95485819451653 P38 recvs B44 from P29 
503.0108589718996 P38 recvs B43 from P29 
503.48083163269564 P38 recvs B43 from P75 
503.54254356477657 P38 recvs B44 from P85 
503.56943694990304 P38 recvs B43 from P88 
526.0608694417011 P38 recvs B45 from P29 
526.0608694417011 P38 adds B45 to its tree
526.0608694417011 P38 mines for 2010.9885358110414 seconds
526.3641330799733 P38 recvs B45 from P51 
526.5797368209633 P38 recvs B45 from P88 
526.6110973796566 P38 recvs B45 from P85 
527.2940679329162 P38 recvs B45 from P75 
547.4909117921314 P38 recvs B46 from P51 
547.4909117921314 P38 adds B46 to its tree
547.4909117921314 P38 mines for 1008.0820766251517 seconds
548.0574655049388 P38 recvs B46 from P85 
548.083259781053 P38 recvs B46 from P75 
548.3844443421432 P38 recvs B46 from P29 
562.1991103300587 P38 recvs B47 from P29 
562.1991103300587 P38 adds B47 to its tree
562.1991103300587 P38 mines for 335.86523291549724 seconds
562.3488536372159 P38 recvs B47 from P51 
562.7173748327833 P38 recvs B47 from P88 
562.7193836037359 P38 recvs B47 from P85 
563.1533671306458 P38 recvs B47 from P75 
565.0122221125447 P38 recvs B48 from P51 
565.0122221125447 P38 adds B48 to its tree
565.0122221125447 P38 mines for 133.88507657876573 seconds
565.4562875775479 P38 recvs B48 from P29 
566.2249284960758 P38 recvs B48 from P85 
575.5592141200278 P38 recvs B49 from P51 
575.5592141200278 P38 adds B49 to its tree
575.5592141200278 P38 mines for 2076.1289208563135 seconds
576.2788224641594 P38 recvs B49 from P29 
576.8030641310319 P38 recvs B49 from P85 
588.256288782615 P38 recvs B50 from P85 
588.256288782615 P38 adds B50 to its tree
588.256288782615 P38 mines for 155.55370099190304 seconds
593.7411201896779 P38 recvs B51 from P85 
593.7411201896779 P38 adds B51 to its tree
593.7411201896779 P38 mines for 132.07625836896503 seconds
594.0355403052696 P38 recvs B51 from P51 
594.3879503836176 P38 recvs B52 from P29 
594.3879503836176 P38 adds B52 to its tree
594.5411616599697 P38 recvs B51 from P29 
594.6815484276119 P38 recvs B51 from P75 
594.746897314723 P38 recvs B52 from P51 
594.9501968521971 P38 recvs B52 from P88 
594.9570008368125 P38 recvs B52 from P85 
595.534807440489 P38 recvs B52 from P75 
596.8503283135254 P38 recvs B53 from P51 
596.8503283135254 P38 adds B53 to its tree
596.8503283135254 P38 mines for 25.96211587879084 seconds
596.9142873036786 P38 recvs B53 from P85 
597.3291203971836 P38 recvs B53 from P29 
597.7298950185188 P38 recvs B53 from P75 
597.826063998291 P38 recvs B53 from P88 
