0 P39 mines for 209.3259920754567 seconds
2.7972920981357383 P39 creates T39
5.278322362806321 P39 recvs B2 from P47 
5.278322362806321 P39 adds B2 to its tree
5.278322362806321 P39 mines for 2130.474479918421 seconds
5.833492326217981 P39 recvs B2 from P17 
5.843809903295586 P39 recvs B2 from P15 
5.9150220086985685 P39 recvs B2 from P49 
6.022246566521216 P39 creates T58
7.221123979377202 P39 recvs B2 from P31 
7.3802395569761075 P39 recvs B2 from P7 
24.888261251620627 P39 recvs B3 from P15 
24.888261251620627 P39 adds B3 to its tree
24.888261251620627 P39 mines for 1099.6586258991879 seconds
25.06876557406534 P39 recvs B3 from P17 
25.43813536887161 P39 recvs B3 from P49 
26.050949261228514 P39 recvs B3 from P47 
26.39288220205689 P39 recvs B3 from P7 
26.77065456884901 P39 recvs B3 from P31 
70.90331574466896 P39 recvs B4 from P17 
70.90331574466896 P39 adds B4 to its tree
70.90331574466896 P39 mines for 248.1778623829727 seconds
71.03428626175189 P39 recvs B4 from P15 
71.15788882355073 P39 recvs B4 from P49 
71.76590179034177 P39 recvs B4 from P47 
71.8708590641839 P39 recvs B4 from P31 
72.3391382416804 P39 recvs B4 from P7 
77.25051740128093 P39 recvs B5 from P49 
77.25051740128093 P39 adds B5 to its tree
77.25051740128093 P39 mines for 735.113047808795 seconds
77.53506477704818 P39 recvs B5 from P15 
77.69428674899429 P39 recvs B5 from P17 
78.52086773516585 P39 recvs B5 from P7 
78.53337299447519 P39 recvs B5 from P31 
78.86170128551827 P39 recvs B5 from P47 
87.05888642655863 P39 recvs B6 from P17 
87.05888642655863 P39 adds B6 to its tree
87.05888642655863 P39 mines for 78.45518440764342 seconds
87.10189990308035 P39 recvs B6 from P15 
87.14655298066448 P39 recvs B6 from P49 
87.80019654556835 P39 recvs B6 from P47 
88.31757427633198 P39 recvs B6 from P31 
88.6557737504739 P39 recvs B6 from P7 
102.58504114436887 P39 recvs B7 from P15 
102.58504114436887 P39 adds B7 to its tree
102.58504114436887 P39 mines for 5.723326888208344 seconds
102.61490224193106 P39 recvs B7 from P49 
102.6770470753909 P39 recvs B7 from P17 
103.38120845791744 P39 recvs B7 from P47 
104.10135443853909 P39 recvs B7 from P7 
104.37316485122912 P39 recvs B7 from P31 
108.30836803257722 P39 mines B8
122.52064423609472 P39 recvs B9 from P15 
122.52064423609472 P39 adds B9 to its tree
122.52064423609472 P39 mines for 138.71671011064757 seconds
122.61840335999824 P39 recvs B9 from P49 
122.75654888583855 P39 recvs B9 from P17 
123.45348472667732 P39 recvs B9 from P31 
123.66226723346139 P39 recvs B9 from P47 
124.18888612817668 P39 recvs B9 from P7 
130.69561640745235 P39 recvs B10 from P15 
130.69561640745235 P39 adds B10 to its tree
130.69561640745235 P39 mines for 880.406165181299 seconds
130.77512457470098 P39 recvs B10 from P17 
131.18763949314518 P39 recvs B10 from P49 
131.73690560145292 P39 recvs B10 from P47 
132.24238106919105 P39 recvs B10 from P7 
132.61305726145062 P39 recvs B10 from P31 
141.87751362075636 P39 recvs B11 from P49 
141.87751362075636 P39 adds B11 to its tree
141.87751362075636 P39 mines for 424.60718121564616 seconds
141.9138932424172 P39 recvs B11 from P15 
142.89399006253535 P39 recvs B11 from P17 
143.03626743444602 P39 recvs B11 from P31 
143.51781203573825 P39 recvs B11 from P7 
156.35105775259183 P39 recvs B12 from P17 
156.35105775259183 P39 adds B12 to its tree
156.35105775259183 P39 mines for 85.27464517002973 seconds
156.43655691878627 P39 recvs B12 from P15 
156.5655872395864 P39 recvs B12 from P49 
157.22474171748792 P39 recvs B12 from P31 
157.23456267353865 P39 recvs B12 from P47 
157.86130229911464 P39 recvs B12 from P7 
170.13147696644887 P39 recvs B13 from P49 
170.13147696644887 P39 adds B13 to its tree
170.13147696644887 P39 mines for 1049.7618258692064 seconds
170.99424412815773 P39 recvs B13 from P17 
171.06649776462157 P39 recvs B13 from P15 
171.32975176647167 P39 recvs B13 from P7 
171.96130737615613 P39 recvs B13 from P31 
171.96400868714466 P39 recvs B13 from P47 
184.50344896520707 P39 recvs B14 from P17 
184.50344896520707 P39 adds B14 to its tree
184.50344896520707 P39 mines for 174.68659356939708 seconds
185.52551212661413 P39 recvs B14 from P15 
185.5490703941781 P39 recvs B14 from P47 
185.71181922283813 P39 recvs B14 from P49 
186.40376954417752 P39 recvs B14 from P31 
186.74996664280994 P39 recvs B14 from P7 
202.27502367655836 P39 recvs B15 from P31 
202.27502367655836 P39 adds B15 to its tree
202.27502367655836 P39 mines for 36.63654180016676 seconds
202.29010205678162 P39 recvs B15 from P17 
202.368523699104 P39 recvs B15 from P49 
203.26000274538038 P39 recvs B15 from P15 
203.3570377538815 P39 recvs B15 from P47 
203.71494966548323 P39 recvs B15 from P7 
212.498574971174 P39 recvs B17 from P17 
212.498574971174 P39 adds B17 to its tree
212.498574971174 P39 mines for 107.24067467551055 seconds
213.29700175632254 P39 recvs B16 from P15 
213.29700175632254 P39 adds B16 to its tree
213.31262276514104 P39 recvs B16 from P17 
213.59307209664178 P39 recvs B17 from P15 
213.77070168095412 P39 recvs B16 from P49 
213.86409491796016 P39 recvs B17 from P49 
214.42967163247414 P39 recvs B16 from P47 
214.79348447906236 P39 recvs B16 from P7 
214.79660593630388 P39 recvs B17 from P7 
215.05175895065327 P39 recvs B16 from P31 
219.77879093963222 P39 recvs B18 from P49 
219.77879093963222 P39 adds B18 to its tree
219.77879093963222 P39 mines for 603.7023470041534 seconds
220.85682274197117 P39 recvs B18 from P17 
220.9683675068451 P39 recvs B18 from P15 
221.329787285863 P39 recvs B19 from P49 
221.329787285863 P39 adds B19 to its tree
222.06692436020876 P39 recvs B18 from P31 
222.07882531856538 P39 recvs B18 from P7 
222.322137597888 P39 recvs B19 from P17 
222.6436382335625 P39 recvs B19 from P31 
222.680009817441 P39 recvs B19 from P15 
223.01273943524515 P39 recvs B19 from P47 
223.6273792289935 P39 recvs B19 from P7 
229.29424619503408 P39 recvs B20 from P17 
229.29424619503408 P39 adds B20 to its tree
229.29424619503408 P39 mines for 861.2283711749669 seconds
230.3487925418765 P39 recvs B20 from P15 
230.35479045959104 P39 recvs B20 from P47 
230.4081947433199 P39 recvs B20 from P49 
231.23109514060417 P39 recvs B20 from P31 
231.5438766474002 P39 recvs B20 from P7 
252.67262084845694 P39 recvs B21 from P49 
252.67262084845694 P39 adds B21 to its tree
252.67262084845694 P39 mines for 265.77846039194685 seconds
253.61206665301916 P39 recvs B21 from P17 
253.7923217184888 P39 recvs B21 from P15 
253.96388604375608 P39 recvs B21 from P7 
254.51229632101752 P39 recvs B21 from P47 
254.52819078253583 P39 recvs B21 from P31 
258.4846674298241 P39 recvs B22 from P49 
258.4846674298241 P39 adds B22 to its tree
258.4846674298241 P39 mines for 467.76845726927934 seconds
259.53422388000644 P39 recvs B22 from P17 
259.69696072809916 P39 recvs B22 from P15 
260.61431992305023 P39 recvs B22 from P31 
260.76073966983597 P39 recvs B22 from P7 
286.7101841894604 P39 recvs B23 from P49 
286.7101841894604 P39 adds B23 to its tree
286.7101841894604 P39 mines for 299.5100745275522 seconds
287.669147029539 P39 recvs B23 from P17 
287.7815857973879 P39 recvs B23 from P7 
287.7981678347948 P39 recvs B23 from P15 
287.80272872525944 P39 recvs B23 from P31 
288.597601871805 P39 recvs B23 from P47 
296.16684287356685 P39 recvs B24 from P49 
296.16684287356685 P39 adds B24 to its tree
296.16684287356685 P39 mines for 142.17254574464334 seconds
296.41612987088945 P39 recvs B24 from P17 
296.4957593665361 P39 recvs B24 from P7 
296.54245223965705 P39 recvs B24 from P15 
296.8110872500204 P39 recvs B24 from P31 
298.06357536241336 P39 recvs B24 from P47 
305.76312448817345 P39 recvs B25 from P49 
305.76312448817345 P39 adds B25 to its tree
305.76312448817345 P39 mines for 319.5015732364312 seconds
307.91674793439444 P39 recvs B25 from P31 
308.06381116192523 P39 recvs B25 from P7 
308.2201252857484 P39 recvs B26 from P15 
308.2201252857484 P39 adds B26 to its tree
308.4201515682864 P39 recvs B26 from P17 
308.8254273469265 P39 recvs B26 from P49 
309.0222300070927 P39 recvs B26 from P47 
309.8746596119104 P39 recvs B26 from P31 
309.9209745178413 P39 recvs B26 from P7 
340.54142085650324 P39 recvs B27 from P17 
340.54142085650324 P39 adds B27 to its tree
340.54142085650324 P39 mines for 179.87342850869476 seconds
340.62980878406836 P39 recvs B27 from P49 
340.7426516408806 P39 recvs B27 from P15 
341.4329557968221 P39 recvs B27 from P31 
341.622320657738 P39 recvs B27 from P47 
342.15350045366665 P39 recvs B27 from P7 
370.159724844085 P39 recvs B28 from P17 
370.159724844085 P39 adds B28 to its tree
370.159724844085 P39 mines for 431.62583009429034 seconds
370.3951836532113 P39 recvs B28 from P15 
370.80567644734947 P39 recvs B28 from P49 
371.1619916267511 P39 recvs B28 from P47 
371.21981724293806 P39 recvs B28 from P7 
371.5860154980085 P39 recvs B28 from P31 
379.46342614250386 P39 recvs B29 from P47 
379.46342614250386 P39 adds B29 to its tree
379.46342614250386 P39 mines for 932.652505551284 seconds
379.9754248268163 P39 recvs B29 from P15 
380.0012839831071 P39 recvs B29 from P17 
380.1681795515622 P39 recvs B29 from P49 
381.3485758822441 P39 recvs B29 from P31 
381.5365530295619 P39 recvs B29 from P7 
386.6982785661274 P39 recvs B30 from P15 
386.6982785661274 P39 adds B30 to its tree
386.6982785661274 P39 mines for 262.6437020006947 seconds
387.53808578562325 P39 recvs B30 from P17 
387.57608937009064 P39 recvs B30 from P49 
388.70602640940274 P39 recvs B30 from P47 
389.07579022952945 P39 recvs B30 from P7 
396.2755472702093 P39 recvs B31 from P17 
396.2755472702093 P39 adds B31 to its tree
396.2755472702093 P39 mines for 344.42559433879296 seconds
396.31431790293607 P39 recvs B31 from P49 
396.43273522727475 P39 recvs B31 from P15 
397.11867192185724 P39 recvs B31 from P31 
397.35289377774615 P39 recvs B31 from P47 
397.66799425215737 P39 recvs B31 from P7 
402.13921887872357 P39 recvs B33 from P49 
402.13921887872357 P39 adds B33 to its tree
402.13921887872357 P39 mines for 685.7530968341349 seconds
402.9321137511203 P39 recvs B32 from P49 
402.9321137511203 P39 adds B32 to its tree
403.1348655339277 P39 recvs B32 from P15 
403.2921969997475 P39 recvs B33 from P17 
403.4189609614778 P39 recvs B32 from P17 
403.42084134168806 P39 recvs B33 from P15 
404.22776815589134 P39 recvs B32 from P31 
404.25370422994484 P39 recvs B32 from P7 
404.3320250345704 P39 recvs B33 from P31 
404.43872247044845 P39 recvs B32 from P47 
406.4813754548422 P39 recvs B34 from P15 
406.4813754548422 P39 adds B34 to its tree
406.4813754548422 P39 mines for 96.16310879684636 seconds
406.4888640067531 P39 recvs B34 from P17 
406.60901012957663 P39 recvs B34 from P49 
407.5908115952245 P39 recvs B34 from P47 
407.7558357252417 P39 recvs B34 from P31 
408.0958921308099 P39 recvs B34 from P7 
436.31545652886604 P39 recvs B35 from P31 
436.31545652886604 P39 adds B35 to its tree
436.31545652886604 P39 mines for 276.84630187159394 seconds
436.33812703894694 P39 recvs B35 from P49 
436.3707543997265 P39 recvs B35 from P17 
436.676569334796 P39 recvs B35 from P15 
437.29956990866526 P39 recvs B35 from P47 
437.81969394968456 P39 recvs B35 from P7 
439.7049225811856 P39 recvs B36 from P17 
439.7049225811856 P39 adds B36 to its tree
439.7049225811856 P39 mines for 1202.997290983863 seconds
439.95215978518684 P39 recvs B36 from P49 
439.97742562153593 P39 recvs B36 from P15 
440.72105215801344 P39 recvs B36 from P47 
440.7382134785668 P39 recvs B36 from P31 
440.955874329107 P39 recvs B36 from P7 
445.89700308836257 P39 recvs B37 from P15 
445.89700308836257 P39 adds B37 to its tree
445.89700308836257 P39 mines for 27.601449342216373 seconds
446.6606178023619 P39 recvs B37 from P17 
446.74296270787585 P39 recvs B37 from P49 
447.05450832045034 P39 recvs B38 from P17 
447.05450832045034 P39 adds B38 to its tree
447.2376516344612 P39 recvs B38 from P49 
447.33153128587276 P39 recvs B38 from P15 
447.7531287424797 P39 recvs B38 from P7 
447.8464210336163 P39 recvs B37 from P47 
447.9931002174625 P39 recvs B38 from P31 
448.1364582862425 P39 recvs B38 from P47 
448.2274111036173 P39 recvs B37 from P7 
456.489727274483 P39 recvs B39 from P17 
456.489727274483 P39 adds B39 to its tree
456.489727274483 P39 mines for 1519.103162097767 seconds
456.8727747359011 P39 recvs B39 from P49 
457.0070426225887 P39 recvs B39 from P15 
457.726962937913 P39 recvs B39 from P31 
457.8743139141384 P39 recvs B39 from P47 
458.15238339559625 P39 recvs B39 from P7 
476.919874604215 P39 recvs B40 from P17 
476.919874604215 P39 adds B40 to its tree
476.919874604215 P39 mines for 1067.368877745783 seconds
476.9468216916885 P39 recvs B40 from P49 
477.0199568047418 P39 recvs B40 from P15 
477.76900940203717 P39 recvs B40 from P31 
477.94489626637767 P39 recvs B40 from P47 
478.4696716791977 P39 recvs B40 from P7 
483.667393873319 P39 recvs B41 from P15 
483.667393873319 P39 adds B41 to its tree
483.667393873319 P39 mines for 165.73301851240575 seconds
483.7134598294109 P39 recvs B41 from P17 
483.8313351390625 P39 recvs B41 from P49 
484.49915487606734 P39 recvs B41 from P47 
484.9364647537204 P39 recvs B41 from P31 
485.31390306135074 P39 recvs B41 from P7 
493.5508538038879 P39 recvs B42 from P15 
493.5508538038879 P39 adds B42 to its tree
493.5508538038879 P39 mines for 483.78670746756524 seconds
493.5898235121697 P39 recvs B42 from P17 
493.8677482628508 P39 recvs B42 from P49 
494.8746078273414 P39 recvs B42 from P47 
494.9626501768454 P39 recvs B42 from P31 
495.21646849978436 P39 recvs B42 from P7 
501.9882528471032 P39 recvs B43 from P17 
501.9882528471032 P39 adds B43 to its tree
501.9882528471032 P39 mines for 222.89757150104748 seconds
502.5757044709176 P39 recvs B43 from P49 
502.58089520843015 P39 recvs B43 from P15 
503.17518242024494 P39 recvs B44 from P15 
503.17518242024494 P39 adds B44 to its tree
503.261250926063 P39 recvs B44 from P17 
503.68737694826 P39 recvs B43 from P7 
503.7784188119015 P39 recvs B44 from P49 
503.99002309281883 P39 recvs B44 from P47 
504.0235688750721 P39 recvs B43 from P47 
504.82125363503496 P39 recvs B44 from P7 
504.9243908721049 P39 recvs B44 from P31 
525.6621115018361 P39 recvs B45 from P47 
525.6621115018361 P39 adds B45 to its tree
525.6621115018361 P39 mines for 352.2149421188915 seconds
526.1432452067595 P39 recvs B45 from P15 
526.217016375298 P39 recvs B45 from P17 
526.3195434606453 P39 recvs B45 from P49 
527.5444918938497 P39 recvs B45 from P31 
527.7108033804237 P39 recvs B45 from P7 
548.417976735573 P39 recvs B46 from P15 
548.417976735573 P39 adds B46 to its tree
548.417976735573 P39 mines for 1081.300851768 seconds
548.5340373453392 P39 recvs B46 from P49 
548.6207946271663 P39 recvs B46 from P17 
549.5848924625194 P39 recvs B46 from P31 
549.634064054563 P39 recvs B46 from P47 
550.2080341419814 P39 recvs B46 from P7 
561.1677379045757 P39 recvs B47 from P17 
561.1677379045757 P39 adds B47 to its tree
561.1677379045757 P39 mines for 45.29517639938791 seconds
562.0024573343482 P39 recvs B47 from P47 
562.1076201472242 P39 recvs B47 from P15 
562.2638649091573 P39 recvs B47 from P49 
562.9495550705018 P39 recvs B47 from P31 
563.3397497984823 P39 recvs B47 from P7 
565.7709013424892 P39 recvs B48 from P17 
565.7709013424892 P39 adds B48 to its tree
565.7709013424892 P39 mines for 353.52432102269245 seconds
565.9086681287927 P39 recvs B48 from P15 
566.3311717646496 P39 recvs B48 from P49 
566.9240116454043 P39 recvs B48 from P47 
567.2271642152956 P39 recvs B48 from P7 
567.2663153516078 P39 recvs B48 from P31 
576.4736346970128 P39 recvs B49 from P15 
576.4736346970128 P39 adds B49 to its tree
576.4736346970128 P39 mines for 523.3267056394734 seconds
576.5996591650313 P39 recvs B49 from P17 
577.0409282559845 P39 recvs B49 from P49 
577.4372344952843 P39 recvs B49 from P47 
578.0185864150969 P39 recvs B49 from P7 
578.2641021971309 P39 recvs B49 from P31 
589.6196788945095 P39 recvs B50 from P49 
589.6196788945095 P39 adds B50 to its tree
589.6196788945095 P39 mines for 372.46365653893463 seconds
589.6929142700537 P39 recvs B50 from P15 
590.0677678646663 P39 recvs B50 from P17 
590.8613089840279 P39 recvs B50 from P7 
590.9828348587372 P39 recvs B50 from P31 
591.0480528043646 P39 recvs B50 from P47 
593.7475344300834 P39 recvs B51 from P49 
593.7475344300834 P39 adds B51 to its tree
593.7475344300834 P39 mines for 261.8555381822481 seconds
593.9453276145659 P39 recvs B51 from P17 
594.1726110005893 P39 recvs B51 from P15 
594.1790050077987 P39 recvs B51 from P7 
594.3595154318485 P39 recvs B51 from P31 
594.5949303346421 P39 recvs B52 from P17 
594.5949303346421 P39 adds B52 to its tree
594.6038370284426 P39 recvs B52 from P15 
594.6803081029612 P39 recvs B52 from P49 
595.5437973966548 P39 recvs B51 from P47 
595.6114416660479 P39 recvs B52 from P47 
595.7613450640622 P39 recvs B52 from P31 
596.2649197910557 P39 recvs B52 from P7 
596.8771909645018 P39 recvs B53 from P17 
596.8771909645018 P39 adds B53 to its tree
596.8771909645018 P39 mines for 33.37497815946544 seconds
597.3114304171796 P39 recvs B53 from P49 
597.4182758158256 P39 recvs B53 from P15 
598.0533164920697 P39 recvs B53 from P31 
598.4951177693231 P39 recvs B53 from P7 
598.6279994185627 P39 recvs B53 from P47 
