0 P41 mines for 1317.6745598933169 seconds
0.7129808738266346 P41 creates T16
6.73975630968865 P41 recvs B2 from P60 
6.73975630968865 P41 adds B2 to its tree
6.73975630968865 P41 mines for 134.774267195498 seconds
6.748293356544334 P41 recvs B2 from P34 
6.936807385218546 P41 recvs B2 from P5 
7.029494961377019 P41 recvs B2 from P59 
7.1472852632892385 P41 recvs B2 from P69 
7.250500628677837 P41 recvs B2 from P14 
25.186976141760994 P41 recvs B3 from P34 
25.186976141760994 P41 adds B3 to its tree
25.186976141760994 P41 mines for 746.0323522168992 seconds
25.298729510252663 P41 recvs B3 from P60 
25.501024515186764 P41 recvs B3 from P5 
25.573721831565962 P41 recvs B3 from P69 
25.76023227970571 P41 recvs B3 from P59 
26.984462202276276 P41 recvs B3 from P14 
70.41143957677451 P41 recvs B4 from P69 
70.41143957677451 P41 adds B4 to its tree
70.41143957677451 P41 mines for 151.57452747661964 seconds
71.10794256380738 P41 recvs B4 from P34 
71.11284583033849 P41 recvs B4 from P5 
71.12549323019803 P41 recvs B4 from P60 
71.62725912152014 P41 recvs B4 from P59 
72.18396585983338 P41 recvs B4 from P14 
77.03065545111515 P41 recvs B5 from P34 
77.03065545111515 P41 adds B5 to its tree
77.03065545111515 P41 mines for 115.1141075175853 seconds
77.1472085341151 P41 recvs B5 from P5 
77.3576410462985 P41 recvs B5 from P60 
78.02064046704798 P41 recvs B5 from P59 
78.48506776632362 P41 recvs B5 from P69 
79.00123251438305 P41 recvs B5 from P14 
87.15121072914266 P41 recvs B6 from P69 
87.15121072914266 P41 adds B6 to its tree
87.15121072914266 P41 mines for 372.3063039070686 seconds
87.78173957353867 P41 recvs B6 from P34 
87.81327142685667 P41 recvs B6 from P5 
87.86854152895975 P41 recvs B6 from P60 
88.2434762840522 P41 recvs B6 from P59 
88.47767253580695 P41 recvs B6 from P14 
102.34311023599044 P41 recvs B7 from P34 
102.34311023599044 P41 adds B7 to its tree
102.34311023599044 P41 mines for 2131.4931941652717 seconds
102.93693033662383 P41 recvs B7 from P60 
103.16261966729768 P41 recvs B7 from P69 
103.18698552459463 P41 recvs B7 from P5 
103.44425231988103 P41 recvs B7 from P59 
104.58744776923312 P41 recvs B7 from P14 
110.09141721003604 P41 recvs B8 from P5 
110.09141721003604 P41 adds B8 to its tree
110.09141721003604 P41 mines for 2028.7747060604754 seconds
110.98810943369598 P41 recvs B8 from P60 
111.93796510178348 P41 recvs B8 from P59 
111.98263541034518 P41 recvs B8 from P69 
112.1307816770566 P41 recvs B8 from P14 
122.41971819679198 P41 recvs B9 from P34 
122.41971819679198 P41 adds B9 to its tree
122.41971819679198 P41 mines for 524.7324057647638 seconds
122.60827360608566 P41 recvs B9 from P69 
122.64916877793182 P41 recvs B9 from P5 
123.08447606970199 P41 recvs B9 from P60 
123.43698803673792 P41 recvs B9 from P59 
124.31153943376097 P41 recvs B9 from P14 
130.93654638046254 P41 recvs B10 from P34 
130.93654638046254 P41 adds B10 to its tree
130.93654638046254 P41 mines for 1684.9269901917519 seconds
131.02326237792437 P41 recvs B10 from P60 
131.3925464560102 P41 recvs B10 from P69 
131.5192488482827 P41 recvs B10 from P59 
131.7542962910655 P41 recvs B10 from P5 
132.71594825307858 P41 recvs B10 from P14 
140.2714946537505 P41 recvs B11 from P60 
140.2714946537505 P41 adds B11 to its tree
140.2714946537505 P41 mines for 210.7409323653761 seconds
155.80616625143938 P41 recvs B12 from P69 
155.80616625143938 P41 adds B12 to its tree
155.80616625143938 P41 mines for 643.5859475634613 seconds
156.51967243364658 P41 recvs B12 from P34 
156.52891540883581 P41 recvs B12 from P5 
156.5669881325926 P41 recvs B12 from P60 
156.90524477019954 P41 recvs B12 from P59 
157.6238295446793 P41 recvs B12 from P14 
169.5551419160074 P41 recvs B13 from P5 
169.5551419160074 P41 adds B13 to its tree
169.5551419160074 P41 mines for 33.61211812835619 seconds
170.5371252532348 P41 recvs B13 from P59 
170.5671610671222 P41 recvs B13 from P69 
170.70829671660306 P41 recvs B13 from P60 
172.00674942661942 P41 recvs B13 from P14 
185.79000723493135 P41 recvs B14 from P69 
185.79000723493135 P41 adds B14 to its tree
185.79000723493135 P41 mines for 1501.4024874470012 seconds
185.8279878833271 P41 recvs B14 from P34 
186.05670401971082 P41 recvs B14 from P5 
186.09143448395966 P41 recvs B14 from P60 
186.74079538542676 P41 recvs B14 from P59 
187.05239792903495 P41 recvs B14 from P14 
201.9037704522436 P41 recvs B15 from P60 
201.9037704522436 P41 adds B15 to its tree
201.9037704522436 P41 mines for 516.0334770629916 seconds
202.25369702473313 P41 recvs B15 from P69 
202.76092452431539 P41 recvs B15 from P34 
203.43180176511243 P41 recvs B15 from P59 
203.84925551173308 P41 recvs B15 from P14 
213.5425441830132 P41 recvs B16 from P34 
213.5425441830132 P41 adds B16 to its tree
213.5425441830132 P41 mines for 199.11101228040832 seconds
213.694492936512 P41 recvs B16 from P60 
213.8687957735062 P41 recvs B16 from P5 
213.91120792561335 P41 recvs B16 from P69 
213.92644425788305 P41 recvs B17 from P34 
213.92644425788305 P41 adds B17 to its tree
214.07864713038686 P41 recvs B17 from P60 
214.12765977257394 P41 recvs B16 from P59 
214.2542496630114 P41 recvs B17 from P5 
214.77656160058885 P41 recvs B17 from P59 
214.94848237363382 P41 recvs B17 from P14 
215.01306555036362 P41 recvs B17 from P69 
215.15084807295963 P41 recvs B16 from P14 
220.9739888329601 P41 recvs B18 from P34 
220.9739888329601 P41 adds B18 to its tree
220.9739888329601 P41 mines for 41.41640294112667 seconds
221.16137277520647 P41 recvs B18 from P59 
221.40791990823718 P41 recvs B18 from P69 
221.6883499640703 P41 recvs B18 from P5 
221.72517807847916 P41 recvs B18 from P60 
222.08128512778768 P41 recvs B18 from P14 
222.1086350099898 P41 recvs B19 from P60 
222.1086350099898 P41 adds B19 to its tree
222.30104745112013 P41 recvs B19 from P5 
222.97553645542175 P41 recvs B19 from P69 
223.1081941850185 P41 recvs B19 from P34 
223.2795308560812 P41 recvs B19 from P59 
223.6984297010692 P41 recvs B19 from P14 
230.5410707194727 P41 recvs B20 from P69 
230.5410707194727 P41 adds B20 to its tree
230.5410707194727 P41 mines for 507.8726436079887 seconds
230.63729060383008 P41 recvs B20 from P34 
230.95224132342184 P41 recvs B20 from P60 
231.05527591299628 P41 recvs B20 from P5 
231.59453077869472 P41 recvs B20 from P59 
231.69548537235346 P41 recvs B20 from P14 
252.07867654434048 P41 recvs B21 from P5 
252.07867654434048 P41 adds B21 to its tree
252.07867654434048 P41 mines for 587.5306415047864 seconds
253.08155180079152 P41 recvs B21 from P59 
253.12355756723386 P41 recvs B21 from P69 
253.33857034600877 P41 recvs B21 from P60 
254.65552800379126 P41 recvs B21 from P14 
259.7663305712847 P41 recvs B22 from P34 
259.7663305712847 P41 adds B22 to its tree
259.7663305712847 P41 mines for 30.494376699194593 seconds
259.8969027941235 P41 recvs B22 from P59 
260.1932234502843 P41 recvs B22 from P69 
260.3930450922845 P41 recvs B22 from P60 
260.4260124659865 P41 recvs B22 from P5 
260.7340563264437 P41 recvs B22 from P14 
287.2073080099305 P41 recvs B23 from P69 
287.2073080099305 P41 adds B23 to its tree
287.2073080099305 P41 mines for 647.783879032348 seconds
287.26243137662937 P41 recvs B23 from P5 
287.7993606840766 P41 recvs B23 from P34 
287.9397247190185 P41 recvs B23 from P60 
288.30466870244845 P41 recvs B23 from P59 
288.8640839190184 P41 recvs B23 from P14 
296.0513319562972 P41 recvs B24 from P5 
296.0513319562972 P41 adds B24 to its tree
296.0513319562972 P41 mines for 803.8909765181045 seconds
296.3445171041969 P41 recvs B24 from P34 
296.5563025243725 P41 recvs B24 from P60 
297.3830482051884 P41 recvs B24 from P59 
297.5486274885844 P41 recvs B24 from P69 
298.5558860785902 P41 recvs B24 from P14 
307.41036821141955 P41 recvs B25 from P69 
307.41036821141955 P41 adds B25 to its tree
307.41036821141955 P41 mines for 104.69418588419633 seconds
307.5057893087123 P41 recvs B25 from P34 
307.7518226333877 P41 recvs B25 from P5 
307.77594971223687 P41 recvs B25 from P59 
308.1617820400352 P41 recvs B25 from P60 
308.34743476938627 P41 recvs B26 from P69 
308.34743476938627 P41 adds B26 to its tree
308.495587839586 P41 recvs B25 from P14 
308.54272931652685 P41 recvs B26 from P34 
308.7131935277825 P41 recvs B26 from P60 
308.95837698257105 P41 recvs B26 from P5 
308.98262728595574 P41 recvs B26 from P59 
310.2934955770469 P41 recvs B26 from P14 
340.49913790980827 P41 recvs B27 from P59 
340.49913790980827 P41 adds B27 to its tree
340.49913790980827 P41 mines for 402.03248878147525 seconds
340.7766020487214 P41 recvs B27 from P34 
341.02460139403513 P41 recvs B27 from P14 
341.42310589160047 P41 recvs B27 from P5 
341.46964046264696 P41 recvs B27 from P60 
341.8973908866635 P41 recvs B27 from P69 
370.1122904971363 P41 recvs B28 from P60 
370.1122904971363 P41 adds B28 to its tree
370.1122904971363 P41 mines for 615.2569155723882 seconds
370.11669704921286 P41 recvs B28 from P59 
370.54744206856117 P41 recvs B28 from P34 
370.8371905993097 P41 recvs B28 from P5 
371.06963025874353 P41 recvs B28 from P69 
372.0963512166514 P41 recvs B28 from P14 
380.9004470100247 P41 recvs B29 from P34 
380.9004470100247 P41 adds B29 to its tree
380.9004470100247 P41 mines for 53.21264218715553 seconds
380.97082031611444 P41 recvs B29 from P60 
381.147057206382 P41 recvs B29 from P59 
381.14760959357744 P41 recvs B29 from P5 
381.40411258681763 P41 recvs B29 from P14 
381.4351196408886 P41 recvs B29 from P69 
387.6345868323793 P41 recvs B30 from P60 
387.6345868323793 P41 adds B30 to its tree
387.6345868323793 P41 mines for 444.40878484397683 seconds
388.45818023306174 P41 recvs B30 from P34 
388.58735967585585 P41 recvs B30 from P5 
388.8324476645024 P41 recvs B30 from P14 
388.8737608191323 P41 recvs B30 from P59 
388.99594370402025 P41 recvs B30 from P69 
395.5874964969451 P41 recvs B31 from P59 
395.5874964969451 P41 adds B31 to its tree
395.5874964969451 P41 mines for 106.07112099584315 seconds
396.47660941913745 P41 recvs B31 from P34 
396.4895824928522 P41 recvs B31 from P5 
396.4906993147933 P41 recvs B31 from P60 
397.45905575890697 P41 recvs B31 from P14 
397.6149092224994 P41 recvs B31 from P69 
402.7151428618891 P41 recvs B32 from P34 
402.7151428618891 P41 adds B32 to its tree
402.7151428618891 P41 mines for 95.82047994400816 seconds
402.8799721979912 P41 recvs B32 from P5 
403.0626018510913 P41 recvs B32 from P60 
403.4287005873872 P41 recvs B33 from P34 
403.4287005873872 P41 adds B33 to its tree
403.51718224157065 P41 recvs B33 from P59 
403.6792281378259 P41 recvs B32 from P59 
403.7897310048551 P41 recvs B33 from P69 
403.9456260800044 P41 recvs B33 from P60 
404.18574420028506 P41 recvs B33 from P5 
404.2101900848616 P41 recvs B32 from P69 
404.475710126467 P41 recvs B33 from P14 
404.56159907091643 P41 recvs B32 from P14 
407.4086105208345 P41 recvs B34 from P60 
407.4086105208345 P41 adds B34 to its tree
407.4086105208345 P41 mines for 850.5579658348132 seconds
407.491782212239 P41 recvs B34 from P34 
407.6269223191155 P41 recvs B34 from P5 
407.69080802580766 P41 recvs B34 from P59 
407.8728934881994 P41 recvs B34 from P69 
407.95715733346617 P41 recvs B34 from P14 
435.91984721633025 P41 recvs B35 from P60 
435.91984721633025 P41 adds B35 to its tree
435.91984721633025 P41 mines for 671.1088342409928 seconds
436.244787492742 P41 recvs B35 from P69 
436.71817496904623 P41 recvs B35 from P34 
437.39626583435376 P41 recvs B35 from P59 
437.87142760764664 P41 recvs B35 from P14 
439.30622392451477 P41 recvs B36 from P59 
439.30622392451477 P41 adds B36 to its tree
439.30622392451477 P41 mines for 716.9457060901774 seconds
439.8332841507534 P41 recvs B36 from P60 
440.05941031470906 P41 recvs B36 from P69 
440.15044893838666 P41 recvs B36 from P34 
440.3156879146372 P41 recvs B36 from P5 
441.1411830871723 P41 recvs B36 from P14 
446.8379578448803 P41 recvs B37 from P60 
446.8379578448803 P41 adds B37 to its tree
446.8379578448803 P41 mines for 1088.374438179219 seconds
447.3456081978816 P41 recvs B38 from P5 
447.3456081978816 P41 adds B38 to its tree
447.4570245073962 P41 recvs B38 from P34 
447.5998349076549 P41 recvs B38 from P60 
447.60298451961586 P41 recvs B38 from P69 
447.80997513663 P41 recvs B37 from P34 
447.89241674185746 P41 recvs B38 from P59 
447.9328289418701 P41 recvs B37 from P5 
447.99921890749357 P41 recvs B37 from P59 
448.1014350098882 P41 recvs B37 from P14 
448.1973812902709 P41 recvs B37 from P69 
448.4618841000274 P41 recvs B38 from P14 
456.159169513385 P41 recvs B39 from P59 
456.159169513385 P41 adds B39 to its tree
456.159169513385 P41 mines for 377.95809545124155 seconds
456.6300603208568 P41 recvs B39 from P60 
456.99659714646833 P41 recvs B39 from P34 
457.0309582717338 P41 recvs B39 from P69 
457.15703716882933 P41 recvs B39 from P5 
458.08461395996216 P41 recvs B39 from P14 
477.0282399967558 P41 recvs B40 from P34 
477.0282399967558 P41 adds B40 to its tree
477.0282399967558 P41 mines for 14.126619406509985 seconds
477.35185777173706 P41 recvs B40 from P59 
477.61025137910434 P41 recvs B40 from P60 
477.68524799851207 P41 recvs B40 from P5 
478.0401637808612 P41 recvs B40 from P14 
478.2932545876896 P41 recvs B40 from P69 
483.78759018635105 P41 recvs B41 from P69 
483.78759018635105 P41 adds B41 to its tree
483.78759018635105 P41 mines for 482.90926130254155 seconds
484.3764667232649 P41 recvs B41 from P5 
484.4226532130913 P41 recvs B41 from P34 
484.4659723233691 P41 recvs B41 from P60 
484.7793924526221 P41 recvs B41 from P59 
485.1711279662279 P41 recvs B41 from P14 
494.0632525156509 P41 recvs B42 from P14 
494.0632525156509 P41 adds B42 to its tree
494.0632525156509 P41 mines for 92.44228482718398 seconds
494.4157331244932 P41 recvs B42 from P34 
494.4617357413912 P41 recvs B42 from P60 
494.7284524527221 P41 recvs B42 from P5 
494.8930688699881 P41 recvs B42 from P59 
494.96007280784175 P41 recvs B42 from P69 
503.0735826816876 P41 recvs B43 from P34 
503.0735826816876 P41 adds B43 to its tree
503.0735826816876 P41 mines for 1007.7963849818202 seconds
503.3052896758155 P41 recvs B44 from P69 
503.3052896758155 P41 adds B44 to its tree
503.3061031723067 P41 recvs B43 from P5 
503.4406229214088 P41 recvs B44 from P34 
503.4525258008847 P41 recvs B43 from P60 
503.5374120365022 P41 recvs B44 from P60 
503.82229368300654 P41 recvs B44 from P59 
503.85479018190205 P41 recvs B44 from P5 
503.9625651903701 P41 recvs B43 from P69 
504.15896772385213 P41 recvs B43 from P59 
504.18000117988527 P41 recvs B43 from P14 
505.1272686041883 P41 recvs B44 from P14 
527.0674273843749 P41 recvs B45 from P60 
527.0674273843749 P41 adds B45 to its tree
527.0674273843749 P41 mines for 678.5192714715963 seconds
527.0925981721213 P41 recvs B45 from P34 
527.3215357536216 P41 recvs B45 from P5 
527.3696484174083 P41 recvs B45 from P59 
527.5349222665284 P41 recvs B45 from P69 
527.6249401025212 P41 recvs B45 from P14 
548.2581561767565 P41 recvs B46 from P34 
548.2581561767565 P41 adds B46 to its tree
548.2581561767565 P41 mines for 795.9195413198923 seconds
548.5463503184507 P41 recvs B46 from P5 
548.5810382511727 P41 recvs B46 from P69 
548.8608905710461 P41 recvs B46 from P60 
549.3222598499232 P41 recvs B46 from P59 
550.3549075188524 P41 recvs B46 from P14 
562.323697909899 P41 recvs B47 from P69 
562.323697909899 P41 adds B47 to its tree
562.323697909899 P41 mines for 1745.127272077463 seconds
562.5115621689076 P41 recvs B47 from P34 
562.7302206615277 P41 recvs B47 from P5 
562.9001761460918 P41 recvs B47 from P60 
563.450483847767 P41 recvs B47 from P59 
563.4874856025754 P41 recvs B47 from P14 
566.061846930635 P41 recvs B48 from P60 
566.061846930635 P41 adds B48 to its tree
566.061846930635 P41 mines for 229.27990465321233 seconds
566.0817389996034 P41 recvs B48 from P34 
566.4781621165884 P41 recvs B48 from P59 
566.5406436958249 P41 recvs B48 from P69 
566.7856880091664 P41 recvs B48 from P5 
567.8019686802137 P41 recvs B48 from P14 
576.5724745308494 P41 recvs B49 from P69 
576.5724745308494 P41 adds B49 to its tree
576.5724745308494 P41 mines for 371.4497380153736 seconds
576.686270724748 P41 recvs B49 from P34 
576.9186855776588 P41 recvs B49 from P60 
577.1334189988453 P41 recvs B49 from P59 
577.149192249753 P41 recvs B49 from P5 
578.5168833549214 P41 recvs B49 from P14 
589.3255419092349 P41 recvs B50 from P34 
589.3255419092349 P41 adds B50 to its tree
589.3255419092349 P41 mines for 746.57904274896 seconds
589.5296191295532 P41 recvs B50 from P5 
589.6872775807483 P41 recvs B50 from P60 
590.2379003782086 P41 recvs B50 from P59 
590.8534945681787 P41 recvs B50 from P69 
591.2796609371446 P41 recvs B50 from P14 
593.6878306096929 P41 recvs B51 from P5 
593.6878306096929 P41 adds B51 to its tree
593.6878306096929 P41 mines for 2881.5900078365307 seconds
593.7840312954414 P41 recvs B51 from P34 
594.1711410531016 P41 recvs B51 from P60 
594.8974128656772 P41 recvs B51 from P59 
595.0783828690296 P41 recvs B51 from P69 
595.4588810867925 P41 recvs B52 from P34 
595.4588810867925 P41 adds B52 to its tree
595.5624893983919 P41 recvs B52 from P60 
595.7237677647746 P41 recvs B52 from P59 
595.7470523837846 P41 recvs B52 from P5 
595.807774682812 P41 recvs B52 from P69 
596.0171801848787 P41 recvs B52 from P14 
596.1715602655122 P41 recvs B51 from P14 
596.5168792581757 P41 recvs B53 from P59 
596.5168792581757 P41 adds B53 to its tree
596.5168792581757 P41 mines for 169.5369739915015 seconds
597.0813554894332 P41 recvs B53 from P60 
597.4211553061157 P41 recvs B53 from P69 
597.5075654121025 P41 recvs B53 from P34 
597.558298281061 P41 recvs B53 from P5 
598.3722106967379 P41 recvs B53 from P14 
