0 P42 mines for 2790.885514513129 seconds
4.2815209331739466 P42 creates T48
5.577500562372791 P42 recvs B2 from P64 
5.577500562372791 P42 adds B2 to its tree
5.577500562372791 P42 mines for 4306.815737962353 seconds
5.799704302385028 P42 recvs B2 from P16 
6.763800947862883 P42 recvs B2 from P30 
6.870824277173365 P42 recvs B2 from P20 
6.938376320246594 P42 recvs B2 from P91 
7.180102603946783 P42 recvs B2 from P25 
23.727617788299057 P42 recvs B3 from P16 
23.727617788299057 P42 adds B3 to its tree
23.727617788299057 P42 mines for 14520.660264814425 seconds
25.461496588325815 P42 recvs B3 from P30 
70.11312539629873 P42 recvs B4 from P20 
70.11312539629873 P42 adds B4 to its tree
70.11312539629873 P42 mines for 485.89351426755127 seconds
70.41672411859203 P42 recvs B4 from P25 
70.4441317031601 P42 recvs B4 from P16 
70.93414485727038 P42 recvs B4 from P64 
71.1105451490106 P42 recvs B4 from P91 
71.87955825054436 P42 recvs B4 from P30 
76.94632779021794 P42 recvs B5 from P16 
76.94632779021794 P42 adds B5 to its tree
76.94632779021794 P42 mines for 3554.3197838717697 seconds
77.22533578461976 P42 recvs B5 from P25 
77.56128887761949 P42 recvs B5 from P91 
77.95364346083342 P42 recvs B5 from P64 
77.97731989448667 P42 recvs B5 from P20 
78.43733703403689 P42 recvs B5 from P30 
86.8121640952353 P42 recvs B6 from P20 
86.8121640952353 P42 adds B6 to its tree
86.8121640952353 P42 mines for 1585.218751923691 seconds
86.82835555254324 P42 recvs B6 from P16 
87.18128950177785 P42 recvs B6 from P25 
87.67245571254126 P42 recvs B6 from P64 
87.76550412767882 P42 recvs B6 from P91 
88.03675724550114 P42 recvs B6 from P30 
101.37365535123267 P42 recvs B7 from P16 
101.37365535123267 P42 adds B7 to its tree
101.37365535123267 P42 mines for 3765.7718288421875 seconds
103.18267539380325 P42 recvs B7 from P30 
103.72118829099773 P42 recvs B7 from P91 
110.55896207940894 P42 recvs B8 from P64 
110.55896207940894 P42 adds B8 to its tree
110.55896207940894 P42 mines for 5615.338850614819 seconds
110.65513647645838 P42 recvs B8 from P25 
110.93278244050741 P42 recvs B8 from P16 
111.42280003632831 P42 recvs B8 from P20 
111.8209457721119 P42 recvs B8 from P91 
111.90899596017378 P42 recvs B8 from P30 
120.79184580788616 P42 recvs B9 from P16 
120.79184580788616 P42 adds B9 to its tree
120.79184580788616 P42 mines for 836.5847874741592 seconds
122.73068845910133 P42 recvs B9 from P91 
123.07879101747653 P42 recvs B9 from P30 
129.57637544770003 P42 recvs B10 from P16 
129.57637544770003 P42 adds B10 to its tree
129.57637544770003 P42 mines for 5538.146266639922 seconds
131.29465737453086 P42 recvs B10 from P30 
132.0013437577748 P42 recvs B10 from P91 
141.8714062215021 P42 recvs B11 from P25 
141.8714062215021 P42 adds B11 to its tree
141.8714062215021 P42 mines for 6928.846559014538 seconds
142.05199996853383 P42 recvs B11 from P16 
142.6612149852651 P42 recvs B11 from P20 
142.9943875614718 P42 recvs B11 from P64 
143.24292831005735 P42 recvs B11 from P91 
144.00994233338872 P42 recvs B11 from P30 
155.53642841247063 P42 recvs B12 from P20 
155.53642841247063 P42 adds B12 to its tree
155.53642841247063 P42 mines for 1950.8293117524936 seconds
155.85160032666738 P42 recvs B12 from P16 
155.87887779640604 P42 recvs B12 from P25 
156.37918836416074 P42 recvs B12 from P64 
156.47745439827472 P42 recvs B12 from P91 
157.21617900326066 P42 recvs B12 from P30 
169.40583603548578 P42 recvs B13 from P25 
169.40583603548578 P42 adds B13 to its tree
169.40583603548578 P42 mines for 16646.30986609544 seconds
170.1229189516168 P42 recvs B13 from P20 
171.18726602312987 P42 recvs B13 from P91 
171.92257563365365 P42 recvs B13 from P30 
185.09968221728062 P42 recvs B14 from P64 
185.09968221728062 P42 adds B14 to its tree
185.09968221728062 P42 mines for 2392.553916197779 seconds
185.34227547956647 P42 recvs B14 from P16 
186.4663229732549 P42 recvs B14 from P20 
186.641336798649 P42 recvs B14 from P25 
186.7031142999853 P42 recvs B14 from P30 
186.87108602837338 P42 recvs B14 from P91 
201.39052732680037 P42 recvs B15 from P16 
201.39052732680037 P42 adds B15 to its tree
201.39052732680037 P42 mines for 4196.664887141755 seconds
202.49084451427166 P42 recvs B15 from P64 
203.2768952465238 P42 recvs B15 from P91 
203.88454310712677 P42 recvs B15 from P30 
212.07379444024116 P42 recvs B16 from P16 
212.07379444024116 P42 adds B16 to its tree
212.07379444024116 P42 mines for 8797.222745630968 seconds
213.63679202597567 P42 recvs B17 from P16 
213.63679202597567 P42 adds B17 to its tree
213.84556409177628 P42 recvs B16 from P30 
214.30272770447962 P42 recvs B17 from P64 
214.7015620391204 P42 recvs B16 from P91 
214.8773544895872 P42 recvs B17 from P30 
215.1990848007692 P42 recvs B17 from P91 
220.1268518849443 P42 recvs B18 from P64 
220.1268518849443 P42 adds B18 to its tree
220.1268518849443 P42 mines for 10302.52386588271 seconds
220.30208644856506 P42 recvs B18 from P16 
221.05890832076958 P42 recvs B18 from P91 
221.16677739760743 P42 recvs B18 from P20 
221.2734976569705 P42 recvs B18 from P30 
221.41036215984064 P42 recvs B18 from P25 
221.73611525045942 P42 recvs B19 from P16 
221.73611525045942 P42 adds B19 to its tree
222.2187869087871 P42 recvs B19 from P64 
222.4399320406082 P42 recvs B19 from P25 
222.62240878482245 P42 recvs B19 from P20 
222.63779004575505 P42 recvs B19 from P91 
223.23392886673165 P42 recvs B19 from P30 
229.90321733234532 P42 recvs B20 from P64 
229.90321733234532 P42 adds B20 to its tree
229.90321733234532 P42 mines for 8055.840601575148 seconds
230.18822079937152 P42 recvs B20 from P16 
231.1891603377504 P42 recvs B20 from P20 
231.36947238656825 P42 recvs B20 from P30 
231.5471981430905 P42 recvs B20 from P25 
231.59461328153 P42 recvs B20 from P91 
251.93990676971737 P42 recvs B21 from P25 
251.93990676971737 P42 adds B21 to its tree
251.93990676971737 P42 mines for 20901.001946506552 seconds
252.6585478704614 P42 recvs B21 from P20 
253.79372324950856 P42 recvs B21 from P91 
258.8029999864103 P42 recvs B22 from P64 
258.8029999864103 P42 adds B22 to its tree
258.8029999864103 P42 mines for 780.9357545997378 seconds
259.10613311447617 P42 recvs B22 from P16 
259.62640177437703 P42 recvs B22 from P91 
259.9031391339229 P42 recvs B22 from P20 
260.1205838203234 P42 recvs B22 from P30 
260.215963204918 P42 recvs B22 from P25 
286.8422123617599 P42 recvs B23 from P20 
286.8422123617599 P42 adds B23 to its tree
286.8422123617599 P42 mines for 20309.82468062602 seconds
287.1887390194806 P42 recvs B23 from P25 
287.2283422819108 P42 recvs B23 from P16 
287.636364342596 P42 recvs B23 from P64 
287.75342524958813 P42 recvs B23 from P91 
288.57321780254046 P42 recvs B23 from P30 
296.2273956295424 P42 recvs B24 from P25 
296.2273956295424 P42 adds B24 to its tree
296.2273956295424 P42 mines for 100.55386103861329 seconds
296.31005460549096 P42 recvs B24 from P16 
296.41658489133397 P42 recvs B24 from P64 
297.069610459451 P42 recvs B24 from P20 
297.5268311364129 P42 recvs B24 from P91 
298.21739844495374 P42 recvs B24 from P30 
306.0477863245245 P42 recvs B25 from P16 
306.0477863245245 P42 adds B25 to its tree
306.0477863245245 P42 mines for 7322.322511634954 seconds
306.70906881428334 P42 recvs B25 from P64 
307.0187190585871 P42 recvs B25 from P91 
307.0661313126774 P42 recvs B26 from P16 
307.0661313126774 P42 adds B26 to its tree
307.07564602129446 P42 recvs B25 from P20 
307.379843353037 P42 recvs B25 from P25 
307.72539500050516 P42 recvs B26 from P64 
307.83975773659995 P42 recvs B25 from P30 
308.8295553164478 P42 recvs B26 from P30 
309.64869700655726 P42 recvs B26 from P91 
340.01297700714485 P42 recvs B27 from P16 
340.01297700714485 P42 adds B27 to its tree
340.01297700714485 P42 mines for 1246.9650071054198 seconds
340.90718291132737 P42 recvs B27 from P64 
341.0158927996031 P42 recvs B27 from P30 
341.21741307560035 P42 recvs B27 from P25 
341.3176153134234 P42 recvs B27 from P91 
369.2333680020647 P42 recvs B28 from P16 
369.2333680020647 P42 adds B28 to its tree
369.2333680020647 P42 mines for 1717.8381607724075 seconds
369.47489457693473 P42 recvs B28 from P64 
370.63870966581743 P42 recvs B28 from P25 
370.95961905865306 P42 recvs B28 from P30 
371.6514542601637 P42 recvs B28 from P91 
379.692551078592 P42 recvs B29 from P64 
379.692551078592 P42 adds B29 to its tree
379.692551078592 P42 mines for 6720.26049067539 seconds
379.9993380018873 P42 recvs B29 from P16 
380.92023218596853 P42 recvs B29 from P30 
381.10090052134666 P42 recvs B29 from P20 
381.20051753708367 P42 recvs B29 from P91 
381.3930463411181 P42 recvs B29 from P25 
387.2728266055518 P42 recvs B30 from P30 
387.2728266055518 P42 adds B30 to its tree
387.2728266055518 P42 mines for 5910.489278943091 seconds
387.5799594948955 P42 recvs B30 from P16 
387.9879874914611 P42 recvs B30 from P64 
388.48775862482455 P42 recvs B30 from P25 
388.70926085077645 P42 recvs B30 from P20 
389.0224672150781 P42 recvs B30 from P91 
395.7224049140796 P42 recvs B31 from P16 
395.7224049140796 P42 adds B31 to its tree
395.7224049140796 P42 mines for 5545.226012411226 seconds
396.30143685154286 P42 recvs B31 from P25 
396.59034508863203 P42 recvs B31 from P64 
396.7933374332244 P42 recvs B31 from P30 
397.0582493511583 P42 recvs B31 from P91 
402.4567583359736 P42 recvs B33 from P64 
402.4567583359736 P42 adds B33 to its tree
402.4567583359736 P42 mines for 6591.356797777131 seconds
402.56308609325794 P42 recvs B32 from P16 
402.56308609325794 P42 adds B32 to its tree
402.62234385033724 P42 recvs B33 from P16 
402.9825761793053 P42 recvs B32 from P25 
403.21028704774557 P42 recvs B32 from P91 
403.41251617502246 P42 recvs B33 from P91 
403.4495354949153 P42 recvs B33 from P20 
403.5501224192703 P42 recvs B32 from P64 
403.72802251478424 P42 recvs B33 from P30 
403.7640243769506 P42 recvs B32 from P20 
403.80546789151157 P42 recvs B33 from P25 
403.9852447623286 P42 recvs B32 from P30 
406.4817851818561 P42 recvs B34 from P16 
406.4817851818561 P42 adds B34 to its tree
406.4817851818561 P42 mines for 6037.655969476588 seconds
407.4997128899796 P42 recvs B34 from P30 
407.56353061793203 P42 recvs B34 from P64 
407.5672595440464 P42 recvs B34 from P20 
407.70116202302677 P42 recvs B34 from P91 
407.8543565142585 P42 recvs B34 from P25 
435.3813878897371 P42 recvs B35 from P16 
435.3813878897371 P42 adds B35 to its tree
435.3813878897371 P42 mines for 5039.480474613587 seconds
436.47530207722747 P42 recvs B35 from P64 
437.3309623494302 P42 recvs B35 from P91 
437.8903878850275 P42 recvs B35 from P30 
438.77722636779174 P42 recvs B36 from P16 
438.77722636779174 P42 adds B36 to its tree
438.77722636779174 P42 mines for 5396.335320972879 seconds
439.194818169684 P42 recvs B36 from P64 
440.03902961457567 P42 recvs B36 from P25 
440.5315228640808 P42 recvs B36 from P30 
440.7185266845501 P42 recvs B36 from P91 
446.7737656755469 P42 recvs B38 from P16 
446.7737656755469 P42 adds B38 to its tree
446.7737656755469 P42 mines for 2200.3110319981647 seconds
446.82520766394185 P42 recvs B37 from P16 
446.82520766394185 P42 adds B37 to its tree
447.3026944914938 P42 recvs B38 from P20 
447.34611430790346 P42 recvs B38 from P91 
447.58884724800726 P42 recvs B38 from P64 
447.63622363416783 P42 recvs B38 from P25 
447.674616424514 P42 recvs B37 from P64 
447.75216058823065 P42 recvs B37 from P30 
447.8650304745639 P42 recvs B37 from P20 
447.91212189459856 P42 recvs B37 from P91 
448.00823094734733 P42 recvs B38 from P30 
448.20020396216637 P42 recvs B37 from P25 
456.36568236886404 P42 recvs B39 from P16 
456.36568236886404 P42 adds B39 to its tree
456.36568236886404 P42 mines for 15008.257573190924 seconds
456.5702180141165 P42 recvs B39 from P64 
456.9498060868508 P42 recvs B39 from P25 
457.17345949853944 P42 recvs B39 from P20 
457.41831758944323 P42 recvs B39 from P30 
457.65752879789676 P42 recvs B39 from P91 
476.33600060257527 P42 recvs B40 from P16 
476.33600060257527 P42 adds B40 to its tree
476.33600060257527 P42 mines for 50.97377786281005 seconds
477.2206788204244 P42 recvs B40 from P64 
477.3771199452395 P42 recvs B40 from P30 
477.62151777768355 P42 recvs B40 from P91 
483.34684699838533 P42 recvs B41 from P16 
483.34684699838533 P42 adds B41 to its tree
483.34684699838533 P42 mines for 3223.133880733132 seconds
483.3979826786956 P42 recvs B41 from P20 
483.72470375814 P42 recvs B41 from P25 
484.296743029973 P42 recvs B41 from P64 
484.3693616635813 P42 recvs B41 from P91 
484.6497322716973 P42 recvs B41 from P30 
493.7580564024931 P42 recvs B42 from P16 
493.7580564024931 P42 adds B42 to its tree
493.7580564024931 P42 mines for 8772.47106445677 seconds
494.5855776297288 P42 recvs B42 from P25 
494.62461249731166 P42 recvs B42 from P64 
494.62916660017765 P42 recvs B42 from P30 
494.64761545817913 P42 recvs B42 from P20 
494.97255854668146 P42 recvs B42 from P91 
502.0085939456309 P42 recvs B44 from P16 
502.0085939456309 P42 adds B44 to its tree
502.0085939456309 P42 mines for 1347.7570320726595 seconds
502.12367341575356 P42 recvs B43 from P16 
502.12367341575356 P42 adds B43 to its tree
502.73587366095165 P42 recvs B44 from P64 
503.17485610775844 P42 recvs B43 from P64 
503.7529352275465 P42 recvs B44 from P30 
503.75788765709405 P42 recvs B43 from P91 
504.0331321261552 P42 recvs B43 from P30 
504.5589690678322 P42 recvs B44 from P91 
525.9088869075332 P42 recvs B45 from P64 
525.9088869075332 P42 adds B45 to its tree
525.9088869075332 P42 mines for 954.0809335450954 seconds
526.1356047012362 P42 recvs B45 from P16 
527.1160020525073 P42 recvs B45 from P30 
527.2993022349698 P42 recvs B45 from P20 
527.3773279013906 P42 recvs B45 from P91 
527.6085118797905 P42 recvs B45 from P25 
546.73495957504 P42 recvs B46 from P16 
546.73495957504 P42 adds B46 to its tree
546.73495957504 P42 mines for 140.5592846483388 seconds
548.7058180857114 P42 recvs B46 from P91 
549.0654547059852 P42 recvs B46 from P30 
561.7020942584221 P42 recvs B47 from P64 
561.7020942584221 P42 adds B47 to its tree
561.7020942584221 P42 mines for 8460.834962790423 seconds
562.0151156514047 P42 recvs B47 from P16 
562.9954311886551 P42 recvs B47 from P20 
563.2228044347647 P42 recvs B47 from P30 
563.2752940397145 P42 recvs B47 from P25 
563.3665398768044 P42 recvs B47 from P91 
564.7756361178323 P42 recvs B48 from P16 
564.7756361178323 P42 adds B48 to its tree
564.7756361178323 P42 mines for 3060.7006463490156 seconds
566.5630533745524 P42 recvs B48 from P30 
567.1906269194927 P42 recvs B48 from P91 
575.3420889180103 P42 recvs B49 from P16 
575.3420889180103 P42 adds B49 to its tree
575.3420889180103 P42 mines for 8155.168764473075 seconds
575.9967183816531 P42 recvs B49 from P64 
577.1169188042654 P42 recvs B49 from P30 
577.7978438981177 P42 recvs B49 from P91 
589.1448301374089 P42 recvs B50 from P16 
589.1448301374089 P42 adds B50 to its tree
589.1448301374089 P42 mines for 12369.833546134698 seconds
589.6777696123606 P42 recvs B50 from P25 
589.9390014051655 P42 recvs B50 from P91 
590.114060330924 P42 recvs B50 from P64 
590.3890460053444 P42 recvs B50 from P20 
590.4904766793172 P42 recvs B50 from P30 
593.7889049819931 P42 recvs B51 from P25 
593.7889049819931 P42 adds B51 to its tree
593.7889049819931 P42 mines for 6892.831929598727 seconds
593.8552441870278 P42 recvs B51 from P16 
593.97976929402 P42 recvs B51 from P64 
594.5089116738384 P42 recvs B52 from P16 
594.5089116738384 P42 adds B52 to its tree
594.571995776268 P42 recvs B51 from P20 
595.3945865317547 P42 recvs B51 from P91 
595.403444727818 P42 recvs B52 from P30 
595.5534090756602 P42 recvs B52 from P20 
595.6225866379698 P42 recvs B52 from P64 
595.6271947970138 P42 recvs B51 from P30 
595.6627375109972 P42 recvs B52 from P91 
595.8375595208663 P42 recvs B52 from P25 
596.6418015967429 P42 recvs B53 from P16 
596.6418015967429 P42 adds B53 to its tree
596.6418015967429 P42 mines for 1286.3966036136383 seconds
596.943815019251 P42 recvs B53 from P64 
597.2372375649273 P42 recvs B53 from P25 
597.519656481143 P42 recvs B53 from P20 
597.7829976864415 P42 recvs B53 from P30 
598.0210925817435 P42 recvs B53 from P91 
