0 P44 mines for 170.5656597772293 seconds
3.014700140096826 P44 creates T41
5.517068502723272 P44 recvs B2 from P47 
5.517068502723272 P44 adds B2 to its tree
5.517068502723272 P44 mines for 159.08530959189474 seconds
6.058161594350914 P44 recvs B2 from P54 
6.236604578120169 P44 recvs B2 from P17 
6.404569175774184 P44 recvs B2 from P74 
6.774507340815116 P44 recvs B2 from P98 
7.484554468249591 P44 recvs B2 from P24 
12.772095951119512 P44 creates T88
24.77453289752678 P44 recvs B3 from P74 
24.77453289752678 P44 adds B3 to its tree
24.77453289752678 P44 mines for 150.17127434637078 seconds
25.1844797358916 P44 recvs B3 from P54 
25.47605790541079 P44 recvs B3 from P17 
26.110853150718153 P44 recvs B3 from P98 
26.249904212996736 P44 recvs B3 from P47 
26.70736581494696 P44 recvs B3 from P24 
69.6786080323579 P44 recvs B4 from P74 
69.6786080323579 P44 adds B4 to its tree
69.6786080323579 P44 mines for 68.20360198440396 seconds
70.94202046401294 P44 recvs B4 from P54 
71.84445752762753 P44 recvs B4 from P98 
77.64078109205002 P44 recvs B5 from P74 
77.64078109205002 P44 adds B5 to its tree
77.64078109205002 P44 mines for 226.65860965844314 seconds
78.06297050228265 P44 recvs B5 from P17 
78.47203118322562 P44 recvs B5 from P54 
79.1122628437266 P44 recvs B5 from P47 
79.12854501129881 P44 recvs B5 from P24 
79.42114235360557 P44 recvs B5 from P98 
86.44635129851187 P44 recvs B6 from P74 
86.44635129851187 P44 adds B6 to its tree
86.44635129851187 P44 mines for 1438.8747117292178 seconds
87.33740874622765 P44 recvs B6 from P54 
87.51179774482206 P44 recvs B6 from P17 
88.0109586120733 P44 recvs B6 from P47 
88.12870436559542 P44 recvs B6 from P24 
88.70103059562635 P44 recvs B6 from P98 
102.40413810820671 P44 recvs B7 from P74 
102.40413810820671 P44 adds B7 to its tree
102.40413810820671 P44 mines for 56.08157558941282 seconds
102.54038653341365 P44 recvs B7 from P54 
103.10494976262223 P44 recvs B7 from P17 
103.5859194857386 P44 recvs B7 from P47 
103.71681245165875 P44 recvs B7 from P98 
104.33722271351805 P44 recvs B7 from P24 
110.17351328811527 P44 recvs B8 from P17 
110.17351328811527 P44 adds B8 to its tree
110.17351328811527 P44 mines for 1152.8256016372459 seconds
110.43379201967599 P44 recvs B8 from P47 
111.05530855204785 P44 recvs B8 from P54 
111.29937924968524 P44 recvs B8 from P74 
111.67285115358558 P44 recvs B8 from P98 
121.94016635562494 P44 recvs B9 from P74 
121.94016635562494 P44 adds B9 to its tree
121.94016635562494 P44 mines for 236.55796115315025 seconds
122.46678563652117 P44 recvs B9 from P54 
122.8079035002392 P44 recvs B9 from P98 
123.16151617446049 P44 recvs B9 from P17 
123.55075618192345 P44 recvs B9 from P24 
123.86957024797269 P44 recvs B9 from P47 
130.68429483071162 P44 recvs B10 from P74 
130.68429483071162 P44 adds B10 to its tree
130.68429483071162 P44 mines for 1073.2658837316435 seconds
130.96923318780412 P44 recvs B10 from P54 
131.18863123238728 P44 recvs B10 from P17 
131.939408022135 P44 recvs B10 from P47 
131.99276016675384 P44 recvs B10 from P98 
132.57804140163478 P44 recvs B10 from P24 
142.0860376806257 P44 recvs B11 from P74 
142.0860376806257 P44 adds B11 to its tree
142.0860376806257 P44 mines for 629.3943537489524 seconds
142.46743130003796 P44 recvs B11 from P54 
142.57878162661376 P44 recvs B11 from P98 
143.31238486618497 P44 recvs B11 from P17 
143.58637643874673 P44 recvs B11 from P24 
143.66738564274155 P44 recvs B11 from P47 
155.12284500702614 P44 recvs B12 from P74 
155.12284500702614 P44 adds B12 to its tree
155.12284500702614 P44 mines for 222.12983679628155 seconds
156.33385331837206 P44 recvs B12 from P54 
157.1655292307368 P44 recvs B12 from P98 
169.80669033012387 P44 recvs B13 from P74 
169.80669033012387 P44 adds B13 to its tree
169.80669033012387 P44 mines for 13.532552251167438 seconds
170.91877495525205 P44 recvs B13 from P54 
171.32292439661444 P44 recvs B13 from P24 
171.35070235628 P44 recvs B13 from P17 
171.98564378344165 P44 recvs B13 from P98 
183.3392425812913 P44 mines B14
201.84991252092763 P44 recvs B15 from P98 
201.84991252092763 P44 adds B15 to its tree
201.84991252092763 P44 mines for 603.6236727087797 seconds
201.92923311782857 P44 recvs B15 from P54 
202.6379626106543 P44 recvs B15 from P74 
202.70605539184047 P44 recvs B15 from P17 
203.55178292638135 P44 recvs B15 from P24 
203.62229127189093 P44 recvs B15 from P47 
212.90394854160814 P44 recvs B17 from P17 
212.90394854160814 P44 adds B17 to its tree
212.90394854160814 P44 mines for 820.0198602484694 seconds
213.14579956320762 P44 recvs B16 from P74 
213.14579956320762 P44 adds B16 to its tree
213.4966464926663 P44 recvs B16 from P54 
213.75060430544443 P44 recvs B16 from P17 
214.34823827935122 P44 recvs B16 from P98 
214.37781625668686 P44 recvs B17 from P47 
214.64357992674536 P44 recvs B16 from P47 
215.1973195519921 P44 recvs B16 from P24 
220.60925794214637 P44 recvs B18 from P54 
220.60925794214637 P44 adds B18 to its tree
220.60925794214637 P44 mines for 7.498393477499453 seconds
220.669285888772 P44 recvs B18 from P74 
221.27358081804942 P44 recvs B18 from P17 
221.56882409594596 P44 recvs B18 from P47 
221.57283360342458 P44 recvs B18 from P24 
222.14431155669104 P44 recvs B18 from P98 
222.20550791949654 P44 recvs B19 from P98 
222.20550791949654 P44 adds B19 to its tree
222.23050649934117 P44 recvs B19 from P74 
222.28708267780172 P44 recvs B19 from P54 
222.7388876355053 P44 recvs B19 from P17 
223.18970658495707 P44 recvs B19 from P24 
223.21388952213977 P44 recvs B19 from P47 
228.10765141964583 P44 mines B20
252.39207460948396 P44 recvs B21 from P74 
252.39207460948396 P44 adds B21 to its tree
252.39207460948396 P44 mines for 592.4312028280531 seconds
253.42055834185618 P44 recvs B21 from P54 
253.9101976115033 P44 recvs B21 from P24 
254.58247138155707 P44 recvs B21 from P98 
259.30712857888926 P44 recvs B22 from P54 
259.30712857888926 P44 adds B22 to its tree
259.30712857888926 P44 mines for 348.7022448466401 seconds
259.43026099734817 P44 recvs B22 from P74 
259.98764714336585 P44 recvs B22 from P17 
260.21100982395285 P44 recvs B22 from P47 
260.3530804733065 P44 recvs B22 from P24 
260.9505341249744 P44 recvs B22 from P98 
286.4883043442722 P44 recvs B23 from P74 
286.4883043442722 P44 adds B23 to its tree
286.4883043442722 P44 mines for 1045.9462297993991 seconds
287.78915970336874 P44 recvs B23 from P24 
287.7991897155862 P44 recvs B23 from P54 
288.650254392365 P44 recvs B23 from P98 
296.8246417009834 P44 recvs B24 from P74 
296.8246417009834 P44 adds B24 to its tree
296.8246417009834 P44 mines for 388.0399991786765 seconds
296.86814995354814 P44 recvs B24 from P17 
296.91094891521493 P44 recvs B24 from P54 
298.0042926233726 P44 recvs B24 from P98 
298.0184129499316 P44 recvs B24 from P24 
298.26697284385017 P44 recvs B24 from P47 
306.66528241654987 P44 recvs B25 from P74 
306.66528241654987 P44 adds B25 to its tree
306.66528241654987 P44 mines for 791.2676031952595 seconds
307.2523848265422 P44 recvs B25 from P54 
307.3093744603299 P44 recvs B26 from P54 
307.3093744603299 P44 adds B26 to its tree
307.5007152121735 P44 recvs B25 from P47 
307.5729986944573 P44 recvs B25 from P24 
307.60005013922495 P44 recvs B25 from P17 
308.07099217732826 P44 recvs B25 from P98 
308.09912438318145 P44 recvs B26 from P74 
308.88128803713374 P44 recvs B26 from P17 
309.5716305916314 P44 recvs B26 from P98 
340.8666462441669 P44 recvs B27 from P54 
340.8666462441669 P44 adds B27 to its tree
340.8666462441669 P44 mines for 133.1695835513597 seconds
340.8991326830984 P44 recvs B27 from P74 
341.0194919130382 P44 recvs B27 from P17 
341.83326836954825 P44 recvs B27 from P47 
341.91193164007865 P44 recvs B27 from P24 
342.3024749299718 P44 recvs B27 from P98 
369.96136309945206 P44 recvs B28 from P54 
369.96136309945206 P44 adds B28 to its tree
369.96136309945206 P44 mines for 1191.404980889997 seconds
370.3600547903113 P44 recvs B28 from P74 
370.58040179229454 P44 recvs B28 from P17 
370.96598386347927 P44 recvs B28 from P98 
371.41098502432635 P44 recvs B28 from P47 
371.59304266296294 P44 recvs B28 from P24 
379.6663266773275 P44 recvs B29 from P47 
379.6663266773275 P44 adds B29 to its tree
379.6663266773275 P44 mines for 1804.4578526028426 seconds
380.206292084831 P44 recvs B29 from P54 
380.42994876531463 P44 recvs B29 from P17 
380.67031801597517 P44 recvs B29 from P74 
380.8247272956254 P44 recvs B29 from P98 
381.6449354856076 P44 recvs B29 from P24 
387.98965909408724 P44 recvs B30 from P17 
387.98965909408724 P44 adds B30 to its tree
387.98965909408724 P44 mines for 66.9511903629307 seconds
388.1080783940826 P44 recvs B30 from P74 
388.48232721415644 P44 recvs B30 from P54 
388.93431898516997 P44 recvs B30 from P47 
389.0839810893265 P44 recvs B30 from P24 
389.6136302445959 P44 recvs B30 from P98 
396.5776587211258 P44 recvs B31 from P74 
396.5776587211258 P44 adds B31 to its tree
396.5776587211258 P44 mines for 45.28037539151848 seconds
396.7009764527407 P44 recvs B31 from P17 
396.9892523205756 P44 recvs B31 from P54 
397.53816848335265 P44 recvs B31 from P98 
397.556311017511 P44 recvs B31 from P47 
397.6904478113498 P44 recvs B31 from P24 
402.9530012058544 P44 recvs B33 from P54 
402.9530012058544 P44 adds B33 to its tree
402.9530012058544 P44 mines for 280.7887041918992 seconds
403.0460302280248 P44 recvs B33 from P74 
403.41404707697995 P44 recvs B32 from P74 
403.41404707697995 P44 adds B32 to its tree
403.69448234044756 P44 recvs B33 from P17 
403.759553444392 P44 recvs B32 from P17 
403.8043530132412 P44 recvs B33 from P47 
404.03415399730414 P44 recvs B32 from P54 
404.0704010009567 P44 recvs B33 from P24 
404.49541797271064 P44 recvs B33 from P98 
404.6405763307567 P44 recvs B32 from P47 
404.8086065412987 P44 recvs B32 from P24 
404.894070841055 P44 recvs B32 from P98 
406.94702108072784 P44 recvs B34 from P17 
406.94702108072784 P44 adds B34 to its tree
406.94702108072784 P44 mines for 73.86457617085439 seconds
407.1596667473054 P44 recvs B34 from P74 
407.4809209435054 P44 recvs B34 from P54 
407.79607579880445 P44 recvs B34 from P47 
408.11283412288134 P44 recvs B34 from P24 
408.4571321457239 P44 recvs B34 from P98 
435.8644428452443 P44 recvs B35 from P98 
435.8644428452443 P44 adds B35 to its tree
435.8644428452443 P44 mines for 403.7008567475229 seconds
435.9720468705509 P44 recvs B35 from P54 
436.5691044187867 P44 recvs B35 from P74 
436.7731098211587 P44 recvs B35 from P17 
437.4832649564875 P44 recvs B35 from P24 
437.52716020161716 P44 recvs B35 from P47 
439.0053059017808 P44 recvs B36 from P54 
439.0053059017808 P44 adds B36 to its tree
439.0053059017808 P44 mines for 16.531606309428383 seconds
439.6190103631642 P44 recvs B36 from P74 
440.0560321084277 P44 recvs B36 from P17 
441.2847443471326 P44 recvs B36 from P98 
445.8625772297728 P44 recvs B38 from P74 
445.8625772297728 P44 adds B38 to its tree
445.8625772297728 P44 mines for 664.346031379924 seconds
447.07221769919016 P44 recvs B37 from P17 
447.07221769919016 P44 adds B37 to its tree
447.2417153336951 P44 recvs B37 from P74 
447.9424408227831 P44 recvs B37 from P54 
448.09031654224964 P44 recvs B37 from P47 
448.19068389563216 P44 recvs B38 from P98 
448.32558584540806 P44 recvs B37 from P24 
448.7447339889856 P44 recvs B37 from P98 
456.4645775886181 P44 recvs B39 from P74 
456.4645775886181 P44 adds B39 to its tree
456.4645775886181 P44 mines for 252.81279993686823 seconds
456.5623161621839 P44 recvs B39 from P54 
456.82805898227105 P44 recvs B39 from P17 
458.07234426382786 P44 recvs B39 from P47 
458.218389414727 P44 recvs B39 from P98 
458.2572952169979 P44 recvs B39 from P24 
477.23682268208313 P44 recvs B40 from P74 
477.23682268208313 P44 adds B40 to its tree
477.23682268208313 P44 mines for 224.8297851415847 seconds
477.40195557790605 P44 recvs B40 from P17 
477.5666392547821 P44 recvs B40 from P54 
478.22684850249135 P44 recvs B40 from P47 
478.350549196889 P44 recvs B40 from P24 
478.44540313859005 P44 recvs B40 from P98 
483.00771886519476 P44 recvs B41 from P74 
483.00771886519476 P44 adds B41 to its tree
483.00771886519476 P44 mines for 1051.8171327217872 seconds
483.9720071980594 P44 recvs B41 from P54 
484.1622725839422 P44 recvs B41 from P17 
484.71188316784145 P44 recvs B41 from P47 
484.74501329181555 P44 recvs B41 from P24 
485.38615504786475 P44 recvs B41 from P98 
493.78881020985636 P44 recvs B42 from P74 
493.78881020985636 P44 adds B42 to its tree
493.78881020985636 P44 mines for 470.60520802284907 seconds
494.0314523562212 P44 recvs B42 from P17 
494.490121000102 P44 recvs B42 from P24 
494.7896560930687 P44 recvs B42 from P54 
495.09206891058847 P44 recvs B42 from P47 
495.9568744255991 P44 recvs B42 from P98 
502.26098553423793 P44 recvs B44 from P54 
502.26098553423793 P44 adds B44 to its tree
502.26098553423793 P44 mines for 1202.34891618216 seconds
502.4268617699697 P44 recvs B43 from P17 
502.4268617699697 P44 adds B43 to its tree
503.06851679356276 P44 recvs B44 from P74 
503.22849721671685 P44 recvs B43 from P74 
503.3645427005846 P44 recvs B43 from P54 
503.68341111714864 P44 recvs B44 from P17 
504.29245755117273 P44 recvs B43 from P47 
504.4275578522838 P44 recvs B44 from P98 
504.5060863468448 P44 recvs B43 from P98 
525.8869412208942 P44 recvs B45 from P47 
525.8869412208942 P44 adds B45 to its tree
525.8869412208942 P44 mines for 1164.087588006401 seconds
526.4460359542048 P44 recvs B45 from P54 
526.6847372461599 P44 recvs B45 from P17 
526.9074858542228 P44 recvs B45 from P74 
527.1371506249766 P44 recvs B45 from P98 
527.8075561704799 P44 recvs B45 from P24 
547.8587538164733 P44 recvs B46 from P74 
547.8587538164733 P44 adds B46 to its tree
547.8587538164733 P44 mines for 12.032772168524533 seconds
548.444106238386 P44 recvs B46 from P54 
548.8955323326405 P44 recvs B46 from P98 
549.0524250172552 P44 recvs B46 from P17 
549.5925380572442 P44 recvs B46 from P24 
549.8465880730731 P44 recvs B46 from P47 
559.8915259849978 P44 mines B47
565.7971941676597 P44 recvs B48 from P74 
565.7971941676597 P44 adds B48 to its tree
565.7971941676597 P44 mines for 318.7815983922729 seconds
566.046333575263 P44 recvs B48 from P54 
566.1699720163749 P44 recvs B48 from P17 
567.1269355112157 P44 recvs B48 from P47 
567.1659569640466 P44 recvs B48 from P98 
567.4567456981321 P44 recvs B48 from P24 
575.5653999321596 P44 recvs B49 from P54 
575.5653999321596 P44 adds B49 to its tree
575.5653999321596 P44 mines for 1018.2447172583458 seconds
576.3808163705818 P44 recvs B49 from P74 
577.0270407920011 P44 recvs B49 from P17 
577.8296178081883 P44 recvs B49 from P98 
589.9833274931551 P44 recvs B50 from P74 
589.9833274931551 P44 adds B50 to its tree
589.9833274931551 P44 mines for 152.02597376665923 seconds
590.4124195780275 P44 recvs B50 from P17 
590.5960386087361 P44 recvs B50 from P54 
591.2591101228801 P44 recvs B50 from P47 
591.3533669213793 P44 recvs B50 from P98 
591.4612001570357 P44 recvs B50 from P24 
594.4059866631167 P44 recvs B51 from P17 
594.4059866631167 P44 adds B51 to its tree
594.4059866631167 P44 mines for 143.18806700964856 seconds
594.4503527254831 P44 recvs B51 from P74 
594.5023645016697 P44 recvs B51 from P54 
595.0271680438716 P44 recvs B52 from P17 
595.0271680438716 P44 adds B52 to its tree
595.0995480772792 P44 recvs B52 from P74 
595.5013343051963 P44 recvs B52 from P54 
595.590885391678 P44 recvs B51 from P24 
595.6497614247245 P44 recvs B51 from P98 
595.7568663595574 P44 recvs B51 from P47 
595.8125763729736 P44 recvs B52 from P47 
596.2557292202578 P44 recvs B52 from P24 
596.5521456572784 P44 recvs B52 from P98 
596.8477659121104 P44 recvs B53 from P74 
596.8477659121104 P44 adds B53 to its tree
596.8477659121104 P44 mines for 335.3735319417803 seconds
596.9857083229786 P44 recvs B53 from P54 
597.2431145198182 P44 recvs B53 from P17 
598.4165834262388 P44 recvs B53 from P98 
598.697325181485 P44 recvs B53 from P24 
598.8446152455664 P44 recvs B53 from P47 
