0 P45 mines for 231.27018251231732 seconds
5.527264031908642 P45 recvs B2 from P71 
5.527264031908642 P45 adds B2 to its tree
5.527264031908642 P45 mines for 21079.22544328123 seconds
6.299076777803895 P45 recvs B2 from P10 
6.316819317796589 P45 recvs B2 from P22 
6.325820719898726 P45 recvs B2 from P17 
6.751886036944588 P45 recvs B2 from P74 
7.095166731640031 P45 recvs B2 from P92 
19.136788768746836 P45 creates T96
24.040174496986264 P45 recvs B3 from P71 
24.040174496986264 P45 adds B3 to its tree
24.040174496986264 P45 mines for 4601.686986919632 seconds
24.50308020288045 P45 recvs B3 from P10 
25.123343277649063 P45 recvs B3 from P74 
25.13096774527668 P45 recvs B3 from P92 
25.418260236941457 P45 recvs B3 from P22 
70.00827146891167 P45 recvs B4 from P74 
70.00827146891167 P45 adds B4 to its tree
70.00827146891167 P45 mines for 6156.28601760073 seconds
70.49793577913752 P45 recvs B4 from P22 
70.70993233258443 P45 recvs B4 from P71 
71.12512652825988 P45 recvs B4 from P17 
72.12573310997364 P45 recvs B4 from P92 
76.97945615768168 P45 recvs B5 from P22 
76.97945615768168 P45 adds B5 to its tree
76.97945615768168 P45 mines for 3946.478529726211 seconds
77.00971650200968 P45 recvs B5 from P92 
77.24408706758322 P45 recvs B5 from P71 
77.54594770817141 P45 recvs B5 from P10 
77.98493399613841 P45 recvs B5 from P74 
78.15739585909569 P45 recvs B5 from P17 
86.66750673635241 P45 recvs B6 from P71 
86.66750673635241 P45 adds B6 to its tree
86.66750673635241 P45 mines for 7738.377468618361 seconds
86.7946268895747 P45 recvs B6 from P74 
87.27200728114856 P45 recvs B6 from P10 
87.28650304774116 P45 recvs B6 from P22 
87.59120579980362 P45 recvs B6 from P17 
88.06278698635954 P45 recvs B6 from P92 
101.67943266531931 P45 recvs B7 from P71 
101.67943266531931 P45 adds B7 to its tree
101.67943266531931 P45 mines for 2053.777251644746 seconds
102.10445267728205 P45 recvs B7 from P10 
102.27590477803032 P45 recvs B7 from P92 
102.73030781470312 P45 recvs B7 from P74 
102.9576381740673 P45 recvs B7 from P22 
110.25785346253478 P45 recvs B8 from P17 
110.25785346253478 P45 adds B8 to its tree
110.25785346253478 P45 mines for 5145.425968715419 seconds
110.60825044311706 P45 recvs B8 from P71 
110.9911234770277 P45 recvs B8 from P22 
111.25876722953531 P45 recvs B8 from P10 
111.29891379133612 P45 recvs B8 from P92 
111.64406275673177 P45 recvs B8 from P74 
121.78842742333416 P45 recvs B9 from P71 
121.78842742333416 P45 adds B9 to its tree
121.78842742333416 P45 mines for 4036.2965332292756 seconds
122.10434328857023 P45 recvs B9 from P22 
122.23394790435837 P45 recvs B9 from P10 
122.26369200901402 P45 recvs B9 from P74 
122.83494029147992 P45 recvs B9 from P92 
129.8255764672694 P45 recvs B10 from P71 
129.8255764672694 P45 adds B10 to its tree
129.8255764672694 P45 mines for 7617.777760410182 seconds
130.33739180784863 P45 recvs B10 from P10 
130.8991238201411 P45 recvs B10 from P92 
131.0171145132406 P45 recvs B10 from P74 
131.168360380555 P45 recvs B10 from P22 
142.20937871085323 P45 recvs B11 from P71 
142.20937871085323 P45 adds B11 to its tree
142.20937871085323 P45 mines for 7110.726310320142 seconds
142.41433945110006 P45 recvs B11 from P74 
142.47679631326753 P45 recvs B11 from P10 
142.5082282832058 P45 recvs B11 from P92 
142.9892873856833 P45 recvs B11 from P22 
143.38878530906698 P45 recvs B11 from P17 
155.47078797123552 P45 recvs B12 from P74 
155.47078797123552 P45 adds B12 to its tree
155.47078797123552 P45 mines for 7035.870930348186 seconds
155.9197641588366 P45 recvs B12 from P22 
156.16766912687615 P45 recvs B12 from P71 
156.50702706838473 P45 recvs B12 from P17 
157.58759543063942 P45 recvs B12 from P92 
170.15424855178227 P45 recvs B13 from P74 
170.15424855178227 P45 adds B13 to its tree
170.15424855178227 P45 mines for 5919.737298818439 seconds
170.22999186060892 P45 recvs B13 from P71 
170.24274090942626 P45 recvs B13 from P10 
170.54122551303362 P45 recvs B13 from P22 
170.71646602716874 P45 recvs B13 from P92 
171.42662737044313 P45 recvs B13 from P17 
184.70975538241294 P45 recvs B14 from P17 
184.70975538241294 P45 adds B14 to its tree
184.70975538241294 P45 mines for 5045.686193230132 seconds
185.35929112187497 P45 recvs B14 from P74 
185.4914369613536 P45 recvs B14 from P71 
186.62789151552766 P45 recvs B14 from P92 
201.75073937977206 P45 recvs B15 from P71 
201.75073937977206 P45 adds B15 to its tree
201.75073937977206 P45 mines for 2503.4675974279317 seconds
202.49284019322883 P45 recvs B15 from P10 
202.7807741624327 P45 recvs B15 from P17 
202.79427065045195 P45 recvs B15 from P22 
202.99783507352026 P45 recvs B15 from P74 
203.42550187866485 P45 recvs B15 from P92 
212.34648536108867 P45 recvs B16 from P71 
212.34648536108867 P45 adds B16 to its tree
212.34648536108867 P45 mines for 55.432089813538866 seconds
212.83738815328243 P45 recvs B16 from P10 
212.987545188113 P45 recvs B17 from P17 
212.987545188113 P45 adds B17 to its tree
213.4888409179384 P45 recvs B16 from P74 
213.52067672930355 P45 recvs B16 from P92 
213.6597033110004 P45 recvs B16 from P22 
213.71456364828646 P45 recvs B17 from P71 
214.46196191268683 P45 recvs B17 from P74 
214.85723661943155 P45 recvs B17 from P92 
220.3125919849328 P45 recvs B18 from P71 
220.3125919849328 P45 adds B18 to its tree
220.3125919849328 P45 mines for 177.00773206839787 seconds
220.41037353581905 P45 recvs B18 from P22 
220.63522713357892 P45 recvs B18 from P10 
220.99540282120324 P45 recvs B18 from P74 
221.3516029199811 P45 recvs B18 from P17 
221.54803617478362 P45 recvs B18 from P92 
222.14044565610794 P45 recvs B19 from P71 
222.14044565610794 P45 adds B19 to its tree
222.56627735560224 P45 recvs B19 from P74 
222.60954525553203 P45 recvs B19 from P22 
222.81296952822947 P45 recvs B19 from P10 
222.8245572104228 P45 recvs B19 from P17 
223.58833711158394 P45 recvs B19 from P92 
229.48263651617384 P45 recvs B20 from P17 
229.48263651617384 P45 adds B20 to its tree
229.48263651617384 P45 mines for 289.2374099320826 seconds
230.11161357240368 P45 recvs B20 from P74 
230.2028445767142 P45 recvs B20 from P71 
231.42623298131227 P45 recvs B20 from P92 
252.71377027507017 P45 recvs B21 from P74 
252.71377027507017 P45 adds B21 to its tree
252.71377027507017 P45 mines for 6197.819969550751 seconds
252.83615825578977 P45 recvs B21 from P71 
252.86226587939782 P45 recvs B21 from P10 
253.25174906779563 P45 recvs B21 from P22 
253.37889704170692 P45 recvs B21 from P92 
253.81227367991474 P45 recvs B21 from P17 
259.2171439071546 P45 recvs B22 from P22 
259.2171439071546 P45 adds B22 to its tree
259.2171439071546 P45 mines for 4194.230332707814 seconds
259.2711435567215 P45 recvs B22 from P71 
259.4184634149834 P45 recvs B22 from P10 
259.78112099232214 P45 recvs B22 from P74 
260.0664743874507 P45 recvs B22 from P17 
260.5105313648427 P45 recvs B22 from P92 
286.841765999653 P45 recvs B23 from P74 
286.841765999653 P45 adds B23 to its tree
286.841765999653 P45 mines for 1967.9502166005918 seconds
287.2652113686049 P45 recvs B23 from P22 
287.533965253006 P45 recvs B23 from P71 
287.8522296626861 P45 recvs B23 from P17 
288.8603021021141 P45 recvs B23 from P92 
296.32176228192947 P45 recvs B24 from P71 
296.32176228192947 P45 adds B24 to its tree
296.32176228192947 P45 mines for 1448.1610723005986 seconds
296.50066710008645 P45 recvs B24 from P10 
296.95510027529656 P45 recvs B24 from P17 
297.15556580607506 P45 recvs B24 from P74 
297.3494656899265 P45 recvs B24 from P22 
297.6866112798402 P45 recvs B24 from P92 
306.9078091120168 P45 recvs B25 from P71 
306.9078091120168 P45 adds B25 to its tree
306.9078091120168 P45 mines for 4085.5718483135224 seconds
307.00914780920033 P45 recvs B25 from P74 
307.08467758904584 P45 recvs B25 from P22 
307.1413646716066 P45 recvs B25 from P10 
307.41404362055204 P45 recvs B26 from P71 
307.41404362055204 P45 adds B26 to its tree
307.7037089269566 P45 recvs B25 from P17 
307.9271340282963 P45 recvs B26 from P10 
307.9976315800835 P45 recvs B25 from P92 
308.4452094393976 P45 recvs B26 from P74 
308.500000270177 P45 recvs B26 from P92 
308.7570786161639 P45 recvs B26 from P22 
340.04289782761526 P45 recvs B27 from P71 
340.04289782761526 P45 adds B27 to its tree
340.04289782761526 P45 mines for 6853.086065478636 seconds
340.28379399004353 P45 recvs B27 from P22 
340.33702568894887 P45 recvs B27 from P10 
341.13959778741236 P45 recvs B27 from P17 
341.2295689859753 P45 recvs B27 from P74 
341.4190803116819 P45 recvs B27 from P92 
369.2060839214004 P45 recvs B28 from P71 
369.2060839214004 P45 adds B28 to its tree
369.2060839214004 P45 mines for 1182.3961346316762 seconds
369.4081996893091 P45 recvs B28 from P10 
370.47383870487823 P45 recvs B28 from P92 
370.6947647067503 P45 recvs B28 from P74 
379.73109641958325 P45 recvs B29 from P71 
379.73109641958325 P45 adds B29 to its tree
379.73109641958325 P45 mines for 1887.0852393040666 seconds
380.4415373564339 P45 recvs B29 from P10 
380.4928859517763 P45 recvs B29 from P22 
380.5049158390151 P45 recvs B29 from P17 
380.99266330187737 P45 recvs B29 from P74 
381.2071191035685 P45 recvs B29 from P92 
387.3171476299472 P45 recvs B30 from P71 
387.3171476299472 P45 adds B30 to its tree
387.3171476299472 P45 mines for 4848.670556028363 seconds
388.0872249848629 P45 recvs B30 from P10 
388.0904345448597 P45 recvs B30 from P22 
388.10306725783767 P45 recvs B30 from P17 
388.4444468230736 P45 recvs B30 from P74 
388.93462782060897 P45 recvs B30 from P92 
395.73310364389863 P45 recvs B31 from P71 
395.73310364389863 P45 adds B31 to its tree
395.73310364389863 P45 mines for 13429.175354124262 seconds
395.95571544133657 P45 recvs B31 from P10 
395.97309479070367 P45 recvs B31 from P22 
396.79977241841993 P45 recvs B31 from P17 
396.9233115759367 P45 recvs B31 from P74 
397.00157134272865 P45 recvs B31 from P92 
402.6773087467841 P45 recvs B32 from P92 
402.6773087467841 P45 adds B32 to its tree
402.6773087467841 P45 mines for 4720.827549450441 seconds
402.68219790110203 P45 recvs B32 from P22 
402.6957904577335 P45 recvs B33 from P71 
402.6957904577335 P45 adds B33 to its tree
402.92250681369126 P45 recvs B33 from P22 
402.9555336267112 P45 recvs B32 from P71 
402.9853079883457 P45 recvs B33 from P10 
403.2543228856095 P45 recvs B32 from P10 
403.3856815614571 P45 recvs B33 from P74 
403.7365117891132 P45 recvs B32 from P74 
403.77929023758935 P45 recvs B33 from P17 
403.8348494088149 P45 recvs B32 from P17 
403.8834002324832 P45 recvs B33 from P92 
406.21632957783265 P45 recvs B34 from P71 
406.21632957783265 P45 adds B34 to its tree
406.21632957783265 P45 mines for 4436.370567061253 seconds
406.9047847258868 P45 recvs B34 from P10 
407.00491794380196 P45 recvs B34 from P22 
407.057842519944 P45 recvs B34 from P17 
407.48170122627505 P45 recvs B34 from P74 
407.7894675504006 P45 recvs B34 from P92 
435.8102437695906 P45 recvs B35 from P71 
435.8102437695906 P45 adds B35 to its tree
435.8102437695906 P45 mines for 1378.34815143248 seconds
436.4751698405127 P45 recvs B35 from P10 
436.8542360715854 P45 recvs B35 from P22 
436.8857589938443 P45 recvs B35 from P17 
436.9812394862289 P45 recvs B35 from P74 
437.45136952700364 P45 recvs B35 from P92 
439.0937203629257 P45 recvs B36 from P71 
439.0937203629257 P45 adds B36 to its tree
439.0937203629257 P45 mines for 4941.762873889781 seconds
439.50928616137384 P45 recvs B36 from P10 
439.7536216283554 P45 recvs B36 from P22 
439.95485289150065 P45 recvs B36 from P74 
440.1374090090509 P45 recvs B36 from P92 
440.1526479921915 P45 recvs B36 from P17 
446.2348122238527 P45 recvs B38 from P74 
446.2348122238527 P45 adds B38 to its tree
446.2348122238527 P45 mines for 5464.3007307146045 seconds
446.56390698825635 P45 recvs B37 from P71 
446.56390698825635 P45 adds B37 to its tree
446.80973647569175 P45 recvs B38 from P22 
446.9432629894079 P45 recvs B38 from P71 
447.1566504213423 P45 recvs B37 from P17 
447.21246504956184 P45 recvs B38 from P17 
447.2421953788323 P45 recvs B37 from P22 
447.2745087547024 P45 recvs B37 from P10 
447.6357429588672 P45 recvs B37 from P74 
448.13672413246695 P45 recvs B37 from P92 
448.1521037837201 P45 recvs B38 from P92 
456.34178999730085 P45 recvs B39 from P71 
456.34178999730085 P45 adds B39 to its tree
456.34178999730085 P45 mines for 9316.766531726711 seconds
456.48184626362877 P45 recvs B39 from P22 
456.6517789059111 P45 recvs B39 from P10 
456.85396705499363 P45 recvs B39 from P74 
456.93031297049544 P45 recvs B39 from P17 
457.7348738031993 P45 recvs B39 from P92 
476.4256997778158 P45 recvs B40 from P71 
476.4256997778158 P45 adds B40 to its tree
476.4256997778158 P45 mines for 2290.6501907205293 seconds
476.5790728521198 P45 recvs B40 from P22 
476.6733338853259 P45 recvs B40 from P10 
477.5271645443931 P45 recvs B40 from P17 
477.56346444160965 P45 recvs B40 from P74 
477.59310304012087 P45 recvs B40 from P92 
483.2023813588966 P45 recvs B41 from P71 
483.2023813588966 P45 adds B41 to its tree
483.2023813588966 P45 mines for 922.2952659113057 seconds
483.3624683188055 P45 recvs B41 from P74 
483.7773450401614 P45 recvs B41 from P22 
483.79117699270034 P45 recvs B41 from P10 
484.25227922076493 P45 recvs B41 from P17 
484.62740721666904 P45 recvs B41 from P92 
493.4555922307338 P45 recvs B42 from P71 
493.4555922307338 P45 adds B42 to its tree
493.4555922307338 P45 mines for 2716.4614569637374 seconds
494.11015486554766 P45 recvs B42 from P17 
494.1649251645047 P45 recvs B42 from P74 
494.19816457881666 P45 recvs B42 from P10 
494.24090821279566 P45 recvs B42 from P22 
495.06874074459313 P45 recvs B42 from P92 
502.2947373075607 P45 recvs B44 from P71 
502.2947373075607 P45 adds B44 to its tree
502.2947373075607 P45 mines for 3011.9614848344418 seconds
502.45844713316916 P45 recvs B43 from P71 
502.45844713316916 P45 adds B43 to its tree
502.5246763286783 P45 recvs B43 from P17 
502.77662414028845 P45 recvs B44 from P10 
502.91479469409694 P45 recvs B43 from P10 
503.0130213314799 P45 recvs B43 from P92 
503.1069188767467 P45 recvs B43 from P22 
503.3726691730658 P45 recvs B44 from P92 
503.39862502858364 P45 recvs B44 from P74 
503.5772685119877 P45 recvs B43 from P74 
525.8516756046574 P45 recvs B45 from P71 
525.8516756046574 P45 adds B45 to its tree
525.8516756046574 P45 mines for 13671.898237694946 seconds
526.5562709899226 P45 recvs B45 from P10 
526.7009090986629 P45 recvs B45 from P22 
526.7629900823398 P45 recvs B45 from P17 
527.2385773484117 P45 recvs B45 from P74 
527.3656800695422 P45 recvs B45 from P92 
547.7104208388039 P45 recvs B46 from P71 
547.7104208388039 P45 adds B46 to its tree
547.7104208388039 P45 mines for 14706.197128615218 seconds
548.1396381797825 P45 recvs B46 from P22 
548.1402448334236 P45 recvs B46 from P10 
548.1857322595781 P45 recvs B46 from P74 
548.748307516192 P45 recvs B46 from P92 
561.3868094141285 P45 recvs B47 from P17 
561.3868094141285 P45 adds B47 to its tree
561.3868094141285 P45 mines for 24093.80302482413 seconds
561.8180185599151 P45 recvs B47 from P74 
562.003971068733 P45 recvs B47 from P71 
563.2688823603455 P45 recvs B47 from P92 
564.7897970201727 P45 recvs B48 from P71 
564.7897970201727 P45 adds B48 to its tree
564.7897970201727 P45 mines for 7819.436055039427 seconds
565.2435446552506 P45 recvs B48 from P10 
566.0380889750386 P45 recvs B48 from P92 
566.1242574741 P45 recvs B48 from P74 
575.5913413874582 P45 recvs B49 from P71 
575.5913413874582 P45 adds B49 to its tree
575.5913413874582 P45 mines for 2789.960344235283 seconds
576.0874816048467 P45 recvs B49 from P10 
576.6436287659936 P45 recvs B49 from P92 
576.7027480931115 P45 recvs B49 from P74 
576.9649196787682 P45 recvs B49 from P22 
589.2407939193921 P45 recvs B50 from P22 
589.2407939193921 P45 adds B50 to its tree
589.2407939193921 P45 mines for 1429.5798222452656 seconds
589.2649303520843 P45 recvs B50 from P92 
589.4766094227975 P45 recvs B50 from P71 
589.8402519692513 P45 recvs B50 from P10 
590.3065518126125 P45 recvs B50 from P74 
590.501965096798 P45 recvs B50 from P17 
593.8927809799386 P45 recvs B51 from P71 
593.8927809799386 P45 adds B51 to its tree
593.8927809799386 P45 mines for 4581.769026923659 seconds
594.1108194609237 P45 recvs B51 from P10 
594.2535816970224 P45 recvs B52 from P71 
594.2535816970224 P45 adds B52 to its tree
594.4880221609129 P45 recvs B51 from P17 
594.6704752226558 P45 recvs B51 from P22 
594.774071713556 P45 recvs B51 from P74 
594.8975786687959 P45 recvs B52 from P10 
595.0088843759564 P45 recvs B52 from P22 
595.0923334741476 P45 recvs B51 from P92 
595.1461991141413 P45 recvs B52 from P17 
595.4603463197759 P45 recvs B52 from P74 
595.7395649211377 P45 recvs B52 from P92 
596.7157259242248 P45 recvs B53 from P71 
596.7157259242248 P45 adds B53 to its tree
596.7157259242248 P45 mines for 5317.662272032401 seconds
596.8673319046618 P45 recvs B53 from P22 
596.9210090221972 P45 recvs B53 from P10 
597.1873648115844 P45 recvs B53 from P74 
597.3160859565088 P45 recvs B53 from P17 
597.8708786210682 P45 recvs B53 from P92 
