0 P46 mines for 404.12626035149344 seconds
1.4522763400033314 P46 creates T27
5.89052167674225 P46 recvs B2 from P1 
5.89052167674225 P46 adds B2 to its tree
5.89052167674225 P46 mines for 6018.10691627092 seconds
5.976620308090712 P46 recvs B2 from P47 
6.349964456632085 P46 recvs B2 from P30 
6.565133269177168 P46 recvs B2 from P87 
7.288750647169165 P46 recvs B2 from P91 
7.915096711395519 P46 recvs B2 from P37 
24.0109711729908 P46 recvs B3 from P1 
24.0109711729908 P46 adds B3 to its tree
24.0109711729908 P46 mines for 365.163656194254 seconds
25.023284149021542 P46 recvs B3 from P30 
26.369440568738796 P46 recvs B3 from P87 
26.41348370441976 P46 recvs B3 from P91 
70.74297260002005 P46 recvs B4 from P1 
70.74297260002005 P46 adds B4 to its tree
70.74297260002005 P46 mines for 7192.2154485522115 seconds
71.21852008561318 P46 recvs B4 from P87 
71.46813208343993 P46 recvs B4 from P30 
71.47788648449266 P46 recvs B4 from P91 
72.22777615813766 P46 recvs B4 from P47 
72.69311891595083 P46 recvs B4 from P37 
77.34547026903701 P46 recvs B5 from P1 
77.34547026903701 P46 adds B5 to its tree
77.34547026903701 P46 mines for 1689.758107057229 seconds
77.57014211531344 P46 recvs B5 from P87 
77.83492848110095 P46 recvs B5 from P37 
77.91290455990247 P46 recvs B5 from P91 
78.02468043394944 P46 recvs B5 from P30 
79.56817179576791 P46 recvs B5 from P47 
86.85975139783822 P46 recvs B6 from P1 
86.85975139783822 P46 adds B6 to its tree
86.85975139783822 P46 mines for 2505.4422443725675 seconds
87.57480307626277 P46 recvs B6 from P30 
87.78285114478143 P46 recvs B6 from P87 
88.13032935197462 P46 recvs B6 from P91 
88.48407688901656 P46 recvs B6 from P47 
101.31990008385137 P46 recvs B7 from P1 
101.31990008385137 P46 adds B7 to its tree
101.31990008385137 P46 mines for 5674.69521777852 seconds
102.74907325390558 P46 recvs B7 from P30 
103.5794991603934 P46 recvs B7 from P87 
110.87497921703165 P46 recvs B8 from P47 
110.87497921703165 P46 adds B8 to its tree
110.87497921703165 P46 mines for 3122.137274763217 seconds
111.01394480685047 P46 recvs B8 from P1 
111.47942083230774 P46 recvs B8 from P30 
111.68013995821977 P46 recvs B8 from P87 
112.14234026491171 P46 recvs B8 from P37 
112.1742032474297 P46 recvs B8 from P91 
121.6188017110597 P46 recvs B9 from P1 
121.6188017110597 P46 adds B9 to its tree
121.6188017110597 P46 mines for 776.532126236853 seconds
122.63967882337053 P46 recvs B9 from P30 
122.98473152480112 P46 recvs B9 from P87 
123.10024664088097 P46 recvs B9 from P91 
129.6631784754455 P46 recvs B10 from P1 
129.6631784754455 P46 adds B10 to its tree
129.6631784754455 P46 mines for 273.38110376253013 seconds
130.88913828511608 P46 recvs B10 from P30 
132.10947875228914 P46 recvs B10 from P87 
142.2727409028424 P46 recvs B11 from P1 
142.2727409028424 P46 adds B11 to its tree
142.2727409028424 P46 mines for 8574.002295374163 seconds
142.7868822094661 P46 recvs B11 from P37 
143.2624648373708 P46 recvs B11 from P87 
143.59338641813807 P46 recvs B11 from P91 
143.61035372411337 P46 recvs B11 from P30 
144.10850137977934 P46 recvs B11 from P47 
156.23145524624675 P46 recvs B12 from P1 
156.23145524624675 P46 adds B12 to its tree
156.23145524624675 P46 mines for 2095.081694563219 seconds
156.4742998504873 P46 recvs B12 from P87 
156.8025309887575 P46 recvs B12 from P30 
156.82730233210262 P46 recvs B12 from P91 
157.66953838366288 P46 recvs B12 from P47 
158.11703374267688 P46 recvs B12 from P37 
170.29162115412737 P46 recvs B13 from P1 
170.29162115412737 P46 adds B13 to its tree
170.29162115412737 P46 mines for 2251.3267711714166 seconds
171.19263043909555 P46 recvs B13 from P87 
171.52357742188502 P46 recvs B13 from P30 
171.55667857969874 P46 recvs B13 from P91 
171.607819068254 P46 recvs B13 from P37 
172.44066511933508 P46 recvs B13 from P47 
185.4025599509597 P46 recvs B14 from P1 
185.4025599509597 P46 adds B14 to its tree
185.4025599509597 P46 mines for 3482.3274130300783 seconds
185.99762980781333 P46 recvs B14 from P47 
186.27793211706017 P46 recvs B14 from P30 
186.59404470034627 P46 recvs B14 from P87 
187.23293452059423 P46 recvs B14 from P91 
202.08107453870446 P46 recvs B15 from P1 
202.08107453870446 P46 adds B15 to its tree
202.08107453870446 P46 mines for 2991.0595598373607 seconds
203.4481273236113 P46 recvs B15 from P87 
203.45627061618183 P46 recvs B15 from P37 
203.47289701258995 P46 recvs B15 from P30 
203.66360386554146 P46 recvs B15 from P91 
204.0784135386767 P46 recvs B15 from P47 
212.30304613468215 P46 recvs B16 from P1 
212.30304613468215 P46 adds B16 to its tree
212.30304613468215 P46 mines for 1865.4896409893313 seconds
213.43290065354594 P46 recvs B16 from P30 
213.71298722911683 P46 recvs B17 from P1 
213.71298722911683 P46 adds B17 to its tree
214.47100872621957 P46 recvs B17 from P30 
214.71317123465235 P46 recvs B17 from P87 
214.7807112271177 P46 recvs B16 from P87 
214.81719075908293 P46 recvs B17 from P47 
215.08304803175125 P46 recvs B16 from P47 
215.37704377546982 P46 recvs B17 from P37 
215.5581039377706 P46 recvs B17 from P91 
220.34078436142062 P46 recvs B18 from P1 
220.34078436142062 P46 adds B18 to its tree
220.34078436142062 P46 mines for 625.3252125134848 seconds
220.7848624614061 P46 recvs B18 from P87 
220.86212732573114 P46 recvs B18 from P30 
221.41428562180377 P46 recvs B18 from P91 
222.01760424243287 P46 recvs B18 from P47 
222.1533021632547 P46 recvs B18 from P37 
222.48076059057124 P46 recvs B19 from P1 
222.48076059057124 P46 adds B19 to its tree
222.80730935417427 P46 recvs B19 from P30 
222.85572214935212 P46 recvs B19 from P87 
223.0309512015114 P46 recvs B19 from P91 
223.66618701608905 P46 recvs B19 from P47 
224.12573094540775 P46 recvs B19 from P37 
230.2636345268963 P46 recvs B20 from P1 
230.2636345268963 P46 adds B20 to its tree
230.2636345268963 P46 mines for 14950.078018251785 seconds
230.86891271451393 P46 recvs B20 from P47 
230.96802015312574 P46 recvs B20 from P30 
231.3860409395043 P46 recvs B20 from P87 
231.94550653241362 P46 recvs B20 from P91 
232.06257213106582 P46 recvs B20 from P37 
252.83064296365845 P46 recvs B21 from P1 
252.83064296365845 P46 adds B21 to its tree
252.83064296365845 P46 mines for 14098.677511543963 seconds
254.05082127507526 P46 recvs B21 from P87 
254.1041356108119 P46 recvs B21 from P30 
254.148201521741 P46 recvs B21 from P91 
254.1840272984621 P46 recvs B21 from P37 
255.03024712498916 P46 recvs B21 from P47 
259.2052363426971 P46 recvs B22 from P1 
259.2052363426971 P46 adds B22 to its tree
259.2052363426971 P46 mines for 5354.333473906234 seconds
259.39235645829075 P46 recvs B22 from P87 
259.69752192795806 P46 recvs B22 from P30 
259.9933258051914 P46 recvs B22 from P91 
260.6641681758668 P46 recvs B22 from P47 
260.9305109683048 P46 recvs B22 from P37 
287.59606360589976 P46 recvs B23 from P1 
287.59606360589976 P46 adds B23 to its tree
287.59606360589976 P46 mines for 1865.355881483757 seconds
287.82955532156905 P46 recvs B23 from P87 
288.1362571536492 P46 recvs B23 from P30 
288.2193120721781 P46 recvs B23 from P91 
289.0398530585312 P46 recvs B23 from P47 
289.4149590324735 P46 recvs B23 from P37 
296.25578004062226 P46 recvs B24 from P37 
296.25578004062226 P46 adds B24 to its tree
296.25578004062226 P46 mines for 9534.620043872183 seconds
296.40958822696786 P46 recvs B24 from P1 
297.7566009832265 P46 recvs B24 from P87 
297.77771622299537 P46 recvs B24 from P30 
297.8958730508189 P46 recvs B24 from P91 
306.8889038003793 P46 recvs B25 from P1 
306.8889038003793 P46 adds B25 to its tree
306.8889038003793 P46 mines for 7300.317582578447 seconds
307.3132435652112 P46 recvs B26 from P1 
307.3132435652112 P46 adds B26 to its tree
307.35570947105464 P46 recvs B25 from P87 
307.3752428376383 P46 recvs B25 from P91 
307.4293744178986 P46 recvs B25 from P30 
307.9466382569231 P46 recvs B25 from P47 
308.4176935970119 P46 recvs B26 from P30 
308.53403926560827 P46 recvs B25 from P37 
309.4592290140994 P46 recvs B26 from P47 
309.58492896498166 P46 recvs B26 from P87 
339.4885044011 P46 recvs B27 from P87 
339.4885044011 P46 adds B27 to its tree
339.4885044011 P46 mines for 2351.516060936787 seconds
340.10823031540826 P46 recvs B27 from P1 
340.61070546907 P46 recvs B27 from P30 
341.68875087087196 P46 recvs B27 from P91 
341.90028975204154 P46 recvs B27 from P37 
342.34515667338275 P46 recvs B27 from P47 
369.3082059446738 P46 recvs B28 from P1 
369.3082059446738 P46 adds B28 to its tree
369.3082059446738 P46 mines for 1076.4100823804438 seconds
370.5275876615988 P46 recvs B28 from P30 
371.1006390908541 P46 recvs B28 from P87 
371.25176034214854 P46 recvs B28 from P37 
371.85408484720296 P46 recvs B28 from P47 
380.0670357633902 P46 recvs B29 from P1 
380.0670357633902 P46 adds B29 to its tree
380.0670357633902 P46 mines for 1335.8781969378902 seconds
380.12786790590434 P46 recvs B29 from P47 
380.51677695490946 P46 recvs B29 from P30 
380.7034789401945 P46 recvs B29 from P87 
381.5814805435332 P46 recvs B29 from P91 
382.1583542791587 P46 recvs B29 from P37 
386.85993240398597 P46 recvs B30 from P30 
386.85993240398597 P46 adds B30 to its tree
386.85993240398597 P46 mines for 2575.1287006583234 seconds
388.3922614705679 P46 recvs B30 from P87 
388.4430352014098 P46 recvs B30 from P37 
389.39144444305543 P46 recvs B30 from P47 
395.7436864787822 P46 recvs B31 from P1 
395.7436864787822 P46 adds B31 to its tree
395.7436864787822 P46 mines for 9981.512089191578 seconds
396.2157593653771 P46 recvs B31 from P87 
396.37155903481766 P46 recvs B31 from P30 
397.48722780806247 P46 recvs B31 from P91 
397.5553602866523 P46 recvs B31 from P37 
397.9892348095011 P46 recvs B31 from P47 
402.70569557460254 P46 recvs B33 from P1 
402.70569557460254 P46 adds B33 to its tree
402.70569557460254 P46 mines for 18440.773954082084 seconds
403.04317062570885 P46 recvs B32 from P1 
403.04317062570885 P46 adds B32 to its tree
403.1946086772608 P46 recvs B33 from P87 
403.2554149224873 P46 recvs B32 from P87 
403.3108040909099 P46 recvs B33 from P30 
403.48553312567185 P46 recvs B32 from P37 
403.5831141590493 P46 recvs B32 from P30 
403.6235694402614 P46 recvs B32 from P91 
403.7747842532721 P46 recvs B33 from P91 
404.2363149328868 P46 recvs B33 from P47 
404.6113614987269 P46 recvs B33 from P37 
405.0753907704033 P46 recvs B32 from P47 
406.53649405492484 P46 recvs B34 from P1 
406.53649405492484 P46 adds B34 to its tree
406.53649405492484 P46 mines for 838.0170887620088 seconds
407.07061940532606 P46 recvs B34 from P30 
407.2763207432527 P46 recvs B34 from P87 
408.0920107516494 P46 recvs B34 from P91 
408.2743485853133 P46 recvs B34 from P47 
408.69018235053437 P46 recvs B34 from P37 
436.1439474319399 P46 recvs B35 from P1 
436.1439474319399 P46 adds B35 to its tree
436.1439474319399 P46 mines for 2733.287100831619 seconds
437.402974595192 P46 recvs B35 from P37 
437.46269624795565 P46 recvs B35 from P30 
437.50995287177625 P46 recvs B35 from P87 
437.7207235740684 P46 recvs B35 from P91 
437.99107513858905 P46 recvs B35 from P47 
438.99671902475893 P46 recvs B36 from P1 
438.99671902475893 P46 adds B36 to its tree
438.99671902475893 P46 mines for 1751.8034228637814 seconds
439.89263681984454 P46 recvs B36 from P87 
440.11728557476454 P46 recvs B36 from P30 
441.08814762030124 P46 recvs B36 from P91 
441.1609906096074 P46 recvs B36 from P47 
446.9317418038509 P46 recvs B37 from P1 
446.9317418038509 P46 adds B37 to its tree
446.9317418038509 P46 mines for 17481.86771953695 seconds
446.96369099266377 P46 recvs B38 from P1 
446.96369099266377 P46 adds B38 to its tree
447.33160660280174 P46 recvs B37 from P30 
447.4579568328852 P46 recvs B38 from P87 
447.4877411522971 P46 recvs B38 from P37 
447.56732890602456 P46 recvs B38 from P30 
447.609514392607 P46 recvs B37 from P87 
447.7114422511745 P46 recvs B38 from P91 
448.27632740382023 P46 recvs B37 from P91 
448.52524410472483 P46 recvs B37 from P47 
448.57863811398755 P46 recvs B38 from P47 
448.8627792144383 P46 recvs B37 from P37 
456.5542198859762 P46 recvs B39 from P1 
456.5542198859762 P46 adds B39 to its tree
456.5542198859762 P46 mines for 72.44330394596822 seconds
456.7798664384365 P46 recvs B39 from P87 
457.0193534741129 P46 recvs B39 from P30 
458.0333503434759 P46 recvs B39 from P91 
458.16146692542225 P46 recvs B39 from P37 
458.5098895803252 P46 recvs B39 from P47 
476.38493567357483 P46 recvs B40 from P1 
476.38493567357483 P46 adds B40 to its tree
476.38493567357483 P46 mines for 1467.2630437124328 seconds
476.91651306361894 P46 recvs B40 from P87 
476.9535581522694 P46 recvs B40 from P30 
477.99031291168814 P46 recvs B40 from P91 
478.181787362224 P46 recvs B40 from P37 
478.6665823191524 P46 recvs B40 from P47 
483.4381652033513 P46 recvs B41 from P1 
483.4381652033513 P46 adds B41 to its tree
483.4381652033513 P46 mines for 4620.943342054237 seconds
484.2491148037241 P46 recvs B41 from P30 
484.31717281922727 P46 recvs B41 from P87 
484.7234863464108 P46 recvs B41 from P91 
485.1424556778812 P46 recvs B41 from P47 
493.81937476719935 P46 recvs B42 from P1 
493.81937476719935 P46 adds B42 to its tree
493.81937476719935 P46 mines for 23581.901475819355 seconds
494.2282597665108 P46 recvs B42 from P30 
494.345496155648 P46 recvs B42 from P87 
495.33143072622784 P46 recvs B42 from P91 
495.53670102695014 P46 recvs B42 from P47 
495.90604577909056 P46 recvs B42 from P37 
502.08372035311237 P46 recvs B43 from P1 
502.08372035311237 P46 adds B43 to its tree
502.08372035311237 P46 mines for 5603.478573869214 seconds
502.20100806248746 P46 recvs B44 from P1 
502.20100806248746 P46 adds B44 to its tree
503.3144298149796 P46 recvs B44 from P30 
503.57887776749754 P46 recvs B43 from P30 
503.7164462085347 P46 recvs B43 from P87 
503.9161315136975 P46 recvs B43 from P37 
504.11955666739715 P46 recvs B43 from P91 
504.4491718869873 P46 recvs B44 from P47 
504.62138836158505 P46 recvs B44 from P87 
504.7369956665775 P46 recvs B43 from P47 
526.1696277126633 P46 recvs B45 from P1 
526.1696277126633 P46 adds B45 to its tree
526.1696277126633 P46 mines for 4434.603871710173 seconds
526.3582807555305 P46 recvs B45 from P47 
526.7113656742587 P46 recvs B45 from P30 
526.9488001007937 P46 recvs B45 from P87 
527.8056026818599 P46 recvs B45 from P91 
528.358471945256 P46 recvs B45 from P37 
547.5775657493906 P46 recvs B46 from P1 
547.5775657493906 P46 adds B46 to its tree
547.5775657493906 P46 mines for 2873.122170706704 seconds
548.629431997277 P46 recvs B46 from P30 
548.8544886364166 P46 recvs B46 from P87 
549.0575854877445 P46 recvs B46 from P91 
549.7006907316445 P46 recvs B46 from P37 
550.2786194614753 P46 recvs B46 from P47 
562.0862069743367 P46 recvs B47 from P1 
562.0862069743367 P46 adds B47 to its tree
562.0862069743367 P46 mines for 528.8861610808291 seconds
562.4707681206828 P46 recvs B47 from P47 
562.8200642196693 P46 recvs B47 from P30 
563.1945563069905 P46 recvs B47 from P87 
563.7204117851669 P46 recvs B47 from P91 
564.8672545363877 P46 recvs B48 from P1 
564.8672545363877 P46 adds B48 to its tree
564.8672545363877 P46 mines for 5121.796873115309 seconds
566.1585878769696 P46 recvs B48 from P30 
567.2675704064144 P46 recvs B48 from P87 
575.4689982735381 P46 recvs B49 from P1 
575.4689982735381 P46 adds B49 to its tree
575.4689982735381 P46 mines for 11663.32152219837 seconds
576.6853222338602 P46 recvs B49 from P30 
577.8669891787888 P46 recvs B49 from P87 
577.8750616357595 P46 recvs B49 from P47 
589.5914140359948 P46 recvs B50 from P1 
589.5914140359948 P46 adds B50 to its tree
589.5914140359948 P46 mines for 8820.37285338223 seconds
589.7847900974401 P46 recvs B50 from P87 
590.0754248704054 P46 recvs B50 from P37 
590.0759264758216 P46 recvs B50 from P30 
590.3034409650718 P46 recvs B50 from P91 
591.7090559930461 P46 recvs B50 from P47 
593.6985376387636 P46 recvs B51 from P37 
593.6985376387636 P46 adds B51 to its tree
593.6985376387636 P46 mines for 6427.879976424768 seconds
593.883738908682 P46 recvs B51 from P1 
594.5914090310155 P46 recvs B52 from P1 
594.5914090310155 P46 adds B52 to its tree
594.9955727562348 P46 recvs B52 from P30 
595.2092590066504 P46 recvs B51 from P30 
595.2827588763229 P46 recvs B52 from P87 
595.351148107083 P46 recvs B51 from P87 
595.7474452732808 P46 recvs B51 from P91 
596.0772060177371 P46 recvs B52 from P91 
596.2499239452147 P46 recvs B52 from P47 
596.6048101267195 P46 recvs B52 from P37 
596.6932387406263 P46 recvs B53 from P1 
596.6932387406263 P46 adds B53 to its tree
596.6932387406263 P46 mines for 3678.717276253599 seconds
597.1394759165248 P46 recvs B53 from P87 
597.3679269978999 P46 recvs B53 from P30 
598.3881236862791 P46 recvs B53 from P91 
598.5895997824051 P46 recvs B53 from P37 
599.2782188058502 P46 recvs B53 from P47 
