0 P47 mines for 2173.6346297245195 seconds
0.19962470084796086 P47 creates T7
4.855033176203192 P47 recvs B2 from P70 
4.855033176203192 P47 adds B2 to its tree
4.855033176203192 P47 mines for 1089.7975574802992 seconds
7.513862316353436 P47 recvs B2 from P46 
25.628353691419413 P47 recvs B3 from P46 
25.628353691419413 P47 adds B3 to its tree
25.628353691419413 P47 mines for 2896.111670352197 seconds
25.743335917558053 P47 recvs B3 from P70 
26.435316390044413 P47 recvs B3 from P44 
26.556456076458414 P47 recvs B3 from P39 
71.31702760451421 P47 recvs B4 from P44 
71.31702760451421 P47 adds B4 to its tree
71.31702760451421 P47 mines for 9478.005101117988 seconds
71.79881583540391 P47 recvs B4 from P70 
72.39437760657438 P47 recvs B4 from P46 
72.57907305494875 P47 recvs B4 from P39 
78.42839768261847 P47 recvs B5 from P70 
78.42839768261847 P47 adds B5 to its tree
78.42839768261847 P47 mines for 10127.76464222192 seconds
78.79976842767074 P47 recvs B5 from P39 
78.98828577559621 P47 recvs B5 from P46 
79.295728528329 P47 recvs B5 from P44 
87.30769940155277 P47 recvs B6 from P70 
87.30769940155277 P47 adds B6 to its tree
87.30769940155277 P47 mines for 5918.587289135933 seconds
88.19525388290498 P47 recvs B6 from P44 
88.52600495885335 P47 recvs B6 from P46 
88.72632461067268 P47 recvs B6 from P39 
102.95862163302762 P47 recvs B7 from P46 
102.95862163302762 P47 adds B7 to its tree
102.95862163302762 P47 mines for 9328.123238928812 seconds
103.32377761171841 P47 recvs B7 from P70 
104.02712665901296 P47 recvs B7 from P44 
104.22014707347523 P47 recvs B7 from P39 
110.20424331851953 P47 recvs B8 from P39 
110.20424331851953 P47 adds B8 to its tree
110.20424331851953 P47 mines for 2644.8533159671783 seconds
111.43378063331872 P47 recvs B8 from P70 
111.54595781250967 P47 recvs B8 from P44 
123.21456308940438 P47 recvs B9 from P46 
123.21456308940438 P47 adds B9 to its tree
123.21456308940438 P47 mines for 5100.845493614405 seconds
123.2270432949714 P47 recvs B9 from P70 
123.57306111717047 P47 recvs B9 from P44 
124.15200318371795 P47 recvs B9 from P39 
131.2837267681751 P47 recvs B10 from P46 
131.2837267681751 P47 adds B10 to its tree
131.2837267681751 P47 mines for 170.36221309106244 seconds
131.4826028042382 P47 recvs B10 from P70 
132.33027924684674 P47 recvs B10 from P44 
132.36609809877007 P47 recvs B10 from P39 
143.42103495665302 P47 recvs B11 from P39 
143.42103495665302 P47 adds B11 to its tree
143.42103495665302 P47 mines for 3371.9076386392035 seconds
143.56480120361329 P47 recvs B11 from P70 
143.70109107862706 P47 recvs B11 from P44 
143.98605014401454 P47 recvs B11 from P46 
156.81027553263866 P47 recvs B12 from P44 
156.81027553263866 P47 adds B12 to its tree
156.81027553263866 P47 mines for 246.75070363195957 seconds
157.29909421649302 P47 recvs B12 from P70 
157.8682863642672 P47 recvs B12 from P46 
158.00261164672375 P47 recvs B12 from P39 
171.5071569906031 P47 recvs B13 from P44 
171.5071569906031 P47 adds B13 to its tree
171.5071569906031 P47 mines for 665.6745167121353 seconds
171.6457232434466 P47 recvs B13 from P39 
171.8289118389209 P47 recvs B13 from P70 
171.97363069771922 P47 recvs B13 from P46 
185.05859728052272 P47 recvs B14 from P44 
185.05859728052272 P47 adds B14 to its tree
185.05859728052272 P47 mines for 1159.2726708564971 seconds
186.24195577505867 P47 recvs B14 from P39 
186.34468856797204 P47 recvs B14 from P70 
187.0485285041832 P47 recvs B14 from P46 
202.9024594040726 P47 recvs B15 from P70 
202.9024594040726 P47 adds B15 to its tree
202.9024594040726 P47 mines for 2181.9796306202393 seconds
203.16223624159397 P47 recvs B15 from P44 
203.59838456201697 P47 recvs B15 from P39 
203.78105105772806 P47 recvs B15 from P46 
214.00147215729007 P47 recvs B16 from P70 
214.00147215729007 P47 adds B16 to its tree
214.00147215729007 P47 mines for 3129.1604448713133 seconds
214.1023018986084 P47 recvs B16 from P46 
214.17773453916854 P47 recvs B17 from P39 
214.17773453916854 P47 adds B17 to its tree
214.20509136940416 P47 recvs B17 from P44 
214.52911115271365 P47 recvs B17 from P70 
214.80886321991483 P47 recvs B16 from P44 
214.99688493746893 P47 recvs B16 from P39 
215.33154788805234 P47 recvs B17 from P46 
221.35702640278618 P47 recvs B18 from P39 
221.35702640278618 P47 adds B18 to its tree
221.35702640278618 P47 mines for 1630.5724438884483 seconds
221.36656111656475 P47 recvs B18 from P70 
221.8596551220937 P47 recvs B18 from P44 
221.98131578420066 P47 recvs B18 from P46 
222.5868136174424 P47 recvs B19 from P70 
222.5868136174424 P47 adds B19 to its tree
222.8457367844598 P47 recvs B19 from P39 
223.53884845565477 P47 recvs B19 from P44 
224.12053729369362 P47 recvs B19 from P46 
229.86849320215657 P47 recvs B20 from P44 
229.86849320215657 P47 adds B20 to its tree
229.86849320215657 P47 mines for 515.1772746625107 seconds
231.02340643148415 P47 recvs B20 from P39 
231.0778062312017 P47 recvs B20 from P70 
231.9254780973338 P47 recvs B20 from P46 
254.06729342068436 P47 recvs B21 from P44 
254.06729342068436 P47 adds B21 to its tree
254.06729342068436 P47 mines for 65.7393813891681 seconds
254.1789115640151 P47 recvs B21 from P70 
254.2649765065485 P47 recvs B21 from P39 
254.44757691945145 P47 recvs B21 from P46 
259.99708902095017 P47 recvs B22 from P39 
259.99708902095017 P47 adds B22 to its tree
259.99708902095017 P47 mines for 1175.5335802769407 seconds
260.1385364978961 P47 recvs B22 from P70 
260.59906271949717 P47 recvs B22 from P44 
260.89291052660474 P47 recvs B22 from P46 
288.17431025730804 P47 recvs B23 from P44 
288.17431025730804 P47 adds B23 to its tree
288.17431025730804 P47 mines for 19556.906091614157 seconds
288.2106838903886 P47 recvs B23 from P39 
288.92274312376793 P47 recvs B23 from P70 
289.2659311576216 P47 recvs B23 from P46 
297.63398133774353 P47 recvs B24 from P46 
297.63398133774353 P47 adds B24 to its tree
297.63398133774353 P47 mines for 1287.3813109711743 seconds
297.68849411651917 P47 recvs B24 from P39 
297.7202434916012 P47 recvs B24 from P70 
298.4584372827284 P47 recvs B24 from P44 
307.30029857832864 P47 recvs B25 from P39 
307.30029857832864 P47 adds B25 to its tree
307.30029857832864 P47 mines for 5318.595000524262 seconds
308.06045108210947 P47 recvs B25 from P70 
308.29928687367186 P47 recvs B25 from P44 
308.4902554754331 P47 recvs B25 from P46 
308.58876292893103 P47 recvs B26 from P44 
308.58876292893103 P47 adds B26 to its tree
308.87169486848336 P47 recvs B26 from P70 
308.9988539278168 P47 recvs B26 from P46 
310.04575152901737 P47 recvs B26 from P39 
341.1860041060973 P47 recvs B27 from P70 
341.1860041060973 P47 adds B27 to its tree
341.1860041060973 P47 mines for 8454.422198659855 seconds
341.4007401326237 P47 recvs B27 from P46 
342.13834441144513 P47 recvs B27 from P44 
342.31860199449403 P47 recvs B27 from P39 
370.7127362011682 P47 recvs B28 from P70 
370.7127362011682 P47 adds B28 to its tree
370.7127362011682 P47 mines for 1668.7072061562192 seconds
370.9160203741871 P47 recvs B28 from P46 
371.2580025372877 P47 recvs B28 from P44 
371.84237629013944 P47 recvs B28 from P39 
378.9998297401771 P47 recvs B29 from P70 
378.9998297401771 P47 adds B29 to its tree
378.9998297401771 P47 mines for 9940.471164357337 seconds
381.75635348940364 P47 recvs B29 from P46 
388.26056515217806 P47 recvs B30 from P70 
388.26056515217806 P47 adds B30 to its tree
388.26056515217806 P47 mines for 2346.6354241507793 seconds
388.36413980538373 P47 recvs B30 from P46 
388.3837569128583 P47 recvs B30 from P39 
389.2956349883117 P47 recvs B30 from P44 
396.90922818695105 P47 recvs B31 from P70 
396.90922818695105 P47 adds B31 to its tree
396.90922818695105 P47 mines for 15911.792716724043 seconds
397.36096757884803 P47 recvs B31 from P46 
397.99323328243867 P47 recvs B31 from P39 
398.28702370944444 P47 recvs B31 from P44 
403.6035580040864 P47 recvs B33 from P39 
403.6035580040864 P47 adds B33 to its tree
403.6035580040864 P47 mines for 9896.450103664207 seconds
403.7375828233627 P47 recvs B33 from P70 
404.01600273035154 P47 recvs B32 from P70 
404.01600273035154 P47 adds B32 to its tree
404.2179130651337 P47 recvs B33 from P44 
404.3321095937583 P47 recvs B33 from P46 
404.46899435258246 P47 recvs B32 from P39 
404.7286089624403 P47 recvs B32 from P46 
405.06299540117374 P47 recvs B32 from P44 
407.12414491611526 P47 recvs B34 from P70 
407.12414491611526 P47 adds B34 to its tree
407.12414491611526 P47 mines for 10453.256393356342 seconds
408.11209657544595 P47 recvs B34 from P39 
408.1500726085627 P47 recvs B34 from P46 
408.2952767068698 P47 recvs B34 from P44 
436.8284273375749 P47 recvs B35 from P70 
436.8284273375749 P47 adds B35 to its tree
436.8284273375749 P47 mines for 3412.396866366311 seconds
437.13666400978747 P47 recvs B35 from P44 
437.6881358750203 P47 recvs B35 from P39 
437.7410987909037 P47 recvs B35 from P46 
440.2466171198166 P47 recvs B36 from P44 
440.2466171198166 P47 adds B36 to its tree
440.2466171198166 P47 mines for 14108.469279740728 seconds
440.4878023956168 P47 recvs B36 from P70 
440.60840338127855 P47 recvs B36 from P46 
441.4470571945447 P47 recvs B36 from P39 
447.40457830533546 P47 recvs B37 from P70 
447.40457830533546 P47 adds B37 to its tree
447.40457830533546 P47 mines for 10126.145425266535 seconds
447.5778173241385 P47 recvs B37 from P39 
447.63190805201674 P47 recvs B38 from P44 
447.63190805201674 P47 adds B38 to its tree
448.0139363210118 P47 recvs B38 from P70 
448.50665254732195 P47 recvs B37 from P44 
448.5447375716345 P47 recvs B37 from P46 
448.5585694562163 P47 recvs B38 from P46 
448.7461300559528 P47 recvs B38 from P39 
457.4282666751672 P47 recvs B39 from P70 
457.4282666751672 P47 adds B39 to its tree
457.4282666751672 P47 mines for 9101.660398614391 seconds
458.13594103527964 P47 recvs B39 from P44 
458.2113794467324 P47 recvs B39 from P39 
458.21772325239317 P47 recvs B39 from P46 
477.51988882096475 P47 recvs B40 from P70 
477.51988882096475 P47 adds B40 to its tree
477.51988882096475 P47 mines for 3094.321502037549 seconds
478.0492860151584 P47 recvs B40 from P46 
478.6143720714184 P47 recvs B40 from P39 
478.9725074654109 P47 recvs B40 from P44 
484.0696986017128 P47 recvs B41 from P70 
484.0696986017128 P47 adds B41 to its tree
484.0696986017128 P47 mines for 6053.418144299638 seconds
484.6753949179739 P47 recvs B41 from P44 
485.089839464124 P47 recvs B41 from P46 
485.26345995315336 P47 recvs B41 from P39 
494.4342710487647 P47 recvs B42 from P70 
494.4342710487647 P47 adds B42 to its tree
494.4342710487647 P47 mines for 6446.810566921278 seconds
495.218575494632 P47 recvs B42 from P39 
495.4605639530955 P47 recvs B42 from P44 
495.4680067469165 P47 recvs B42 from P46 
503.55977034571475 P47 recvs B44 from P44 
503.55977034571475 P47 adds B44 to its tree
503.55977034571475 P47 mines for 8230.446783247467 seconds
503.59941889636053 P47 recvs B43 from P70 
503.59941889636053 P47 adds B43 to its tree
503.691746964283 P47 recvs B43 from P39 
503.70275080605364 P47 recvs B43 from P46 
503.86732463441683 P47 recvs B44 from P46 
503.89345249973536 P47 recvs B44 from P70 
503.9084146271124 P47 recvs B43 from P44 
504.8169313297844 P47 recvs B44 from P39 
525.2313571324776 P47 recvs B45 from P70 
525.2313571324776 P47 adds B45 to its tree
525.2313571324776 P47 mines for 2383.7001014320467 seconds
527.8577635580218 P47 recvs B45 from P46 
549.2052866953284 P47 recvs B46 from P70 
549.2052866953284 P47 adds B46 to its tree
549.2052866953284 P47 mines for 403.2215747405167 seconds
549.2268477730022 P47 recvs B46 from P46 
549.5320243264387 P47 recvs B46 from P44 
550.0376822931429 P47 recvs B46 from P39 
561.5586557207855 P47 recvs B47 from P44 
561.5586557207855 P47 adds B47 to its tree
561.5586557207855 P47 mines for 1354.9887778824993 seconds
562.8417019354556 P47 recvs B47 from P39 
562.898477435391 P47 recvs B47 from P70 
563.7240301326603 P47 recvs B47 from P46 
566.4769621409315 P47 recvs B48 from P46 
566.4769621409315 P47 adds B48 to its tree
566.4769621409315 P47 mines for 2133.131232864094 seconds
566.5277178106476 P47 recvs B48 from P70 
567.4985361455632 P47 recvs B48 from P44 
567.540055004962 P47 recvs B48 from P39 
576.9476891731928 P47 recvs B49 from P44 
576.9476891731928 P47 adds B49 to its tree
576.9476891731928 P47 mines for 6348.389745146815 seconds
577.0859851606089 P47 recvs B49 from P46 
577.1339166849663 P47 recvs B49 from P70 
578.0993659893862 P47 recvs B49 from P39 
590.6167945749329 P47 recvs B50 from P70 
590.6167945749329 P47 adds B50 to its tree
590.6167945749329 P47 mines for 446.92005013074083 seconds
591.1343346609525 P47 recvs B50 from P39 
591.2028621685715 P47 recvs B50 from P46 
591.6921756781793 P47 recvs B50 from P44 
595.1008501271601 P47 recvs B51 from P46 
595.1008501271601 P47 adds B51 to its tree
595.1008501271601 P47 mines for 420.9040946843761 seconds
595.1176990384085 P47 recvs B52 from P70 
595.1176990384085 P47 adds B52 to its tree
595.2765320342348 P47 recvs B51 from P39 
595.3495496444178 P47 recvs B51 from P70 
595.8641785473598 P47 recvs B51 from P44 
596.1930974049995 P47 recvs B52 from P46 
596.3379831494494 P47 recvs B52 from P44 
596.3557703521269 P47 recvs B52 from P39 
598.1859052579088 P47 recvs B53 from P70 
598.1859052579088 P47 adds B53 to its tree
598.1859052579088 P47 mines for 4233.490800520794 seconds
598.2909811236017 P47 recvs B53 from P46 
598.4936585549374 P47 recvs B53 from P44 
598.5870439477205 P47 recvs B53 from P39 
