0 P48 mines for 11539.333998463368 seconds
4.614975781455805 P48 recvs B2 from P18 
4.614975781455805 P48 adds B2 to its tree
4.614975781455805 P48 mines for 109.87767163208427 seconds
4.675282874217324 P48 creates T52
4.939817338509014 P48 recvs B2 from P6 
24.218292839106674 P48 recvs B3 from P18 
24.218292839106674 P48 adds B3 to its tree
24.218292839106674 P48 mines for 3935.966295394488 seconds
24.635129991250984 P48 recvs B3 from P6 
24.691933806662274 P48 recvs B3 from P30 
25.692844100709326 P48 recvs B3 from P61 
69.72064880012873 P48 recvs B4 from P11 
69.72064880012873 P48 adds B4 to its tree
69.72064880012873 P48 mines for 439.18105767365046 seconds
70.31337514291386 P48 recvs B4 from P18 
70.57580263867278 P48 recvs B4 from P61 
71.06885035763872 P48 recvs B4 from P95 
76.14412284973824 P48 recvs B5 from P11 
76.14412284973824 P48 adds B5 to its tree
76.14412284973824 P48 mines for 556.6753571044333 seconds
85.83570619435793 P48 recvs B6 from P18 
85.83570619435793 P48 adds B6 to its tree
85.83570619435793 P48 mines for 519.1277584222828 seconds
86.198345444346 P48 recvs B6 from P6 
87.28471191915564 P48 recvs B6 from P61 
101.89320066250163 P48 recvs B7 from P18 
101.89320066250163 P48 adds B7 to its tree
101.89320066250163 P48 mines for 25.205967934355307 seconds
102.27564161020476 P48 recvs B7 from P6 
102.34182495538053 P48 recvs B7 from P11 
102.36172096727189 P48 recvs B7 from P30 
109.69765005740396 P48 recvs B8 from P18 
109.69765005740396 P48 adds B8 to its tree
109.69765005740396 P48 mines for 3631.7170523118884 seconds
109.79646203277669 P48 recvs B8 from P6 
110.74476717401247 P48 recvs B8 from P95 
121.52332531693625 P48 recvs B9 from P11 
121.52332531693625 P48 adds B9 to its tree
121.52332531693625 P48 mines for 15223.87724705252 seconds
121.96279244771316 P48 recvs B9 from P18 
122.29382566375348 P48 recvs B9 from P30 
122.79116919784435 P48 recvs B9 from P61 
130.030743745387 P48 recvs B10 from P18 
130.030743745387 P48 adds B10 to its tree
130.030743745387 P48 mines for 3323.1538298715254 seconds
130.39270774400018 P48 recvs B10 from P6 
130.48765670004366 P48 recvs B10 from P30 
130.54435157690543 P48 recvs B10 from P11 
131.56971456355802 P48 recvs B10 from P61 
141.6016314090959 P48 recvs B11 from P18 
141.6016314090959 P48 adds B11 to its tree
141.6016314090959 P48 mines for 7269.508536658355 seconds
141.67445317163504 P48 recvs B11 from P11 
141.708637739651 P48 recvs B11 from P6 
143.0765037946773 P48 recvs B11 from P95 
143.20422026736227 P48 recvs B11 from P61 
143.27140405799665 P48 recvs B11 from P30 
155.09811348269736 P48 recvs B12 from P11 
155.09811348269736 P48 adds B12 to its tree
155.09811348269736 P48 mines for 6254.411365883993 seconds
155.97662816721456 P48 recvs B12 from P61 
156.3901443540314 P48 recvs B12 from P95 
169.7323995279006 P48 recvs B13 from P11 
169.7323995279006 P48 adds B13 to its tree
169.7323995279006 P48 mines for 2531.4130006109654 seconds
169.9725941096399 P48 recvs B13 from P18 
170.03768373375556 P48 recvs B13 from P6 
170.65007226356119 P48 recvs B13 from P61 
171.07665293797152 P48 recvs B13 from P95 
171.1977335581658 P48 recvs B13 from P30 
184.53077460135842 P48 recvs B14 from P18 
184.53077460135842 P48 adds B14 to its tree
184.53077460135842 P48 mines for 9093.785859980833 seconds
184.64773061403514 P48 recvs B14 from P6 
201.49617225987768 P48 recvs B15 from P18 
201.49617225987768 P48 adds B15 to its tree
201.49617225987768 P48 mines for 3357.936982983553 seconds
201.7750064915762 P48 recvs B15 from P11 
201.8794782971009 P48 recvs B15 from P6 
202.1578085401254 P48 recvs B15 from P95 
203.11480283957903 P48 recvs B15 from P30 
212.5587435984729 P48 recvs B16 from P18 
212.5587435984729 P48 adds B16 to its tree
212.5587435984729 P48 mines for 2041.8628724742684 seconds
212.76664463949243 P48 recvs B17 from P18 
212.76664463949243 P48 adds B17 to its tree
212.88756177068433 P48 recvs B16 from P6 
212.97380406025175 P48 recvs B17 from P6 
213.03495519344318 P48 recvs B16 from P11 
213.07139732489313 P48 recvs B16 from P30 
214.09649036250204 P48 recvs B16 from P61 
219.15064052626744 P48 recvs B18 from P11 
219.15064052626744 P48 adds B18 to its tree
219.15064052626744 P48 mines for 5277.287747927059 seconds
221.0834944432389 P48 recvs B19 from P18 
221.0834944432389 P48 adds B19 to its tree
221.29621844306632 P48 recvs B19 from P11 
221.42322187823976 P48 recvs B19 from P6 
222.4807520470878 P48 recvs B19 from P95 
229.29054405056672 P48 recvs B20 from P18 
229.29054405056672 P48 adds B20 to its tree
229.29054405056672 P48 mines for 3682.5573026722363 seconds
229.40563158653575 P48 recvs B20 from P6 
252.37958861620234 P48 recvs B21 from P11 
252.37958861620234 P48 adds B21 to its tree
252.37958861620234 P48 mines for 5013.062545365661 seconds
252.57776646746686 P48 recvs B21 from P18 
252.6843304854983 P48 recvs B21 from P6 
253.2885558123446 P48 recvs B21 from P61 
253.7019061258791 P48 recvs B21 from P30 
253.7126493975284 P48 recvs B21 from P95 
257.87002655809954 P48 recvs B22 from P11 
257.87002655809954 P48 adds B22 to its tree
257.87002655809954 P48 mines for 771.5750761551459 seconds
286.4578560009284 P48 recvs B23 from P11 
286.4578560009284 P48 adds B23 to its tree
286.4578560009284 P48 mines for 3885.8140616903065 seconds
287.0975258206835 P48 recvs B23 from P6 
287.33899468959635 P48 recvs B23 from P61 
287.69457181681076 P48 recvs B23 from P95 
296.1358185166521 P48 recvs B24 from P18 
296.1358185166521 P48 adds B24 to its tree
296.1358185166521 P48 mines for 935.7428603207942 seconds
296.18693678079495 P48 recvs B24 from P11 
296.2498715616581 P48 recvs B24 from P6 
296.70900275805667 P48 recvs B24 from P95 
296.7339211955312 P48 recvs B24 from P61 
297.4476302325853 P48 recvs B24 from P30 
305.75162707094 P48 recvs B25 from P11 
305.75162707094 P48 adds B25 to its tree
305.75162707094 P48 mines for 1311.8210653577416 seconds
306.73150197351947 P48 recvs B25 from P61 
306.9401464872665 P48 recvs B25 from P95 
307.6755259403786 P48 recvs B26 from P18 
307.6755259403786 P48 adds B26 to its tree
307.9894011709458 P48 recvs B26 from P6 
308.03895973486607 P48 recvs B26 from P11 
308.0563413658859 P48 recvs B26 from P30 
309.048352421851 P48 recvs B26 from P61 
338.9529028739556 P48 recvs B27 from P11 
338.9529028739556 P48 adds B27 to its tree
338.9529028739556 P48 mines for 2355.5550717984597 seconds
369.44961474665547 P48 recvs B28 from P11 
369.44961474665547 P48 adds B28 to its tree
369.44961474665547 P48 mines for 6069.853600254696 seconds
369.47802692112475 P48 recvs B28 from P18 
369.82786652060554 P48 recvs B28 from P6 
370.2007739483664 P48 recvs B28 from P30 
378.7873156646815 P48 recvs B29 from P18 
378.7873156646815 P48 adds B29 to its tree
378.7873156646815 P48 mines for 12204.701090402632 seconds
379.112878488502 P48 recvs B29 from P6 
386.4555563728882 P48 recvs B30 from P18 
386.4555563728882 P48 adds B30 to its tree
386.4555563728882 P48 mines for 2734.4416384425167 seconds
386.49300508602437 P48 recvs B30 from P30 
386.58049218287357 P48 recvs B30 from P6 
394.6188035547883 P48 recvs B31 from P11 
394.6188035547883 P48 adds B31 to its tree
394.6188035547883 P48 mines for 2368.9938367655836 seconds
401.5751552220246 P48 recvs B33 from P11 
401.5751552220246 P48 adds B33 to its tree
401.5751552220246 P48 mines for 730.9390258919178 seconds
401.80547716408444 P48 recvs B32 from P11 
401.80547716408444 P48 adds B32 to its tree
405.3134508492033 P48 recvs B34 from P18 
405.3134508492033 P48 adds B34 to its tree
405.3134508492033 P48 mines for 10745.919558512356 seconds
405.636784730312 P48 recvs B34 from P6 
435.48985773997805 P48 recvs B35 from P18 
435.48985773997805 P48 adds B35 to its tree
435.48985773997805 P48 mines for 571.3291406021772 seconds
435.7598553163298 P48 recvs B35 from P11 
435.7860136682796 P48 recvs B35 from P6 
436.18401506412283 P48 recvs B35 from P95 
437.1170404888389 P48 recvs B35 from P30 
438.3414523626927 P48 recvs B36 from P11 
438.3414523626927 P48 adds B36 to its tree
438.3414523626927 P48 mines for 1193.669920219205 seconds
439.783473575647 P48 recvs B36 from P30 
445.6288634980672 P48 recvs B37 from P18 
445.6288634980672 P48 adds B37 to its tree
445.6288634980672 P48 mines for 4345.58637862937 seconds
445.6387196534436 P48 recvs B38 from P61 
445.6387196534436 P48 adds B38 to its tree
445.80351606474096 P48 recvs B37 from P6 
445.9946988618732 P48 recvs B38 from P11 
446.2301616986193 P48 recvs B38 from P18 
447.2916582560591 P48 recvs B38 from P95 
455.21427153744673 P48 recvs B39 from P11 
455.21427153744673 P48 adds B39 to its tree
455.21427153744673 P48 mines for 10561.769725854212 seconds
475.25121033691676 P48 recvs B40 from P11 
475.25121033691676 P48 adds B40 to its tree
475.25121033691676 P48 mines for 1156.0612261774884 seconds
482.52193450279043 P48 recvs B41 from P18 
482.52193450279043 P48 adds B41 to its tree
482.52193450279043 P48 mines for 579.0248959108219 seconds
482.83684949225375 P48 recvs B41 from P6 
482.9207043121429 P48 recvs B41 from P11 
483.86467378446207 P48 recvs B41 from P61 
492.5620820679694 P48 recvs B42 from P18 
492.5620820679694 P48 adds B42 to its tree
492.5620820679694 P48 mines for 1116.3895624694587 seconds
492.64805570653095 P48 recvs B42 from P6 
501.7749103755149 P48 recvs B43 from P18 
501.7749103755149 P48 adds B43 to its tree
501.7749103755149 P48 mines for 6898.068502282186 seconds
501.9125444035789 P48 recvs B43 from P6 
502.51334221871525 P48 recvs B44 from P18 
502.51334221871525 P48 adds B44 to its tree
502.8524907767174 P48 recvs B44 from P6 
502.88932646614523 P48 recvs B44 from P11 
502.9781384490727 P48 recvs B44 from P30 
503.24259971996116 P48 recvs B43 from P30 
503.9288766000237 P48 recvs B44 from P61 
524.966127108919 P48 recvs B45 from P18 
524.966127108919 P48 adds B45 to its tree
524.966127108919 P48 mines for 9774.620357644633 seconds
525.386945216083 P48 recvs B45 from P6 
547.429022835141 P48 recvs B46 from P11 
547.429022835141 P48 adds B46 to its tree
547.429022835141 P48 mines for 1329.0150949963065 seconds
547.9432452260639 P48 recvs B46 from P18 
548.2480593648947 P48 recvs B46 from P30 
548.7210709275483 P48 recvs B46 from P61 
561.1188517982639 P48 recvs B47 from P18 
561.1188517982639 P48 adds B47 to its tree
561.1188517982639 P48 mines for 7026.540869383698 seconds
561.2020096638689 P48 recvs B47 from P6 
565.0307945357409 P48 recvs B48 from P18 
565.0307945357409 P48 adds B48 to its tree
565.0307945357409 P48 mines for 7059.880856812866 seconds
565.4090755648302 P48 recvs B48 from P6 
565.486675167713 P48 recvs B48 from P11 
565.7820074837313 P48 recvs B48 from P30 
575.7831529508721 P48 recvs B49 from P18 
575.7831529508721 P48 adds B49 to its tree
575.7831529508721 P48 mines for 1524.5808361158283 seconds
576.2127431687791 P48 recvs B49 from P11 
576.2238361927822 P48 recvs B49 from P6 
576.3183011138831 P48 recvs B49 from P30 
577.3312912755878 P48 recvs B49 from P61 
588.3984340987411 P48 recvs B50 from P11 
588.3984340987411 P48 adds B50 to its tree
588.3984340987411 P48 mines for 928.9503336860784 seconds
593.2864652302654 P48 recvs B52 from P18 
593.2864652302654 P48 adds B52 to its tree
593.2864652302654 P48 mines for 1028.13203000084 seconds
593.6628934473147 P48 recvs B52 from P6 
593.6769375201487 P48 recvs B51 from P18 
593.6769375201487 P48 adds B51 to its tree
593.7565076198098 P48 recvs B51 from P11 
593.805932007717 P48 recvs B51 from P6 
594.235051858111 P48 recvs B51 from P61 
594.2514244446629 P48 recvs B51 from P95 
594.8247595961863 P48 recvs B51 from P30 
595.5915195044818 P48 recvs B53 from P11 
595.5915195044818 P48 adds B53 to its tree
595.5915195044818 P48 mines for 6032.40616230676 seconds
599.9845705656355 P48 recvs B54 from P18 
599.9845705656355 P48 adds B54 to its tree
599.9845705656355 P48 mines for 1778.3678239200262 seconds
