0 P49 mines for 685.5452096769462 seconds
0.6209452559889916 P49 creates T13
5.190440265928419 P49 recvs B2 from P0 
5.190440265928419 P49 adds B2 to its tree
5.190440265928419 P49 mines for 110.52194676869087 seconds
6.487760935601549 P49 recvs B2 from P95 
6.6713534341037946 P49 recvs B2 from P39 
6.88252954111441 P49 recvs B2 from P9 
9.534252287173885 P49 creates T77
24.71482105031396 P49 recvs B3 from P0 
24.71482105031396 P49 adds B3 to its tree
24.71482105031396 P49 mines for 123.06899198709698 seconds
25.593820253908977 P49 recvs B3 from P23 
25.861638137412992 P49 recvs B3 from P9 
26.07606436133131 P49 recvs B3 from P95 
26.105904751965916 P49 recvs B3 from P39 
70.41691844985654 P49 recvs B4 from P0 
70.41691844985654 P49 adds B4 to its tree
70.41691844985654 P49 mines for 641.6275557535849 seconds
70.57339832076772 P49 recvs B4 from P23 
71.55089673399472 P49 recvs B4 from P95 
71.65929350037298 P49 recvs B4 from P9 
72.13837787488485 P49 recvs B4 from P39 
76.50807478883324 P49 recvs B5 from P0 
76.50807478883324 P49 adds B5 to its tree
76.50807478883324 P49 mines for 146.05026603361662 seconds
78.13086310582429 P49 recvs B5 from P95 
86.42771113256192 P49 recvs B6 from P0 
86.42771113256192 P49 adds B6 to its tree
86.42771113256192 P49 mines for 640.195164878353 seconds
87.12630538438769 P49 recvs B6 from P23 
87.75807947922144 P49 recvs B6 from P95 
88.22436818813148 P49 recvs B6 from P9 
88.29445061650785 P49 recvs B6 from P39 
101.86393589810909 P49 recvs B7 from P0 
101.86393589810909 P49 adds B7 to its tree
101.86393589810909 P49 mines for 202.73502234359935 seconds
102.98715923999801 P49 recvs B7 from P23 
103.58824400218565 P49 recvs B7 from P9 
103.72658779861692 P49 recvs B7 from P95 
103.78330794126134 P49 recvs B7 from P39 
109.75892234623122 P49 recvs B8 from P39 
109.75892234623122 P49 adds B8 to its tree
109.75892234623122 P49 mines for 362.72284921034634 seconds
109.93679143656419 P49 recvs B8 from P0 
110.7720923397825 P49 recvs B8 from P23 
111.21068337590248 P49 recvs B8 from P95 
121.88691382245857 P49 recvs B9 from P0 
121.88691382245857 P49 adds B9 to its tree
121.88691382245857 P49 mines for 917.6641036278021 seconds
122.68090055139487 P49 recvs B9 from P23 
122.73341514827364 P49 recvs B9 from P9 
123.39156152764991 P49 recvs B9 from P95 
123.70831353947037 P49 recvs B9 from P39 
130.47599439183955 P49 recvs B10 from P0 
130.47599439183955 P49 adds B10 to its tree
130.47599439183955 P49 mines for 998.9979871497478 seconds
131.28576941794952 P49 recvs B10 from P23 
131.72383127880778 P49 recvs B10 from P9 
131.94074308230083 P49 recvs B10 from P39 
131.96042625808934 P49 recvs B10 from P95 
141.1465929254219 P49 recvs B11 from P0 
141.1465929254219 P49 adds B11 to its tree
141.1465929254219 P49 mines for 246.50865659561512 seconds
142.8514915255713 P49 recvs B11 from P9 
155.83435294731385 P49 recvs B12 from P0 
155.83435294731385 P49 adds B12 to its tree
155.83435294731385 P49 mines for 32.576683907056314 seconds
155.89796725194526 P49 recvs B12 from P23 
156.84892850123896 P49 recvs B12 from P95 
157.04644130208632 P49 recvs B12 from P9 
157.57834188867042 P49 recvs B12 from P39 
169.39085548003072 P49 recvs B13 from P0 
169.39085548003072 P49 adds B13 to its tree
169.39085548003072 P49 mines for 1969.43930263185 seconds
170.50446446270007 P49 recvs B13 from P9 
171.59948885930433 P49 recvs B13 from P95 
184.9420726392843 P49 recvs B14 from P0 
184.9420726392843 P49 adds B14 to its tree
184.9420726392843 P49 mines for 209.1410819560808 seconds
185.51195304397066 P49 recvs B14 from P23 
185.73564958985656 P49 recvs B14 from P9 
185.8173889534028 P49 recvs B14 from P39 
186.38262842493063 P49 recvs B14 from P95 
201.64707663723584 P49 recvs B15 from P0 
201.64707663723584 P49 adds B15 to its tree
201.64707663723584 P49 mines for 209.91389195311862 seconds
202.1545585030959 P49 recvs B15 from P23 
202.62740025707433 P49 recvs B15 from P95 
203.17144730641868 P49 recvs B15 from P39 
213.0400802009052 P49 recvs B16 from P0 
213.0400802009052 P49 adds B16 to its tree
213.0400802009052 P49 mines for 743.8570763299878 seconds
213.1477998531281 P49 recvs B17 from P0 
213.1477998531281 P49 adds B17 to its tree
213.72814831238784 P49 recvs B17 from P39 
213.8921466357361 P49 recvs B16 from P23 
214.26411476719304 P49 recvs B16 from P9 
214.45517762156828 P49 recvs B16 from P95 
214.57137405092368 P49 recvs B16 from P39 
214.6134021051725 P49 recvs B17 from P95 
219.02806914050353 P49 recvs B18 from P0 
219.02806914050353 P49 adds B18 to its tree
219.02806914050353 P49 mines for 636.596168351755 seconds
220.59278659591962 P49 recvs B19 from P0 
220.59278659591962 P49 adds B19 to its tree
221.14029955487797 P49 recvs B18 from P95 
229.6719489919584 P49 recvs B20 from P0 
229.6719489919584 P49 adds B20 to its tree
229.6719489919584 P49 mines for 28.21867445582545 seconds
230.2751247885072 P49 recvs B20 from P23 
230.56879294791477 P49 recvs B20 from P39 
230.68117006248218 P49 recvs B20 from P9 
231.14662626986774 P49 recvs B20 from P95 
251.94122615833032 P49 recvs B21 from P0 
251.94122615833032 P49 adds B21 to its tree
251.94122615833032 P49 mines for 1035.7086045586304 seconds
253.14205821680355 P49 recvs B21 from P9 
254.1826734288706 P49 recvs B21 from P95 
257.71001756700775 P49 recvs B22 from P0 
257.71001756700775 P49 adds B22 to its tree
257.71001756700775 P49 mines for 98.60837179892891 seconds
259.80368241860555 P49 recvs B22 from P95 
285.98480697005135 P49 recvs B23 from P23 
285.98480697005135 P49 adds B23 to its tree
285.98480697005135 P49 mines for 87.21211404842435 seconds
288.20728132026653 P49 recvs B23 from P95 
295.44439701882885 P49 recvs B24 from P0 
295.44439701882885 P49 adds B24 to its tree
295.44439701882885 P49 mines for 614.2316856332671 seconds
297.1706322106331 P49 recvs B24 from P95 
305.0415483150456 P49 recvs B25 from P0 
305.0415483150456 P49 adds B25 to its tree
305.0415483150456 P49 mines for 430.5919585611255 seconds
308.109712069219 P49 recvs B26 from P0 
308.109712069219 P49 adds B26 to its tree
308.4167779244802 P49 recvs B26 from P23 
309.32101591122785 P49 recvs B26 from P9 
309.5595949595615 P49 recvs B26 from P95 
309.6174632841985 P49 recvs B26 from P39 
339.9005587998687 P49 recvs B27 from P0 
339.9005587998687 P49 adds B27 to its tree
339.9005587998687 P49 mines for 207.99828766272543 seconds
340.8606293604617 P49 recvs B27 from P95 
341.2878830538765 P49 recvs B27 from P9 
341.8655044893347 P49 recvs B27 from P39 
370.0450270589778 P49 recvs B28 from P0 
370.0450270589778 P49 adds B28 to its tree
370.0450270589778 P49 mines for 54.752643763112495 seconds
370.8247719594073 P49 recvs B28 from P9 
370.9082379455117 P49 recvs B28 from P23 
371.34212733483366 P49 recvs B28 from P95 
371.4092815561688 P49 recvs B28 from P39 
379.3916170814408 P49 recvs B29 from P0 
379.3916170814408 P49 adds B29 to its tree
379.3916170814408 P49 mines for 782.3631994157494 seconds
380.642334725393 P49 recvs B29 from P95 
380.8360524672553 P49 recvs B29 from P39 
381.0793265500926 P49 recvs B29 from P9 
386.8496046684643 P49 recvs B30 from P0 
386.8496046684643 P49 adds B30 to its tree
386.8496046684643 P49 mines for 44.53876820331521 seconds
387.9537489678514 P49 recvs B30 from P39 
388.33829790635497 P49 recvs B30 from P95 
388.52384233581995 P49 recvs B30 from P9 
395.5995849175638 P49 recvs B31 from P0 
395.5995849175638 P49 adds B31 to its tree
395.5995849175638 P49 mines for 100.49530509040888 seconds
396.54325654389163 P49 recvs B31 from P95 
397.1182499030125 P49 recvs B31 from P9 
397.56457774867494 P49 recvs B31 from P39 
401.4105285446105 P49 recvs B33 from P0 
401.4105285446105 P49 adds B33 to its tree
401.4105285446105 P49 mines for 368.4637248385927 seconds
402.18880730115734 P49 recvs B32 from P0 
402.18880730115734 P49 adds B32 to its tree
403.48203658803527 P49 recvs B33 from P95 
403.65535348325403 P49 recvs B32 from P95 
405.8884207704462 P49 recvs B34 from P0 
405.8884207704462 P49 adds B34 to its tree
405.8884207704462 P49 mines for 586.5687561524137 seconds
407.17539692401135 P49 recvs B34 from P95 
407.6163550224455 P49 recvs B34 from P9 
407.684652215867 P49 recvs B34 from P39 
435.6077535320076 P49 recvs B35 from P0 
435.6077535320076 P49 adds B35 to its tree
435.6077535320076 P49 mines for 118.95851475373796 seconds
436.1123247304992 P49 recvs B35 from P23 
436.64180280725594 P49 recvs B35 from P95 
437.24907847220334 P49 recvs B35 from P39 
439.23850653994117 P49 recvs B36 from P0 
439.23850653994117 P49 adds B36 to its tree
439.23850653994117 P49 mines for 592.325639533393 seconds
439.9531434563615 P49 recvs B36 from P23 
440.153057577037 P49 recvs B36 from P95 
440.8093990431668 P49 recvs B36 from P9 
440.9968009794736 P49 recvs B36 from P39 
445.9981403009047 P49 recvs B37 from P0 
445.9981403009047 P49 adds B37 to its tree
445.9981403009047 P49 mines for 297.34870091191283 seconds
446.4856160798446 P49 recvs B38 from P0 
446.4856160798446 P49 adds B38 to its tree
447.13535426731045 P49 recvs B37 from P39 
447.4701464201805 P49 recvs B37 from P95 
447.73498699673223 P49 recvs B37 from P9 
447.76761640392783 P49 recvs B38 from P95 
448.1262647799545 P49 recvs B38 from P9 
448.3071801916904 P49 recvs B38 from P39 
456.1248401069131 P49 recvs B39 from P0 
456.1248401069131 P49 adds B39 to its tree
456.1248401069131 P49 mines for 320.2374436845499 seconds
457.1529138081949 P49 recvs B39 from P95 
457.3013573353089 P49 recvs B39 from P23 
457.7563197236502 P49 recvs B39 from P9 
457.7736597991918 P49 recvs B39 from P39 
476.22634205025645 P49 recvs B40 from P0 
476.22634205025645 P49 adds B40 to its tree
476.22634205025645 P49 mines for 809.7495293957144 seconds
477.1704193994184 P49 recvs B40 from P95 
477.7384281561862 P49 recvs B40 from P9 
478.1864335533039 P49 recvs B40 from P39 
483.086665359489 P49 recvs B41 from P0 
483.086665359489 P49 adds B41 to its tree
483.086665359489 P49 mines for 598.700922372734 seconds
483.66826496705903 P49 recvs B41 from P23 
484.3774805656608 P49 recvs B41 from P95 
484.8209628215967 P49 recvs B41 from P9 
484.8406502352103 P49 recvs B41 from P39 
492.9841619604 P49 recvs B42 from P0 
492.9841619604 P49 adds B42 to its tree
492.9841619604 P49 mines for 67.07562306247368 seconds
493.681895901428 P49 recvs B42 from P9 
494.21642673541135 P49 recvs B42 from P23 
494.4195425711927 P49 recvs B42 from P95 
494.7581256362158 P49 recvs B42 from P39 
501.8537952865628 P49 recvs B43 from P0 
501.8537952865628 P49 adds B43 to its tree
501.8537952865628 P49 mines for 184.81503542193684 seconds
502.74963858598596 P49 recvs B43 from P23 
503.04349423600075 P49 recvs B44 from P0 
503.04349423600075 P49 adds B44 to its tree
503.2459646790486 P49 recvs B43 from P39 
503.44467365107204 P49 recvs B44 from P23 
503.6850842514167 P49 recvs B43 from P95 
504.1821269946875 P49 recvs B44 from P9 
504.3907350676039 P49 recvs B44 from P39 
504.4253000375677 P49 recvs B44 from P95 
525.5978635907594 P49 recvs B45 from P0 
525.5978635907594 P49 adds B45 to its tree
525.5978635907594 P49 mines for 712.8578192538897 seconds
526.9516730928042 P49 recvs B45 from P95 
526.9785958689606 P49 recvs B45 from P39 
527.3035720921732 P49 recvs B45 from P9 
547.8159066573553 P49 recvs B46 from P0 
547.8159066573553 P49 adds B46 to its tree
547.8159066573553 P49 mines for 26.262092097243464 seconds
548.6931588403249 P49 recvs B46 from P23 
548.8033797158652 P49 recvs B46 from P9 
549.2970190205051 P49 recvs B46 from P95 
549.5967579371646 P49 recvs B46 from P39 
561.4918038153622 P49 recvs B47 from P0 
561.4918038153622 P49 adds B47 to its tree
561.4918038153622 P49 mines for 655.8468514533216 seconds
562.0450989818287 P49 recvs B47 from P23 
562.3330567379822 P49 recvs B47 from P9 
562.4130941409708 P49 recvs B47 from P39 
562.9272772960634 P49 recvs B47 from P95 
565.6140545113177 P49 recvs B48 from P0 
565.6140545113177 P49 adds B48 to its tree
565.6140545113177 P49 mines for 453.7799640413151 seconds
566.4321254457425 P49 recvs B48 from P23 
566.7379029455963 P49 recvs B48 from P9 
566.9172782402666 P49 recvs B48 from P95 
567.1080378261961 P49 recvs B48 from P39 
576.2852021141879 P49 recvs B49 from P0 
576.2852021141879 P49 adds B49 to its tree
576.2852021141879 P49 mines for 232.88156298223814 seconds
576.6709868085538 P49 recvs B49 from P23 
577.5739715001102 P49 recvs B49 from P9 
577.6451686679594 P49 recvs B49 from P95 
577.655812509017 P49 recvs B49 from P39 
588.8598823180737 P49 recvs B50 from P0 
588.8598823180737 P49 adds B50 to its tree
588.8598823180737 P49 mines for 73.41149081183039 seconds
590.2988178829896 P49 recvs B50 from P95 
593.0360133499457 P49 recvs B51 from P0 
593.0360133499457 P49 adds B51 to its tree
593.0360133499457 P49 mines for 15.736969927661498 seconds
593.9353688837504 P49 recvs B52 from P0 
593.9353688837504 P49 adds B52 to its tree
594.7566398254397 P49 recvs B51 from P95 
595.2092478931452 P49 recvs B52 from P95 
595.5813691754536 P49 recvs B52 from P9 
595.9006081826706 P49 recvs B52 from P39 
596.5796897249732 P49 recvs B53 from P0 
596.5796897249732 P49 adds B53 to its tree
596.5796897249732 P49 mines for 354.5051719593413 seconds
597.4972706552162 P49 recvs B53 from P95 
597.6043043421821 P49 recvs B53 from P23 
598.1335565570494 P49 recvs B53 from P39 
598.2298441682124 P49 recvs B53 from P9 
