0 P5 mines for 3.8171560110438945 seconds
1.0478251370586724 P5 recvs B2 from P1
1.0478251370586724 P5 adds B2 to its tree
1.0478251370586724 P5 mines for 0.1645144437350232 seconds
1.2123395807936956 P5 mines B3
1.5508786988028336 P5 recvs B2 from P0
2.577701663476895 P5 recvs B2 from P2
2.6156134593790297 P5 recvs B4 from P6
2.6156134593790297 P5 adds B4 to its tree
2.737625584360039 P5 recvs B4 from P0
2.7924620300895917 P5 recvs B2 from P3
2.945417732321754 P5 recvs B2 from P6
3.2895655523697123 P5 recvs B4 from P1
3.329655747345429 P5 recvs B4 from P3
3.502576026161694 P5 recvs B3 from P2
3.6833729621701385 P5 recvs B4 from P2
3.764887249938426 P5 recvs B3 from P3
5.439331669703134 P5 recvs B5 from P1
5.439331669703134 P5 adds B5 to its tree
5.439331669703134 P5 mines for 5.760493873572609 seconds
5.5720588329810345 P5 recvs B6 from P6
5.5720588329810345 P5 adds B6 to its tree
5.680787389018848 P5 recvs B6 from P0
5.9695651404169485 P5 recvs B5 from P0
