0 P50 mines for 88.74714012214477 seconds
6.4040743348972775 P50 recvs B2 from P76 
6.4040743348972775 P50 adds B2 to its tree
6.4040743348972775 P50 mines for 611.3607382304735 seconds
6.448587786436714 P50 recvs B2 from P55 
6.495465156734968 P50 recvs B2 from P88 
7.093228083509872 P50 recvs B2 from P40 
7.11399752549351 P50 recvs B2 from P60 
7.2134199039906965 P50 recvs B2 from P98 
9.86379437838348 P50 creates T81
25.486614182610367 P50 recvs B3 from P88 
25.486614182610367 P50 adds B3 to its tree
25.486614182610367 P50 mines for 594.2984940973124 seconds
25.494101136708043 P50 recvs B3 from P76 
25.668392919099457 P50 recvs B3 from P60 
26.214728874296533 P50 recvs B3 from P55 
26.24636853052277 P50 recvs B3 from P40 
26.524499235969145 P50 recvs B3 from P98 
70.59229847061317 P50 recvs B4 from P88 
70.59229847061317 P50 adds B4 to its tree
70.59229847061317 P50 mines for 391.351865818251 seconds
71.1903288743579 P50 recvs B4 from P76 
71.43505808749443 P50 recvs B4 from P55 
71.46982770099595 P50 recvs B4 from P60 
72.28034784809411 P50 recvs B4 from P98 
77.51713847312513 P50 recvs B5 from P88 
77.51713847312513 P50 adds B5 to its tree
77.51713847312513 P50 mines for 375.4404678841426 seconds
77.70043676877009 P50 recvs B5 from P55 
77.73673168468748 P50 recvs B5 from P60 
78.56333054623147 P50 recvs B5 from P76 
78.88428091390267 P50 recvs B5 from P40 
86.89336977900878 P50 recvs B6 from P76 
86.89336977900878 P50 adds B6 to its tree
86.89336977900878 P50 mines for 417.45435419488865 seconds
87.31254833607542 P50 recvs B6 from P88 
88.08091549128712 P50 recvs B6 from P55 
88.21524080889995 P50 recvs B6 from P60 
88.30435900623985 P50 recvs B6 from P40 
102.85737403448135 P50 recvs B7 from P76 
102.85737403448135 P50 adds B7 to its tree
102.85737403448135 P50 mines for 552.9465499154207 seconds
103.19508325831478 P50 recvs B7 from P88 
103.2892380674661 P50 recvs B7 from P60 
103.36757305452217 P50 recvs B7 from P40 
103.94940568286465 P50 recvs B7 from P55 
104.15312782309331 P50 recvs B7 from P98 
110.79544090526588 P50 recvs B8 from P76 
110.79544090526588 P50 adds B8 to its tree
110.79544090526588 P50 mines for 238.00761213215455 seconds
111.11694306676284 P50 recvs B8 from P55 
111.3364315093678 P50 recvs B8 from P60 
111.53979025345284 P50 recvs B8 from P88 
112.08548248885938 P50 recvs B8 from P98 
112.19138465108253 P50 recvs B8 from P40 
122.79690143881984 P50 recvs B9 from P76 
122.79690143881984 P50 adds B9 to its tree
122.79690143881984 P50 mines for 2013.0703870191423 seconds
123.15243953417595 P50 recvs B9 from P88 
123.28741212941169 P50 recvs B9 from P98 
123.44009589493766 P50 recvs B9 from P60 
123.9021567485668 P50 recvs B9 from P40 
123.92589146017416 P50 recvs B9 from P55 
131.28954257894407 P50 recvs B10 from P76 
131.28954257894407 P50 adds B10 to its tree
131.28954257894407 P50 mines for 394.64419581607456 seconds
131.32258017997148 P50 recvs B10 from P88 
131.36495815664546 P50 recvs B10 from P60 
131.969746960577 P50 recvs B10 from P40 
132.04173415409943 P50 recvs B10 from P55 
132.44426614056857 P50 recvs B10 from P98 
140.62774936564668 P50 recvs B11 from P60 
140.62774936564668 P50 adds B11 to its tree
140.62774936564668 P50 mines for 123.56789621817649 seconds
156.0620566902375 P50 recvs B12 from P88 
156.0620566902375 P50 adds B12 to its tree
156.0620566902375 P50 mines for 1321.2853961193296 seconds
156.61903113717312 P50 recvs B12 from P76 
156.90038325144187 P50 recvs B12 from P55 
156.92238559660726 P50 recvs B12 from P60 
157.63312179367236 P50 recvs B12 from P98 
170.54082993337354 P50 recvs B13 from P88 
170.54082993337354 P50 adds B13 to its tree
170.54082993337354 P50 mines for 1962.2927023325692 seconds
170.61189930914287 P50 recvs B13 from P55 
171.0503717848592 P50 recvs B13 from P60 
171.08001537234753 P50 recvs B13 from P76 
172.4679315940456 P50 recvs B13 from P98 
184.64474252157044 P50 recvs B14 from P76 
184.64474252157044 P50 adds B14 to its tree
184.64474252157044 P50 mines for 15.35286746323352 seconds
185.989508296354 P50 recvs B14 from P98 
186.43978162907914 P50 recvs B14 from P60 
186.4459384371451 P50 recvs B14 from P88 
199.99760998480394 P50 mines B15
213.81301190539745 P50 recvs B16 from P76 
213.81301190539745 P50 adds B16 to its tree
213.81301190539745 P50 mines for 1147.0629353670304 seconds
213.83885974009863 P50 recvs B16 from P88 
213.88389550188901 P50 recvs B17 from P76 
213.88389550188901 P50 adds B17 to its tree
214.07856907072428 P50 recvs B16 from P60 
214.38514425059608 P50 recvs B17 from P55 
214.44498459243977 P50 recvs B17 from P60 
214.56264428951337 P50 recvs B16 from P40 
214.59789518909503 P50 recvs B16 from P55 
214.67601183489876 P50 recvs B17 from P88 
214.76058348642624 P50 recvs B16 from P98 
214.94446730289255 P50 recvs B17 from P40 
215.16608889142475 P50 recvs B17 from P98 
220.38117644657606 P50 recvs B19 from P55 
220.38117644657606 P50 adds B19 to its tree
220.38117644657606 P50 mines for 252.0455670937357 seconds
220.9592031626907 P50 recvs B18 from P76 
220.9592031626907 P50 adds B18 to its tree
221.353939473083 P50 recvs B18 from P55 
221.43166345079914 P50 recvs B18 from P88 
221.4769240992212 P50 recvs B18 from P40 
221.73808009869367 P50 recvs B19 from P88 
222.0730938864584 P50 recvs B18 from P60 
222.55900008013066 P50 recvs B18 from P98 
229.425338639313 P50 recvs B20 from P76 
229.425338639313 P50 adds B20 to its tree
229.425338639313 P50 mines for 1001.7294881816562 seconds
230.761635938828 P50 recvs B20 from P98 
231.2028267727244 P50 recvs B20 from P88 
231.2975528612157 P50 recvs B20 from P60 
253.17527104488218 P50 recvs B21 from P88 
253.17527104488218 P50 adds B21 to its tree
253.17527104488218 P50 mines for 978.892201075655 seconds
253.23885357703068 P50 recvs B21 from P55 
253.7120929842483 P50 recvs B21 from P60 
253.7334859682956 P50 recvs B21 from P76 
255.06871370731207 P50 recvs B21 from P98 
259.6628564887412 P50 recvs B22 from P76 
259.6628564887412 P50 adds B22 to its tree
259.6628564887412 P50 mines for 439.5899720357093 seconds
260.09491417407895 P50 recvs B22 from P55 
260.1520532588655 P50 recvs B22 from P40 
260.47543515403936 P50 recvs B22 from P88 
260.7524428634358 P50 recvs B22 from P60 
261.39489634253914 P50 recvs B22 from P98 
287.3225881588865 P50 recvs B23 from P88 
287.3225881588865 P50 adds B23 to its tree
287.3225881588865 P50 mines for 2250.4189126998863 seconds
288.00298969782295 P50 recvs B23 from P76 
288.14087196152434 P50 recvs B23 from P55 
288.2945210097939 P50 recvs B23 from P60 
289.0963012400189 P50 recvs B23 from P98 
296.6010704365402 P50 recvs B24 from P76 
296.6010704365402 P50 adds B24 to its tree
296.6010704365402 P50 mines for 497.6514825117118 seconds
296.62903205924687 P50 recvs B24 from P55 
296.90423442469313 P50 recvs B24 from P60 
297.7433499371533 P50 recvs B24 from P40 
298.0580616134058 P50 recvs B24 from P88 
298.4914672684952 P50 recvs B24 from P98 
307.2870089435806 P50 recvs B25 from P55 
307.2870089435806 P50 adds B25 to its tree
307.2870089435806 P50 mines for 39.21617160648547 seconds
307.35124932006704 P50 recvs B25 from P88 
307.5624915537081 P50 recvs B25 from P76 
307.62038197300666 P50 recvs B26 from P76 
307.62038197300666 P50 adds B26 to its tree
307.9773770906091 P50 recvs B25 from P40 
308.510110889084 P50 recvs B25 from P60 
308.5437485874169 P50 recvs B25 from P98 
308.99063464036095 P50 recvs B26 from P88 
309.0629319214977 P50 recvs B26 from P60 
340.43008395174155 P50 recvs B27 from P76 
340.43008395174155 P50 adds B27 to its tree
340.43008395174155 P50 mines for 116.47182499963694 seconds
341.0834667756716 P50 recvs B27 from P55 
341.2421922779316 P50 recvs B27 from P88 
341.81231027820036 P50 recvs B27 from P60 
369.7756993452303 P50 recvs B28 from P40 
369.7756993452303 P50 adds B28 to its tree
369.7756993452303 P50 mines for 227.351158483659 seconds
370.29010544930935 P50 recvs B28 from P76 
370.4555339888893 P50 recvs B28 from P60 
371.02540145843477 P50 recvs B28 from P88 
371.4004179751332 P50 recvs B28 from P98 
380.5123137548362 P50 recvs B29 from P76 
380.5123137548362 P50 adds B29 to its tree
380.5123137548362 P50 mines for 380.19951244407815 seconds
380.553689389004 P50 recvs B29 from P55 
380.710594209521 P50 recvs B29 from P88 
381.2481374513485 P50 recvs B29 from P98 
381.29532434338 P50 recvs B29 from P40 
381.3271586916884 P50 recvs B29 from P60 
387.987367681167 P50 recvs B30 from P60 
387.987367681167 P50 adds B30 to its tree
387.987367681167 P50 mines for 98.4530361055956 seconds
388.06477241809944 P50 recvs B30 from P55 
388.30205994953724 P50 recvs B30 from P88 
388.6037752005757 P50 recvs B30 from P76 
388.9618267892622 P50 recvs B30 from P40 
390.04463213755287 P50 recvs B30 from P98 
396.7746617152608 P50 recvs B31 from P55 
396.7746617152608 P50 adds B31 to its tree
396.7746617152608 P50 mines for 340.70256892075787 seconds
396.849346501249 P50 recvs B31 from P60 
397.01621359490974 P50 recvs B31 from P88 
397.21004484963095 P50 recvs B31 from P76 
397.39429031676775 P50 recvs B31 from P40 
398.0212407584085 P50 recvs B31 from P98 
403.26835172050403 P50 recvs B33 from P76 
403.26835172050403 P50 adds B33 to its tree
403.26835172050403 P50 mines for 1052.6574504544521 seconds
403.2778308704051 P50 recvs B32 from P88 
403.2778308704051 P50 adds B32 to its tree
403.37966701216834 P50 recvs B32 from P55 
403.4149245646353 P50 recvs B32 from P60 
403.798055563384 P50 recvs B33 from P55 
403.83939385189757 P50 recvs B33 from P40 
403.90145815851724 P50 recvs B33 from P88 
404.22207198397274 P50 recvs B32 from P76 
404.3328636174127 P50 recvs B33 from P60 
404.4659469679667 P50 recvs B32 from P40 
404.9252774163952 P50 recvs B33 from P98 
405.31067230294104 P50 recvs B32 from P98 
407.1327616245299 P50 recvs B34 from P55 
407.1327616245299 P50 adds B34 to its tree
407.1327616245299 P50 mines for 26.873799005352794 seconds
407.1662368868305 P50 recvs B34 from P88 
407.38726026761725 P50 recvs B34 from P76 
407.72226467114876 P50 recvs B34 from P40 
407.76570249598683 P50 recvs B34 from P60 
408.8705055129335 P50 recvs B34 from P98 
434.0065606298827 P50 mines B35
439.31652094116316 P50 recvs B36 from P76 
439.31652094116316 P50 adds B36 to its tree
439.31652094116316 P50 mines for 263.6294867581734 seconds
440.1751213326206 P50 recvs B36 from P60 
440.6592301031077 P50 recvs B36 from P88 
447.1808214250003 P50 recvs B37 from P60 
447.1808214250003 P50 adds B37 to its tree
447.1808214250003 P50 mines for 182.0937685490252 seconds
447.2263619700388 P50 recvs B37 from P55 
447.3103858347039 P50 recvs B38 from P76 
447.3103858347039 P50 adds B38 to its tree
447.4537627257101 P50 recvs B37 from P88 
447.67894982773765 P50 recvs B37 from P76 
447.7900759372238 P50 recvs B38 from P55 
447.84426595024945 P50 recvs B38 from P88 
447.94981511060195 P50 recvs B38 from P60 
448.12024255277294 P50 recvs B37 from P40 
448.49198787018634 P50 recvs B38 from P40 
448.6062068602743 P50 recvs B38 from P98 
449.1754261480702 P50 recvs B37 from P98 
456.8008796973623 P50 recvs B39 from P76 
456.8008796973623 P50 adds B39 to its tree
456.8008796973623 P50 mines for 375.8774117714711 seconds
457.00143662219836 P50 recvs B39 from P60 
457.456402793941 P50 recvs B39 from P55 
457.73239520509594 P50 recvs B39 from P88 
458.03562395552075 P50 recvs B39 from P40 
458.6310431295431 P50 recvs B39 from P98 
477.37926727402424 P50 recvs B40 from P55 
477.37926727402424 P50 adds B40 to its tree
477.37926727402424 P50 mines for 140.69590650803272 seconds
477.5541735035552 P50 recvs B40 from P88 
477.86425230145755 P50 recvs B40 from P76 
477.96135418582026 P50 recvs B40 from P60 
478.4832601050451 P50 recvs B40 from P40 
478.85660889446916 P50 recvs B40 from P98 
483.5311615219777 P50 recvs B41 from P76 
483.5311615219777 P50 adds B41 to its tree
483.5311615219777 P50 mines for 454.97156137347827 seconds
483.8770690602715 P50 recvs B41 from P88 
484.63713302871884 P50 recvs B41 from P55 
484.83460002409385 P50 recvs B41 from P60 
494.0787972461761 P50 recvs B42 from P55 
494.0787972461761 P50 adds B42 to its tree
494.0787972461761 P50 mines for 233.27542917754917 seconds
494.46886074358457 P50 recvs B42 from P88 
494.723553718717 P50 recvs B42 from P76 
494.80779986961863 P50 recvs B42 from P60 
495.0659165111823 P50 recvs B42 from P40 
502.60199104874954 P50 recvs B44 from P76 
502.60199104874954 P50 adds B44 to its tree
502.60199104874954 P50 mines for 636.9375543737771 seconds
503.3901447048542 P50 recvs B43 from P76 
503.3901447048542 P50 adds B43 to its tree
503.4095036384136 P50 recvs B43 from P55 
503.78313146216357 P50 recvs B43 from P88 
503.80981155145327 P50 recvs B43 from P60 
503.8319318940521 P50 recvs B44 from P88 
503.90347237135796 P50 recvs B44 from P60 
504.168092295523 P50 recvs B43 from P40 
504.9606580319455 P50 recvs B43 from P98 
526.7656894818808 P50 recvs B45 from P76 
526.7656894818808 P50 adds B45 to its tree
526.7656894818808 P50 mines for 820.370395617919 seconds
526.795741284123 P50 recvs B45 from P88 
526.8044448488813 P50 recvs B45 from P55 
527.4469789126174 P50 recvs B45 from P60 
527.51343819538 P50 recvs B45 from P40 
527.5496703711758 P50 recvs B45 from P98 
548.768392379943 P50 recvs B46 from P76 
548.768392379943 P50 adds B46 to its tree
548.768392379943 P50 mines for 472.4715693283535 seconds
549.0557133629142 P50 recvs B46 from P88 
549.2051014848342 P50 recvs B46 from P60 
549.3128736225433 P50 recvs B46 from P98 
549.8869085489198 P50 recvs B46 from P55 
550.0484269501592 P50 recvs B46 from P40 
561.2545111684558 P50 recvs B47 from P76 
561.2545111684558 P50 adds B47 to its tree
561.2545111684558 P50 mines for 48.422763133257256 seconds
562.5369268124051 P50 recvs B47 from P98 
562.9167706862272 P50 recvs B47 from P88 
563.2507962582652 P50 recvs B47 from P60 
566.375548004308 P50 recvs B48 from P76 
566.375548004308 P50 adds B48 to its tree
566.375548004308 P50 mines for 25.06932939579439 seconds
566.4059845662402 P50 recvs B48 from P60 
566.5607553569695 P50 recvs B48 from P88 
566.7750257406329 P50 recvs B48 from P40 
567.2956999973127 P50 recvs B48 from P55 
567.5786127141121 P50 recvs B48 from P98 
575.8690729964296 P50 recvs B49 from P76 
575.8690729964296 P50 adds B49 to its tree
575.8690729964296 P50 mines for 795.5138468667301 seconds
577.1389364524974 P50 recvs B49 from P88 
577.4007876396681 P50 recvs B49 from P60 
589.7987106940332 P50 recvs B50 from P88 
589.7987106940332 P50 adds B50 to its tree
589.7987106940332 P50 mines for 653.1663627207282 seconds
590.0201470018337 P50 recvs B50 from P55 
590.0374968173044 P50 recvs B50 from P60 
590.7376502131401 P50 recvs B50 from P76 
591.0036723476638 P50 recvs B50 from P40 
591.7776590545479 P50 recvs B50 from P98 
594.251655765918 P50 recvs B51 from P76 
594.251655765918 P50 adds B51 to its tree
594.251655765918 P50 mines for 603.658374908684 seconds
594.2826254954435 P50 recvs B51 from P55 
594.5378044557252 P50 recvs B51 from P60 
595.1578262316679 P50 recvs B52 from P88 
595.1578262316679 P50 adds B52 to its tree
595.2140354832866 P50 recvs B52 from P55 
595.3283327089216 P50 recvs B51 from P88 
595.3401052733582 P50 recvs B51 from P40 
595.3496378945138 P50 recvs B52 from P76 
595.7191895021562 P50 recvs B52 from P40 
595.912055710865 P50 recvs B52 from P60 
596.0821425066245 P50 recvs B51 from P98 
596.9865296809805 P50 recvs B52 from P98 
597.154090335932 P50 recvs B53 from P76 
597.154090335932 P50 adds B53 to its tree
597.154090335932 P50 mines for 329.92612475071917 seconds
597.4247878765749 P50 recvs B53 from P60 
597.7951439808751 P50 recvs B53 from P55 
598.037535578414 P50 recvs B53 from P88 
598.3203075030052 P50 recvs B53 from P40 
598.8372147070831 P50 recvs B53 from P98 
