0 P51 mines for 22.155732610823133 seconds
0.9397713903459792 P51 creates T20
5.446786929532077 P51 recvs B2 from P1 
5.446786929532077 P51 adds B2 to its tree
5.446786929532077 P51 mines for 17.77274332077933 seconds
6.18447647045705 P51 recvs B2 from P38 
6.995935204374868 P51 recvs B2 from P30 
7.438917727730958 P51 recvs B2 from P59 
20.996386702358706 P51 creates T98
23.219530250311408 P51 mines B3
70.31073389019188 P51 recvs B4 from P1 
70.31073389019188 P51 adds B4 to its tree
70.31073389019188 P51 mines for 2355.373935701729 seconds
70.98523265759037 P51 recvs B4 from P16 
71.08535079548456 P51 recvs B4 from P38 
72.02268855088444 P51 recvs B4 from P59 
72.11136879323561 P51 recvs B4 from P30 
76.70393818213923 P51 recvs B5 from P38 
76.70393818213923 P51 adds B5 to its tree
76.70393818213923 P51 mines for 2052.215643727303 seconds
76.92768336765207 P51 recvs B5 from P1 
77.52356789483959 P51 recvs B5 from P16 
78.4046533672175 P51 recvs B5 from P59 
78.66160264556773 P51 recvs B5 from P30 
86.45201940535816 P51 recvs B6 from P1 
86.45201940535816 P51 adds B6 to its tree
86.45201940535816 P51 mines for 724.6459095531752 seconds
87.31361194577711 P51 recvs B6 from P38 
88.26415954211326 P51 recvs B6 from P30 
88.6340649810922 P51 recvs B6 from P59 
101.020538905583 P51 recvs B7 from P1 
101.020538905583 P51 adds B7 to its tree
101.020538905583 P51 mines for 1182.292735018843 seconds
110.51784816486646 P51 recvs B8 from P1 
110.51784816486646 P51 adds B8 to its tree
110.51784816486646 P51 mines for 255.53211239234514 seconds
111.17341611706405 P51 recvs B8 from P66 
111.46864544718683 P51 recvs B8 from P38 
112.14795551180495 P51 recvs B8 from P30 
112.32508861733845 P51 recvs B8 from P59 
120.91829617767038 P51 recvs B9 from P16 
120.91829617767038 P51 adds B9 to its tree
120.91829617767038 P51 mines for 8.077462064295805 seconds
128.9957582419662 P51 mines B10
141.8358900429488 P51 recvs B11 from P1 
141.8358900429488 P51 adds B11 to its tree
141.8358900429488 P51 mines for 138.3858844979538 seconds
142.5008842747629 P51 recvs B11 from P59 
142.63656545651926 P51 recvs B11 from P16 
142.65023420783714 P51 recvs B11 from P66 
142.70092230852273 P51 recvs B11 from P38 
155.80794833433802 P51 recvs B12 from P1 
155.80794833433802 P51 adds B12 to its tree
155.80794833433802 P51 mines for 866.5115715872847 seconds
156.4014360940523 P51 recvs B12 from P38 
156.40367411077344 P51 recvs B12 from P16 
157.28267392257482 P51 recvs B12 from P66 
157.28992025659423 P51 recvs B12 from P59 
157.43947879268646 P51 recvs B12 from P30 
169.83516043503002 P51 recvs B13 from P1 
169.83516043503002 P51 adds B13 to its tree
169.83516043503002 P51 mines for 893.0246274801613 seconds
170.2031706494542 P51 recvs B13 from P16 
170.92220044791574 P51 recvs B13 from P59 
171.20361524242992 P51 recvs B13 from P38 
184.99801335227784 P51 recvs B14 from P1 
184.99801335227784 P51 adds B14 to its tree
184.99801335227784 P51 mines for 439.15422966851884 seconds
186.93014844942394 P51 recvs B14 from P30 
187.1233107330162 P51 recvs B14 from P59 
201.65987888147407 P51 recvs B15 from P1 
201.65987888147407 P51 adds B15 to its tree
201.65987888147407 P51 mines for 9.927613711105048 seconds
201.97477346682265 P51 recvs B15 from P16 
202.1105925792937 P51 recvs B15 from P38 
203.85999173372528 P51 recvs B15 from P59 
211.5874925925791 P51 mines B16
213.2650720187219 P51 recvs B17 from P1 
213.2650720187219 P51 adds B17 to its tree
215.13089099138364 P51 recvs B17 from P30 
215.16978563210577 P51 recvs B17 from P59 
219.92892005760567 P51 recvs B18 from P1 
219.92892005760567 P51 adds B18 to its tree
219.92892005760567 P51 mines for 312.9442361487539 seconds
220.96560374756518 P51 recvs B18 from P38 
221.49637617380856 P51 recvs B18 from P30 
221.54794000737314 P51 recvs B18 from P59 
222.05474263031317 P51 recvs B19 from P1 
222.05474263031317 P51 adds B19 to its tree
222.1386425635561 P51 recvs B19 from P38 
222.27452706228664 P51 recvs B19 from P16 
223.45781028640386 P51 recvs B19 from P30 
223.68210808150283 P51 recvs B19 from P59 
229.84366515967005 P51 recvs B20 from P1 
229.84366515967005 P51 adds B20 to its tree
229.84366515967005 P51 mines for 86.1906724100722 seconds
230.74619031496786 P51 recvs B20 from P38 
231.60152740745679 P51 recvs B20 from P30 
231.99464416862241 P51 recvs B20 from P59 
252.4204098406386 P51 recvs B21 from P1 
252.4204098406386 P51 adds B21 to its tree
252.4204098406386 P51 mines for 472.0901436244564 seconds
252.78197428244147 P51 recvs B21 from P16 
253.48729266245869 P51 recvs B21 from P59 
253.66946446631567 P51 recvs B21 from P38 
254.3600647929773 P51 recvs B21 from P30 
258.7132202679384 P51 recvs B22 from P1 
258.7132202679384 P51 adds B22 to its tree
258.7132202679384 P51 mines for 1866.9883367078517 seconds
259.56782098543476 P51 recvs B22 from P38 
260.2948145524812 P51 recvs B22 from P59 
260.376585521448 P51 recvs B22 from P30 
287.04881619581965 P51 recvs B23 from P1 
287.04881619581965 P51 adds B23 to its tree
287.04881619581965 P51 mines for 176.83414092996642 seconds
287.7051491207625 P51 recvs B23 from P38 
287.76086787901187 P51 recvs B23 from P16 
288.6696530763092 P51 recvs B23 from P66 
288.69015338230076 P51 recvs B23 from P59 
288.7984319817809 P51 recvs B23 from P30 
295.9663649005341 P51 recvs B24 from P1 
295.9663649005341 P51 adds B24 to its tree
295.9663649005341 P51 mines for 50.83325013840953 seconds
297.0313884396748 P51 recvs B24 from P38 
297.5224238974976 P51 recvs B24 from P66 
297.7719158716571 P51 recvs B24 from P59 
306.18610137531783 P51 recvs B25 from P16 
306.18610137531783 P51 adds B25 to its tree
306.18610137531783 P51 mines for 224.74051094433358 seconds
306.46673821113336 P51 recvs B25 from P1 
306.48289778856184 P51 recvs B25 from P38 
306.69607810626036 P51 recvs B26 from P1 
306.69607810626036 P51 adds B26 to its tree
308.08275383030264 P51 recvs B25 from P30 
308.1716409072336 P51 recvs B25 from P59 
309.4064509226488 P51 recvs B26 from P59 
339.66539999160375 P51 recvs B27 from P1 
339.66539999160375 P51 adds B27 to its tree
339.66539999160375 P51 mines for 147.25520533162685 seconds
340.9030091584791 P51 recvs B27 from P59 
340.9596432363365 P51 recvs B27 from P38 
341.27050380203747 P51 recvs B27 from P30 
368.8712075076359 P51 recvs B28 from P1 
368.8712075076359 P51 adds B28 to its tree
368.8712075076359 P51 mines for 24.143850037598693 seconds
370.50593908529333 P51 recvs B28 from P59 
379.61167008983176 P51 recvs B29 from P1 
379.61167008983176 P51 adds B29 to its tree
379.61167008983176 P51 mines for 738.5686969306823 seconds
380.34087638833984 P51 recvs B29 from P38 
381.19890922590383 P51 recvs B29 from P30 
381.54815480988145 P51 recvs B29 from P59 
387.2007209887565 P51 recvs B30 from P1 
387.2007209887565 P51 adds B30 to its tree
387.2007209887565 P51 mines for 1062.9808399666722 seconds
387.5053431482379 P51 recvs B30 from P30 
387.9383214478532 P51 recvs B30 from P38 
387.99261885356407 P51 recvs B30 from P66 
389.2743255950368 P51 recvs B30 from P59 
395.3376102229398 P51 recvs B31 from P1 
395.3376102229398 P51 adds B31 to its tree
395.3376102229398 P51 mines for 679.626118270969 seconds
395.97644486122584 P51 recvs B31 from P59 
396.7280374547042 P51 recvs B31 from P38 
397.022494998296 P51 recvs B31 from P30 
402.2640940184373 P51 recvs B33 from P1 
402.2640940184373 P51 adds B33 to its tree
402.2640940184373 P51 mines for 109.8297887372501 seconds
402.36105276107 P51 recvs B32 from P38 
402.36105276107 P51 adds B32 to its tree
402.6391199712188 P51 recvs B32 from P1 
403.1283931118464 P51 recvs B32 from P16 
403.3138047528936 P51 recvs B33 from P38 
403.9067253135372 P51 recvs B33 from P59 
403.9493160762625 P51 recvs B33 from P30 
404.0897126312278 P51 recvs B32 from P59 
404.2067242709603 P51 recvs B32 from P30 
406.1121400086452 P51 recvs B34 from P1 
406.1121400086452 P51 adds B34 to its tree
406.1121400086452 P51 mines for 264.6354441409016 seconds
406.7912353725579 P51 recvs B34 from P38 
407.7383164378871 P51 recvs B34 from P30 
408.09745257668675 P51 recvs B34 from P59 
435.7261576016012 P51 recvs B35 from P1 
435.7261576016012 P51 adds B35 to its tree
435.7261576016012 P51 mines for 505.2149547034908 seconds
435.96699263535396 P51 recvs B35 from P16 
436.1308533018239 P51 recvs B35 from P38 
437.7958346626405 P51 recvs B35 from P59 
438.405635973676 P51 recvs B36 from P1 
438.405635973676 P51 adds B36 to its tree
438.405635973676 P51 mines for 56.02090442524696 seconds
439.00909392451064 P51 recvs B36 from P66 
439.69445271166376 P51 recvs B36 from P59 
446.4785214242034 P51 recvs B37 from P1 
446.4785214242034 P51 adds B37 to its tree
446.4785214242034 P51 mines for 456.85624473135306 seconds
446.53751528355565 P51 recvs B38 from P1 
446.53751528355565 P51 adds B38 to its tree
447.0218131797227 P51 recvs B37 from P66 
447.1853521832719 P51 recvs B37 from P38 
447.3639921821272 P51 recvs B38 from P16 
447.8799981924159 P51 recvs B38 from P38 
447.9912274136634 P51 recvs B37 from P30 
448.25340222509385 P51 recvs B38 from P30 
448.27426970246887 P51 recvs B38 from P59 
448.3966531432857 P51 recvs B37 from P59 
456.0155279503804 P51 recvs B39 from P1 
456.0155279503804 P51 adds B39 to its tree
456.0155279503804 P51 mines for 69.84353632533106 seconds
456.3320271282645 P51 recvs B39 from P66 
456.5507460183703 P51 recvs B39 from P59 
457.2311579169802 P51 recvs B39 from P38 
457.673300109257 P51 recvs B39 from P30 
475.9737648839924 P51 recvs B40 from P1 
475.9737648839924 P51 adds B40 to its tree
475.9737648839924 P51 mines for 184.27480878527953 seconds
477.2783011576664 P51 recvs B40 from P38 
477.6101565421922 P51 recvs B40 from P30 
477.7427849678196 P51 recvs B40 from P59 
483.001244833323 P51 recvs B41 from P1 
483.001244833323 P51 adds B41 to its tree
483.001244833323 P51 mines for 1289.884629081421 seconds
484.87414259261055 P51 recvs B41 from P30 
485.18223626034677 P51 recvs B41 from P59 
493.39938775883917 P51 recvs B42 from P1 
493.39938775883917 P51 adds B42 to its tree
493.39938775883917 P51 mines for 1067.3363268775008 seconds
494.0866583620538 P51 recvs B42 from P38 
494.8524732422584 P51 recvs B42 from P30 
495.30885048221364 P51 recvs B42 from P59 
501.646027951146 P51 recvs B44 from P1 
501.646027951146 P51 adds B44 to its tree
501.646027951146 P51 mines for 377.49276031416537 seconds
501.764433000314 P51 recvs B43 from P1 
501.764433000314 P51 adds B43 to its tree
502.87801004165897 P51 recvs B43 from P38 
504.2115192141988 P51 recvs B44 from P59 
504.61098055053816 P51 recvs B43 from P59 
525.76302387519 P51 recvs B45 from P1 
525.76302387519 P51 adds B45 to its tree
525.76302387519 P51 mines for 1064.5916976977887 seconds
526.4539310635022 P51 recvs B45 from P38 
527.4133857578707 P51 recvs B45 from P30 
527.7751201546943 P51 recvs B45 from P59 
546.8664312535255 P51 recvs B46 from P16 
546.8664312535255 P51 adds B46 to its tree
546.8664312535255 P51 mines for 450.77389021643353 seconds
561.6583110178656 P51 recvs B47 from P1 
561.6583110178656 P51 adds B47 to its tree
561.6583110178656 P51 mines for 21.121663714191005 seconds
562.5560219312472 P51 recvs B47 from P38 
563.4481140582242 P51 recvs B47 from P30 
563.8894366501878 P51 recvs B47 from P59 
564.3943262199676 P51 recvs B48 from P1 
564.3943262199676 P51 adds B48 to its tree
564.3943262199676 P51 mines for 279.00031596237716 seconds
566.878051438205 P51 recvs B48 from P59 
574.9594466641923 P51 recvs B49 from P1 
574.9594466641923 P51 adds B49 to its tree
574.9594466641923 P51 mines for 677.3734229153524 seconds
577.5152075385371 P51 recvs B49 from P59 
588.9677045806759 P51 recvs B50 from P38 
588.9677045806759 P51 adds B50 to its tree
588.9677045806759 P51 mines for 80.86882539012606 seconds
589.1790172875018 P51 recvs B50 from P1 
589.6819996893391 P51 recvs B50 from P16 
590.6289589511549 P51 recvs B50 from P59 
590.711751686601 P51 recvs B50 from P30 
593.4661102945553 P51 recvs B51 from P1 
593.4661102945553 P51 adds B51 to its tree
593.4661102945553 P51 mines for 365.8339531533968 seconds
594.1533668440456 P51 recvs B52 from P1 
594.1533668440456 P51 adds B52 to its tree
594.4800255355074 P51 recvs B51 from P38 
594.7466814622101 P51 recvs B52 from P38 
595.3339605324281 P51 recvs B51 from P59 
595.6255800448632 P51 recvs B52 from P30 
596.1232658239743 P51 recvs B52 from P59 
596.2896469680463 P51 recvs B53 from P1 
596.2896469680463 P51 adds B53 to its tree
596.2896469680463 P51 mines for 310.6672915564093 seconds
596.6935137631478 P51 recvs B53 from P66 
596.9091211798883 P51 recvs B53 from P59 
598.0233563261083 P51 recvs B53 from P30 
