0 P52 mines for 98.00945530823023 seconds
5.907283830535924 P52 recvs B2 from P14 
5.907283830535924 P52 adds B2 to its tree
5.907283830535924 P52 mines for 378.95362285425205 seconds
6.136791575302125 P52 recvs B2 from P13 
6.241670022605552 P52 recvs B2 from P29 
6.253493278539111 P52 recvs B2 from P3 
6.603901194559955 P52 recvs B2 from P19 
7.082086218150003 P52 recvs B2 from P5 
18.458608960170558 P52 creates T94
24.625397467150037 P52 recvs B3 from P3 
24.625397467150037 P52 adds B3 to its tree
24.625397467150037 P52 mines for 3104.418029030343 seconds
24.957774400628693 P52 recvs B3 from P19 
25.064954397847316 P52 recvs B3 from P13 
25.10681408514421 P52 recvs B3 from P29 
25.631385548700134 P52 recvs B3 from P14 
25.663680754945702 P52 recvs B3 from P5 
69.51980858694775 P52 recvs B4 from P3 
69.51980858694775 P52 adds B4 to its tree
69.51980858694775 P52 mines for 1083.5099581277668 seconds
69.79585924390454 P52 recvs B4 from P19 
71.26462594102007 P52 recvs B4 from P14 
71.76623889700336 P52 recvs B4 from P29 
77.12993478758324 P52 recvs B5 from P13 
77.12993478758324 P52 adds B5 to its tree
77.12993478758324 P52 mines for 329.74829390586524 seconds
77.31732256190381 P52 recvs B5 from P5 
77.52372610345002 P52 recvs B5 from P29 
77.562079583595 P52 recvs B5 from P3 
77.64540028575014 P52 recvs B5 from P19 
77.64671548092555 P52 recvs B5 from P14 
86.25354335424377 P52 recvs B6 from P3 
86.25354335424377 P52 adds B6 to its tree
86.25354335424377 P52 mines for 1269.3603534815786 seconds
86.54783042895362 P52 recvs B6 from P19 
87.13954566090527 P52 recvs B6 from P14 
87.35649627590607 P52 recvs B6 from P29 
102.27328550280019 P52 recvs B7 from P3 
102.27328550280019 P52 adds B7 to its tree
102.27328550280019 P52 mines for 5655.034637729312 seconds
102.74442143616203 P52 recvs B7 from P13 
102.77200848533413 P52 recvs B7 from P29 
102.93315312011764 P52 recvs B7 from P19 
103.23470780175498 P52 recvs B7 from P14 
103.34402806272278 P52 recvs B7 from P5 
110.23707638415567 P52 recvs B8 from P13 
110.23707638415567 P52 adds B8 to its tree
110.23707638415567 P52 mines for 3379.7001752329343 seconds
110.24967200182051 P52 recvs B8 from P5 
110.76500284665272 P52 recvs B8 from P14 
111.05855646141724 P52 recvs B8 from P3 
111.2742048589056 P52 recvs B8 from P29 
111.65197867485439 P52 recvs B8 from P19 
121.71175502484468 P52 recvs B9 from P3 
121.71175502484468 P52 adds B9 to its tree
121.71175502484468 P52 mines for 9565.040060066684 seconds
122.04616194553512 P52 recvs B9 from P19 
122.81917928141698 P52 recvs B9 from P5 
122.89863184456452 P52 recvs B9 from P13 
122.91577742431619 P52 recvs B9 from P29 
122.96968350831034 P52 recvs B9 from P14 
130.53659163399925 P52 recvs B10 from P3 
130.53659163399925 P52 adds B10 to its tree
130.53659163399925 P52 mines for 4743.3169104469525 seconds
130.809723485235 P52 recvs B10 from P19 
130.87243449158086 P52 recvs B10 from P13 
130.8999697140494 P52 recvs B10 from P29 
131.37984146020156 P52 recvs B10 from P14 
131.90014098772758 P52 recvs B10 from P5 
141.695379830056 P52 recvs B11 from P13 
141.695379830056 P52 adds B11 to its tree
141.695379830056 P52 mines for 114.10353581872913 seconds
141.7683918344483 P52 recvs B11 from P5 
141.78788817355317 P52 recvs B11 from P14 
142.16255782483165 P52 recvs B11 from P3 
142.46984899690668 P52 recvs B11 from P19 
142.76079495674577 P52 recvs B11 from P29 
154.95335278664302 P52 recvs B12 from P3 
154.95335278664302 P52 adds B12 to its tree
154.95335278664302 P52 mines for 5857.122988390162 seconds
155.21460066517267 P52 recvs B12 from P19 
156.65281408948294 P52 recvs B12 from P14 
157.33850556185826 P52 recvs B12 from P29 
169.6223659383046 P52 recvs B13 from P3 
169.6223659383046 P52 adds B13 to its tree
169.6223659383046 P52 mines for 5605.647356064352 seconds
169.71182112077574 P52 recvs B13 from P5 
169.88117694165638 P52 recvs B13 from P19 
170.48707017134382 P52 recvs B13 from P13 
170.70067450765475 P52 recvs B13 from P14 
171.30766272123532 P52 recvs B13 from P29 
185.73457937714338 P52 recvs B14 from P14 
185.73457937714338 P52 adds B14 to its tree
185.73457937714338 P52 mines for 1967.0851048553634 seconds
185.7928783082435 P52 recvs B14 from P3 
185.9121886730212 P52 recvs B14 from P13 
186.0840535150578 P52 recvs B14 from P19 
186.09142560872405 P52 recvs B14 from P29 
186.2174923286294 P52 recvs B14 from P5 
202.1582215315678 P52 recvs B15 from P29 
202.1582215315678 P52 adds B15 to its tree
202.1582215315678 P52 mines for 8939.369750228234 seconds
202.48360805842583 P52 recvs B15 from P3 
202.5543235573277 P52 recvs B15 from P19 
202.741730139078 P52 recvs B15 from P13 
202.8715392300156 P52 recvs B15 from P14 
203.39207510669505 P52 recvs B15 from P5 
212.96764869731155 P52 recvs B16 from P3 
212.96764869731155 P52 adds B16 to its tree
212.96764869731155 P52 mines for 14835.434206013264 seconds
213.26650194135522 P52 recvs B16 from P19 
213.40314042997875 P52 recvs B16 from P13 
213.44549596928135 P52 recvs B16 from P29 
213.8236011259296 P52 recvs B16 from P14 
213.90285019447074 P52 recvs B17 from P13 
213.90285019447074 P52 adds B17 to its tree
214.00540956918496 P52 recvs B17 from P14 
214.08216658185736 P52 recvs B16 from P5 
214.39992412682676 P52 recvs B17 from P5 
214.4702525936189 P52 recvs B17 from P3 
214.49671509079738 P52 recvs B17 from P29 
214.95064850913394 P52 recvs B17 from P19 
220.41415235874922 P52 recvs B18 from P19 
220.41415235874922 P52 adds B18 to its tree
220.41415235874922 P52 mines for 9600.172429078439 seconds
220.51977204229573 P52 recvs B18 from P3 
220.6655476974147 P52 recvs B18 from P14 
221.2123385297989 P52 recvs B18 from P29 
221.4434267974764 P52 recvs B18 from P13 
221.83156169251373 P52 recvs B18 from P5 
222.06864987473736 P52 recvs B19 from P3 
222.06864987473736 P52 adds B19 to its tree
222.3796903569748 P52 recvs B19 from P14 
222.44943887378298 P52 recvs B19 from P5 
222.48031563007845 P52 recvs B19 from P29 
222.50466601286715 P52 recvs B19 from P19 
222.97326935960658 P52 recvs B19 from P13 
230.33578582889135 P52 recvs B20 from P14 
230.33578582889135 P52 adds B20 to its tree
230.33578582889135 P52 mines for 3800.7254715884997 seconds
230.56273439952756 P52 recvs B20 from P3 
230.7433668520559 P52 recvs B20 from P13 
230.8181846551795 P52 recvs B20 from P29 
230.85000382145066 P52 recvs B20 from P19 
231.2261731084314 P52 recvs B20 from P5 
252.2371096874078 P52 recvs B21 from P5 
252.2371096874078 P52 adds B21 to its tree
252.2371096874078 P52 mines for 3493.490801973194 seconds
252.2492357814309 P52 recvs B21 from P3 
252.56737100655033 P52 recvs B21 from P19 
253.11672627212533 P52 recvs B21 from P13 
253.34971930298292 P52 recvs B21 from P14 
253.9891230148326 P52 recvs B21 from P29 
259.10190710617405 P52 recvs B22 from P19 
259.10190710617405 P52 adds B22 to its tree
259.10190710617405 P52 mines for 1491.567460075004 seconds
259.2860685563495 P52 recvs B22 from P3 
259.402034984202 P52 recvs B22 from P14 
259.9334524990286 P52 recvs B22 from P29 
260.23225281063054 P52 recvs B22 from P13 
260.56627080387767 P52 recvs B22 from P5 
286.31081171320903 P52 recvs B23 from P3 
286.31081171320903 P52 adds B23 to its tree
286.31081171320903 P52 mines for 3069.3754712663376 seconds
286.60301832654966 P52 recvs B23 from P19 
287.41949347764876 P52 recvs B23 from P5 
287.930505823685 P52 recvs B23 from P14 
288.71726716737373 P52 recvs B23 from P29 
296.2185061936911 P52 recvs B24 from P5 
296.2185061936911 P52 adds B24 to its tree
296.2185061936911 P52 mines for 91.61551884261637 seconds
296.327901226703 P52 recvs B24 from P13 
296.57179987168325 P52 recvs B24 from P3 
296.9699766458293 P52 recvs B24 from P19 
297.2388661488091 P52 recvs B24 from P14 
297.4687412382922 P52 recvs B24 from P29 
306.50672681904854 P52 recvs B25 from P3 
306.50672681904854 P52 adds B25 to its tree
306.50672681904854 P52 mines for 5630.280734028744 seconds
307.01575941300126 P52 recvs B25 from P19 
307.09306943762044 P52 recvs B25 from P14 
307.3726628416165 P52 recvs B25 from P29 
307.9110705641368 P52 recvs B25 from P5 
307.94160414707727 P52 recvs B26 from P3 
307.94160414707727 P52 adds B26 to its tree
308.2606728498922 P52 recvs B26 from P19 
308.49451801672313 P52 recvs B26 from P13 
308.5312696794868 P52 recvs B26 from P29 
308.9687544389063 P52 recvs B26 from P14 
309.1238445313796 P52 recvs B26 from P5 
340.18451646567655 P52 recvs B27 from P14 
340.18451646567655 P52 adds B27 to its tree
340.18451646567655 P52 mines for 3985.2742548209017 seconds
340.94583562687046 P52 recvs B27 from P19 
341.02740712835185 P52 recvs B27 from P3 
341.1598181370881 P52 recvs B27 from P29 
341.2534306139192 P52 recvs B27 from P13 
341.56800514509126 P52 recvs B27 from P5 
369.9363527450619 P52 recvs B28 from P13 
369.9363527450619 P52 adds B28 to its tree
369.9363527450619 P52 mines for 2918.1853965481614 seconds
370.17756879591144 P52 recvs B28 from P3 
370.2966320569742 P52 recvs B28 from P29 
370.5137261532468 P52 recvs B28 from P19 
370.778355237271 P52 recvs B28 from P14 
370.9860307653263 P52 recvs B28 from P5 
380.0772481433644 P52 recvs B29 from P14 
380.0772481433644 P52 adds B29 to its tree
380.0772481433644 P52 mines for 19846.1313463237 seconds
380.2730793086638 P52 recvs B29 from P13 
380.3970619333692 P52 recvs B29 from P29 
380.4837958811462 P52 recvs B29 from P3 
381.09462523983075 P52 recvs B29 from P19 
381.36870658362835 P52 recvs B29 from P5 
387.00639742027005 P52 recvs B30 from P13 
387.00639742027005 P52 adds B30 to its tree
387.00639742027005 P52 mines for 1882.1238084542686 seconds
387.51524503141036 P52 recvs B30 from P14 
387.9808265585794 P52 recvs B30 from P29 
388.11249854309085 P52 recvs B30 from P3 
388.3085590308146 P52 recvs B30 from P19 
388.7407019062845 P52 recvs B30 from P5 
396.1053932988658 P52 recvs B31 from P14 
396.1053932988658 P52 adds B31 to its tree
396.1053932988658 P52 mines for 7151.588297034182 seconds
396.30514585186336 P52 recvs B31 from P13 
396.6201297345603 P52 recvs B31 from P19 
396.6369846767811 P52 recvs B31 from P5 
396.7384312092049 P52 recvs B31 from P3 
396.7854957903314 P52 recvs B31 from P29 
402.81908246633117 P52 recvs B33 from P19 
402.81908246633117 P52 adds B33 to its tree
402.81908246633117 P52 mines for 1464.611843864052 seconds
402.84493940113225 P52 recvs B32 from P13 
402.84493940113225 P52 adds B32 to its tree
402.9004811886489 P52 recvs B33 from P3 
403.02886403511013 P52 recvs B32 from P5 
403.0410136687434 P52 recvs B33 from P14 
403.2650379695251 P52 recvs B32 from P14 
403.2756787553912 P52 recvs B32 from P29 
403.3058830369336 P52 recvs B32 from P3 
403.35442212555773 P52 recvs B32 from P19 
403.58937406724226 P52 recvs B33 from P29 
403.7400857317157 P52 recvs B33 from P13 
404.328987310465 P52 recvs B33 from P5 
406.6060569255497 P52 recvs B34 from P14 
406.6060569255497 P52 adds B34 to its tree
406.6060569255497 P52 mines for 3817.234893551908 seconds
406.76339525951346 P52 recvs B34 from P13 
406.89063573261376 P52 recvs B34 from P29 
406.936345784894 P52 recvs B34 from P3 
407.2562954897915 P52 recvs B34 from P19 
407.774150240467 P52 recvs B34 from P5 
436.16966527884966 P52 recvs B35 from P29 
436.16966527884966 P52 adds B35 to its tree
436.16966527884966 P52 mines for 379.90406994274207 seconds
436.426142361185 P52 recvs B35 from P3 
436.6017131025696 P52 recvs B35 from P19 
436.77362671956774 P52 recvs B35 from P13 
436.8668789299685 P52 recvs B35 from P14 
437.44817282433735 P52 recvs B35 from P5 
439.45283936212894 P52 recvs B36 from P3 
439.45283936212894 P52 adds B36 to its tree
439.45283936212894 P52 mines for 4610.963261261249 seconds
439.62038985482405 P52 recvs B36 from P13 
439.81222659147465 P52 recvs B36 from P14 
439.93665660309995 P52 recvs B36 from P19 
440.18462046632857 P52 recvs B36 from P29 
440.4648501106088 P52 recvs B36 from P5 
446.11677337780424 P52 recvs B37 from P13 
446.11677337780424 P52 adds B37 to its tree
446.11677337780424 P52 mines for 79.13830612500577 seconds
446.55529074713365 P52 recvs B38 from P19 
446.55529074713365 P52 adds B38 to its tree
446.66666648082577 P52 recvs B38 from P3 
446.73561144433336 P52 recvs B37 from P14 
447.14561840797677 P52 recvs B38 from P14 
447.2283322895927 P52 recvs B37 from P3 
447.23067805172695 P52 recvs B37 from P29 
447.38830579462746 P52 recvs B38 from P13 
447.48691680852113 P52 recvs B38 from P5 
447.5408768040177 P52 recvs B37 from P19 
447.77518064835334 P52 recvs B38 from P29 
448.09745348168406 P52 recvs B37 from P5 
456.28611777485423 P52 recvs B39 from P3 
456.28611777485423 P52 adds B39 to its tree
456.28611777485423 P52 mines for 2937.591832057159 seconds
456.4333620451787 P52 recvs B39 from P13 
456.7112173041658 P52 recvs B39 from P14 
457.2042191299368 P52 recvs B39 from P19 
457.298472564176 P52 recvs B39 from P5 
457.40744654410764 P52 recvs B39 from P29 
476.7132146688995 P52 recvs B40 from P14 
476.7132146688995 P52 adds B40 to its tree
476.7132146688995 P52 mines for 8217.497812570107 seconds
477.26338043717726 P52 recvs B40 from P19 
477.350763611727 P52 recvs B40 from P3 
477.3977471433936 P52 recvs B40 from P13 
477.44052265307437 P52 recvs B40 from P29 
477.82697919676724 P52 recvs B40 from P5 
482.8457632238901 P52 recvs B41 from P3 
482.8457632238901 P52 adds B41 to its tree
482.8457632238901 P52 mines for 15621.40336864609 seconds
483.1004411146914 P52 recvs B41 from P19 
483.7957647670087 P52 recvs B41 from P14 
484.27273425478415 P52 recvs B41 from P29 
492.747752447859 P52 recvs B42 from P14 
492.747752447859 P52 adds B42 to its tree
492.747752447859 P52 mines for 1113.6971934038847 seconds
493.84532750834916 P52 recvs B42 from P13 
494.1528236007038 P52 recvs B42 from P29 
494.32115022036754 P52 recvs B42 from P19 
502.84538813519094 P52 recvs B43 from P14 
502.84538813519094 P52 adds B43 to its tree
502.84538813519094 P52 mines for 4609.7900750769595 seconds
502.8466339819856 P52 recvs B43 from P13 
502.8926819388861 P52 recvs B44 from P3 
502.8926819388861 P52 adds B44 to its tree
503.07158023048856 P52 recvs B43 from P3 
503.15903849617706 P52 recvs B44 from P19 
503.299167003776 P52 recvs B43 from P19 
503.36941520212656 P52 recvs B44 from P13 
503.37651881049027 P52 recvs B44 from P29 
503.5002206950318 P52 recvs B43 from P29 
503.5080521483162 P52 recvs B43 from P5 
503.8229379544539 P52 recvs B44 from P14 
503.99817425459986 P52 recvs B44 from P5 
526.3004211987322 P52 recvs B45 from P14 
526.3004211987322 P52 adds B45 to its tree
526.3004211987322 P52 mines for 3175.2036841993054 seconds
526.4264445207284 P52 recvs B45 from P13 
526.4837918456311 P52 recvs B45 from P29 
526.6346810274438 P52 recvs B45 from P3 
527.0256953201091 P52 recvs B45 from P19 
527.4995557050436 P52 recvs B45 from P5 
547.6748450287542 P52 recvs B46 from P3 
547.6748450287542 P52 adds B46 to its tree
547.6748450287542 P52 mines for 1675.8944135508034 seconds
547.922235537646 P52 recvs B46 from P19 
548.6897299191211 P52 recvs B46 from P5 
548.803014929516 P52 recvs B46 from P13 
548.8609698629259 P52 recvs B46 from P29 
549.0348131329628 P52 recvs B46 from P14 
562.1313315336081 P52 recvs B47 from P14 
562.1313315336081 P52 adds B47 to its tree
562.1313315336081 P52 mines for 3921.089432350106 seconds
562.3490159558613 P52 recvs B47 from P3 
562.5649537847574 P52 recvs B47 from P13 
562.6166142735655 P52 recvs B47 from P19 
562.631303236084 P52 recvs B47 from P29 
562.869978242167 P52 recvs B47 from P5 
565.6631571206526 P52 recvs B48 from P3 
565.6631571206526 P52 adds B48 to its tree
565.6631571206526 P52 mines for 753.6818843801583 seconds
565.8621779651457 P52 recvs B48 from P13 
565.8784518025576 P52 recvs B48 from P29 
565.9946109315234 P52 recvs B48 from P19 
566.342715067206 P52 recvs B48 from P14 
566.933488187146 P52 recvs B48 from P5 
576.2217107468301 P52 recvs B49 from P3 
576.2217107468301 P52 adds B49 to its tree
576.2217107468301 P52 mines for 6189.492967205349 seconds
576.5120865431526 P52 recvs B49 from P19 
576.7213512152879 P52 recvs B49 from P29 
576.7599832040313 P52 recvs B49 from P13 
577.1812243706988 P52 recvs B49 from P14 
577.2939968809509 P52 recvs B49 from P5 
589.4706176153363 P52 recvs B50 from P13 
589.4706176153363 P52 adds B50 to its tree
589.4706176153363 P52 mines for 1091.2133631826134 seconds
589.6813001378938 P52 recvs B50 from P5 
589.795838599175 P52 recvs B50 from P29 
589.9049835253886 P52 recvs B50 from P3 
589.9262118694339 P52 recvs B50 from P19 
589.933432226779 P52 recvs B50 from P14 
593.830350815213 P52 recvs B51 from P5 
593.830350815213 P52 adds B51 to its tree
593.830350815213 P52 mines for 1120.930657793992 seconds
593.9821553793906 P52 recvs B51 from P13 
594.2235050759842 P52 recvs B51 from P3 
594.3771267522618 P52 recvs B51 from P19 
594.616821723829 P52 recvs B52 from P14 
594.616821723829 P52 adds B52 to its tree
594.7931599939981 P52 recvs B51 from P14 
594.8136803915904 P52 recvs B52 from P29 
594.8937763521114 P52 recvs B52 from P13 
594.9139847143539 P52 recvs B52 from P3 
594.9590916888611 P52 recvs B51 from P29 
595.2348885360186 P52 recvs B52 from P19 
595.9050829949922 P52 recvs B52 from P5 
596.6938609029022 P52 recvs B53 from P3 
596.6938609029022 P52 adds B53 to its tree
596.6938609029022 P52 mines for 1218.941504056957 seconds
596.8639883487908 P52 recvs B53 from P13 
597.0804103927813 P52 recvs B53 from P14 
597.529006890441 P52 recvs B53 from P19 
597.7018417336012 P52 recvs B53 from P5 
597.7618323369975 P52 recvs B53 from P29 
