0 P53 mines for 2776.215737633344 seconds
5.77476455261001 P53 recvs B2 from P13 
5.77476455261001 P53 adds B2 to its tree
5.77476455261001 P53 mines for 6016.909402097621 seconds
6.480206927016281 P53 recvs B2 from P43 
6.719142524877448 P53 recvs B2 from P67 
6.924873110025576 P53 recvs B2 from P62 
6.998708827436213 P53 recvs B2 from P74 
7.810942610240223 P53 creates T68
24.264005395922855 P53 recvs B3 from P13 
24.264005395922855 P53 adds B3 to its tree
24.264005395922855 P53 mines for 5361.245172159684 seconds
25.37097219782373 P53 recvs B3 from P74 
25.495335148213805 P53 recvs B3 from P67 
25.792488649549536 P53 recvs B3 from P43 
26.25355998376838 P53 recvs B3 from P62 
70.09904133076279 P53 recvs B4 from P13 
70.09904133076279 P53 adds B4 to its tree
70.09904133076279 P53 mines for 4293.661024104365 seconds
70.27450659393797 P53 recvs B4 from P74 
70.71577454920536 P53 recvs B4 from P67 
71.16799990293588 P53 recvs B4 from P62 
71.24444189737062 P53 recvs B4 from P43 
76.22966664884281 P53 recvs B5 from P67 
76.22966664884281 P53 adds B5 to its tree
76.22966664884281 P53 mines for 692.2294098878291 seconds
77.69582942723144 P53 recvs B5 from P43 
86.88951540370896 P53 recvs B6 from P13 
86.88951540370896 P53 adds B6 to its tree
86.88951540370896 P53 mines for 3859.9250013644487 seconds
87.0613631798553 P53 recvs B6 from P74 
87.39052888393168 P53 recvs B6 from P67 
87.72522931263609 P53 recvs B6 from P43 
88.0454269049486 P53 recvs B6 from P62 
101.94917014728999 P53 recvs B7 from P13 
101.94917014728999 P53 adds B7 to its tree
101.94917014728999 P53 mines for 7331.662227358433 seconds
102.98280047683835 P53 recvs B7 from P74 
103.04010120448284 P53 recvs B7 from P67 
103.50071272637656 P53 recvs B7 from P43 
103.87001270394214 P53 recvs B7 from P62 
109.90665539258032 P53 recvs B8 from P13 
109.90665539258032 P53 adds B8 to its tree
109.90665539258032 P53 mines for 10559.886030692718 seconds
110.14816142357414 P53 recvs B8 from P67 
111.5702590085236 P53 recvs B8 from P43 
111.74110753087194 P53 recvs B8 from P62 
122.04334931434107 P53 recvs B9 from P13 
122.04334931434107 P53 adds B9 to its tree
122.04334931434107 P53 mines for 14809.947523270934 seconds
122.15243460526722 P53 recvs B9 from P43 
122.54504410120781 P53 recvs B9 from P74 
122.72921035192978 P53 recvs B9 from P67 
123.42404885936568 P53 recvs B9 from P62 
130.02662782219517 P53 recvs B10 from P13 
130.02662782219517 P53 adds B10 to its tree
130.02662782219517 P53 mines for 4368.7410551781095 seconds
131.14880155888528 P53 recvs B10 from P67 
131.26314122904134 P53 recvs B10 from P74 
131.68221857672148 P53 recvs B10 from P43 
132.07460498858907 P53 recvs B10 from P62 
140.82024859504216 P53 recvs B11 from P60 
140.82024859504216 P53 adds B11 to its tree
140.82024859504216 P53 mines for 11658.312122862117 seconds
141.36620155248178 P53 recvs B11 from P67 
155.56719008928425 P53 recvs B12 from P13 
155.56719008928425 P53 adds B12 to its tree
155.56719008928425 P53 mines for 3833.1681390743133 seconds
155.74082254497654 P53 recvs B12 from P74 
156.12334063967091 P53 recvs B12 from P67 
156.5296702636691 P53 recvs B12 from P62 
156.70438309858767 P53 recvs B12 from P43 
169.55590477939916 P53 recvs B13 from P67 
169.55590477939916 P53 adds B13 to its tree
169.55590477939916 P53 mines for 4566.402010556919 seconds
170.40786255570973 P53 recvs B13 from P74 
171.1992599236612 P53 recvs B13 from P62 
171.30469375729987 P53 recvs B13 from P43 
185.10642876211284 P53 recvs B14 from P13 
185.10642876211284 P53 adds B14 to its tree
185.10642876211284 P53 mines for 5619.613228027769 seconds
185.62648556811493 P53 recvs B14 from P74 
186.1357529890189 P53 recvs B14 from P67 
186.33924704012347 P53 recvs B14 from P62 
186.4327190836961 P53 recvs B14 from P43 
201.9381456984684 P53 recvs B15 from P13 
201.9381456984684 P53 adds B15 to its tree
201.9381456984684 P53 mines for 3931.7909681301926 seconds
202.09142740835762 P53 recvs B15 from P60 
202.7013027817687 P53 recvs B15 from P67 
203.243258357111 P53 recvs B15 from P74 
203.33015764580597 P53 recvs B15 from P43 
203.51822035716717 P53 recvs B15 from P62 
212.61704948812348 P53 recvs B16 from P13 
212.61704948812348 P53 adds B16 to its tree
212.61704948812348 P53 mines for 872.4427001741142 seconds
213.08746325395333 P53 recvs B17 from P13 
213.08746325395333 P53 adds B17 to its tree
213.72534387748604 P53 recvs B16 from P67 
213.7962372201757 P53 recvs B16 from P74 
214.1509276002263 P53 recvs B17 from P67 
214.1880787976408 P53 recvs B16 from P43 
214.3545875681627 P53 recvs B17 from P62 
214.59773849468294 P53 recvs B16 from P62 
214.71049364216097 P53 recvs B17 from P74 
214.7660245838676 P53 recvs B17 from P43 
220.6624652317196 P53 recvs B18 from P13 
220.6624652317196 P53 adds B18 to its tree
220.6624652317196 P53 mines for 1357.9773521759425 seconds
220.7598932501577 P53 recvs B18 from P43 
220.77283335088325 P53 recvs B18 from P67 
221.24237651637677 P53 recvs B18 from P74 
221.35650947766896 P53 recvs B18 from P62 
222.08070445566386 P53 recvs B19 from P67 
222.08070445566386 P53 adds B19 to its tree
222.32231976951192 P53 recvs B19 from P60 
222.606452739684 P53 recvs B19 from P62 
222.84976218968637 P53 recvs B19 from P74 
222.86563750976936 P53 recvs B19 from P43 
229.89251948903154 P53 recvs B20 from P13 
229.89251948903154 P53 adds B20 to its tree
229.89251948903154 P53 mines for 3353.3214084752276 seconds
230.37762766347592 P53 recvs B20 from P74 
230.96811102770963 P53 recvs B20 from P67 
231.037893571745 P53 recvs B20 from P62 
231.10007221423245 P53 recvs B20 from P43 
252.22046015379343 P53 recvs B21 from P67 
252.22046015379343 P53 adds B21 to its tree
252.22046015379343 P53 mines for 134.36482147303101 seconds
252.98414490523749 P53 recvs B21 from P74 
253.93689042934457 P53 recvs B21 from P62 
253.94182564104534 P53 recvs B21 from P43 
259.4227556233675 P53 recvs B22 from P13 
259.4227556233675 P53 adds B22 to its tree
259.4227556233675 P53 mines for 4583.4147546514605 seconds
259.54409153395017 P53 recvs B22 from P67 
259.55211344742946 P53 recvs B22 from P43 
260.04730790284486 P53 recvs B22 from P62 
260.05072759817875 P53 recvs B22 from P74 
286.9225147094386 P53 recvs B23 from P13 
286.9225147094386 P53 adds B23 to its tree
286.9225147094386 P53 mines for 7726.2483218730285 seconds
287.0937107219336 P53 recvs B23 from P74 
287.37998040092805 P53 recvs B23 from P67 
287.87861234353414 P53 recvs B23 from P62 
287.95240326388614 P53 recvs B23 from P43 
295.46277893488235 P53 recvs B24 from P67 
295.46277893488235 P53 adds B24 to its tree
295.46277893488235 P53 mines for 1881.6730548740313 seconds
297.1882465512848 P53 recvs B24 from P62 
307.15656630885815 P53 recvs B25 from P13 
307.15656630885815 P53 adds B25 to its tree
307.15656630885815 P53 mines for 1961.7841428652873 seconds
307.2661023628833 P53 recvs B25 from P74 
307.2719221988413 P53 recvs B25 from P43 
307.5143381925992 P53 recvs B25 from P67 
307.6638694573827 P53 recvs B26 from P13 
307.6638694573827 P53 adds B26 to its tree
308.2264022718204 P53 recvs B25 from P62 
308.7023382150666 P53 recvs B26 from P74 
308.78487817652956 P53 recvs B26 from P67 
309.28953092995556 P53 recvs B26 from P43 
309.57907718009074 P53 recvs B26 from P62 
340.4282561717213 P53 recvs B27 from P13 
340.4282561717213 P53 adds B27 to its tree
340.4282561717213 P53 mines for 540.2102987059301 seconds
340.5055588189866 P53 recvs B27 from P43 
340.52224603652945 P53 recvs B27 from P67 
341.5025859675531 P53 recvs B27 from P74 
341.8615339409813 P53 recvs B27 from P62 
369.106054155154 P53 recvs B28 from P13 
369.106054155154 P53 adds B28 to its tree
369.106054155154 P53 mines for 4424.021983802627 seconds
370.21617699521295 P53 recvs B28 from P67 
370.7863232475965 P53 recvs B28 from P43 
370.9570435089065 P53 recvs B28 from P74 
379.9362744868589 P53 recvs B29 from P13 
379.9362744868589 P53 adds B29 to its tree
379.9362744868589 P53 mines for 7535.328306654255 seconds
380.64667360706807 P53 recvs B29 from P43 
380.84274681363325 P53 recvs B29 from P67 
380.9956880525046 P53 recvs B29 from P62 
381.24797180640695 P53 recvs B29 from P74 
386.6648836296093 P53 recvs B30 from P13 
386.6648836296093 P53 adds B30 to its tree
386.6648836296093 P53 mines for 4234.118876850237 seconds
388.38087195256054 P53 recvs B30 from P67 
388.41970513853823 P53 recvs B30 from P43 
388.4594999959612 P53 recvs B30 from P62 
395.5161357904707 P53 recvs B31 from P13 
395.5161357904707 P53 adds B31 to its tree
395.5161357904707 P53 mines for 11437.890013368555 seconds
396.25033746264654 P53 recvs B31 from P43 
396.60226462370116 P53 recvs B31 from P67 
397.1688127533485 P53 recvs B31 from P74 
397.55136424150663 P53 recvs B31 from P62 
401.9374751236519 P53 recvs B32 from P67 
401.9374751236519 P53 adds B32 to its tree
401.9374751236519 P53 mines for 2745.4087026574575 seconds
402.90619529854564 P53 recvs B33 from P13 
402.90619529854564 P53 adds B33 to its tree
403.11975972508594 P53 recvs B33 from P43 
403.2409006963449 P53 recvs B33 from P67 
403.3765634037332 P53 recvs B32 from P43 
403.66655362150004 P53 recvs B33 from P74 
403.72471149229955 P53 recvs B33 from P62 
406.418522960731 P53 recvs B34 from P13 
406.418522960731 P53 adds B34 to its tree
406.418522960731 P53 mines for 2247.3582482488637 seconds
407.24543719095976 P53 recvs B34 from P43 
407.4927275635294 P53 recvs B34 from P67 
407.6606408847231 P53 recvs B34 from P62 
407.74544784420345 P53 recvs B34 from P74 
435.958425178353 P53 recvs B35 from P13 
435.958425178353 P53 adds B35 to its tree
435.958425178353 P53 mines for 13300.83905260765 seconds
436.13597840162737 P53 recvs B35 from P60 
436.7185300730992 P53 recvs B35 from P67 
437.2811176404219 P53 recvs B35 from P74 
437.33582448693124 P53 recvs B35 from P43 
437.5685827033763 P53 recvs B35 from P62 
438.82740069166096 P53 recvs B36 from P13 
438.82740069166096 P53 adds B36 to its tree
438.82740069166096 P53 mines for 1770.3679944124567 seconds
439.9090062902466 P53 recvs B36 from P43 
439.9508904113235 P53 recvs B36 from P67 
440.2009923444609 P53 recvs B36 from P74 
445.7758374946895 P53 recvs B37 from P13 
445.7758374946895 P53 adds B37 to its tree
445.7758374946895 P53 mines for 3891.194088387474 seconds
446.4869715569606 P53 recvs B38 from P74 
446.4869715569606 P53 adds B38 to its tree
446.74958840882704 P53 recvs B38 from P67 
447.4185381180319 P53 recvs B38 from P62 
447.51629443177995 P53 recvs B37 from P67 
447.51998466896373 P53 recvs B38 from P43 
447.54633447833925 P53 recvs B37 from P43 
455.64397100896593 P53 recvs B39 from P13 
455.64397100896593 P53 adds B39 to its tree
455.64397100896593 P53 mines for 401.4940844297952 seconds
456.69561712733247 P53 recvs B39 from P67 
456.73063197334125 P53 recvs B39 from P43 
457.1064559601309 P53 recvs B39 from P74 
476.62025156207596 P53 recvs B40 from P13 
476.62025156207596 P53 adds B40 to its tree
476.62025156207596 P53 mines for 258.6039940020675 seconds
476.79129505759204 P53 recvs B40 from P43 
476.87912188936457 P53 recvs B40 from P67 
477.80807416490484 P53 recvs B40 from P74 
478.1346525199435 P53 recvs B40 from P62 
483.4628207157016 P53 recvs B41 from P13 
483.4628207157016 P53 adds B41 to its tree
483.4628207157016 P53 mines for 7929.778747029832 seconds
483.6288324710985 P53 recvs B41 from P74 
484.0175262752508 P53 recvs B41 from P67 
484.42938544660035 P53 recvs B41 from P62 
484.499832104811 P53 recvs B41 from P43 
493.4954386464186 P53 recvs B42 from P13 
493.4954386464186 P53 adds B42 to its tree
493.4954386464186 P53 mines for 671.8301347484916 seconds
494.33954778218066 P53 recvs B42 from P67 
494.40383879715 P53 recvs B42 from P43 
494.4327829769118 P53 recvs B42 from P74 
494.6491541904039 P53 recvs B42 from P62 
502.40067027165236 P53 recvs B43 from P67 
502.40067027165236 P53 adds B43 to its tree
502.40067027165236 P53 mines for 8371.13722174885 seconds
502.51677339088116 P53 recvs B43 from P13 
502.5699428860464 P53 recvs B44 from P13 
502.5699428860464 P53 adds B44 to its tree
503.2596102480943 P53 recvs B43 from P62 
503.6404799685425 P53 recvs B44 from P67 
503.6537576468991 P53 recvs B44 from P74 
503.7453686610252 P53 recvs B43 from P43 
503.8308252294072 P53 recvs B43 from P74 
504.20186903852436 P53 recvs B44 from P43 
504.51013446829523 P53 recvs B44 from P62 
526.0768512648585 P53 recvs B45 from P13 
526.0768512648585 P53 adds B45 to its tree
526.0768512648585 P53 mines for 8822.71915022837 seconds
526.8761854720117 P53 recvs B45 from P43 
527.131716577948 P53 recvs B45 from P67 
527.1990217444509 P53 recvs B45 from P62 
527.4852014985779 P53 recvs B45 from P74 
548.0171291507777 P53 recvs B46 from P43 
548.0171291507777 P53 adds B46 to its tree
548.0171291507777 P53 mines for 3527.436246328108 seconds
548.0217075927277 P53 recvs B46 from P13 
548.4405897873645 P53 recvs B46 from P74 
548.6458248345527 P53 recvs B46 from P67 
549.2802932763152 P53 recvs B46 from P62 
561.7886209733978 P53 recvs B47 from P13 
561.7886209733978 P53 adds B47 to its tree
561.7886209733978 P53 mines for 4034.199290845595 seconds
562.0755471285937 P53 recvs B47 from P74 
562.7964252285866 P53 recvs B47 from P67 
562.8384881836525 P53 recvs B47 from P62 
563.0204420519597 P53 recvs B47 from P43 
565.0280526903906 P53 recvs B48 from P13 
565.0280526903906 P53 adds B48 to its tree
565.0280526903906 P53 mines for 9974.882223944956 seconds
566.1977931450375 P53 recvs B48 from P67 
566.3879307923492 P53 recvs B48 from P74 
566.5689918849966 P53 recvs B48 from P43 
575.9068222526432 P53 recvs B49 from P13 
575.9068222526432 P53 adds B49 to its tree
575.9068222526432 P53 mines for 5434.3718485132185 seconds
576.9474257954053 P53 recvs B49 from P74 
576.9480812400419 P53 recvs B49 from P67 
577.4536584313827 P53 recvs B49 from P43 
577.9790069965509 P53 recvs B49 from P62 
588.550780847308 P53 recvs B50 from P67 
588.550780847308 P53 adds B50 to its tree
588.550780847308 P53 mines for 1107.1838333458688 seconds
589.9848500510883 P53 recvs B50 from P43 
593.0269064757009 P53 recvs B51 from P67 
593.0269064757009 P53 adds B51 to its tree
593.0269064757009 P53 mines for 9169.235152611562 seconds
594.5518849788986 P53 recvs B52 from P13 
594.5518849788986 P53 adds B52 to its tree
594.8113544636293 P53 recvs B51 from P62 
595.1964342587144 P53 recvs B52 from P43 
595.4880712377583 P53 recvs B52 from P67 
595.6361673364079 P53 recvs B52 from P62 
595.7263369734027 P53 recvs B52 from P74 
596.0338840691774 P53 recvs B53 from P13 
596.0338840691774 P53 adds B53 to its tree
596.0338840691774 P53 mines for 1716.240230326144 seconds
597.1547742817856 P53 recvs B53 from P67 
597.2755084228374 P53 recvs B53 from P43 
597.4961965884686 P53 recvs B53 from P74 
