0 P55 mines for 841.170398097783 seconds
6.198412578316363 P55 recvs B2 from P32 
6.198412578316363 P55 adds B2 to its tree
6.198412578316363 P55 mines for 447.7097345731187 seconds
6.561187952877992 P55 recvs B2 from P88 
7.30091055091936 P55 recvs B2 from P50 
25.55913286494374 P55 recvs B3 from P88 
25.55913286494374 P55 adds B3 to its tree
25.55913286494374 P55 mines for 760.3913110119504 seconds
25.892377779100425 P55 recvs B3 from P32 
26.392571965248724 P55 recvs B3 from P50 
70.70052685097416 P55 recvs B4 from P88 
70.70052685097416 P55 adds B4 to its tree
70.70052685097416 P55 mines for 325.7901735598188 seconds
71.4020078254204 P55 recvs B4 from P32 
71.45635734199462 P55 recvs B4 from P50 
77.49089199215716 P55 recvs B5 from P32 
77.49089199215716 P55 adds B5 to its tree
77.49089199215716 P55 mines for 286.93132108813603 seconds
77.58846185268717 P55 recvs B5 from P88 
78.38128054725217 P55 recvs B5 from P50 
87.4038298013147 P55 recvs B6 from P88 
87.4038298013147 P55 adds B6 to its tree
87.4038298013147 P55 mines for 482.71405211976787 seconds
87.43864636522169 P55 recvs B6 from P32 
87.73156379354033 P55 recvs B6 from P50 
103.26511854966041 P55 recvs B7 from P88 
103.26511854966041 P55 adds B7 to its tree
103.26511854966041 P55 mines for 647.5887814914615 seconds
103.46518485580536 P55 recvs B7 from P32 
103.69623419173601 P55 recvs B7 from P50 
110.91699776749368 P55 recvs B8 from P32 
110.91699776749368 P55 adds B8 to its tree
110.91699776749368 P55 mines for 447.490593593173 seconds
111.61078058633952 P55 recvs B8 from P88 
111.67688453541045 P55 recvs B8 from P50 
123.23670808970897 P55 recvs B9 from P88 
123.23670808970897 P55 adds B9 to its tree
123.23670808970897 P55 mines for 874.1138718431465 seconds
123.49432150872859 P55 recvs B9 from P32 
123.64382879112836 P55 recvs B9 from P50 
131.39146600006075 P55 recvs B10 from P88 
131.39146600006075 P55 adds B10 to its tree
131.39146600006075 P55 mines for 950.184229477694 seconds
131.6150615635735 P55 recvs B10 from P32 
132.131334502421 P55 recvs B10 from P50 
141.545097043653 P55 recvs B11 from P50 
141.545097043653 P55 adds B11 to its tree
141.545097043653 P55 mines for 1487.7728053509868 seconds
142.15543203627954 P55 recvs B11 from P32 
142.8414128131314 P55 recvs B11 from P88 
156.18886713595796 P55 recvs B12 from P88 
156.18886713595796 P55 adds B12 to its tree
156.18886713595796 P55 mines for 96.99292173085814 seconds
156.82543666957622 P55 recvs B12 from P32 
156.91408683798213 P55 recvs B12 from P50 
170.38237530968394 P55 recvs B13 from P32 
170.38237530968394 P55 adds B13 to its tree
170.38237530968394 P55 mines for 17.206346644200597 seconds
170.60878163081512 P55 recvs B13 from P88 
171.3802429107626 P55 recvs B13 from P50 
185.51291196668564 P55 recvs B14 from P50 
185.51291196668564 P55 adds B14 to its tree
185.51291196668564 P55 mines for 52.861129989959224 seconds
186.02683022652755 P55 recvs B14 from P32 
186.51267486286173 P55 recvs B14 from P88 
200.8543655633415 P55 recvs B15 from P50 
200.8543655633415 P55 adds B15 to its tree
200.8543655633415 P55 mines for 301.83390875176815 seconds
202.2395407307959 P55 recvs B15 from P88 
213.90618630183442 P55 recvs B16 from P88 
213.90618630183442 P55 adds B16 to its tree
213.90618630183442 P55 mines for 5.814279200480988 seconds
214.13947223139454 P55 recvs B16 from P32 
214.18620757752666 P55 recvs B17 from P32 
214.18620757752666 P55 adds B17 to its tree
214.6760172972136 P55 recvs B16 from P50 
214.76305683648235 P55 recvs B17 from P50 
214.77037744875545 P55 recvs B17 from P88 
219.72046550231542 P55 mines B19
221.13828700114166 P55 recvs B18 from P32 
221.13828700114166 P55 adds B18 to its tree
221.50454021169745 P55 recvs B18 from P88 
221.8572092099022 P55 recvs B18 from P50 
230.28387495376808 P55 recvs B20 from P50 
230.28387495376808 P55 adds B20 to its tree
230.28387495376808 P55 mines for 885.7749695252495 seconds
230.68420831529068 P55 recvs B20 from P32 
231.2751252188839 P55 recvs B20 from P88 
253.01276508843262 P55 recvs B21 from P32 
253.01276508843262 P55 adds B21 to its tree
253.01276508843262 P55 mines for 222.07191607564022 seconds
253.25001834406623 P55 recvs B21 from P88 
254.0666070377876 P55 recvs B21 from P50 
259.88975856781343 P55 recvs B22 from P32 
259.88975856781343 P55 adds B22 to its tree
259.88975856781343 P55 mines for 271.4963811768525 seconds
260.51328425063804 P55 recvs B22 from P50 
260.5480749257616 P55 recvs B22 from P88 
287.40913049943504 P55 recvs B23 from P88 
287.40913049943504 P55 adds B23 to its tree
287.40913049943504 P55 mines for 1336.4889154233333 seconds
288.09234939849694 P55 recvs B23 from P32 
288.2134335648725 P55 recvs B23 from P50 
296.4286116293069 P55 recvs B24 from P32 
296.4286116293069 P55 adds B24 to its tree
296.4286116293069 P55 mines for 535.831887700028 seconds
297.52071903997404 P55 recvs B24 from P50 
307.0888442980342 P55 recvs B25 from P32 
307.0888442980342 P55 adds B25 to its tree
307.0888442980342 P55 mines for 90.46807363267321 seconds
307.4266245862693 P55 recvs B25 from P88 
308.4737746441786 P55 recvs B26 from P50 
308.4737746441786 P55 adds B26 to its tree
309.0667216037261 P55 recvs B26 from P88 
309.23248204961044 P55 recvs B26 from P32 
340.86983370964987 P55 recvs B27 from P32 
340.86983370964987 P55 adds B27 to its tree
340.86983370964987 P55 mines for 189.0823569334766 seconds
341.3055250829291 P55 recvs B27 from P50 
341.3247577844831 P55 recvs B27 from P88 
370.4504015309554 P55 recvs B28 from P50 
370.4504015309554 P55 adds B28 to its tree
370.4504015309554 P55 mines for 270.80238470109464 seconds
371.06168276391566 P55 recvs B28 from P32 
371.10781963488625 P55 recvs B28 from P88 
380.33986158623014 P55 recvs B29 from P32 
380.33986158623014 P55 adds B29 to its tree
380.33986158623014 P55 mines for 1640.7648625350876 seconds
380.81839876225087 P55 recvs B29 from P88 
381.38301673392294 P55 recvs B29 from P50 
387.840332565043 P55 recvs B30 from P32 
387.840332565043 P55 adds B30 to its tree
387.840332565043 P55 mines for 18.473120058397992 seconds
388.3821525506239 P55 recvs B30 from P88 
388.8643489207675 P55 recvs B30 from P50 
396.5620576125797 P55 recvs B31 from P32 
396.5620576125797 P55 adds B31 to its tree
396.5620576125797 P55 mines for 481.8182800497048 seconds
397.08465020066274 P55 recvs B31 from P88 
403.17035905913474 P55 recvs B32 from P32 
403.17035905913474 P55 adds B32 to its tree
403.17035905913474 P55 mines for 284.8298255912508 seconds
403.3446157523487 P55 recvs B32 from P88 
403.596467834017 P55 recvs B33 from P32 
403.596467834017 P55 adds B33 to its tree
403.99244782077335 P55 recvs B33 from P88 
404.12560648014 P55 recvs B32 from P50 
404.2103736211281 P55 recvs B33 from P50 
406.917574883762 P55 recvs B34 from P32 
406.917574883762 P55 adds B34 to its tree
406.917574883762 P55 mines for 1527.553238729825 seconds
407.23774295275723 P55 recvs B34 from P88 
434.8679144459429 P55 recvs B35 from P50 
434.8679144459429 P55 adds B35 to its tree
434.8679144459429 P55 mines for 82.50042853657419 seconds
436.1172321192287 P55 recvs B35 from P88 
440.19395295079306 P55 recvs B36 from P50 
440.19395295079306 P55 adds B36 to its tree
440.19395295079306 P55 mines for 164.69443602763036 seconds
440.3291106163364 P55 recvs B36 from P32 
440.7372485901351 P55 recvs B36 from P88 
447.0218690765986 P55 recvs B37 from P32 
447.0218690765986 P55 adds B37 to its tree
447.0218690765986 P55 mines for 712.0360522461256 seconds
447.5336193200349 P55 recvs B37 from P88 
447.576458125283 P55 recvs B38 from P32 
447.576458125283 P55 adds B38 to its tree
447.91514197350426 P55 recvs B38 from P88 
448.0323880465432 P55 recvs B37 from P50 
448.1497058472485 P55 recvs B38 from P50 
457.23972337676054 P55 recvs B39 from P32 
457.23972337676054 P55 adds B39 to its tree
457.23972337676054 P55 mines for 485.2209553549299 seconds
457.639603148914 P55 recvs B39 from P50 
457.7997911559489 P55 recvs B39 from P88 
477.1611770619696 P55 recvs B40 from P32 
477.1611770619696 P55 adds B40 to its tree
477.1611770619696 P55 mines for 3130.719231814455 seconds
477.6265760458276 P55 recvs B40 from P88 
483.961508005128 P55 recvs B41 from P88 
483.961508005128 P55 adds B41 to its tree
483.961508005128 P55 mines for 1036.2942229967346 seconds
484.0780992933725 P55 recvs B41 from P32 
484.39755016754606 P55 recvs B41 from P50 
493.8812382166214 P55 recvs B42 from P32 
493.8812382166214 P55 adds B42 to its tree
493.8812382166214 P55 mines for 502.9724942681238 seconds
494.5827340322045 P55 recvs B42 from P88 
503.15627896437155 P55 recvs B43 from P32 
503.15627896437155 P55 adds B43 to its tree
503.15627896437155 P55 mines for 762.8501100358077 seconds
503.46974234477113 P55 recvs B44 from P50 
503.46974234477113 P55 adds B44 to its tree
503.90208943170035 P55 recvs B44 from P88 
503.90996454236273 P55 recvs B43 from P88 
504.0689424169386 P55 recvs B44 from P32 
504.2585825189972 P55 recvs B43 from P50 
526.5985503742962 P55 recvs B45 from P32 
526.5985503742962 P55 adds B45 to its tree
526.5985503742962 P55 mines for 170.0703269638706 seconds
526.8899881596262 P55 recvs B45 from P88 
527.6669198219807 P55 recvs B45 from P50 
549.1949795343232 P55 recvs B46 from P88 
549.1949795343232 P55 adds B46 to its tree
549.1949795343232 P55 mines for 206.0906282199763 seconds
549.3584062549395 P55 recvs B46 from P32 
549.6414833321994 P55 recvs B46 from P50 
562.1217821808211 P55 recvs B47 from P50 
562.1217821808211 P55 adds B47 to its tree
562.1217821808211 P55 mines for 368.7576472785531 seconds
562.4879519793376 P55 recvs B47 from P32 
562.9848685176821 P55 recvs B47 from P88 
566.6441388475213 P55 recvs B48 from P88 
566.6441388475213 P55 adds B48 to its tree
566.6441388475213 P55 mines for 537.081536179463 seconds
566.6548572760573 P55 recvs B48 from P32 
567.2224085644536 P55 recvs B48 from P50 
576.782155326652 P55 recvs B49 from P50 
576.782155326652 P55 adds B49 to its tree
576.782155326652 P55 mines for 917.8936678462652 seconds
577.2286940685002 P55 recvs B49 from P88 
577.4530819235728 P55 recvs B49 from P32 
589.8122504917275 P55 recvs B50 from P32 
589.8122504917275 P55 adds B50 to its tree
589.8122504917275 P55 mines for 212.89617745774206 seconds
589.8668485004066 P55 recvs B50 from P88 
590.6792358284299 P55 recvs B50 from P50 
594.0490705914154 P55 recvs B51 from P32 
594.0490705914154 P55 adds B51 to its tree
594.0490705914154 P55 mines for 1474.5579543990295 seconds
594.963594361277 P55 recvs B52 from P32 
594.963594361277 P55 adds B52 to its tree
595.1433552902068 P55 recvs B51 from P50 
595.2328818707488 P55 recvs B52 from P88 
595.4077778941213 P55 recvs B51 from P88 
596.0095499715891 P55 recvs B52 from P50 
597.5985261391788 P55 recvs B53 from P32 
597.5985261391788 P55 adds B53 to its tree
597.5985261391788 P55 mines for 159.45649285577633 seconds
598.0211988697048 P55 recvs B53 from P50 
598.1461526446328 P55 recvs B53 from P88 
