0 P57 mines for 2895.3439796874477 seconds
1.2104888801385423 P57 creates T21
4.1510704573988555 P57 creates T47
5.683784055656869 P57 recvs B2 from P1 
5.683784055656869 P57 adds B2 to its tree
5.683784055656869 P57 mines for 4855.010550346549 seconds
6.58193876953842 P57 recvs B2 from P96 
6.709335601559139 P57 recvs B2 from P72 
6.870767445187748 P57 recvs B2 from P68 
7.165697464975858 P57 creates T64
23.731272209374758 P57 recvs B3 from P1 
23.731272209374758 P57 adds B3 to its tree
23.731272209374758 P57 mines for 17438.09436115371 seconds
70.50364454974127 P57 recvs B4 from P72 
70.50364454974127 P57 adds B4 to its tree
70.50364454974127 P57 mines for 634.822793820951 seconds
70.53297896189653 P57 recvs B4 from P1 
71.08453899086385 P57 recvs B4 from P96 
72.00997154291953 P57 recvs B4 from P68 
77.15198443262813 P57 recvs B5 from P1 
77.15198443262813 P57 adds B5 to its tree
77.15198443262813 P57 mines for 1052.5389350144649 seconds
77.21811363436044 P57 recvs B5 from P92 
77.3609354542022 P57 recvs B5 from P68 
77.90620256017615 P57 recvs B5 from P96 
86.6579781274817 P57 recvs B6 from P1 
86.6579781274817 P57 adds B6 to its tree
86.6579781274817 P57 mines for 13.979224893853347 seconds
87.17758632679957 P57 recvs B6 from P72 
88.02620392770321 P57 recvs B6 from P68 
100.63720302133504 P57 mines B7
110.77356036546527 P57 recvs B8 from P1 
110.77356036546527 P57 adds B8 to its tree
110.77356036546527 P57 mines for 5672.167749619314 seconds
111.3844208443831 P57 recvs B8 from P96 
111.48981674931227 P57 recvs B8 from P92 
111.62055504940805 P57 recvs B8 from P68 
111.78746181357779 P57 recvs B8 from P72 
121.41441140671908 P57 recvs B9 from P1 
121.41441140671908 P57 adds B9 to its tree
121.41441140671908 P57 mines for 2341.125825001031 seconds
129.46539950213972 P57 recvs B10 from P1 
129.46539950213972 P57 adds B10 to its tree
129.46539950213972 P57 mines for 3236.725241448798 seconds
142.06558244262152 P57 recvs B11 from P1 
142.06558244262152 P57 adds B11 to its tree
142.06558244262152 P57 mines for 2707.800375983052 seconds
142.42219568860244 P57 recvs B11 from P72 
142.6087956081453 P57 recvs B11 from P96 
142.71335549782177 P57 recvs B11 from P92 
142.8283961359142 P57 recvs B11 from P68 
155.9123893015388 P57 recvs B12 from P72 
155.9123893015388 P57 adds B12 to its tree
155.9123893015388 P57 mines for 24034.917991148057 seconds
156.03131168940712 P57 recvs B12 from P1 
156.5527631989469 P57 recvs B12 from P96 
157.42519235556833 P57 recvs B12 from P68 
170.06439657222103 P57 recvs B13 from P1 
170.06439657222103 P57 adds B13 to its tree
170.06439657222103 P57 mines for 10943.442708800752 seconds
170.55234600541925 P57 recvs B13 from P72 
170.80725272280915 P57 recvs B13 from P96 
170.91190381856083 P57 recvs B13 from P92 
171.05983154568983 P57 recvs B13 from P68 
185.203159426933 P57 recvs B14 from P1 
185.203159426933 P57 adds B14 to its tree
185.203159426933 P57 mines for 4043.589655359571 seconds
186.0178946138253 P57 recvs B14 from P68 
201.76100985834546 P57 recvs B15 from P72 
201.76100985834546 P57 adds B15 to its tree
201.76100985834546 P57 mines for 8398.656571578707 seconds
201.88840744672723 P57 recvs B15 from P1 
202.62473515872156 P57 recvs B15 from P96 
203.07741820497742 P57 recvs B15 from P68 
212.08560857074428 P57 recvs B16 from P1 
212.08560857074428 P57 adds B16 to its tree
212.08560857074428 P57 mines for 7091.296206772296 seconds
213.48378491977553 P57 recvs B17 from P1 
213.48378491977553 P57 adds B17 to its tree
214.1512904902184 P57 recvs B17 from P68 
220.13653742074783 P57 recvs B18 from P1 
220.13653742074783 P57 adds B18 to its tree
220.13653742074783 P57 mines for 6630.999756829936 seconds
220.3542405794253 P57 recvs B18 from P96 
220.9929393637119 P57 recvs B18 from P72 
221.2469544024126 P57 recvs B18 from P68 
221.9870273809541 P57 recvs B19 from P96 
221.9870273809541 P57 adds B19 to its tree
222.1687740805364 P57 recvs B19 from P72 
222.26444077643714 P57 recvs B19 from P1 
222.8897225197728 P57 recvs B19 from P68 
230.05873877096644 P57 recvs B20 from P1 
230.05873877096644 P57 adds B20 to its tree
230.05873877096644 P57 mines for 2320.512169457829 seconds
230.82554894839987 P57 recvs B20 from P68 
231.10108468597923 P57 recvs B20 from P96 
252.62672007117263 P57 recvs B21 from P1 
252.62672007117263 P57 adds B21 to its tree
252.62672007117263 P57 mines for 59.25788573994949 seconds
253.2306041164755 P57 recvs B21 from P72 
253.37845964134027 P57 recvs B21 from P96 
253.57109831741099 P57 recvs B21 from P92 
253.658851882142 P57 recvs B21 from P68 
258.9877197595844 P57 recvs B22 from P1 
258.9877197595844 P57 adds B22 to its tree
258.9877197595844 P57 mines for 9945.775935698954 seconds
258.99415883923075 P57 recvs B22 from P96 
259.7069844323259 P57 recvs B22 from P72 
259.96384167144595 P57 recvs B22 from P68 
287.20259718013654 P57 recvs B23 from P72 
287.20259718013654 P57 adds B23 to its tree
287.20259718013654 P57 mines for 1898.1093688981193 seconds
287.37768891965754 P57 recvs B23 from P1 
287.74071938507495 P57 recvs B23 from P96 
288.3952826160761 P57 recvs B23 from P68 
296.2082236291276 P57 recvs B24 from P1 
296.2082236291276 P57 adds B24 to its tree
296.2082236291276 P57 mines for 6126.500081209301 seconds
296.87877091634334 P57 recvs B24 from P96 
297.6475535671559 P57 recvs B24 from P68 
306.3918373429909 P57 recvs B25 from P96 
306.3918373429909 P57 adds B25 to its tree
306.3918373429909 P57 mines for 16601.7318503152 seconds
306.6899817683966 P57 recvs B25 from P1 
307.1090466515627 P57 recvs B26 from P1 
307.1090466515627 P57 adds B26 to its tree
307.2733574546327 P57 recvs B25 from P68 
307.55451570050536 P57 recvs B25 from P72 
339.87140903075766 P57 recvs B27 from P1 
339.87140903075766 P57 adds B27 to its tree
339.87140903075766 P57 mines for 928.6207783904165 seconds
340.770312423706 P57 recvs B27 from P72 
341.3844302677361 P57 recvs B27 from P68 
369.11166769400296 P57 recvs B28 from P1 
369.11166769400296 P57 adds B28 to its tree
369.11166769400296 P57 mines for 7057.874705514555 seconds
370.5834003278413 P57 recvs B28 from P68 
379.81904276116865 P57 recvs B29 from P1 
379.81904276116865 P57 adds B29 to its tree
379.81904276116865 P57 mines for 1488.8003090861557 seconds
380.87247267513965 P57 recvs B29 from P72 
381.12765106179927 P57 recvs B29 from P68 
387.51450769325965 P57 recvs B30 from P1 
387.51450769325965 P57 adds B30 to its tree
387.51450769325965 P57 mines for 200.0208489708389 seconds
387.6834582991151 P57 recvs B30 from P96 
388.4382283878419 P57 recvs B30 from P72 
388.53543113021084 P57 recvs B30 from P68 
395.5466080849386 P57 recvs B31 from P1 
395.5466080849386 P57 adds B31 to its tree
395.5466080849386 P57 mines for 13043.728974200792 seconds
402.47517974771915 P57 recvs B33 from P1 
402.47517974771915 P57 adds B33 to its tree
402.47517974771915 P57 mines for 9572.895348978696 seconds
402.73732516173993 P57 recvs B33 from P96 
402.8483746033862 P57 recvs B32 from P1 
402.8483746033862 P57 adds B32 to its tree
402.8905697569039 P57 recvs B32 from P92 
402.94117870210226 P57 recvs B32 from P68 
403.4287068277199 P57 recvs B32 from P96 
403.51702638034277 P57 recvs B33 from P72 
403.6587597864788 P57 recvs B33 from P68 
406.3432878836994 P57 recvs B34 from P1 
406.3432878836994 P57 adds B34 to its tree
406.3432878836994 P57 mines for 1194.117775895288 seconds
407.26911563181443 P57 recvs B34 from P96 
407.31513091889326 P57 recvs B34 from P72 
407.6025558499098 P57 recvs B34 from P68 
435.81070247327256 P57 recvs B35 from P72 
435.81070247327256 P57 adds B35 to its tree
435.81070247327256 P57 mines for 3355.1777559325656 seconds
435.9436358363396 P57 recvs B35 from P1 
436.4772630941593 P57 recvs B35 from P96 
437.1651455586259 P57 recvs B35 from P68 
438.725357422222 P57 recvs B36 from P1 
438.725357422222 P57 adds B36 to its tree
438.725357422222 P57 mines for 1633.2968895296556 seconds
446.6885170758987 P57 recvs B37 from P1 
446.6885170758987 P57 adds B37 to its tree
446.6885170758987 P57 mines for 1451.2565613405125 seconds
446.7658497328877 P57 recvs B38 from P1 
446.7658497328877 P57 adds B38 to its tree
446.84441916328075 P57 recvs B38 from P72 
447.4875224830048 P57 recvs B37 from P96 
447.70589857485095 P57 recvs B37 from P72 
447.96267358804204 P57 recvs B37 from P68 
456.33202024349504 P57 recvs B39 from P1 
456.33202024349504 P57 adds B39 to its tree
456.33202024349504 P57 mines for 1672.9336956823126 seconds
457.6707506756884 P57 recvs B39 from P68 
476.18481105787794 P57 recvs B40 from P1 
476.18481105787794 P57 adds B40 to its tree
476.18481105787794 P57 mines for 1397.748422684029 seconds
483.24523843990227 P57 recvs B41 from P1 
483.24523843990227 P57 adds B41 to its tree
483.24523843990227 P57 mines for 98.86401323724978 seconds
483.7813069359624 P57 recvs B41 from P72 
484.64591400979305 P57 recvs B41 from P68 
493.6080870496249 P57 recvs B42 from P1 
493.6080870496249 P57 adds B42 to its tree
493.6080870496249 P57 mines for 7001.590878856557 seconds
494.4506161655925 P57 recvs B42 from P96 
494.58805584511 P57 recvs B42 from P72 
494.7954851133534 P57 recvs B42 from P68 
501.4068104783465 P57 recvs B43 from P68 
501.4068104783465 P57 adds B43 to its tree
501.4068104783465 P57 mines for 7702.717665749117 seconds
501.8861900197024 P57 recvs B43 from P96 
501.98071986322424 P57 recvs B44 from P1 
501.98071986322424 P57 adds B44 to its tree
525.973092297282 P57 recvs B45 from P1 
525.973092297282 P57 adds B45 to its tree
525.973092297282 P57 mines for 4946.290568525209 seconds
527.0305223030323 P57 recvs B45 from P72 
527.2052729917145 P57 recvs B45 from P68 
547.3732739799955 P57 recvs B46 from P1 
547.3732739799955 P57 adds B46 to its tree
547.3732739799955 P57 mines for 9829.166189210102 seconds
561.8850773969265 P57 recvs B47 from P1 
561.8850773969265 P57 adds B47 to its tree
561.8850773969265 P57 mines for 6684.180571487805 seconds
562.6121672370939 P57 recvs B47 from P68 
564.6674773751721 P57 recvs B48 from P1 
564.6674773751721 P57 adds B48 to its tree
564.6674773751721 P57 mines for 7021.685680140232 seconds
566.1362972952165 P57 recvs B48 from P68 
575.2748928082166 P57 recvs B49 from P1 
575.2748928082166 P57 adds B49 to its tree
575.2748928082166 P57 mines for 245.10146912396576 seconds
589.3970693190428 P57 recvs B50 from P1 
589.3970693190428 P57 adds B50 to its tree
589.3970693190428 P57 mines for 225.00014764986702 seconds
589.4741942725524 P57 recvs B50 from P92 
589.5807902752986 P57 recvs B50 from P68 
590.1236232344073 P57 recvs B50 from P96 
593.6709576281689 P57 recvs B51 from P1 
593.6709576281689 P57 adds B51 to its tree
593.6709576281689 P57 mines for 6224.512333517856 seconds
594.3616385798168 P57 recvs B52 from P1 
594.3616385798168 P57 adds B52 to its tree
594.4580495371401 P57 recvs B51 from P96 
595.3135327381598 P57 recvs B52 from P72 
595.3154822058963 P57 recvs B52 from P96 
595.5572849295833 P57 recvs B52 from P68 
596.4981481658012 P57 recvs B53 from P1 
596.4981481658012 P57 adds B53 to its tree
596.4981481658012 P57 mines for 10183.058765420947 seconds
598.0087510653984 P57 recvs B53 from P68 
