0 P58 mines for 110.33141531566518 seconds
6.2945689649512655 P58 recvs B2 from P77 
6.2945689649512655 P58 adds B2 to its tree
6.2945689649512655 P58 mines for 292.5196103987797 seconds
6.518680893330586 P58 creates T60
6.737846942310431 P58 recvs B2 from P94 
6.934973472809371 P58 recvs B2 from P66 
7.203647952570539 P58 recvs B2 from P81 
7.213324887050077 P58 recvs B2 from P86 
9.066892525683254 P58 creates T75
24.974915343560866 P58 recvs B3 from P66 
24.974915343560866 P58 adds B3 to its tree
24.974915343560866 P58 mines for 1027.658387064642 seconds
25.3143240578353 P58 recvs B3 from P81 
25.329295396082358 P58 recvs B3 from P86 
25.5676368282933 P58 recvs B3 from P77 
25.630547291497365 P58 recvs B3 from P94 
70.41517972276917 P58 recvs B4 from P77 
70.41517972276917 P58 adds B4 to its tree
70.41517972276917 P58 mines for 21.03990722850209 seconds
70.45637689574222 P58 recvs B4 from P94 
71.89147669608818 P58 recvs B4 from P66 
71.96816019889599 P58 recvs B4 from P86 
77.17759822315566 P58 recvs B5 from P94 
77.17759822315566 P58 adds B5 to its tree
77.17759822315566 P58 mines for 383.70872164085006 seconds
77.86273328568936 P58 recvs B5 from P77 
78.09660050398045 P58 recvs B5 from P66 
78.43885645777664 P58 recvs B5 from P86 
87.1483604467116 P58 recvs B6 from P77 
87.1483604467116 P58 adds B6 to its tree
87.1483604467116 P58 mines for 104.48671649274327 seconds
87.19433206837597 P58 recvs B6 from P94 
88.12467489426933 P58 recvs B6 from P66 
88.18302744533051 P58 recvs B6 from P86 
88.20311446719687 P58 recvs B6 from P81 
102.5445899645035 P58 recvs B7 from P66 
102.5445899645035 P58 adds B7 to its tree
102.5445899645035 P58 mines for 163.13429517812813 seconds
102.67101590925516 P58 recvs B7 from P81 
102.69177893153297 P58 recvs B7 from P86 
103.1972068313477 P58 recvs B7 from P77 
103.2003230002137 P58 recvs B7 from P94 
110.03216630646887 P58 recvs B8 from P77 
110.03216630646887 P58 adds B8 to its tree
110.03216630646887 P58 mines for 1278.3041233454335 seconds
110.65618955880717 P58 recvs B8 from P94 
111.32942714540494 P58 recvs B8 from P66 
122.49933137178778 P58 recvs B9 from P66 
122.49933137178778 P58 adds B9 to its tree
122.49933137178778 P58 mines for 1513.0159454315865 seconds
122.55989774707805 P58 recvs B9 from P94 
122.59076300407979 P58 recvs B9 from P77 
122.98242495246615 P58 recvs B9 from P81 
123.03028870094654 P58 recvs B9 from P86 
130.69194983891404 P58 recvs B10 from P66 
130.69194983891404 P58 adds B10 to its tree
130.69194983891404 P58 mines for 72.88826421803799 seconds
131.02775684982052 P58 recvs B10 from P86 
131.08820029765135 P58 recvs B10 from P81 
131.3908399867431 P58 recvs B10 from P77 
131.4186677979972 P58 recvs B10 from P94 
142.36088936035418 P58 recvs B11 from P94 
142.36088936035418 P58 adds B11 to its tree
142.36088936035418 P58 mines for 20.03525947104819 seconds
142.4711707516387 P58 recvs B11 from P77 
142.80455241877024 P58 recvs B11 from P66 
143.58128583948476 P58 recvs B11 from P86 
143.58148216010565 P58 recvs B11 from P81 
155.8463361914865 P58 recvs B12 from P94 
155.8463361914865 P58 adds B12 to its tree
155.8463361914865 P58 mines for 95.6941576967977 seconds
155.86116868403658 P58 recvs B12 from P77 
157.2414528201342 P58 recvs B12 from P86 
170.28181209485518 P58 recvs B13 from P77 
170.28181209485518 P58 adds B13 to its tree
170.28181209485518 P58 mines for 1325.1630364183106 seconds
170.48311119026198 P58 recvs B13 from P94 
171.37712051773383 P58 recvs B13 from P66 
171.6269640208032 P58 recvs B13 from P86 
171.63077839987218 P58 recvs B13 from P81 
185.47008808310926 P58 recvs B14 from P94 
185.47008808310926 P58 adds B14 to its tree
185.47008808310926 P58 mines for 42.14355958952995 seconds
185.63262753504492 P58 recvs B14 from P77 
185.73273246351175 P58 recvs B14 from P81 
186.43766986176107 P58 recvs B14 from P86 
186.50449813451246 P58 recvs B14 from P66 
202.6918148762902 P58 recvs B15 from P77 
202.6918148762902 P58 adds B15 to its tree
202.6918148762902 P58 mines for 96.71294043278333 seconds
203.20685533767914 P58 recvs B15 from P94 
203.32604064507362 P58 recvs B15 from P81 
203.3339619494081 P58 recvs B15 from P66 
203.5080385793186 P58 recvs B15 from P86 
213.25512265815226 P58 recvs B16 from P66 
213.25512265815226 P58 adds B16 to its tree
213.25512265815226 P58 mines for 386.7000548467402 seconds
213.48229859242792 P58 recvs B17 from P94 
213.48229859242792 P58 adds B17 to its tree
213.62575920814172 P58 recvs B16 from P81 
213.64368353750905 P58 recvs B16 from P86 
213.7413544430019 P58 recvs B17 from P77 
213.88524694795913 P58 recvs B16 from P94 
213.93245095921708 P58 recvs B16 from P77 
214.827567328323 P58 recvs B17 from P66 
215.03252180394526 P58 recvs B17 from P81 
215.06997355145606 P58 recvs B17 from P86 
221.41108719512513 P58 recvs B18 from P94 
221.41108719512513 P58 adds B18 to its tree
221.41108719512513 P58 mines for 662.8157161911299 seconds
221.44588924174968 P58 recvs B18 from P77 
221.59027297728514 P58 recvs B18 from P66 
221.67844188254426 P58 recvs B18 from P81 
221.80578816156273 P58 recvs B18 from P86 
222.86389543894438 P58 recvs B19 from P77 
222.86389543894438 P58 adds B19 to its tree
223.00175258643887 P58 recvs B19 from P94 
223.03664693869445 P58 recvs B19 from P86 
223.60074538332364 P58 recvs B19 from P81 
223.60247337668935 P58 recvs B19 from P66 
230.2735499737602 P58 recvs B20 from P94 
230.2735499737602 P58 adds B20 to its tree
230.2735499737602 P58 mines for 2052.9885227833774 seconds
230.41982219325752 P58 recvs B20 from P77 
230.48227199631262 P58 recvs B20 from P81 
231.23249019918111 P58 recvs B20 from P86 
231.38055428972734 P58 recvs B20 from P66 
253.131682307145 P58 recvs B21 from P77 
253.131682307145 P58 adds B21 to its tree
253.131682307145 P58 mines for 361.0974750140986 seconds
253.13303441107342 P58 recvs B21 from P94 
253.97256778770029 P58 recvs B21 from P66 
254.14212215184756 P58 recvs B21 from P81 
254.16676272910922 P58 recvs B21 from P86 
260.1046892144326 P58 recvs B22 from P86 
260.1046892144326 P58 adds B22 to its tree
260.1046892144326 P58 mines for 111.44759589290018 seconds
260.1871687067346 P58 recvs B22 from P94 
260.2408524209015 P58 recvs B22 from P77 
260.2588140908642 P58 recvs B22 from P66 
260.5214733822823 P58 recvs B22 from P81 
287.19951989427466 P58 recvs B23 from P94 
287.19951989427466 P58 adds B23 to its tree
287.19951989427466 P58 mines for 171.13184528938748 seconds
287.24487084224745 P58 recvs B23 from P77 
287.3149031898754 P58 recvs B23 from P86 
295.8103358370415 P58 recvs B24 from P77 
295.8103358370415 P58 adds B24 to its tree
295.8103358370415 P58 mines for 78.66039320051159 seconds
296.4797056285951 P58 recvs B24 from P94 
297.80597545037443 P58 recvs B24 from P86 
307.35238046600887 P58 recvs B25 from P77 
307.35238046600887 P58 adds B25 to its tree
307.35238046600887 P58 mines for 64.6599566666284 seconds
307.3552195878511 P58 recvs B25 from P94 
307.4735882191179 P58 recvs B26 from P81 
307.4735882191179 P58 adds B26 to its tree
307.47900117509977 P58 recvs B25 from P86 
307.7160482713544 P58 recvs B25 from P66 
308.1553167433947 P58 recvs B26 from P86 
308.2003958601082 P58 recvs B25 from P81 
308.25596911980756 P58 recvs B26 from P66 
341.0981860081857 P58 recvs B27 from P77 
341.0981860081857 P58 adds B27 to its tree
341.0981860081857 P58 mines for 1123.1126064893388 seconds
341.2683338787858 P58 recvs B27 from P94 
341.2740167003891 P58 recvs B27 from P66 
341.4091206820645 P58 recvs B27 from P81 
341.43946175508097 P58 recvs B27 from P86 
369.9664697189093 P58 recvs B28 from P77 
369.9664697189093 P58 adds B28 to its tree
369.9664697189093 P58 mines for 120.52257728823993 seconds
370.4332804836349 P58 recvs B28 from P66 
370.60468724898925 P58 recvs B28 from P86 
370.6570103092809 P58 recvs B28 from P81 
370.8220202528383 P58 recvs B28 from P94 
380.45023658855155 P58 recvs B29 from P77 
380.45023658855155 P58 adds B29 to its tree
380.45023658855155 P58 mines for 55.66105052186743 seconds
380.9694705760653 P58 recvs B29 from P94 
381.1280910010461 P58 recvs B29 from P66 
381.405327433092 P58 recvs B29 from P86 
381.4258513180416 P58 recvs B29 from P81 
387.9581284101679 P58 recvs B30 from P77 
387.9581284101679 P58 adds B30 to its tree
387.9581284101679 P58 mines for 982.7929613261468 seconds
388.23766642282453 P58 recvs B30 from P66 
388.4732466419276 P58 recvs B30 from P94 
388.6391758680465 P58 recvs B30 from P86 
388.87587101588105 P58 recvs B30 from P81 
396.36138946566916 P58 recvs B31 from P94 
396.36138946566916 P58 adds B31 to its tree
396.36138946566916 P58 mines for 62.044002152199 seconds
396.93083522954083 P58 recvs B31 from P66 
396.99846090608366 P58 recvs B31 from P77 
397.04666622957603 P58 recvs B31 from P86 
397.10406349305333 P58 recvs B31 from P81 
402.86071915460707 P58 recvs B32 from P94 
402.86071915460707 P58 adds B32 to its tree
402.86071915460707 P58 mines for 278.47698143225006 seconds
403.53964711771044 P58 recvs B32 from P77 
403.7934132203322 P58 recvs B33 from P77 
403.7934132203322 P58 adds B33 to its tree
403.8042910143636 P58 recvs B33 from P94 
403.83583271990375 P58 recvs B32 from P66 
403.84355815893423 P58 recvs B33 from P66 
404.03250926761245 P58 recvs B33 from P81 
404.0383366791152 P58 recvs B32 from P86 
404.1579213670039 P58 recvs B33 from P86 
407.02759679528015 P58 recvs B34 from P77 
407.02759679528015 P58 adds B34 to its tree
407.02759679528015 P58 mines for 254.15013628411413 seconds
407.47893029961676 P58 recvs B34 from P94 
407.61850090748453 P58 recvs B34 from P66 
407.83675152774913 P58 recvs B34 from P86 
407.85768719657926 P58 recvs B34 from P81 
436.72948197329913 P58 recvs B35 from P77 
436.72948197329913 P58 adds B35 to its tree
436.72948197329913 P58 mines for 0.5676146929141123 seconds
437.2925513283789 P58 recvs B35 from P66 
437.29554766634874 P58 recvs B35 from P94 
437.29709666621324 P58 mines B36
437.35943263030424 P58 recvs B35 from P81 
437.37610338600155 P58 recvs B35 from P86 
447.03660865207803 P58 recvs B38 from P77 
447.03660865207803 P58 adds B38 to its tree
447.03660865207803 P58 mines for 1883.931107851195 seconds
447.14868852583044 P58 recvs B37 from P77 
447.14868852583044 P58 adds B37 to its tree
447.17825385636144 P58 recvs B37 from P66 
447.5271678161177 P58 recvs B38 from P94 
447.578112550457 P58 recvs B37 from P94 
448.20312841825825 P58 recvs B38 from P66 
448.2466075103888 P58 recvs B37 from P81 
448.2879006188694 P58 recvs B38 from P86 
448.30017880320344 P58 recvs B38 from P81 
448.30440448206286 P58 recvs B37 from P86 
454.8843072892232 P58 recvs B39 from P94 
454.8843072892232 P58 adds B39 to its tree
454.8843072892232 P58 mines for 846.6722398782409 seconds
477.418049657046 P58 recvs B40 from P77 
477.418049657046 P58 adds B40 to its tree
477.418049657046 P58 mines for 593.3746592476903 seconds
477.5217480420799 P58 recvs B40 from P66 
477.6843337228668 P58 recvs B40 from P81 
477.76998937449935 P58 recvs B40 from P86 
477.7867802100068 P58 recvs B40 from P94 
483.7438187510818 P58 recvs B41 from P77 
483.7438187510818 P58 adds B41 to its tree
483.7438187510818 P58 mines for 170.67962787316304 seconds
483.7778395380858 P58 recvs B41 from P94 
484.52729609955543 P58 recvs B41 from P66 
484.7496561134319 P58 recvs B41 from P86 
484.78848187087664 P58 recvs B41 from P81 
494.06195947062446 P58 recvs B42 from P77 
494.06195947062446 P58 adds B42 to its tree
494.06195947062446 P58 mines for 1205.8765107722365 seconds
494.55556920577425 P58 recvs B42 from P94 
495.00311127492466 P58 recvs B42 from P66 
495.12276879219036 P58 recvs B42 from P86 
495.1605604309241 P58 recvs B42 from P81 
502.397937299704 P58 recvs B44 from P81 
502.397937299704 P58 adds B44 to its tree
502.397937299704 P58 mines for 35.90483152863548 seconds
502.4784008901401 P58 recvs B43 from P86 
502.4784008901401 P58 adds B43 to its tree
502.64390343865705 P58 recvs B43 from P77 
502.9105512387089 P58 recvs B43 from P94 
503.10714827773967 P58 recvs B44 from P86 
503.2378612200592 P58 recvs B44 from P66 
503.3769840232858 P58 recvs B43 from P66 
503.39186337395796 P58 recvs B43 from P81 
526.6685616362881 P58 recvs B45 from P77 
526.6685616362881 P58 adds B45 to its tree
526.6685616362881 P58 mines for 629.8978890323493 seconds
527.2754964972574 P58 recvs B45 from P94 
527.3885200287358 P58 recvs B45 from P66 
527.5447468078925 P58 recvs B45 from P81 
527.5902554032257 P58 recvs B45 from P86 
548.4741188275572 P58 recvs B46 from P66 
548.4741188275572 P58 adds B46 to its tree
548.4741188275572 P58 mines for 165.83266812381842 seconds
548.5285823181091 P58 recvs B46 from P94 
548.5535857086626 P58 recvs B46 from P77 
548.9475881282626 P58 recvs B46 from P81 
548.961340077449 P58 recvs B46 from P86 
562.2001697477945 P58 recvs B47 from P94 
562.2001697477945 P58 adds B47 to its tree
562.2001697477945 P58 mines for 280.6206861141986 seconds
562.2190570825693 P58 recvs B47 from P77 
562.2665881244988 P58 recvs B47 from P81 
562.9996120153158 P58 recvs B47 from P86 
563.3072976986157 P58 recvs B47 from P66 
565.9429819383049 P58 recvs B48 from P66 
565.9429819383049 P58 adds B48 to its tree
565.9429819383049 P58 mines for 102.50819498698009 seconds
566.151665427008 P58 recvs B48 from P86 
566.1769277885641 P58 recvs B48 from P81 
566.532070851153 P58 recvs B48 from P94 
566.573956212505 P58 recvs B48 from P77 
575.6685569375209 P58 recvs B49 from P81 
575.6685569375209 P58 adds B49 to its tree
575.6685569375209 P58 mines for 221.62673551124382 seconds
576.3104037537616 P58 recvs B49 from P86 
576.5059543127151 P58 recvs B49 from P66 
589.4914035393263 P58 recvs B50 from P94 
589.4914035393263 P58 adds B50 to its tree
589.4914035393263 P58 mines for 14.828486560756982 seconds
590.1232281066377 P58 recvs B50 from P77 
590.5338926077527 P58 recvs B50 from P66 
590.7056717824519 P58 recvs B50 from P86 
593.4337324304724 P58 recvs B51 from P77 
593.4337324304724 P58 adds B51 to its tree
593.4337324304724 P58 mines for 750.3639349085217 seconds
593.9818335119655 P58 recvs B51 from P94 
595.0386491412377 P58 recvs B51 from P66 
595.0940246597622 P58 recvs B52 from P77 
595.0940246597622 P58 adds B52 to its tree
595.2501796427819 P58 recvs B53 from P94 
595.2501796427819 P58 adds B53 to its tree
595.2501796427819 P58 mines for 85.8314578900524 seconds
595.2632609107229 P58 recvs B51 from P86 
595.5416524781825 P58 recvs B52 from P94 
595.7410159080408 P58 recvs B52 from P66 
595.9533669845931 P58 recvs B52 from P81 
595.9877761945814 P58 recvs B52 from P86 
