0 P59 mines for 48.77009063915378 seconds
4.6086382971133695 P59 creates T51
5.944839890714291 P59 recvs B2 from P11 
5.944839890714291 P59 adds B2 to its tree
5.944839890714291 P59 mines for 593.1683669984917 seconds
6.657962862654413 P59 recvs B2 from P51 
6.690932547337472 P59 recvs B2 from P21 
6.8789923721968105 P59 recvs B2 from P94 
7.440439167504904 P59 recvs B2 from P25 
7.7058680761796 P59 creates T66
7.934507504310167 P59 recvs B2 from P41 
9.439797325636178 P59 creates T76
24.65872715223866 P59 recvs B3 from P51 
24.65872715223866 P59 adds B3 to its tree
24.65872715223866 P59 mines for 306.8238970078914 seconds
24.905136920940826 P59 recvs B3 from P21 
25.25790010732559 P59 recvs B3 from P25 
25.562286348838 P59 recvs B3 from P11 
25.774642129690378 P59 recvs B3 from P94 
26.255337791373762 P59 recvs B3 from P41 
70.4955780992513 P59 recvs B4 from P11 
70.4955780992513 P59 adds B4 to its tree
70.4955780992513 P59 mines for 1175.9141906400582 seconds
70.5961181292231 P59 recvs B4 from P94 
70.68417507176049 P59 recvs B4 from P25 
71.60430753399945 P59 recvs B4 from P51 
71.61084421981556 P59 recvs B4 from P41 
71.63092763585715 P59 recvs B4 from P21 
76.88084531990447 P59 recvs B5 from P11 
76.88084531990447 P59 adds B5 to its tree
76.88084531990447 P59 mines for 580.7001067257415 seconds
77.31735278560882 P59 recvs B5 from P94 
77.5006718745271 P59 recvs B5 from P25 
77.81897855806086 P59 recvs B5 from P51 
78.1193881862077 P59 recvs B5 from P41 
78.12928406972141 P59 recvs B5 from P21 
87.14842689467123 P59 recvs B6 from P11 
87.14842689467123 P59 adds B6 to its tree
87.14842689467123 P59 mines for 330.3910659555998 seconds
87.34155069444935 P59 recvs B6 from P94 
87.44343715861356 P59 recvs B6 from P25 
87.72848718855487 P59 recvs B6 from P21 
87.82033253261444 P59 recvs B6 from P51 
88.37802788947234 P59 recvs B6 from P41 
102.2814546197448 P59 recvs B7 from P51 
102.2814546197448 P59 adds B7 to its tree
102.2814546197448 P59 mines for 278.9886518488706 seconds
102.59105181411614 P59 recvs B7 from P21 
102.88341461470463 P59 recvs B7 from P25 
103.07498578010738 P59 recvs B7 from P11 
103.36911370012048 P59 recvs B7 from P94 
103.45179283288856 P59 recvs B7 from P41 
110.80482744689431 P59 recvs B8 from P94 
110.80482744689431 P59 adds B8 to its tree
110.80482744689431 P59 mines for 36.470513706333705 seconds
110.92109989233228 P59 recvs B8 from P25 
110.98122727001108 P59 recvs B8 from P11 
111.14217658480977 P59 recvs B8 from P41 
111.60095875893106 P59 recvs B8 from P21 
111.8080388538271 P59 recvs B8 from P51 
122.2508557218542 P59 recvs B9 from P51 
122.2508557218542 P59 adds B9 to its tree
122.2508557218542 P59 mines for 1398.4393017866064 seconds
122.26587232740235 P59 recvs B9 from P11 
122.38830109976142 P59 recvs B9 from P25 
122.62833537897161 P59 recvs B9 from P21 
122.71812273295276 P59 recvs B9 from P94 
123.50578955550108 P59 recvs B9 from P41 
130.38148642287828 P59 recvs B10 from P51 
130.38148642287828 P59 adds B10 to its tree
130.38148642287828 P59 mines for 991.1655350786306 seconds
130.74083211191694 P59 recvs B10 from P21 
131.11414562334312 P59 recvs B10 from P25 
131.33542491963377 P59 recvs B10 from P11 
131.5602372176557 P59 recvs B10 from P94 
132.0522749272059 P59 recvs B10 from P41 
141.45414195657526 P59 recvs B11 from P41 
141.45414195657526 P59 adds B11 to its tree
141.45414195657526 P59 mines for 111.31420597480358 seconds
142.15684176046264 P59 recvs B11 from P25 
142.5010047944211 P59 recvs B11 from P94 
143.0836733549222 P59 recvs B11 from P51 
155.81989779813674 P59 recvs B12 from P11 
155.81989779813674 P59 adds B12 to its tree
155.81989779813674 P59 mines for 192.0917878501495 seconds
155.9862063860197 P59 recvs B12 from P94 
156.15311378983554 P59 recvs B12 from P25 
156.95426023198974 P59 recvs B12 from P21 
157.02532410292355 P59 recvs B12 from P41 
157.17087437280892 P59 recvs B12 from P51 
169.6800113401038 P59 recvs B13 from P25 
169.6800113401038 P59 adds B13 to its tree
169.6800113401038 P59 mines for 345.583433957277 seconds
170.50091355277112 P59 recvs B13 from P11 
170.64818315163583 P59 recvs B13 from P94 
170.6987279096838 P59 recvs B13 from P41 
171.0791558982696 P59 recvs B13 from P51 
185.60714169295142 P59 recvs B14 from P94 
185.60714169295142 P59 adds B14 to its tree
185.60714169295142 P59 mines for 1256.8295490570385 seconds
185.89308548502504 P59 recvs B14 from P11 
186.2415693662808 P59 recvs B14 from P51 
186.37229898294515 P59 recvs B14 from P21 
186.95173814534672 P59 recvs B14 from P25 
186.97499158133706 P59 recvs B14 from P41 
202.54846722832175 P59 recvs B15 from P21 
202.54846722832175 P59 adds B15 to its tree
202.54846722832175 P59 mines for 1331.4747802107454 seconds
202.66256073935753 P59 recvs B15 from P11 
202.91765448355565 P59 recvs B15 from P51 
202.94688965421182 P59 recvs B15 from P25 
203.09097956022813 P59 recvs B15 from P41 
203.34406501637554 P59 recvs B15 from P94 
212.96623098387363 P59 recvs B16 from P51 
212.96623098387363 P59 adds B16 to its tree
212.96623098387363 P59 mines for 164.114049865672 seconds
213.21220418776318 P59 recvs B16 from P21 
213.63002801659894 P59 recvs B16 from P25 
213.6340546093983 P59 recvs B17 from P94 
213.6340546093983 P59 adds B17 to its tree
213.78250968980564 P59 recvs B16 from P11 
214.02839555905805 P59 recvs B16 from P94 
214.05896770616874 P59 recvs B17 from P11 
214.53235558063002 P59 recvs B17 from P51 
214.602971505 P59 recvs B17 from P21 
214.6481815529043 P59 recvs B16 from P41 
215.02330026412866 P59 recvs B17 from P41 
215.12432612132648 P59 recvs B17 from P25 
220.03593094763443 P59 recvs B18 from P11 
220.03593094763443 P59 adds B18 to its tree
220.03593094763443 P59 mines for 510.9033082612644 seconds
221.24532778590415 P59 recvs B18 from P51 
221.28872766311028 P59 recvs B18 from P21 
221.55251927363813 P59 recvs B18 from P94 
221.7076383821401 P59 recvs B18 from P25 
222.09541083643535 P59 recvs B18 from P41 
222.17016605783186 P59 recvs B19 from P11 
222.17016605783186 P59 adds B19 to its tree
222.72973644222844 P59 recvs B19 from P25 
222.9694323117943 P59 recvs B19 from P21 
223.16102469903683 P59 recvs B19 from P94 
223.31187191655556 P59 recvs B19 from P41 
223.32610054003263 P59 recvs B19 from P51 
230.4122622714556 P59 recvs B20 from P94 
230.4122622714556 P59 adds B20 to its tree
230.4122622714556 P59 mines for 60.84346851712365 seconds
230.52667061418728 P59 recvs B20 from P11 
231.05511638503063 P59 recvs B20 from P21 
231.09286748956873 P59 recvs B20 from P51 
231.75031443082423 P59 recvs B20 from P41 
231.83088481467541 P59 recvs B20 from P25 
252.20120633086924 P59 recvs B21 from P25 
252.20120633086924 P59 adds B21 to its tree
252.20120633086924 P59 mines for 529.2492614546893 seconds
253.2603881152617 P59 recvs B21 from P41 
253.2696930811379 P59 recvs B21 from P94 
253.67384269175272 P59 recvs B21 from P51 
258.75959344274986 P59 recvs B22 from P11 
258.75959344274986 P59 adds B22 to its tree
258.75959344274986 P59 mines for 218.87130539938062 seconds
259.9376408447569 P59 recvs B22 from P51 
260.0314686295488 P59 recvs B22 from P21 
260.3543862918928 P59 recvs B22 from P94 
260.4929308603046 P59 recvs B22 from P25 
260.85293333022634 P59 recvs B22 from P41 
287.18357825898255 P59 recvs B23 from P11 
287.18357825898255 P59 adds B23 to its tree
287.18357825898255 P59 mines for 86.48811674643733 seconds
287.3960164911963 P59 recvs B23 from P94 
287.47894061764856 P59 recvs B23 from P25 
288.31414074794253 P59 recvs B23 from P51 
288.3710379565129 P59 recvs B23 from P41 
288.50537541648794 P59 recvs B23 from P21 
296.5066576820773 P59 recvs B24 from P25 
296.5066576820773 P59 adds B24 to its tree
296.5066576820773 P59 mines for 753.9671764775687 seconds
296.5278930795067 P59 recvs B24 from P21 
296.64233523563485 P59 recvs B24 from P94 
297.13231822839595 P59 recvs B24 from P11 
297.1796204673885 P59 recvs B24 from P41 
297.1859657986226 P59 recvs B24 from P51 
306.68321409945776 P59 recvs B25 from P11 
306.68321409945776 P59 adds B25 to its tree
306.68321409945776 P59 mines for 1433.4647383024494 seconds
307.45183644115326 P59 recvs B25 from P51 
307.5062749287529 P59 recvs B25 from P94 
307.6880812880879 P59 recvs B25 from P25 
307.83397780880324 P59 recvs B26 from P94 
307.83397780880324 P59 adds B26 to its tree
307.96213957905763 P59 recvs B26 from P51 
307.98211545822926 P59 recvs B25 from P21 
308.29487825383694 P59 recvs B26 from P21 
308.59283800453767 P59 recvs B25 from P41 
308.6826217663327 P59 recvs B26 from P25 
309.59617774242673 P59 recvs B26 from P41 
339.4110610012828 P59 recvs B27 from P11 
339.4110610012828 P59 adds B27 to its tree
339.4110610012828 P59 mines for 188.59951311241815 seconds
340.9820116445782 P59 recvs B27 from P51 
369.2825877412184 P59 recvs B28 from P21 
369.2825877412184 P59 adds B28 to its tree
369.2825877412184 P59 mines for 317.119293922418 seconds
370.1269923708599 P59 recvs B28 from P51 
370.9000826979023 P59 recvs B28 from P25 
371.2919981479143 P59 recvs B28 from P41 
380.05864423763404 P59 recvs B29 from P11 
380.05864423763404 P59 adds B29 to its tree
380.05864423763404 P59 mines for 181.39983151367065 seconds
380.8558590815371 P59 recvs B29 from P51 
380.8641706420209 P59 recvs B29 from P21 
381.11232665542855 P59 recvs B29 from P94 
381.69696161062063 P59 recvs B29 from P25 
381.99472740666124 P59 recvs B29 from P41 
387.7415105193511 P59 recvs B30 from P11 
387.7415105193511 P59 adds B30 to its tree
387.7415105193511 P59 mines for 6.712858452678315 seconds
388.34756461547903 P59 recvs B30 from P21 
388.49186055006936 P59 recvs B30 from P51 
388.6192014895469 P59 recvs B30 from P94 
388.7764597511182 P59 recvs B30 from P25 
388.81426525932403 P59 recvs B30 from P41 
394.4543689720294 P59 mines B31
396.59175732652204 P59 recvs B31 from P51 
402.43967444615004 P59 recvs B33 from P11 
402.43967444615004 P59 adds B33 to its tree
402.43967444615004 P59 mines for 741.9479230711636 seconds
402.6023445599504 P59 recvs B32 from P11 
402.6023445599504 P59 adds B32 to its tree
403.0516856486012 P59 recvs B32 from P94 
403.3194453788989 P59 recvs B32 from P25 
403.536866362572 P59 recvs B33 from P51 
403.5515577457726 P59 recvs B33 from P21 
403.5629256524598 P59 recvs B32 from P51 
403.79199767137897 P59 recvs B32 from P41 
403.92341536232266 P59 recvs B32 from P21 
403.9463404820384 P59 recvs B33 from P94 
404.06672398403214 P59 recvs B33 from P25 
404.58127902646714 P59 recvs B33 from P41 
406.57748756263817 P59 recvs B34 from P11 
406.57748756263817 P59 adds B34 to its tree
406.57748756263817 P59 mines for 2410.181369544769 seconds
407.3489736757744 P59 recvs B34 from P51 
407.3836717291674 P59 recvs B34 from P21 
407.6223355286331 P59 recvs B34 from P94 
408.11980561139046 P59 recvs B34 from P25 
408.6763574638922 P59 recvs B34 from P41 
436.562174720343 P59 recvs B35 from P21 
436.562174720343 P59 adds B35 to its tree
436.562174720343 P59 mines for 77.98115216853391 seconds
436.60251163608046 P59 recvs B35 from P11 
437.0111770809464 P59 recvs B35 from P25 
437.0273844064995 P59 recvs B35 from P51 
437.1562912236719 P59 recvs B35 from P41 
437.4487976156322 P59 recvs B35 from P94 
438.16876636665614 P59 recvs B36 from P94 
438.16876636665614 P59 adds B36 to its tree
438.16876636665614 P59 mines for 294.14271025035544 seconds
439.73771656471536 P59 recvs B36 from P51 
446.78277293822526 P59 recvs B38 from P11 
446.78277293822526 P59 adds B38 to its tree
446.78277293822526 P59 mines for 548.7492310847617 seconds
446.9007948044249 P59 recvs B37 from P11 
446.9007948044249 P59 adds B37 to its tree
447.5162100313076 P59 recvs B37 from P21 
447.70118068704187 P59 recvs B38 from P94 
447.70890276576046 P59 recvs B38 from P21 
447.7623104001112 P59 recvs B37 from P94 
447.7863445137688 P59 recvs B37 from P51 
447.91446313865714 P59 recvs B38 from P25 
447.93276528572693 P59 recvs B38 from P51 
448.0239255979492 P59 recvs B37 from P41 
448.37915985838896 P59 recvs B38 from P41 
448.47131543839663 P59 recvs B37 from P25 
455.0268468941359 P59 recvs B39 from P94 
455.0268468941359 P59 adds B39 to its tree
455.0268468941359 P59 mines for 359.9395010780475 seconds
457.2882208819967 P59 recvs B39 from P51 
476.23078085090896 P59 recvs B40 from P11 
476.23078085090896 P59 adds B40 to its tree
476.23078085090896 P59 mines for 504.72810795876666 seconds
477.2425829371126 P59 recvs B40 from P51 
477.2584302110215 P59 recvs B40 from P21 
477.9268535631397 P59 recvs B40 from P94 
478.03576109169245 P59 recvs B40 from P25 
478.1450176438392 P59 recvs B40 from P41 
483.6571199959479 P59 recvs B41 from P11 
483.6571199959479 P59 adds B41 to its tree
483.6571199959479 P59 mines for 1860.5143312713512 seconds
483.9134875819451 P59 recvs B41 from P94 
483.9975910345882 P59 recvs B41 from P25 
484.2478831507569 P59 recvs B41 from P51 
484.27507645953074 P59 recvs B41 from P21 
484.9637403015649 P59 recvs B41 from P41 
493.7988423576198 P59 recvs B42 from P11 
493.7988423576198 P59 adds B42 to its tree
493.7988423576198 P59 mines for 426.4386823516707 seconds
494.54177671912305 P59 recvs B42 from P21 
494.64994989514196 P59 recvs B42 from P51 
494.69620860425584 P59 recvs B42 from P94 
494.82813972292104 P59 recvs B42 from P41 
494.85093113940144 P59 recvs B42 from P25 
502.71708888052973 P59 recvs B44 from P94 
502.71708888052973 P59 adds B44 to its tree
502.71708888052973 P59 mines for 1165.731881542831 seconds
502.9367409644311 P59 recvs B44 from P51 
503.0352177346209 P59 recvs B43 from P11 
503.0352177346209 P59 adds B43 to its tree
503.0595609252747 P59 recvs B43 from P94 
503.0839386823661 P59 recvs B43 from P51 
503.2021491106189 P59 recvs B44 from P21 
503.41282250063034 P59 recvs B43 from P21 
503.5475778182286 P59 recvs B44 from P25 
503.627501502066 P59 recvs B43 from P25 
504.14908246584184 P59 recvs B43 from P41 
504.52976026406816 P59 recvs B44 from P41 
526.2936183255712 P59 recvs B45 from P11 
526.2936183255712 P59 adds B45 to its tree
526.2936183255712 P59 mines for 531.8415502644527 seconds
527.0114174043183 P59 recvs B45 from P21 
527.0416208049937 P59 recvs B45 from P51 
527.4595523598628 P59 recvs B45 from P94 
527.9017983572367 P59 recvs B45 from P25 
528.3230972460415 P59 recvs B45 from P41 
548.1615547167613 P59 recvs B46 from P51 
548.1615547167613 P59 adds B46 to its tree
548.1615547167613 P59 mines for 436.91111570498845 seconds
548.2335107268947 P59 recvs B46 from P11 
548.2474432937117 P59 recvs B46 from P25 
548.6294950853912 P59 recvs B46 from P21 
548.679444312465 P59 recvs B46 from P94 
549.4488198149486 P59 recvs B46 from P41 
562.3489802150582 P59 recvs B47 from P94 
562.3489802150582 P59 adds B47 to its tree
562.3489802150582 P59 mines for 46.87900663408647 seconds
562.4148194941359 P59 recvs B47 from P11 
562.9048633225992 P59 recvs B47 from P21 
563.0532673070534 P59 recvs B47 from P51 
563.5091455120635 P59 recvs B47 from P41 
563.552335284142 P59 recvs B47 from P25 
565.637492995929 P59 recvs B48 from P21 
565.637492995929 P59 adds B48 to its tree
565.637492995929 P59 mines for 161.093720405406 seconds
565.6573215727217 P59 recvs B48 from P51 
566.253937640824 P59 recvs B48 from P11 
566.3071382120053 P59 recvs B48 from P25 
566.7259185582861 P59 recvs B48 from P94 
567.2940578904127 P59 recvs B48 from P41 
576.0188491118354 P59 recvs B49 from P94 
576.0188491118354 P59 adds B49 to its tree
576.0188491118354 P59 mines for 1198.2452490984047 seconds
576.2068524175332 P59 recvs B49 from P51 
576.4933771715774 P59 recvs B49 from P21 
576.9370816226736 P59 recvs B49 from P25 
577.7609459353007 P59 recvs B49 from P41 
589.1597061860199 P59 recvs B50 from P11 
589.1597061860199 P59 adds B50 to its tree
589.1597061860199 P59 mines for 222.10857684349452 seconds
589.6433182854183 P59 recvs B50 from P94 
589.9453590240136 P59 recvs B50 from P25 
590.2180775421947 P59 recvs B50 from P51 
590.4106798990952 P59 recvs B50 from P41 
590.4839625731714 P59 recvs B50 from P21 
594.0496053252594 P59 recvs B51 from P25 
594.0496053252594 P59 adds B51 to its tree
594.0496053252594 P59 mines for 468.6103987099249 seconds
594.0940272460122 P59 recvs B51 from P21 
594.1521547744737 P59 recvs B51 from P94 
594.6353747941499 P59 recvs B51 from P11 
594.6505537067833 P59 recvs B52 from P11 
594.6505537067833 P59 adds B52 to its tree
594.701226984007 P59 recvs B51 from P51 
594.7698137955214 P59 recvs B51 from P41 
595.3782191726975 P59 recvs B52 from P21 
595.3864005390851 P59 recvs B53 from P94 
595.3864005390851 P59 adds B53 to its tree
595.3864005390851 P59 mines for 419.15943256761653 seconds
595.4031448111118 P59 recvs B52 from P51 
595.6995030256354 P59 recvs B52 from P94 
596.1063248330041 P59 recvs B52 from P25 
596.5391596331766 P59 recvs B52 from P41 
597.4992873237791 P59 recvs B53 from P51 
