0 P60 mines for 104.62165130605197 seconds
0.7369074464138142 P60 creates T17
6.242062557720227 P60 recvs B2 from P53 
6.242062557720227 P60 adds B2 to its tree
6.242062557720227 P60 mines for 260.45640497091483 seconds
7.87373164648766 P60 recvs B2 from P50 
24.79290225147869 P60 recvs B3 from P53 
24.79290225147869 P60 adds B3 to its tree
24.79290225147869 P60 mines for 353.99015774875227 seconds
26.757685647486696 P60 recvs B3 from P41 
26.783801700929715 P60 recvs B3 from P50 
70.60679105521814 P60 recvs B4 from P53 
70.60679105521814 P60 adds B4 to its tree
70.60679105521814 P60 mines for 1381.0348549365226 seconds
71.80600227653058 P60 recvs B4 from P50 
72.12976227621327 P60 recvs B4 from P41 
76.85137916404915 P60 recvs B5 from P53 
76.85137916404915 P60 adds B5 to its tree
76.85137916404915 P60 mines for 213.420227676629 seconds
78.62036291543062 P60 recvs B5 from P41 
78.73391287566557 P60 recvs B5 from P50 
87.36963723994701 P60 recvs B6 from P53 
87.36963723994701 P60 adds B6 to its tree
87.36963723994701 P60 mines for 382.6310581653884 seconds
88.32579818921792 P60 recvs B6 from P50 
88.88486523910204 P60 recvs B6 from P41 
102.4226914294765 P60 recvs B7 from P53 
102.4226914294765 P60 adds B7 to its tree
102.4226914294765 P60 mines for 162.25677937637016 seconds
103.9695341183716 P60 recvs B7 from P41 
104.24564503078729 P60 recvs B7 from P50 
110.39373098830428 P60 recvs B8 from P53 
110.39373098830428 P60 adds B8 to its tree
110.39373098830428 P60 mines for 241.61814477386616 seconds
111.64519504886059 P60 recvs B8 from P41 
112.24835626086866 P60 recvs B8 from P50 
122.57075588683361 P60 recvs B9 from P53 
122.57075588683361 P60 adds B9 to its tree
122.57075588683361 P60 mines for 226.93954551413316 seconds
124.02102026158188 P60 recvs B9 from P41 
124.19125903369344 P60 recvs B9 from P50 
130.49098587413013 P60 recvs B10 from P53 
130.49098587413013 P60 adds B10 to its tree
130.49098587413013 P60 mines for 9.281410198839463 seconds
132.59834405819032 P60 recvs B10 from P41 
132.6869617371183 P60 recvs B10 from P50 
139.7723960729696 P60 mines B11
156.06078437170132 P60 recvs B12 from P53 
156.06078437170132 P60 adds B12 to its tree
156.06078437170132 P60 mines for 76.20709556426245 seconds
157.28667064128757 P60 recvs B12 from P50 
157.5277473963013 P60 recvs B12 from P41 
170.14520182171958 P60 recvs B13 from P53 
170.14520182171958 P60 adds B13 to its tree
170.14520182171958 P60 mines for 321.0191959029769 seconds
171.22581816251565 P60 recvs B13 from P41 
171.73207029767522 P60 recvs B13 from P50 
185.58490153158573 P60 recvs B14 from P53 
185.58490153158573 P60 adds B14 to its tree
185.58490153158573 P60 mines for 134.74097081891233 seconds
186.1402114063374 P60 recvs B14 from P50 
187.47532811718085 P60 recvs B14 from P41 
201.40202981882044 P60 recvs B15 from P50 
201.40202981882044 P60 adds B15 to its tree
201.40202981882044 P60 mines for 777.8870930017475 seconds
202.43180875713716 P60 recvs B15 from P53 
213.18261613878826 P60 recvs B16 from P53 
213.18261613878826 P60 adds B16 to its tree
213.18261613878826 P60 mines for 21.055710348584338 seconds
213.5782590914868 P60 recvs B17 from P53 
213.5782590914868 P60 adds B17 to its tree
215.16680780026886 P60 recvs B16 from P41 
215.2330935641385 P60 recvs B16 from P50 
215.34036029806143 P60 recvs B17 from P50 
215.52591006194535 P60 recvs B17 from P41 
221.18590771513897 P60 recvs B18 from P53 
221.18590771513897 P60 adds B18 to its tree
221.18590771513897 P60 mines for 2206.662261098713 seconds
221.60393243665519 P60 recvs B19 from P50 
221.60393243665519 P60 adds B19 to its tree
222.46864492580355 P60 recvs B18 from P50 
222.60660908658005 P60 recvs B18 from P41 
222.6668616245726 P60 recvs B19 from P53 
230.4088839247158 P60 recvs B20 from P53 
230.4088839247158 P60 adds B20 to its tree
230.4088839247158 P60 mines for 906.3873793589325 seconds
230.8298856123487 P60 recvs B20 from P50 
232.252833744829 P60 recvs B20 from P41 
252.7958757136553 P60 recvs B21 from P53 
252.7958757136553 P60 adds B21 to its tree
252.7958757136553 P60 mines for 1975.5621457707762 seconds
253.75946386465014 P60 recvs B21 from P41 
254.45480993453742 P60 recvs B21 from P50 
259.889575811004 P60 recvs B22 from P53 
259.889575811004 P60 adds B22 to its tree
259.889575811004 P60 mines for 201.3563803473396 seconds
261.1068686646008 P60 recvs B22 from P50 
261.36485579847147 P60 recvs B22 from P41 
287.4187561825354 P60 recvs B23 from P53 
287.4187561825354 P60 adds B23 to its tree
287.4187561825354 P60 mines for 183.6455755671665 seconds
288.5604939717155 P60 recvs B23 from P50 
288.886216359209 P60 recvs B23 from P41 
296.03345370557093 P60 recvs B24 from P53 
296.03345370557093 P60 adds B24 to its tree
296.03345370557093 P60 mines for 91.92964788204567 seconds
297.68895563640666 P60 recvs B24 from P41 
298.07637332660727 P60 recvs B24 from P50 
307.6545843413272 P60 recvs B25 from P53 
307.6545843413272 P60 adds B25 to its tree
307.6545843413272 P60 mines for 208.21040613648978 seconds
308.21277664744593 P60 recvs B26 from P53 
308.21277664744593 P60 adds B26 to its tree
308.5111372064072 P60 recvs B25 from P50 
309.04625653227356 P60 recvs B26 from P50 
309.13624324534135 P60 recvs B25 from P41 
310.11593268383405 P60 recvs B26 from P41 
340.9360071372232 P60 recvs B27 from P53 
340.9360071372232 P60 adds B27 to its tree
340.9360071372232 P60 mines for 624.1323747497637 seconds
341.7795070801918 P60 recvs B27 from P41 
341.8694427593144 P60 recvs B27 from P50 
369.61257786289667 P60 recvs B28 from P53 
369.61257786289667 P60 adds B28 to its tree
369.61257786289667 P60 mines for 114.61610751717583 seconds
371.0050104547838 P60 recvs B28 from P50 
380.46215917272787 P60 recvs B29 from P53 
380.46215917272787 P60 adds B29 to its tree
380.46215917272787 P60 mines for 50.546453701215626 seconds
381.9308571676895 P60 recvs B29 from P50 
382.5585953342789 P60 recvs B29 from P41 
387.13632550948773 P60 recvs B30 from P53 
387.13632550948773 P60 adds B30 to its tree
387.13632550948773 P60 mines for 843.5609078731411 seconds
395.9890593974007 P60 recvs B31 from P53 
395.9890593974007 P60 adds B31 to its tree
395.9890593974007 P60 mines for 326.31991214365087 seconds
396.83623102213454 P60 recvs B31 from P41 
397.97435212170274 P60 recvs B31 from P50 
402.56388135407985 P60 recvs B32 from P53 
402.56388135407985 P60 adds B32 to its tree
402.56388135407985 P60 mines for 938.9144492985861 seconds
403.43284639145446 P60 recvs B33 from P53 
403.43284639145446 P60 adds B33 to its tree
404.29459444991403 P60 recvs B32 from P41 
404.5158878473899 P60 recvs B32 from P50 
404.77981610995835 P60 recvs B33 from P50 
405.12112543724004 P60 recvs B33 from P41 
406.899235344134 P60 recvs B34 from P53 
406.899235344134 P60 adds B34 to its tree
406.899235344134 P60 mines for 333.09056703938325 seconds
408.3267965843837 P60 recvs B34 from P50 
435.42067223150593 P60 recvs B35 from P50 
435.42067223150593 P60 adds B35 to its tree
435.42067223150593 P60 mines for 276.7541342101817 seconds
436.4307484145892 P60 recvs B35 from P53 
439.3321238537165 P60 recvs B36 from P53 
439.3321238537165 P60 adds B36 to its tree
439.3321238537165 P60 mines for 650.6274257221 seconds
440.62489353987934 P60 recvs B36 from P41 
440.78475685284633 P60 recvs B36 from P50 
446.3396192899111 P60 recvs B37 from P53 
446.3396192899111 P60 adds B37 to its tree
446.3396192899111 P60 mines for 214.63703898494632 seconds
447.0794261708253 P60 recvs B38 from P53 
447.0794261708253 P60 adds B38 to its tree
448.699761333655 P60 recvs B38 from P50 
448.8771215451796 P60 recvs B38 from P41 
456.12309900129617 P60 recvs B39 from P53 
456.12309900129617 P60 adds B39 to its tree
456.12309900129617 P60 mines for 665.8117173729972 seconds
457.37629965351726 P60 recvs B39 from P41 
458.2181886316923 P60 recvs B39 from P50 
477.10940914299624 P60 recvs B40 from P53 
477.10940914299624 P60 adds B40 to its tree
477.10940914299624 P60 mines for 1039.0555436303762 seconds
478.5984758929295 P60 recvs B40 from P50 
478.68218365383274 P60 recvs B40 from P41 
483.9669089153473 P60 recvs B41 from P53 
483.9669089153473 P60 adds B41 to its tree
483.9669089153473 P60 mines for 195.45260684924713 seconds
484.98095460615076 P60 recvs B41 from P50 
485.4710811844881 P60 recvs B41 from P41 
493.9568869409881 P60 recvs B42 from P53 
493.9568869409881 P60 adds B42 to its tree
493.9568869409881 P60 mines for 146.47683516477295 seconds
495.2812357492976 P60 recvs B42 from P50 
495.33611785309074 P60 recvs B42 from P41 
502.94900799028954 P60 recvs B43 from P53 
502.94900799028954 P60 adds B43 to its tree
502.94900799028954 P60 mines for 75.48430876751738 seconds
503.0311900754557 P60 recvs B44 from P53 
503.0311900754557 P60 adds B44 to its tree
504.0308585896971 P60 recvs B44 from P50 
504.69776340416695 P60 recvs B43 from P41 
504.8133525271255 P60 recvs B43 from P50 
505.0371382405384 P60 recvs B44 from P41 
526.5692660587013 P60 recvs B45 from P53 
526.5692660587013 P60 adds B45 to its tree
526.5692660587013 P60 mines for 118.41329703942442 seconds
528.2501091634898 P60 recvs B45 from P50 
548.3533224522481 P60 recvs B46 from P53 
548.3533224522481 P60 adds B46 to its tree
548.3533224522481 P60 mines for 367.51864584099485 seconds
549.9508678551907 P60 recvs B46 from P41 
550.2648366976965 P60 recvs B46 from P50 
562.349548341553 P60 recvs B47 from P53 
562.349548341553 P60 adds B47 to its tree
562.349548341553 P60 mines for 127.92283504691619 seconds
562.7029560552232 P60 recvs B47 from P50 
564.01833302689 P60 recvs B47 from P41 
565.5529253874705 P60 recvs B48 from P53 
565.5529253874705 P60 adds B48 to its tree
565.5529253874705 P60 mines for 723.7683995782149 seconds
567.7874862782442 P60 recvs B48 from P50 
576.4168499827698 P60 recvs B49 from P53 
576.4168499827698 P60 adds B49 to its tree
576.4168499827698 P60 mines for 510.95278408118065 seconds
577.3840563003228 P60 recvs B49 from P50 
578.2742396020767 P60 recvs B49 from P41 
589.1618892912823 P60 recvs B50 from P53 
589.1618892912823 P60 adds B50 to its tree
589.1618892912823 P60 mines for 611.1980360815114 seconds
590.930849877967 P60 recvs B50 from P41 
591.0287579560816 P60 recvs B50 from P50 
593.6240855206332 P60 recvs B51 from P53 
593.6240855206332 P60 adds B51 to its tree
593.6240855206332 P60 mines for 239.0522364063755 seconds
595.0611676446335 P60 recvs B52 from P53 
595.0611676446335 P60 adds B52 to its tree
595.2809661926592 P60 recvs B51 from P41 
595.6972060645525 P60 recvs B51 from P50 
596.3601016946382 P60 recvs B52 from P50 
596.5699089721226 P60 recvs B53 from P53 
596.5699089721226 P60 adds B53 to its tree
596.5699089721226 P60 mines for 404.1943884468583 seconds
597.0681091975531 P60 recvs B52 from P41 
597.7276391838531 P60 recvs B53 from P41 
598.568321846287 P60 recvs B53 from P50 
