0 P61 mines for 70.35475308830074 seconds
5.65812244232644 P61 recvs B2 from P48 
5.65812244232644 P61 adds B2 to its tree
5.65812244232644 P61 mines for 28.110485854539466 seconds
6.7789011433727335 P61 recvs B2 from P19 
7.093390519235682 P61 recvs B2 from P74 
7.134890955242159 P61 recvs B2 from P75 
7.805019626906211 P61 recvs B2 from P12 
25.12701046120216 P61 recvs B3 from P19 
25.12701046120216 P61 adds B3 to its tree
25.12701046120216 P61 mines for 1823.343129300465 seconds
25.305197727349423 P61 recvs B3 from P48 
25.442370741509635 P61 recvs B3 from P74 
25.87285364936335 P61 recvs B3 from P75 
26.067382868305156 P61 recvs B3 from P12 
69.993722040322 P61 recvs B4 from P19 
69.993722040322 P61 adds B4 to its tree
69.993722040322 P61 mines for 204.44837756935948 seconds
70.34431321466037 P61 recvs B4 from P74 
70.8718385301033 P61 recvs B4 from P48 
71.85464445702378 P61 recvs B4 from P75 
77.39359408053147 P61 recvs B5 from P48 
77.39359408053147 P61 adds B5 to its tree
77.39359408053147 P61 mines for 1082.8642726511812 seconds
77.81359856953604 P61 recvs B5 from P19 
78.06829977024802 P61 recvs B5 from P12 
78.07477485390238 P61 recvs B5 from P74 
78.12428760417686 P61 recvs B5 from P75 
86.72218241755924 P61 recvs B6 from P19 
86.72218241755924 P61 adds B6 to its tree
86.72218241755924 P61 mines for 808.5485571808318 seconds
86.89651438461706 P61 recvs B6 from P48 
87.13364763716997 P61 recvs B6 from P74 
88.56698804020391 P61 recvs B6 from P75 
88.89403128380228 P61 recvs B6 from P12 
102.90312132751123 P61 recvs B7 from P48 
102.90312132751123 P61 adds B7 to its tree
102.90312132751123 P61 mines for 2471.6246794912295 seconds
103.0939224246546 P61 recvs B7 from P74 
103.11730161328849 P61 recvs B7 from P19 
103.53180407953312 P61 recvs B7 from P75 
103.7117535445379 P61 recvs B7 from P12 
110.73689584110673 P61 recvs B8 from P48 
110.73689584110673 P61 adds B8 to its tree
110.73689584110673 P61 mines for 96.63142072100777 seconds
111.62481475866372 P61 recvs B8 from P12 
111.73768673588052 P61 recvs B8 from P74 
111.81238131643637 P61 recvs B8 from P75 
111.82104730403438 P61 recvs B8 from P19 
122.20967739907636 P61 recvs B9 from P19 
122.20967739907636 P61 adds B9 to its tree
122.20967739907636 P61 mines for 432.22910075794414 seconds
122.45327500053827 P61 recvs B9 from P75 
122.61794825208361 P61 recvs B9 from P48 
122.61913115536758 P61 recvs B9 from P74 
123.75545839650141 P61 recvs B9 from P12 
130.9795157367779 P61 recvs B10 from P19 
130.9795157367779 P61 adds B10 to its tree
130.9795157367779 P61 mines for 215.03168063204885 seconds
131.09062455741903 P61 recvs B10 from P48 
131.37035597751202 P61 recvs B10 from P74 
131.74227041524517 P61 recvs B10 from P12 
131.75313206647704 P61 recvs B10 from P75 
142.4811906414227 P61 recvs B11 from P74 
142.4811906414227 P61 adds B11 to its tree
142.4811906414227 P61 mines for 369.1565077366078 seconds
142.66165327114788 P61 recvs B11 from P19 
142.69466259083367 P61 recvs B11 from P48 
143.06554431691762 P61 recvs B11 from P75 
143.28389980828402 P61 recvs B11 from P12 
155.3970683258797 P61 recvs B12 from P19 
155.3970683258797 P61 adds B12 to its tree
155.3970683258797 P61 mines for 194.44016515298006 seconds
155.84074531757537 P61 recvs B12 from P74 
156.11002857850053 P61 recvs B12 from P48 
157.19705340075427 P61 recvs B12 from P75 
170.0853987040804 P61 recvs B13 from P19 
170.0853987040804 P61 adds B13 to its tree
170.0853987040804 P61 mines for 208.10279807773887 seconds
170.47535017962582 P61 recvs B13 from P74 
170.86406502131393 P61 recvs B13 from P48 
171.4892468679681 P61 recvs B13 from P12 
171.7737129464004 P61 recvs B13 from P75 
185.54895671481586 P61 recvs B14 from P48 
185.54895671481586 P61 adds B14 to its tree
185.54895671481586 P61 mines for 477.59762302190614 seconds
185.7183884492051 P61 recvs B14 from P74 
186.25948807138008 P61 recvs B14 from P19 
187.22360688535892 P61 recvs B14 from P75 
187.3816530809226 P61 recvs B14 from P12 
202.5824662200313 P61 recvs B15 from P48 
202.5824662200313 P61 adds B15 to its tree
202.5824662200313 P61 mines for 288.40272525060584 seconds
202.74484622308742 P61 recvs B15 from P19 
203.0387578450894 P61 recvs B15 from P12 
203.08385706544047 P61 recvs B15 from P75 
203.3105836560108 P61 recvs B15 from P74 
213.42591687746767 P61 recvs B16 from P19 
213.42591687746767 P61 adds B16 to its tree
213.42591687746767 P61 mines for 236.69042901798204 seconds
213.64497371376717 P61 recvs B16 from P48 
213.82235203806115 P61 recvs B17 from P48 
213.82235203806115 P61 adds B17 to its tree
213.8847370430098 P61 recvs B16 from P74 
214.268635497475 P61 recvs B16 from P75 
214.42109584589437 P61 recvs B16 from P12 
214.78082723597507 P61 recvs B17 from P74 
215.09500128478183 P61 recvs B17 from P75 
215.16337474859932 P61 recvs B17 from P19 
215.8160748594897 P61 recvs B17 from P12 
220.21556661827523 P61 recvs B18 from P48 
220.21556661827523 P61 adds B18 to its tree
220.21556661827523 P61 mines for 404.05890638128005 seconds
220.4665969380353 P61 recvs B18 from P75 
220.57205566939996 P61 recvs B18 from P19 
221.31653078478396 P61 recvs B18 from P74 
222.12544822829986 P61 recvs B19 from P48 
222.12544822829986 P61 adds B19 to its tree
222.47298462522502 P61 recvs B18 from P12 
222.52989830957245 P61 recvs B19 from P75 
222.6679834268242 P61 recvs B19 from P19 
222.92933268422803 P61 recvs B19 from P74 
223.42002774924657 P61 recvs B19 from P12 
230.33421647780557 P61 recvs B20 from P48 
230.33421647780557 P61 adds B20 to its tree
230.33421647780557 P61 mines for 473.07563801868577 seconds
230.45617130150413 P61 recvs B20 from P74 
231.02925654769376 P61 recvs B20 from P19 
231.56970513637694 P61 recvs B20 from P75 
232.20294763319427 P61 recvs B20 from P12 
252.73123261645586 P61 recvs B21 from P19 
252.73123261645586 P61 adds B21 to its tree
252.73123261645586 P61 mines for 141.35267070804062 seconds
253.0807464581411 P61 recvs B21 from P74 
253.48058113183635 P61 recvs B21 from P48 
253.85858250841915 P61 recvs B21 from P75 
254.09323747104773 P61 recvs B21 from P12 
258.9492543878068 P61 recvs B22 from P48 
258.9492543878068 P61 adds B22 to its tree
258.9492543878068 P61 mines for 204.04522864090455 seconds
259.1392666978838 P61 recvs B22 from P75 
259.27821324921047 P61 recvs B22 from P19 
260.1531776721663 P61 recvs B22 from P74 
261.2559608010604 P61 recvs B22 from P12 
286.7664049850011 P61 recvs B23 from P19 
286.7664049850011 P61 adds B23 to its tree
286.7664049850011 P61 mines for 187.07709794862714 seconds
287.1694134791124 P61 recvs B23 from P74 
287.571779262675 P61 recvs B23 from P48 
287.9732070450075 P61 recvs B23 from P75 
288.6643150592912 P61 recvs B23 from P12 
296.35007886649805 P61 recvs B24 from P12 
296.35007886649805 P61 adds B24 to its tree
296.35007886649805 P61 mines for 175.03972233155267 seconds
297.1036344615991 P61 recvs B24 from P48 
297.1696057704216 P61 recvs B24 from P19 
297.313202532601 P61 recvs B24 from P74 
297.3699696251968 P61 recvs B24 from P75 
305.99218798629414 P61 recvs B25 from P75 
305.99218798629414 P61 adds B25 to its tree
305.99218798629414 P61 mines for 2307.939160064719 seconds
306.88460403259006 P61 recvs B25 from P48 
307.1747801628555 P61 recvs B25 from P19 
307.3382634840831 P61 recvs B25 from P74 
308.44953179656824 P61 recvs B26 from P19 
308.44953179656824 P61 adds B26 to its tree
308.7312714571021 P61 recvs B26 from P48 
308.8159297738177 P61 recvs B26 from P74 
309.2546598510642 P61 recvs B26 from P75 
309.4901233694849 P61 recvs B26 from P12 
340.00470727616414 P61 recvs B27 from P48 
340.00470727616414 P61 adds B27 to its tree
340.00470727616414 P61 mines for 1279.2932634160295 seconds
341.11611481445095 P61 recvs B27 from P19 
341.73451544189885 P61 recvs B27 from P75 
342.1448571772798 P61 recvs B27 from P12 
370.4881459458574 P61 recvs B28 from P48 
370.4881459458574 P61 adds B28 to its tree
370.4881459458574 P61 mines for 2181.8154509869787 seconds
370.69016284157476 P61 recvs B28 from P19 
370.81632614357756 P61 recvs B28 from P12 
371.15598629608996 P61 recvs B28 from P74 
371.35599073487 P61 recvs B28 from P75 
379.82084674016596 P61 recvs B29 from P48 
379.82084674016596 P61 adds B29 to its tree
379.82084674016596 P61 mines for 380.4967838929908 seconds
381.2657693202312 P61 recvs B29 from P19 
381.32320026715485 P61 recvs B29 from P75 
381.9804951356689 P61 recvs B29 from P12 
387.46786500967363 P61 recvs B30 from P48 
387.46786500967363 P61 adds B30 to its tree
387.46786500967363 P61 mines for 408.00632338320366 seconds
388.4743203139494 P61 recvs B30 from P19 
388.51199726393804 P61 recvs B30 from P74 
389.116265310842 P61 recvs B30 from P75 
389.21257035675046 P61 recvs B30 from P12 
395.69227468729156 P61 recvs B31 from P48 
395.69227468729156 P61 adds B31 to its tree
395.69227468729156 P61 mines for 135.37993162960748 seconds
396.8133904028609 P61 recvs B31 from P19 
397.0829427320177 P61 recvs B31 from P75 
397.2220695707184 P61 recvs B31 from P12 
402.6425671143879 P61 recvs B33 from P48 
402.6425671143879 P61 adds B33 to its tree
402.6425671143879 P61 mines for 891.3816704540629 seconds
402.8314076506739 P61 recvs B33 from P75 
402.8440678162453 P61 recvs B32 from P48 
402.8440678162453 P61 adds B32 to its tree
402.9969784719398 P61 recvs B33 from P19 
403.5137422311121 P61 recvs B32 from P19 
403.7337815705486 P61 recvs B33 from P74 
403.80229721194746 P61 recvs B32 from P12 
403.81994661773916 P61 recvs B32 from P74 
403.8413458159189 P61 recvs B32 from P75 
404.6601581240918 P61 recvs B33 from P12 
406.3461055768638 P61 recvs B34 from P48 
406.3461055768638 P61 adds B34 to its tree
406.3461055768638 P61 mines for 410.55687282370207 seconds
407.4388070683519 P61 recvs B34 from P19 
407.81111260323144 P61 recvs B34 from P75 
408.4605747595373 P61 recvs B34 from P12 
436.6551331781908 P61 recvs B35 from P48 
436.6551331781908 P61 adds B35 to its tree
436.6551331781908 P61 mines for 714.832536865806 seconds
436.7604336542494 P61 recvs B35 from P19 
437.07468487123134 P61 recvs B35 from P12 
437.1140840825022 P61 recvs B35 from P75 
437.387755013504 P61 recvs B35 from P74 
439.35735124873935 P61 recvs B36 from P48 
439.35735124873935 P61 adds B36 to its tree
439.35735124873935 P61 mines for 5.519456896678522 seconds
440.1672580688031 P61 recvs B36 from P19 
440.2926182967666 P61 recvs B36 from P74 
440.6971576666311 P61 recvs B36 from P75 
440.9720445383734 P61 recvs B36 from P12 
444.8768081454179 P61 mines B38
446.6539707524086 P61 recvs B37 from P48 
446.6539707524086 P61 adds B37 to its tree
447.70756821538305 P61 recvs B37 from P19 
447.73290865109306 P61 recvs B37 from P74 
447.8809175613964 P61 recvs B37 from P75 
448.7298019348237 P61 recvs B37 from P12 
456.30946563366274 P61 recvs B39 from P48 
456.30946563366274 P61 adds B39 to its tree
456.30946563366274 P61 mines for 708.3833331883974 seconds
457.1781762547904 P61 recvs B39 from P74 
457.36801938646335 P61 recvs B39 from P19 
457.582891197574 P61 recvs B39 from P75 
457.91362729624547 P61 recvs B39 from P12 
476.2575647857161 P61 recvs B40 from P48 
476.2575647857161 P61 adds B40 to its tree
476.2575647857161 P61 mines for 242.7350689548951 seconds
477.4230048253983 P61 recvs B40 from P19 
478.0792566826247 P61 recvs B40 from P75 
478.3888895940546 P61 recvs B40 from P12 
483.2653207112977 P61 recvs B41 from P19 
483.2653207112977 P61 adds B41 to its tree
483.2653207112977 P61 mines for 615.8865595677088 seconds
483.577964976408 P61 recvs B41 from P48 
483.6960988805626 P61 recvs B41 from P74 
485.21426874513946 P61 recvs B41 from P75 
485.3857741703239 P61 recvs B41 from P12 
493.6121643389396 P61 recvs B42 from P48 
493.6121643389396 P61 adds B42 to its tree
493.6121643389396 P61 mines for 92.7082052500366 seconds
494.499737960751 P61 recvs B42 from P19 
494.5082838644499 P61 recvs B42 from P74 
495.21117955677477 P61 recvs B42 from P75 
495.66836634272846 P61 recvs B42 from P12 
502.81150410351296 P61 recvs B43 from P48 
502.81150410351296 P61 adds B43 to its tree
502.81150410351296 P61 mines for 696.2305916535973 seconds
503.32992750356755 P61 recvs B44 from P19 
503.32992750356755 P61 adds B44 to its tree
503.46125588763954 P61 recvs B43 from P19 
503.60773030246867 P61 recvs B44 from P48 
503.79198468045126 P61 recvs B44 from P74 
503.7959529401637 P61 recvs B43 from P75 
503.9254470769641 P61 recvs B43 from P74 
504.1642256687551 P61 recvs B44 from P75 
504.330896673272 P61 recvs B44 from P12 
504.38284067111545 P61 recvs B43 from P12 
526.002333820602 P61 recvs B45 from P48 
526.002333820602 P61 adds B45 to its tree
526.002333820602 P61 mines for 85.34047894258006 seconds
527.1870439074825 P61 recvs B45 from P19 
527.5915200619677 P61 recvs B45 from P75 
528.0799559426337 P61 recvs B45 from P12 
548.0802462648147 P61 recvs B46 from P19 
548.0802462648147 P61 adds B46 to its tree
548.0802462648147 P61 mines for 592.391352996875 seconds
548.3724151150154 P61 recvs B46 from P75 
548.4437531440874 P61 recvs B46 from P48 
548.5399902943922 P61 recvs B46 from P74 
549.8605372981169 P61 recvs B46 from P12 
562.1051063150252 P61 recvs B47 from P48 
562.1051063150252 P61 adds B47 to its tree
562.1051063150252 P61 mines for 115.17667148079144 seconds
562.1642994994468 P61 recvs B47 from P74 
562.8067798385051 P61 recvs B47 from P19 
563.4281241189285 P61 recvs B47 from P75 
563.6719290595269 P61 recvs B47 from P12 
566.0892083307328 P61 recvs B48 from P48 
566.0892083307328 P61 adds B48 to its tree
566.0892083307328 P61 mines for 127.36438214510629 seconds
566.1632316932793 P61 recvs B48 from P19 
566.4604246969697 P61 recvs B48 from P74 
566.8130674810534 P61 recvs B48 from P12 
566.9288410121679 P61 recvs B48 from P75 
576.6934454607383 P61 recvs B49 from P19 
576.6934454607383 P61 adds B49 to its tree
576.6934454607383 P61 mines for 215.9472522781673 seconds
576.8374150099153 P61 recvs B49 from P48 
577.023818628697 P61 recvs B49 from P74 
577.510871364575 P61 recvs B49 from P75 
577.7170467543772 P61 recvs B49 from P12 
589.4055227951535 P61 recvs B50 from P48 
589.4055227951535 P61 adds B50 to its tree
589.4055227951535 P61 mines for 356.44219411414286 seconds
590.0919074239446 P61 recvs B50 from P19 
590.3831332896898 P61 recvs B50 from P74 
590.3933102814052 P61 recvs B50 from P12 
590.4489669113165 P61 recvs B50 from P75 
593.9223497946905 P61 recvs B51 from P12 
593.9223497946905 P61 adds B51 to its tree
593.9223497946905 P61 mines for 14.046245666594713 seconds
594.368832875715 P61 recvs B52 from P48 
594.368832875715 P61 adds B52 to its tree
594.5359370950526 P61 recvs B51 from P19 
594.6622407448168 P61 recvs B51 from P48 
594.859692497993 P61 recvs B51 from P74 
594.9626984602685 P61 recvs B51 from P75 
595.3956550510989 P61 recvs B52 from P19 
595.8201814088718 P61 recvs B52 from P74 
595.832467022083 P61 recvs B52 from P75 
596.4421803214644 P61 recvs B52 from P12 
596.6615623380991 P61 recvs B53 from P48 
596.6615623380991 P61 adds B53 to its tree
596.6615623380991 P61 mines for 400.3061275559974 seconds
597.5754137938392 P61 recvs B53 from P74 
597.6888393263503 P61 recvs B53 from P19 
598.0029458817664 P61 recvs B53 from P75 
598.2948588391249 P61 recvs B53 from P12 
