0 P65 mines for 159.91400060054787 seconds
5.370707979233058 P65 recvs B2 from P11 
5.370707979233058 P65 adds B2 to its tree
5.370707979233058 P65 mines for 619.4829915700639 seconds
5.546234343294525 P65 recvs B2 from P33 
5.660443549872522 P65 recvs B2 from P0 
6.278704504299117 P65 recvs B2 from P99 
6.594449677679454 P65 recvs B2 from P64 
7.19171369465458 P65 recvs B2 from P19 
24.52302009148113 P65 recvs B3 from P99 
24.52302009148113 P65 adds B3 to its tree
24.52302009148113 P65 mines for 426.2030755571366 seconds
24.67880055926155 P65 recvs B3 from P33 
25.012504358452368 P65 recvs B3 from P11 
25.18430270194169 P65 recvs B3 from P0 
25.545575174738477 P65 recvs B3 from P19 
26.366262821919864 P65 recvs B3 from P64 
69.96316752540899 P65 recvs B4 from P11 
69.96316752540899 P65 adds B4 to its tree
69.96316752540899 P65 mines for 651.3323025075351 seconds
70.39497347595352 P65 recvs B4 from P19 
70.76095984691679 P65 recvs B4 from P33 
70.9042639822096 P65 recvs B4 from P0 
71.31710085460601 P65 recvs B4 from P99 
72.15757720430888 P65 recvs B4 from P64 
76.33097670993713 P65 recvs B5 from P11 
76.33097670993713 P65 adds B5 to its tree
76.33097670993713 P65 mines for 425.3677540598396 seconds
77.0018429968009 P65 recvs B5 from P0 
77.26086121766251 P65 recvs B5 from P33 
77.81365231628796 P65 recvs B5 from P99 
78.24308498902245 P65 recvs B5 from P19 
86.58661867423048 P65 recvs B6 from P11 
86.58661867423048 P65 adds B6 to its tree
86.58661867423048 P65 mines for 211.93060461119092 seconds
86.7277984925385 P65 recvs B6 from P33 
86.89991064966497 P65 recvs B6 from P0 
87.1280505263592 P65 recvs B6 from P19 
87.37295711209273 P65 recvs B6 from P99 
88.93666062749332 P65 recvs B6 from P64 
101.82553951632954 P65 recvs B7 from P33 
101.82553951632954 P65 adds B7 to its tree
101.82553951632954 P65 mines for 276.3192824892671 seconds
102.18876212118032 P65 recvs B7 from P99 
102.35914040067851 P65 recvs B7 from P0 
102.55419079582258 P65 recvs B7 from P11 
103.53273015193692 P65 recvs B7 from P19 
104.04165434910134 P65 recvs B7 from P64 
110.41172661477557 P65 recvs B8 from P0 
110.41172661477557 P65 adds B8 to its tree
110.41172661477557 P65 mines for 1366.07722082135 seconds
110.42911070359979 P65 recvs B8 from P11 
110.57983283739443 P65 recvs B8 from P33 
111.2653373281097 P65 recvs B8 from P99 
111.73180193684163 P65 recvs B8 from P64 
112.22039131069084 P65 recvs B8 from P19 
121.74875166953998 P65 recvs B9 from P11 
121.74875166953998 P65 adds B9 to its tree
121.74875166953998 P65 mines for 335.0259618104945 seconds
122.156304814925 P65 recvs B9 from P99 
122.32315967822565 P65 recvs B9 from P33 
122.35423650177118 P65 recvs B9 from P0 
122.65025849835644 P65 recvs B9 from P19 
123.50854625040235 P65 recvs B9 from P64 
130.30013150542948 P65 recvs B10 from P99 
130.30013150542948 P65 adds B10 to its tree
130.30013150542948 P65 mines for 46.33538267861467 seconds
130.3840569536982 P65 recvs B10 from P33 
130.73887574827262 P65 recvs B10 from P11 
130.95008912391407 P65 recvs B10 from P0 
131.40414258223797 P65 recvs B10 from P19 
132.2795128141976 P65 recvs B10 from P64 
141.62055043256032 P65 recvs B11 from P33 
141.62055043256032 P65 adds B11 to its tree
141.62055043256032 P65 mines for 781.0489406986571 seconds
141.62064336651477 P65 recvs B11 from P0 
142.07383888054522 P65 recvs B11 from P11 
143.09412813709446 P65 recvs B11 from P99 
143.11277322871786 P65 recvs B11 from P19 
144.1776522973205 P65 recvs B11 from P64 
155.2924654467823 P65 recvs B12 from P11 
155.2924654467823 P65 adds B12 to its tree
155.2924654467823 P65 mines for 267.37491989208695 seconds
155.80903953905408 P65 recvs B12 from P19 
156.13397988253686 P65 recvs B12 from P33 
156.6494948304356 P65 recvs B12 from P99 
157.58244739866535 P65 recvs B12 from P64 
169.8613795320273 P65 recvs B13 from P0 
169.8613795320273 P65 adds B13 to its tree
169.8613795320273 P65 mines for 143.80992115424473 seconds
169.9367209913483 P65 recvs B13 from P11 
170.50473470681266 P65 recvs B13 from P19 
170.83941569489883 P65 recvs B13 from P33 
171.24475066605132 P65 recvs B13 from P99 
171.89438506479945 P65 recvs B13 from P64 
185.28000321811427 P65 recvs B14 from P11 
185.28000321811427 P65 adds B14 to its tree
185.28000321811427 P65 mines for 1625.6410066229898 seconds
185.41932286572236 P65 recvs B14 from P33 
185.44128881819873 P65 recvs B14 from P0 
186.01442302637673 P65 recvs B14 from P99 
186.5507367375484 P65 recvs B14 from P64 
186.66031722319863 P65 recvs B14 from P19 
201.00232708513101 P65 recvs B15 from P33 
201.00232708513101 P65 adds B15 to its tree
201.00232708513101 P65 mines for 25.064711594380306 seconds
203.14382943468743 P65 recvs B15 from P19 
212.90524033425706 P65 recvs B16 from P99 
212.90524033425706 P65 adds B16 to its tree
212.90524033425706 P65 mines for 5.518867412746152 seconds
213.01488813722275 P65 recvs B16 from P33 
213.2470057482065 P65 recvs B16 from P11 
213.53712515167226 P65 recvs B16 from P0 
213.54762478826322 P65 recvs B17 from P11 
213.54762478826322 P65 adds B17 to its tree
213.62202653616674 P65 recvs B17 from P0 
213.84410908408563 P65 recvs B16 from P19 
213.93082199584885 P65 recvs B17 from P33 
214.30780214715193 P65 recvs B17 from P99 
214.698806843655 P65 recvs B16 from P64 
215.46590498323576 P65 recvs B17 from P64 
215.60059924764127 P65 recvs B17 from P19 
218.4241077470032 P65 mines B18
221.070752892541 P65 recvs B19 from P0 
221.070752892541 P65 adds B19 to its tree
221.4139731045314 P65 recvs B19 from P33 
229.97459472156012 P65 recvs B20 from P11 
229.97459472156012 P65 adds B20 to its tree
229.97459472156012 P65 mines for 154.97463191564916 seconds
230.162881932856 P65 recvs B20 from P0 
230.18137989687702 P65 recvs B20 from P33 
230.8412196739933 P65 recvs B20 from P99 
231.22685080573774 P65 recvs B20 from P64 
231.45820098720264 P65 recvs B20 from P19 
252.43584219804188 P65 recvs B21 from P0 
252.43584219804188 P65 adds B21 to its tree
252.43584219804188 P65 mines for 4.745200488191754 seconds
252.7681458019892 P65 recvs B21 from P11 
253.13722230099737 P65 recvs B21 from P19 
253.5038852323372 P65 recvs B21 from P33 
253.83746191071165 P65 recvs B21 from P99 
254.42693987368966 P65 recvs B21 from P64 
257.18104268623364 P65 mines B22
286.509331818614 P65 recvs B23 from P0 
286.509331818614 P65 adds B23 to its tree
286.509331818614 P65 mines for 2262.0202573978627 seconds
286.64277131089864 P65 recvs B23 from P11 
287.1824741871221 P65 recvs B23 from P19 
287.4404177106471 P65 recvs B23 from P33 
295.95006955282025 P65 recvs B24 from P0 
295.95006955282025 P65 adds B24 to its tree
295.95006955282025 P65 mines for 64.90299981891543 seconds
297.6098757873798 P65 recvs B24 from P99 
297.62240824181566 P65 recvs B24 from P19 
297.65021420114107 P65 recvs B24 from P64 
305.5151437481135 P65 recvs B25 from P0 
305.5151437481135 P65 adds B25 to its tree
305.5151437481135 P65 mines for 421.6759415402987 seconds
307.8713699196143 P65 recvs B26 from P99 
307.8713699196143 P65 adds B26 to its tree
308.00012439828123 P65 recvs B26 from P33 
308.39736892518147 P65 recvs B26 from P11 
308.577462014207 P65 recvs B26 from P0 
308.8751849523309 P65 recvs B26 from P19 
309.06358976138523 P65 recvs B26 from P64 
339.3632929423663 P65 recvs B27 from P11 
339.3632929423663 P65 adds B27 to its tree
339.3632929423663 P65 mines for 144.7170323548857 seconds
340.3685734653071 P65 recvs B27 from P0 
340.4326590389615 P65 recvs B27 from P99 
340.4673933095836 P65 recvs B27 from P33 
341.53151446089527 P65 recvs B27 from P19 
369.50459174841745 P65 recvs B28 from P33 
369.50459174841745 P65 adds B28 to its tree
369.50459174841745 P65 mines for 92.94745196672274 seconds
369.8352733809682 P65 recvs B28 from P11 
370.029656366238 P65 recvs B28 from P99 
370.4336863495512 P65 recvs B28 from P64 
371.0911810745249 P65 recvs B28 from P19 
379.51636254766515 P65 recvs B29 from P11 
379.51636254766515 P65 adds B29 to its tree
379.51636254766515 P65 mines for 1709.0451349554953 seconds
379.723100428284 P65 recvs B29 from P33 
379.8876020635041 P65 recvs B29 from P0 
380.32675876032596 P65 recvs B29 from P99 
380.7709879003128 P65 recvs B29 from P64 
381.6674870614679 P65 recvs B29 from P19 
386.3238734731485 P65 recvs B30 from P99 
386.3238734731485 P65 adds B30 to its tree
386.3238734731485 P65 mines for 36.911068204763936 seconds
387.18570866168824 P65 recvs B30 from P11 
387.33280239517944 P65 recvs B30 from P0 
387.33803336683843 P65 recvs B30 from P33 
395.0256197714326 P65 recvs B31 from P11 
395.0256197714326 P65 adds B31 to its tree
395.0256197714326 P65 mines for 5.840806441848186 seconds
396.1693048842363 P65 recvs B31 from P33 
396.2382190136927 P65 recvs B31 from P99 
397.22059589090026 P65 recvs B31 from P19 
400.8664262132808 P65 mines B33
402.03006132243354 P65 recvs B32 from P11 
402.03006132243354 P65 adds B32 to its tree
402.6721907360765 P65 recvs B32 from P0 
402.9300727685944 P65 recvs B32 from P33 
403.3587055226869 P65 recvs B32 from P99 
403.9183948692266 P65 recvs B32 from P19 
406.04939754153054 P65 recvs B34 from P11 
406.04939754153054 P65 adds B34 to its tree
406.04939754153054 P65 mines for 1754.975281479802 seconds
406.18270942805975 P65 recvs B34 from P33 
406.3617373471449 P65 recvs B34 from P0 
406.8651999844598 P65 recvs B34 from P99 
407.869108488055 P65 recvs B34 from P19 
408.7785255549647 P65 recvs B34 from P64 
435.06518018875255 P65 recvs B35 from P33 
435.06518018875255 P65 adds B35 to its tree
435.06518018875255 P65 mines for 496.26317804379323 seconds
437.16247519843387 P65 recvs B35 from P19 
438.7148012033794 P65 recvs B36 from P11 
438.7148012033794 P65 adds B36 to its tree
438.7148012033794 P65 mines for 1110.2534511649744 seconds
439.5963630880133 P65 recvs B36 from P33 
439.6203737900166 P65 recvs B36 from P99 
440.39242487439884 P65 recvs B36 from P64 
440.5838591764123 P65 recvs B36 from P19 
446.1962377705022 P65 recvs B38 from P11 
446.1962377705022 P65 adds B38 to its tree
446.1962377705022 P65 mines for 1125.845847825592 seconds
446.36263392499274 P65 recvs B37 from P11 
446.36263392499274 P65 adds B37 to its tree
446.4857859272554 P65 recvs B37 from P0 
446.560242136961 P65 recvs B37 from P33 
446.9562262418458 P65 recvs B38 from P0 
446.9765607652447 P65 recvs B38 from P19 
447.1618446935019 P65 recvs B37 from P99 
447.1664718523575 P65 recvs B38 from P33 
447.3970387369283 P65 recvs B38 from P99 
448.1239395241143 P65 recvs B37 from P19 
448.7779576720932 P65 recvs B38 from P64 
448.86081647872976 P65 recvs B37 from P64 
455.58633486669464 P65 recvs B39 from P11 
455.58633486669464 P65 adds B39 to its tree
455.58633486669464 P65 mines for 1246.7996368444283 seconds
456.7605821443238 P65 recvs B39 from P33 
456.812875978505 P65 recvs B39 from P99 
457.77720017372144 P65 recvs B39 from P19 
457.8099197794424 P65 recvs B39 from P64 
475.71026661702393 P65 recvs B40 from P11 
475.71026661702393 P65 adds B40 to its tree
475.71026661702393 P65 mines for 47.31592851323706 seconds
476.69553344439635 P65 recvs B40 from P0 
476.73907787584386 P65 recvs B40 from P99 
476.77031744067835 P65 recvs B40 from P33 
477.8602465163089 P65 recvs B40 from P19 
483.12487037864645 P65 recvs B41 from P11 
483.12487037864645 P65 adds B41 to its tree
483.12487037864645 P65 mines for 1201.9088721236676 seconds
483.5957862845813 P65 recvs B41 from P0 
483.6353777218978 P65 recvs B41 from P33 
483.7101752659426 P65 recvs B41 from P19 
484.0834761677795 P65 recvs B41 from P99 
485.4822013539714 P65 recvs B41 from P64 
493.26772425122414 P65 recvs B42 from P11 
493.26772425122414 P65 adds B42 to its tree
493.26772425122414 P65 mines for 1426.8738658679886 seconds
493.4841576181877 P65 recvs B42 from P33 
493.5073259548629 P65 recvs B42 from P0 
494.06256725622296 P65 recvs B42 from P99 
494.8990650818187 P65 recvs B42 from P19 
495.82061292115435 P65 recvs B42 from P64 
502.3315893788549 P65 recvs B43 from P0 
502.3315893788549 P65 adds B43 to its tree
502.3315893788549 P65 mines for 531.275043847838 seconds
502.5192991874155 P65 recvs B43 from P11 
502.5912350482836 P65 recvs B43 from P33 
502.81425577606643 P65 recvs B44 from P99 
502.81425577606643 P65 adds B44 to its tree
502.8828742305156 P65 recvs B44 from P33 
503.07258901609976 P65 recvs B43 from P99 
503.31319814335217 P65 recvs B44 from P11 
503.510574477067 P65 recvs B44 from P0 
503.73569706694406 P65 recvs B44 from P19 
503.8821571513755 P65 recvs B43 from P19 
504.09419878424336 P65 recvs B44 from P64 
504.3932077501264 P65 recvs B43 from P64 
525.7626394873946 P65 recvs B45 from P11 
525.7626394873946 P65 adds B45 to its tree
525.7626394873946 P65 mines for 560.2992487260843 seconds
525.8947276596247 P65 recvs B45 from P33 
526.090041723117 P65 recvs B45 from P0 
526.5279335125952 P65 recvs B45 from P99 
526.9631741421895 P65 recvs B45 from P64 
527.595022630818 P65 recvs B45 from P19 
547.6658511145807 P65 recvs B46 from P11 
547.6658511145807 P65 adds B46 to its tree
547.6658511145807 P65 mines for 1056.4408582915087 seconds
548.0818745212013 P65 recvs B46 from P99 
548.2569095855844 P65 recvs B46 from P33 
548.2953415446759 P65 recvs B46 from P0 
548.4878594614769 P65 recvs B46 from P19 
549.3987118633481 P65 recvs B46 from P64 
561.8510866217624 P65 recvs B47 from P11 
561.8510866217624 P65 adds B47 to its tree
561.8510866217624 P65 mines for 156.62522431946246 seconds
561.9770734110404 P65 recvs B47 from P0 
561.9858524676322 P65 recvs B47 from P33 
562.5910159359101 P65 recvs B47 from P99 
563.0737659849614 P65 recvs B47 from P64 
563.230098934965 P65 recvs B47 from P19 
565.2162096169216 P65 recvs B48 from P33 
565.2162096169216 P65 adds B48 to its tree
565.2162096169216 P65 mines for 854.5940076111791 seconds
565.6748667327404 P65 recvs B48 from P11 
565.7112452446946 P65 recvs B48 from P99 
566.0833049318286 P65 recvs B48 from P0 
566.5644742505611 P65 recvs B48 from P19 
567.5092108067191 P65 recvs B48 from P64 
576.1851432795628 P65 recvs B49 from P33 
576.1851432795628 P65 adds B49 to its tree
576.1851432795628 P65 mines for 1065.8574334254429 seconds
576.188027818096 P65 recvs B49 from P99 
576.7193691865186 P65 recvs B49 from P11 
576.75357284104 P65 recvs B49 from P0 
577.1193588360459 P65 recvs B49 from P19 
577.3778535869028 P65 recvs B49 from P64 
588.5818595365864 P65 recvs B50 from P11 
588.5818595365864 P65 adds B50 to its tree
588.5818595365864 P65 mines for 669.3552503411616 seconds
589.3583245196698 P65 recvs B50 from P0 
589.4710378477394 P65 recvs B50 from P33 
589.9148371568967 P65 recvs B50 from P99 
590.4904824407013 P65 recvs B50 from P19 
593.5034070246576 P65 recvs B51 from P0 
593.5034070246576 P65 adds B51 to its tree
593.5034070246576 P65 mines for 639.4862396571851 seconds
594.0989796433073 P65 recvs B52 from P11 
594.0989796433073 P65 adds B52 to its tree
594.1678284002227 P65 recvs B52 from P33 
594.4031559898754 P65 recvs B52 from P0 
594.5458018566472 P65 recvs B51 from P33 
594.8194713082086 P65 recvs B52 from P99 
594.9370802858753 P65 recvs B51 from P19 
595.0528868809865 P65 recvs B51 from P99 
595.2933717875188 P65 recvs B51 from P64 
595.8069127055105 P65 recvs B52 from P19 
595.9711887889151 P65 recvs B53 from P11 
595.9711887889151 P65 adds B53 to its tree
595.9711887889151 P65 mines for 1758.748102487289 seconds
596.8674531246669 P65 recvs B52 from P64 
597.1263621485175 P65 recvs B53 from P33 
597.2297490815121 P65 recvs B53 from P99 
598.1020251408901 P65 recvs B53 from P19 
598.1683779172027 P65 recvs B53 from P64 
