0 P66 mines for 4115.425599892208 seconds
0.3813956954763567 P66 creates T8
6.272658628002047 P66 recvs B2 from P51 
6.272658628002047 P66 adds B2 to its tree
6.272658628002047 P66 mines for 1121.9963540849135 seconds
6.7998229089132565 P66 recvs B2 from P13 
7.197721853848396 P66 recvs B2 from P58 
7.61493854148069 P66 recvs B2 from P92 
24.246846357182395 P66 recvs B3 from P51 
24.246846357182395 P66 adds B3 to its tree
24.246846357182395 P66 mines for 13619.816972156144 seconds
25.577709558008568 P66 recvs B3 from P13 
25.64805936964107 P66 recvs B3 from P92 
71.19483607733933 P66 recvs B4 from P51 
71.19483607733933 P66 adds B4 to its tree
71.19483607733933 P66 mines for 6147.399060808785 seconds
71.26740634140512 P66 recvs B4 from P13 
71.32324249741089 P66 recvs B4 from P58 
72.64925962805303 P66 recvs B4 from P92 
77.43619286505366 P66 recvs B5 from P51 
77.43619286505366 P66 adds B5 to its tree
77.43619286505366 P66 mines for 985.6437650384067 seconds
77.7482147611996 P66 recvs B5 from P92 
77.7784565490708 P66 recvs B5 from P13 
77.90209956588043 P66 recvs B5 from P58 
87.39398154960935 P66 recvs B6 from P51 
87.39398154960935 P66 adds B6 to its tree
87.39398154960935 P66 mines for 3485.237036058357 seconds
87.96401287940236 P66 recvs B6 from P13 
88.08308143225241 P66 recvs B6 from P58 
88.57927732603352 P66 recvs B6 from P92 
101.88041386424754 P66 recvs B7 from P51 
101.88041386424754 P66 adds B7 to its tree
101.88041386424754 P66 mines for 5303.435707546248 seconds
102.77053410399682 P66 recvs B7 from P92 
103.24059788906467 P66 recvs B7 from P13 
110.90585815415027 P66 recvs B8 from P13 
110.90585815415027 P66 adds B8 to its tree
110.90585815415027 P66 mines for 865.8785470942488 seconds
110.91723393369118 P66 recvs B8 from P58 
111.4239947249962 P66 recvs B8 from P51 
111.99818004832844 P66 recvs B8 from P92 
121.84747111850032 P66 recvs B9 from P51 
121.84747111850032 P66 adds B9 to its tree
121.84747111850032 P66 mines for 3178.9484158640894 seconds
123.33769718426599 P66 recvs B9 from P92 
123.4053004233762 P66 recvs B9 from P13 
129.9981227991954 P66 recvs B10 from P51 
129.9981227991954 P66 adds B10 to its tree
129.9981227991954 P66 mines for 1213.4487441967008 seconds
131.3784522181706 P66 recvs B10 from P13 
131.41364099035593 P66 recvs B10 from P92 
142.396058915713 P66 recvs B11 from P13 
142.396058915713 P66 adds B11 to its tree
142.396058915713 P66 mines for 8489.646740453452 seconds
142.69792480471378 P66 recvs B11 from P51 
143.0198302464443 P66 recvs B11 from P58 
143.22892439977764 P66 recvs B11 from P92 
156.50641982754797 P66 recvs B12 from P58 
156.50641982754797 P66 adds B12 to its tree
156.50641982754797 P66 mines for 6233.500363486521 seconds
156.66980689384295 P66 recvs B12 from P13 
156.74510897462017 P66 recvs B12 from P51 
158.16940702647327 P66 recvs B12 from P92 
170.69292866622646 P66 recvs B13 from P51 
170.69292866622646 P66 adds B13 to its tree
170.69292866622646 P66 mines for 203.6432447837268 seconds
171.1470616941612 P66 recvs B13 from P13 
171.15571621163272 P66 recvs B13 from P58 
171.42976824250061 P66 recvs B13 from P92 
185.84247422226932 P66 recvs B14 from P51 
185.84247422226932 P66 adds B14 to its tree
185.84247422226932 P66 mines for 4350.963294592396 seconds
186.17371047640324 P66 recvs B14 from P58 
186.57676666921944 P66 recvs B14 from P13 
187.1216152487084 P66 recvs B14 from P92 
202.53512230040457 P66 recvs B15 from P51 
202.53512230040457 P66 adds B15 to its tree
202.53512230040457 P66 mines for 13019.730474927677 seconds
203.26196087482577 P66 recvs B15 from P13 
203.5272559793257 P66 recvs B15 from P58 
203.98152413577046 P66 recvs B15 from P92 
212.58309907743717 P66 recvs B16 from P51 
212.58309907743717 P66 adds B16 to its tree
212.58309907743717 P66 mines for 10945.755968334346 seconds
213.92250828094888 P66 recvs B16 from P13 
214.0378272887714 P66 recvs B16 from P92 
214.1349340732637 P66 recvs B17 from P51 
214.1349340732637 P66 adds B17 to its tree
214.20286409216013 P66 recvs B17 from P58 
214.64085769025868 P66 recvs B17 from P13 
215.3680210895878 P66 recvs B17 from P92 
220.82475177230714 P66 recvs B18 from P51 
220.82475177230714 P66 adds B18 to its tree
220.82475177230714 P66 mines for 962.7141689920402 seconds
221.9513259653019 P66 recvs B18 from P13 
222.06956627203715 P66 recvs B18 from P92 
222.097365774969 P66 recvs B18 from P58 
222.92299870415255 P66 recvs B19 from P51 
222.92299870415255 P66 adds B19 to its tree
223.61097401199933 P66 recvs B19 from P13 
223.74667955953467 P66 recvs B19 from P58 
224.0823031954075 P66 recvs B19 from P92 
230.6998010519826 P66 recvs B20 from P51 
230.6998010519826 P66 adds B20 to its tree
230.6998010519826 P66 mines for 6236.86711635263 seconds
230.955364658327 P66 recvs B20 from P58 
231.37918739461242 P66 recvs B20 from P13 
231.9203172890813 P66 recvs B20 from P92 
253.29053843395425 P66 recvs B21 from P51 
253.29053843395425 P66 adds B21 to its tree
253.29053843395425 P66 mines for 446.90448548712214 seconds
253.7827550958969 P66 recvs B21 from P13 
254.00959422955682 P66 recvs B21 from P58 
254.07249385242173 P66 recvs B21 from P92 
259.5471079512803 P66 recvs B22 from P51 
259.5471079512803 P66 adds B22 to its tree
259.5471079512803 P66 mines for 1799.0615893098834 seconds
260.7325823079847 P66 recvs B22 from P13 
260.963035198348 P66 recvs B22 from P58 
261.0431351733993 P66 recvs B22 from P92 
287.8527140631175 P66 recvs B23 from P58 
287.8527140631175 P66 adds B23 to its tree
287.8527140631175 P66 mines for 3980.5592561900526 seconds
287.91551892725414 P66 recvs B23 from P51 
288.036975808024 P66 recvs B23 from P13 
289.3542714255364 P66 recvs B23 from P92 
296.7089146750994 P66 recvs B24 from P58 
296.7089146750994 P66 adds B24 to its tree
296.7089146750994 P66 mines for 1805.8623519444438 seconds
296.78751552237424 P66 recvs B24 from P51 
296.9754857289209 P66 recvs B24 from P13 
298.2313403498919 P66 recvs B24 from P92 
307.02958087478913 P66 recvs B25 from P51 
307.02958087478913 P66 adds B25 to its tree
307.02958087478913 P66 mines for 1470.1539926523658 seconds
307.5613188340632 P66 recvs B26 from P51 
307.5613188340632 P66 adds B26 to its tree
307.8345583352467 P66 recvs B26 from P58 
308.2150309492729 P66 recvs B25 from P58 
308.2768629603477 P66 recvs B25 from P13 
308.5076936022106 P66 recvs B25 from P92 
308.9958156115661 P66 recvs B26 from P13 
309.01884875208293 P66 recvs B26 from P92 
340.58371933481664 P66 recvs B27 from P51 
340.58371933481664 P66 adds B27 to its tree
340.58371933481664 P66 mines for 134.2105046803639 seconds
341.78369149867524 P66 recvs B27 from P13 
341.91528364551795 P66 recvs B27 from P92 
341.9721526509811 P66 recvs B27 from P58 
369.72922116592486 P66 recvs B28 from P51 
369.72922116592486 P66 adds B28 to its tree
369.72922116592486 P66 mines for 376.7463189836865 seconds
370.4409331858664 P66 recvs B28 from P13 
370.8394353513556 P66 recvs B28 from P58 
370.98974707647045 P66 recvs B28 from P92 
380.4737882074619 P66 recvs B29 from P51 
380.4737882074619 P66 adds B29 to its tree
380.4737882074619 P66 mines for 6247.177757177981 seconds
381.0285547714229 P66 recvs B29 from P13 
381.29534357749964 P66 recvs B29 from P58 
381.7345669451444 P66 recvs B29 from P92 
387.738338132993 P66 recvs B30 from P13 
387.738338132993 P66 adds B30 to its tree
387.738338132993 P66 mines for 12783.439328210403 seconds
388.0748050838949 P66 recvs B30 from P51 
388.80627877041866 P66 recvs B30 from P58 
389.43240931119954 P66 recvs B30 from P92 
396.2093933480976 P66 recvs B31 from P51 
396.2093933480976 P66 adds B31 to its tree
396.2093933480976 P66 mines for 1156.9609291803126 seconds
396.822999782254 P66 recvs B31 from P13 
397.02811526912285 P66 recvs B31 from P58 
397.5040787574712 P66 recvs B31 from P92 
403.1331473940197 P66 recvs B33 from P51 
403.1331473940197 P66 adds B33 to its tree
403.1331473940197 P66 mines for 1374.5086582386195 seconds
403.1809260974999 P66 recvs B32 from P51 
403.1809260974999 P66 adds B32 to its tree
403.38444084232697 P66 recvs B32 from P92 
403.5448006434332 P66 recvs B32 from P58 
403.55363827440374 P66 recvs B32 from P13 
404.25727877771277 P66 recvs B33 from P13 
404.38579887720914 P66 recvs B33 from P92 
404.6662133531216 P66 recvs B33 from P58 
406.95010977365126 P66 recvs B34 from P51 
406.95010977365126 P66 adds B34 to its tree
406.95010977365126 P66 mines for 2756.198002864562 seconds
407.4194687449938 P66 recvs B34 from P13 
407.88726272711284 P66 recvs B34 from P58 
408.2894933586676 P66 recvs B34 from P92 
436.6392329852546 P66 recvs B35 from P51 
436.6392329852546 P66 adds B35 to its tree
436.6392329852546 P66 mines for 3086.329052823423 seconds
437.2830665945205 P66 recvs B35 from P13 
437.5913236724369 P66 recvs B35 from P58 
437.9674221464061 P66 recvs B35 from P92 
438.18786754914476 P66 recvs B36 from P58 
438.18786754914476 P66 adds B36 to its tree
438.18786754914476 P66 mines for 5670.735051014273 seconds
439.3463309326821 P66 recvs B36 from P51 
440.26138816917637 P66 recvs B36 from P13 
440.63228814439475 P66 recvs B36 from P92 
446.77180100926506 P66 recvs B37 from P13 
446.77180100926506 P66 adds B37 to its tree
446.77180100926506 P66 mines for 14107.60268576505 seconds
447.3220431035397 P66 recvs B37 from P51 
447.52518741318113 P66 recvs B38 from P51 
447.52518741318113 P66 adds B38 to its tree
447.8756706485212 P66 recvs B38 from P58 
448.0120199297554 P66 recvs B37 from P58 
448.04439701994556 P66 recvs B38 from P13 
448.6577064696725 P66 recvs B38 from P92 
448.66069789803674 P66 recvs B37 from P92 
455.53515749200983 P66 recvs B39 from P58 
455.53515749200983 P66 adds B39 to its tree
455.53515749200983 P66 mines for 4181.777499225307 seconds
456.90168961996375 P66 recvs B39 from P51 
457.0875012638689 P66 recvs B39 from P13 
458.2822263509034 P66 recvs B39 from P92 
476.81682802368067 P66 recvs B40 from P51 
476.81682802368067 P66 adds B40 to its tree
476.81682802368067 P66 mines for 11707.82768711029 seconds
477.89498836042816 P66 recvs B40 from P13 
478.08997655099233 P66 recvs B40 from P92 
478.2745827320214 P66 recvs B40 from P58 
483.85098865350517 P66 recvs B41 from P51 
483.85098865350517 P66 adds B41 to its tree
483.85098865350517 P66 mines for 10770.569418090996 seconds
484.5672096590249 P66 recvs B41 from P13 
484.6023525850722 P66 recvs B41 from P58 
485.1311612131829 P66 recvs B41 from P92 
494.2635284600529 P66 recvs B42 from P51 
494.2635284600529 P66 adds B42 to its tree
494.2635284600529 P66 mines for 8142.145938521414 seconds
494.50917731972885 P66 recvs B42 from P13 
494.90725332536095 P66 recvs B42 from P58 
495.58721282042615 P66 recvs B42 from P92 
502.5291618157533 P66 recvs B44 from P51 
502.5291618157533 P66 adds B44 to its tree
502.5291618157533 P66 mines for 813.7809558761644 seconds
502.6737421868609 P66 recvs B43 from P51 
502.6737421868609 P66 adds B43 to its tree
502.7532403619946 P66 recvs B44 from P58 
503.35042389008896 P66 recvs B43 from P58 
503.5289351577745 P66 recvs B43 from P13 
503.53531310030326 P66 recvs B43 from P92 
503.87919277487845 P66 recvs B44 from P92 
503.88637742456444 P66 recvs B44 from P13 
526.621217658444 P66 recvs B45 from P51 
526.621217658444 P66 adds B45 to its tree
526.621217658444 P66 mines for 5300.338407608999 seconds
527.0763629802717 P66 recvs B45 from P13 
527.5284899544158 P66 recvs B45 from P58 
527.8607144442042 P66 recvs B45 from P92 
547.7749690454583 P66 recvs B46 from P51 
547.7749690454583 P66 adds B46 to its tree
547.7749690454583 P66 mines for 2524.0429575058215 seconds
549.2495608329634 P66 recvs B46 from P92 
549.3030469209635 P66 recvs B46 from P13 
562.6370787522808 P66 recvs B47 from P51 
562.6370787522808 P66 adds B47 to its tree
562.6370787522808 P66 mines for 12531.286612828253 seconds
562.8698016404928 P66 recvs B47 from P58 
563.2425726865479 P66 recvs B47 from P13 
563.7822474879757 P66 recvs B47 from P92 
565.2731969099599 P66 recvs B48 from P51 
565.2731969099599 P66 adds B48 to its tree
565.2731969099599 P66 mines for 1991.451282702606 seconds
566.364848018076 P66 recvs B48 from P13 
566.5356746856996 P66 recvs B48 from P92 
575.8129903070046 P66 recvs B49 from P51 
575.8129903070046 P66 adds B49 to its tree
575.8129903070046 P66 mines for 3697.1528173785873 seconds
576.0256445046231 P66 recvs B49 from P58 
577.1516194880406 P66 recvs B49 from P92 
577.2596386418929 P66 recvs B49 from P13 
589.8335377538076 P66 recvs B50 from P51 
589.8335377538076 P66 adds B50 to its tree
589.8335377538076 P66 mines for 5908.328447309432 seconds
589.9863615106965 P66 recvs B50 from P92 
590.1052319759717 P66 recvs B50 from P13 
590.1775382619237 P66 recvs B50 from P58 
594.3100551080714 P66 recvs B51 from P51 
594.3100551080714 P66 adds B51 to its tree
594.3100551080714 P66 mines for 1650.7307079304678 seconds
594.3698194086442 P66 recvs B51 from P58 
594.6640468372015 P66 recvs B51 from P13 
595.016520922133 P66 recvs B52 from P51 
595.016520922133 P66 adds B52 to its tree
595.5330863336842 P66 recvs B52 from P13 
595.6644931456628 P66 recvs B51 from P92 
595.9274252376625 P66 recvs B53 from P58 
595.9274252376625 P66 adds B53 to its tree
595.9274252376625 P66 mines for 5100.252824426971 seconds
595.9604441912128 P66 recvs B52 from P58 
596.2360917096815 P66 recvs B52 from P92 
597.1051803990904 P66 recvs B53 from P51 
597.56851417435 P66 recvs B53 from P13 
598.3758908223243 P66 recvs B53 from P92 
