0 P67 mines for 508.22559007850913 seconds
4.971617222153998 P67 creates T55
5.540114851791935 P67 creates T57
5.882683154979259 P67 recvs B2 from P5 
5.882683154979259 P67 adds B2 to its tree
5.882683154979259 P67 mines for 799.8756627030116 seconds
6.062836162694947 P67 recvs B2 from P8 
6.4275358249774515 P67 recvs B2 from P82 
6.436588193506226 P67 recvs B2 from P12 
6.730714340327902 P67 recvs B2 from P53 
24.67150542230717 P67 recvs B3 from P12 
24.67150542230717 P67 adds B3 to its tree
24.67150542230717 P67 mines for 1565.5958433995243 seconds
24.783307603618553 P67 recvs B3 from P5 
25.17956002553869 P67 recvs B3 from P8 
25.291043877845127 P67 recvs B3 from P53 
25.66712475989176 P67 recvs B3 from P82 
69.82818174195236 P67 recvs B4 from P5 
69.82818174195236 P67 adds B4 to its tree
69.82818174195236 P67 mines for 178.08663862850062 seconds
70.85910467139674 P67 recvs B4 from P8 
71.07372727149014 P67 recvs B4 from P12 
71.10286178682523 P67 recvs B4 from P53 
71.38423604113214 P67 recvs B4 from P82 
75.79116062299957 P67 recvs B5 from P8 
75.79116062299957 P67 adds B5 to its tree
75.79116062299957 P67 mines for 617.4231509186934 seconds
86.56217369892057 P67 recvs B6 from P5 
86.56217369892057 P67 adds B6 to its tree
86.56217369892057 P67 mines for 263.1161189752519 seconds
87.33400046748083 P67 recvs B6 from P8 
87.44586599928024 P67 recvs B6 from P12 
87.67079283951978 P67 recvs B6 from P82 
87.864493048499 P67 recvs B6 from P53 
102.30338666731907 P67 recvs B7 from P12 
102.30338666731907 P67 adds B7 to its tree
102.30338666731907 P67 mines for 355.92898137399436 seconds
102.31494335765485 P67 recvs B7 from P8 
102.46007667485128 P67 recvs B7 from P5 
102.93916161566868 P67 recvs B7 from P53 
103.31151266188938 P67 recvs B7 from P82 
109.3039920253315 P67 recvs B8 from P5 
109.3039920253315 P67 adds B8 to its tree
109.3039920253315 P67 mines for 611.4278092218141 seconds
110.34972765351341 P67 recvs B8 from P82 
110.55245777665219 P67 recvs B8 from P12 
110.88489168413305 P67 recvs B8 from P53 
121.89815608699492 P67 recvs B9 from P5 
121.89815608699492 P67 adds B9 to its tree
121.89815608699492 P67 mines for 129.89824432363955 seconds
122.05034564714802 P67 recvs B9 from P8 
122.37446304230544 P67 recvs B9 from P12 
123.0612240944973 P67 recvs B9 from P53 
123.35144175098108 P67 recvs B9 from P82 
130.3911782742154 P67 recvs B10 from P12 
130.3911782742154 P67 adds B10 to its tree
130.3911782742154 P67 mines for 703.8041110109159 seconds
130.91757993502463 P67 recvs B10 from P8 
130.98841104042242 P67 recvs B10 from P53 
131.4952363008055 P67 recvs B10 from P82 
140.5227203670635 P67 recvs B11 from P5 
140.5227203670635 P67 adds B11 to its tree
140.5227203670635 P67 mines for 279.2306382405442 seconds
141.689054898313 P67 recvs B11 from P53 
155.22729851304211 P67 recvs B12 from P5 
155.22729851304211 P67 adds B12 to its tree
155.22729851304211 P67 mines for 162.96557550249338 seconds
156.25169850104652 P67 recvs B12 from P8 
156.44118541913198 P67 recvs B12 from P12 
156.5567812053712 P67 recvs B12 from P53 
156.7598762965795 P67 recvs B12 from P82 
168.73044645567361 P67 recvs B13 from P5 
168.73044645567361 P67 adds B13 to its tree
168.73044645567361 P67 mines for 297.7937583503487 seconds
185.1669824970932 P67 recvs B14 from P82 
185.1669824970932 P67 adds B14 to its tree
185.1669824970932 P67 mines for 1125.9081184661904 seconds
185.32635082124742 P67 recvs B14 from P5 
185.98981889720156 P67 recvs B14 from P8 
186.00768025322193 P67 recvs B14 from P12 
186.0798784311202 P67 recvs B14 from P53 
201.95161162534512 P67 recvs B15 from P12 
201.95161162534512 P67 adds B15 to its tree
201.95161162534512 P67 mines for 749.3213636712793 seconds
202.14649900416137 P67 recvs B15 from P5 
202.8630483625839 P67 recvs B15 from P8 
202.90855134854425 P67 recvs B15 from P82 
202.93254587502352 P67 recvs B15 from P53 
212.99169085168998 P67 recvs B16 from P12 
212.99169085168998 P67 adds B16 to its tree
212.99169085168998 P67 mines for 87.78158113555438 seconds
213.15338089751467 P67 recvs B17 from P82 
213.15338089751467 P67 adds B17 to its tree
213.15966410101214 P67 recvs B16 from P5 
213.34764400661774 P67 recvs B17 from P5 
213.55948370156514 P67 recvs B16 from P8 
213.67483952743626 P67 recvs B16 from P53 
213.97035297771862 P67 recvs B16 from P82 
214.08015470397012 P67 recvs B17 from P53 
214.28869685359138 P67 recvs B17 from P8 
214.43543660840848 P67 recvs B17 from P12 
220.30937554116687 P67 recvs B18 from P8 
220.30937554116687 P67 adds B18 to its tree
220.30937554116687 P67 mines for 73.99706734484668 seconds
221.05715342702925 P67 recvs B18 from P12 
221.25602512152557 P67 recvs B19 from P5 
221.25602512152557 P67 adds B19 to its tree
221.69604059732845 P67 recvs B18 from P53 
222.324055432473 P67 recvs B19 from P12 
222.45990862256312 P67 recvs B19 from P8 
229.94364496915895 P67 recvs B20 from P82 
229.94364496915895 P67 adds B20 to its tree
229.94364496915895 P67 mines for 63.05614835739583 seconds
230.13521992641517 P67 recvs B20 from P5 
230.72704139239264 P67 recvs B20 from P8 
230.78426589279982 P67 recvs B20 from P12 
230.92415402889623 P67 recvs B20 from P53 
251.36151746938802 P67 recvs B21 from P5 
251.36151746938802 P67 adds B21 to its tree
251.36151746938802 P67 mines for 1052.0693882594667 seconds
259.1056287808108 P67 recvs B22 from P8 
259.1056287808108 P67 adds B22 to its tree
259.1056287808108 P67 mines for 831.312397804281 seconds
259.83550615085886 P67 recvs B22 from P12 
260.17122209122135 P67 recvs B22 from P82 
260.3968450870696 P67 recvs B22 from P53 
286.5245947266042 P67 recvs B23 from P5 
286.5245947266042 P67 adds B23 to its tree
286.5245947266042 P67 mines for 381.44039031480025 seconds
287.543688574024 P67 recvs B23 from P8 
287.5851930529328 P67 recvs B23 from P12 
287.9202666236997 P67 recvs B23 from P53 
294.738040775525 P67 recvs B24 from P12 
294.738040775525 P67 adds B24 to its tree
294.738040775525 P67 mines for 677.7590753149475 seconds
296.1337428729077 P67 recvs B24 from P8 
306.6480122271749 P67 recvs B25 from P5 
306.6480122271749 P67 adds B25 to its tree
306.6480122271749 P67 mines for 103.08993468501019 seconds
306.8365611574 P67 recvs B25 from P8 
307.054224559856 P67 recvs B25 from P12 
307.80955544689755 P67 recvs B25 from P82 
308.06014220850324 P67 recvs B26 from P12 
308.06014220850324 P67 adds B26 to its tree
308.1624814964007 P67 recvs B25 from P53 
308.24456240551837 P67 recvs B26 from P5 
308.5185045411437 P67 recvs B26 from P8 
308.726786202401 P67 recvs B26 from P82 
308.82952474081566 P67 recvs B26 from P53 
340.0866736118808 P67 recvs B27 from P8 
340.0866736118808 P67 adds B27 to its tree
340.0866736118808 P67 mines for 147.41517528268383 seconds
340.7907174892407 P67 recvs B27 from P12 
341.17296101045605 P67 recvs B27 from P82 
341.44914936690367 P67 recvs B27 from P53 
369.43260736642515 P67 recvs B28 from P12 
369.43260736642515 P67 adds B28 to its tree
369.43260736642515 P67 mines for 968.4958068551681 seconds
370.1333285598999 P67 recvs B28 from P53 
370.3941185971471 P67 recvs B28 from P8 
370.80882815189705 P67 recvs B28 from P82 
380.00697007817615 P67 recvs B29 from P5 
380.00697007817615 P67 adds B29 to its tree
380.00697007817615 P67 mines for 236.48149525558688 seconds
380.2372727283166 P67 recvs B29 from P8 
380.5633892288669 P67 recvs B29 from P12 
380.6406526085628 P67 recvs B29 from P82 
381.0067455730666 P67 recvs B29 from P53 
387.5040287945393 P67 recvs B30 from P5 
387.5040287945393 P67 adds B30 to its tree
387.5040287945393 P67 mines for 81.19487875187636 seconds
387.6543294873535 P67 recvs B30 from P53 
387.8555140447505 P67 recvs B30 from P8 
388.04760311064257 P67 recvs B30 from P12 
388.1640511878374 P67 recvs B30 from P82 
395.76041592657265 P67 recvs B31 from P5 
395.76041592657265 P67 adds B31 to its tree
395.76041592657265 P67 mines for 54.52939261310937 seconds
395.7701868329649 P67 recvs B31 from P8 
395.86601877351063 P67 recvs B31 from P12 
396.4895873586173 P67 recvs B31 from P53 
396.9293004845036 P67 recvs B31 from P82 
401.48496905932024 P67 recvs B32 from P8 
401.48496905932024 P67 adds B32 to its tree
401.48496905932024 P67 mines for 171.8384059148504 seconds
402.7653158163117 P67 recvs B33 from P8 
402.7653158163117 P67 adds B33 to its tree
403.2651145437731 P67 recvs B33 from P12 
403.92967592168475 P67 recvs B33 from P53 
406.55152854650504 P67 recvs B34 from P5 
406.55152854650504 P67 adds B34 to its tree
406.55152854650504 P67 mines for 724.0237149354462 seconds
406.8410783469138 P67 recvs B34 from P8 
407.1112460583454 P67 recvs B34 from P12 
407.1626695118799 P67 recvs B34 from P82 
407.3897523739401 P67 recvs B34 from P53 
435.97474849199625 P67 recvs B35 from P12 
435.97474849199625 P67 adds B35 to its tree
435.97474849199625 P67 mines for 576.7671485437965 seconds
436.1685049248841 P67 recvs B35 from P5 
436.86659224737065 P67 recvs B35 from P8 
436.9399335924217 P67 recvs B35 from P53 
436.9884092860173 P67 recvs B35 from P82 
439.0030284527277 P67 recvs B36 from P82 
439.0030284527277 P67 adds B36 to its tree
439.0030284527277 P67 mines for 510.4646958139811 seconds
439.47727446259523 P67 recvs B36 from P8 
439.5973536521649 P67 recvs B36 from P12 
439.8278084499912 P67 recvs B36 from P53 
445.94438042414015 P67 recvs B38 from P12 
445.94438042414015 P67 adds B38 to its tree
445.94438042414015 P67 mines for 166.66003368781026 seconds
446.6880153809003 P67 recvs B37 from P5 
446.6880153809003 P67 adds B37 to its tree
446.8462486655447 P67 recvs B37 from P53 
447.06736802819023 P67 recvs B37 from P8 
447.08354956551534 P67 recvs B38 from P8 
447.2796236399754 P67 recvs B37 from P82 
447.3419916316584 P67 recvs B37 from P12 
447.58229454901704 P67 recvs B38 from P53 
455.76088898732223 P67 recvs B39 from P82 
455.76088898732223 P67 adds B39 to its tree
455.76088898732223 P67 mines for 958.5265283463024 seconds
456.31298793804774 P67 recvs B39 from P8 
456.5402197944379 P67 recvs B39 from P12 
456.61473807708364 P67 recvs B39 from P53 
476.3667662313894 P67 recvs B40 from P8 
476.3667662313894 P67 adds B40 to its tree
476.3667662313894 P67 mines for 285.5990628814897 seconds
477.01692608685124 P67 recvs B40 from P12 
477.6379877298096 P67 recvs B40 from P53 
483.1407013831129 P67 recvs B41 from P5 
483.1407013831129 P67 adds B41 to its tree
483.1407013831129 P67 mines for 387.94083004980416 seconds
483.96132757183585 P67 recvs B41 from P12 
484.0123718733456 P67 recvs B41 from P8 
484.3688430851572 P67 recvs B41 from P82 
484.4824514584477 P67 recvs B41 from P53 
493.4963729723306 P67 recvs B42 from P5 
493.4963729723306 P67 adds B42 to its tree
493.4963729723306 P67 mines for 374.5346923386573 seconds
494.0642454158267 P67 recvs B42 from P8 
494.24599954856154 P67 recvs B42 from P82 
494.3120402935649 P67 recvs B42 from P12 
494.4459695403665 P67 recvs B42 from P53 
501.94904571337355 P67 recvs B43 from P8 
501.94904571337355 P67 adds B43 to its tree
501.94904571337355 P67 mines for 529.941956616736 seconds
502.5925972706867 P67 recvs B43 from P82 
502.91639232642734 P67 recvs B44 from P12 
502.91639232642734 P67 adds B44 to its tree
503.06705059961735 P67 recvs B44 from P5 
503.40927056403564 P67 recvs B44 from P8 
503.5002137185948 P67 recvs B44 from P82 
503.5381206351127 P67 recvs B44 from P53 
526.2733777833283 P67 recvs B45 from P5 
526.2733777833283 P67 adds B45 to its tree
526.2733777833283 P67 mines for 167.34578944602836 seconds
526.5382258116249 P67 recvs B45 from P8 
526.711931864403 P67 recvs B45 from P12 
526.8948538452723 P67 recvs B45 from P82 
527.0585290412728 P67 recvs B45 from P53 
547.7736340400426 P67 recvs B46 from P5 
547.7736340400426 P67 adds B46 to its tree
547.7736340400426 P67 mines for 360.43128762578436 seconds
547.9220681818467 P67 recvs B46 from P8 
548.3841015118753 P67 recvs B46 from P12 
548.8608578749178 P67 recvs B46 from P53 
549.2587533576312 P67 recvs B46 from P82 
561.8374793407862 P67 recvs B47 from P82 
561.8374793407862 P67 adds B47 to its tree
561.8374793407862 P67 mines for 50.575495761395686 seconds
561.9548072011073 P67 recvs B47 from P5 
562.5948204097776 P67 recvs B47 from P8 
562.6174129738475 P67 recvs B47 from P12 
562.8424639502789 P67 recvs B47 from P53 
565.4364555955158 P67 recvs B48 from P12 
565.4364555955158 P67 adds B48 to its tree
565.4364555955158 P67 mines for 1075.1199761164748 seconds
566.0687893096115 P67 recvs B48 from P8 
566.0747127025681 P67 recvs B48 from P53 
566.4395953292026 P67 recvs B48 from P82 
576.2328409184345 P67 recvs B49 from P12 
576.2328409184345 P67 adds B49 to its tree
576.2328409184345 P67 mines for 140.1871318498425 seconds
576.3932237776579 P67 recvs B49 from P5 
576.657506261133 P67 recvs B49 from P8 
576.7635050610198 P67 recvs B49 from P82 
576.9065254217925 P67 recvs B49 from P53 
588.086714912102 P67 recvs B50 from P8 
588.086714912102 P67 adds B50 to its tree
588.086714912102 P67 mines for 714.9344988670446 seconds
592.3050040809387 P67 recvs B51 from P12 
592.3050040809387 P67 adds B51 to its tree
592.3050040809387 P67 mines for 305.1938124219778 seconds
593.6014514578801 P67 recvs B51 from P8 
594.6280274660885 P67 recvs B52 from P5 
594.6280274660885 P67 adds B52 to its tree
594.8013161269284 P67 recvs B52 from P8 
595.0556012106946 P67 recvs B52 from P12 
595.2077165975207 P67 recvs B52 from P82 
595.583874147558 P67 recvs B52 from P53 
596.1235675907067 P67 recvs B53 from P82 
596.1235675907067 P67 adds B53 to its tree
596.1235675907067 P67 mines for 299.0555225607372 seconds
596.7651691350409 P67 recvs B53 from P8 
596.8450172033613 P67 recvs B53 from P12 
597.1657929641416 P67 recvs B53 from P53 
