0 P68 mines for 66.86423501003019 seconds
6.009657752041997 P68 recvs B2 from P71 
6.009657752041997 P68 adds B2 to its tree
6.009657752041997 P68 mines for 374.2979372194695 seconds
6.42274942406338 P68 recvs B2 from P57 
6.620933576387731 P68 recvs B2 from P96 
6.677000457557986 P68 recvs B2 from P8 
6.724382173886855 P68 recvs B2 from P2 
7.458334273457025 P68 recvs B2 from P86 
24.441871360392042 P68 recvs B3 from P57 
24.441871360392042 P68 adds B3 to its tree
24.441871360392042 P68 mines for 104.17706853777509 seconds
24.547126653184993 P68 recvs B3 from P71 
24.678141632545046 P68 recvs B3 from P96 
25.53446253663432 P68 recvs B3 from P8 
25.561745348142516 P68 recvs B3 from P86 
26.172519015944374 P68 recvs B3 from P2 
71.10959258225606 P68 recvs B4 from P96 
71.10959258225606 P68 adds B4 to its tree
71.10959258225606 P68 mines for 623.9508078888757 seconds
71.2023196197201 P68 recvs B4 from P71 
71.2215758599433 P68 recvs B4 from P57 
71.39763780543927 P68 recvs B4 from P2 
71.47276868422014 P68 recvs B4 from P8 
72.20374478244241 P68 recvs B4 from P86 
76.60983300638358 P68 recvs B5 from P8 
76.60983300638358 P68 adds B5 to its tree
76.60983300638358 P68 mines for 453.91456594603915 seconds
77.76477699397405 P68 recvs B5 from P71 
77.95281800466874 P68 recvs B5 from P57 
78.06292482081922 P68 recvs B5 from P2 
87.15280800250277 P68 recvs B6 from P71 
87.15280800250277 P68 adds B6 to its tree
87.15280800250277 P68 mines for 388.57874208309596 seconds
87.30445728105902 P68 recvs B6 from P57 
87.59705691891314 P68 recvs B6 from P96 
87.93903110532106 P68 recvs B6 from P8 
87.98793817321724 P68 recvs B6 from P2 
88.42346842815942 P68 recvs B6 from P86 
101.56561405738526 P68 recvs B7 from P57 
101.56561405738526 P68 adds B7 to its tree
101.56561405738526 P68 mines for 1010.3384761619884 seconds
101.82457919696763 P68 recvs B7 from P96 
102.16497245453421 P68 recvs B7 from P71 
102.67603923189166 P68 recvs B7 from P8 
102.93156725697474 P68 recvs B7 from P86 
110.87596784179257 P68 recvs B8 from P8 
110.87596784179257 P68 adds B8 to its tree
110.87596784179257 P68 mines for 2482.6512783007734 seconds
110.93327040628074 P68 recvs B8 from P2 
111.10703607936749 P68 recvs B8 from P71 
111.41754232364494 P68 recvs B8 from P96 
111.43517122708633 P68 recvs B8 from P57 
112.00118076955945 P68 recvs B8 from P86 
122.08243426713584 P68 recvs B9 from P57 
122.08243426713584 P68 adds B9 to its tree
122.08243426713584 P68 mines for 127.96201796167202 seconds
122.2677317500459 P68 recvs B9 from P71 
122.39129232168433 P68 recvs B9 from P96 
122.6675312455853 P68 recvs B9 from P8 
123.28567487117547 P68 recvs B9 from P86 
123.45346660846084 P68 recvs B9 from P2 
130.1512908821292 P68 recvs B10 from P57 
130.1512908821292 P68 adds B10 to its tree
130.1512908821292 P68 mines for 963.6790267283168 seconds
130.30682652871218 P68 recvs B10 from P71 
130.38253963840347 P68 recvs B10 from P96 
131.26004905566077 P68 recvs B10 from P86 
131.27927619898392 P68 recvs B10 from P8 
132.02975367563448 P68 recvs B10 from P2 
142.1286792609864 P68 recvs B11 from P8 
142.1286792609864 P68 adds B11 to its tree
142.1286792609864 P68 mines for 180.77685359850122 seconds
142.670631907366 P68 recvs B11 from P96 
142.6877436260923 P68 recvs B11 from P71 
142.768014938586 P68 recvs B11 from P57 
143.5020635454064 P68 recvs B11 from P2 
143.81051418359837 P68 recvs B11 from P86 
156.58383038198923 P68 recvs B12 from P96 
156.58383038198923 P68 adds B12 to its tree
156.58383038198923 P68 mines for 942.2859030987163 seconds
156.6561151370853 P68 recvs B12 from P57 
156.65745749696123 P68 recvs B12 from P71 
156.81975266212922 P68 recvs B12 from P2 
156.85309498497767 P68 recvs B12 from P8 
157.4855126330233 P68 recvs B12 from P86 
170.35957289997177 P68 recvs B13 from P8 
170.35957289997177 P68 adds B13 to its tree
170.35957289997177 P68 mines for 53.06844046559218 seconds
170.7135050939079 P68 recvs B13 from P71 
170.71765345792076 P68 recvs B13 from P57 
170.83975602428814 P68 recvs B13 from P96 
171.4099709413315 P68 recvs B13 from P2 
171.8626345675308 P68 recvs B13 from P86 
185.5792003753967 P68 recvs B14 from P2 
185.5792003753967 P68 adds B14 to its tree
185.5792003753967 P68 mines for 209.37919400304926 seconds
185.92275556683552 P68 recvs B14 from P57 
185.9890567530721 P68 recvs B14 from P71 
186.20988097081428 P68 recvs B14 from P96 
186.59759558976424 P68 recvs B14 from P8 
186.66993242232047 P68 recvs B14 from P86 
202.2354186221072 P68 recvs B15 from P71 
202.2354186221072 P68 adds B15 to its tree
202.2354186221072 P68 mines for 620.4067275593385 seconds
202.48513249470162 P68 recvs B15 from P57 
202.68921951756673 P68 recvs B15 from P96 
203.19844618128914 P68 recvs B15 from P2 
203.46255422783963 P68 recvs B15 from P8 
203.75100594394723 P68 recvs B15 from P86 
212.74700256804206 P68 recvs B16 from P57 
212.74700256804206 P68 adds B16 to its tree
212.74700256804206 P68 mines for 100.54797791749282 seconds
212.83358970988976 P68 recvs B16 from P71 
213.02390825906912 P68 recvs B16 from P96 
213.74378227408144 P68 recvs B17 from P2 
213.74378227408144 P68 adds B17 to its tree
213.88426301857353 P68 recvs B16 from P86 
213.9599466944773 P68 recvs B16 from P8 
214.15216977619642 P68 recvs B17 from P57 
214.19131575247349 P68 recvs B17 from P71 
214.36442381651497 P68 recvs B16 from P2 
214.4210212629323 P68 recvs B17 from P96 
214.8695535988317 P68 recvs B17 from P8 
215.31244090777204 P68 recvs B17 from P86 
220.40348176226874 P68 recvs B18 from P96 
220.40348176226874 P68 adds B18 to its tree
220.40348176226874 P68 mines for 1291.2577516759968 seconds
220.79416923005348 P68 recvs B18 from P71 
220.872094477713 P68 recvs B18 from P57 
220.89399174254814 P68 recvs B18 from P8 
221.74941172977995 P68 recvs B18 from P2 
222.01479017255858 P68 recvs B19 from P96 
222.01479017255858 P68 adds B19 to its tree
222.0344931482659 P68 recvs B18 from P86 
222.62611099549565 P68 recvs B19 from P71 
222.9123296132792 P68 recvs B19 from P57 
223.10958274960942 P68 recvs B19 from P8 
223.1704910285508 P68 recvs B19 from P2 
223.27502551568784 P68 recvs B19 from P86 
230.36935967669532 P68 recvs B20 from P2 
230.36935967669532 P68 adds B20 to its tree
230.36935967669532 P68 mines for 2144.2085978749687 seconds
230.68843811052852 P68 recvs B20 from P71 
230.82545091721198 P68 recvs B20 from P57 
231.1245813922875 P68 recvs B20 from P96 
231.3179348861165 P68 recvs B20 from P8 
231.49390176686126 P68 recvs B20 from P86 
252.96203471730988 P68 recvs B21 from P8 
252.96203471730988 P68 adds B21 to its tree
252.96203471730988 P68 mines for 223.83798191943154 seconds
253.32123098943725 P68 recvs B21 from P71 
253.3569076709412 P68 recvs B21 from P57 
253.40830932988433 P68 recvs B21 from P96 
254.27938642392166 P68 recvs B21 from P2 
254.45444349427353 P68 recvs B21 from P86 
259.026573452821 P68 recvs B22 from P96 
259.026573452821 P68 adds B22 to its tree
259.026573452821 P68 mines for 148.3377239692066 seconds
259.66042637041056 P68 recvs B22 from P57 
259.74340520573605 P68 recvs B22 from P8 
259.7602298011617 P68 recvs B22 from P71 
260.3401395608661 P68 recvs B22 from P86 
260.3818013766658 P68 recvs B22 from P2 
287.5513645798083 P68 recvs B23 from P86 
287.5513645798083 P68 adds B23 to its tree
287.5513645798083 P68 mines for 662.8595160795451 seconds
287.81847208712924 P68 recvs B23 from P96 
288.018428220054 P68 recvs B23 from P71 
288.02136389670534 P68 recvs B23 from P57 
288.14033475033466 P68 recvs B23 from P2 
288.14578332451805 P68 recvs B23 from P8 
296.8106030412164 P68 recvs B24 from P71 
296.8106030412164 P68 adds B24 to its tree
296.8106030412164 P68 mines for 135.15189149833193 seconds
296.87338359506583 P68 recvs B24 from P8 
296.92211399684913 P68 recvs B24 from P57 
296.93288510298333 P68 recvs B24 from P96 
297.24304610809804 P68 recvs B24 from P2 
298.0323131824343 P68 recvs B24 from P86 
306.4156736318765 P68 recvs B25 from P96 
306.4156736318765 P68 adds B25 to its tree
306.4156736318765 P68 mines for 461.07852416419473 seconds
307.2739249941291 P68 recvs B25 from P57 
307.4164427696321 P68 recvs B25 from P8 
307.4473523747508 P68 recvs B25 from P71 
307.71206167759436 P68 recvs B25 from P86 
307.7844224868869 P68 recvs B26 from P57 
307.7844224868869 P68 adds B26 to its tree
307.8911165925563 P68 recvs B26 from P71 
308.07323961532666 P68 recvs B26 from P96 
308.3199852575914 P68 recvs B25 from P2 
308.3849107312554 P68 recvs B26 from P86 
308.96500021337135 P68 recvs B26 from P8 
309.6223846792695 P68 recvs B26 from P2 
340.5199026253214 P68 recvs B27 from P71 
340.5199026253214 P68 adds B27 to its tree
340.5199026253214 P68 mines for 1488.8478864338856 seconds
340.57065272470425 P68 recvs B27 from P57 
340.67302885028255 P68 recvs B27 from P8 
340.81689725229415 P68 recvs B27 from P96 
341.3848705524231 P68 recvs B27 from P2 
341.68497341200896 P68 recvs B27 from P86 
369.72641697543304 P68 recvs B28 from P71 
369.72641697543304 P68 adds B28 to its tree
369.72641697543304 P68 mines for 462.67242864135494 seconds
369.7825263180159 P68 recvs B28 from P57 
370.0849650966353 P68 recvs B28 from P96 
370.8444636397299 P68 recvs B28 from P86 
371.079542479898 P68 recvs B28 from P8 
371.24335367076526 P68 recvs B28 from P2 
380.2864015973209 P68 recvs B29 from P71 
380.2864015973209 P68 adds B29 to its tree
380.2864015973209 P68 mines for 315.95626111146413 seconds
380.52163339040465 P68 recvs B29 from P57 
380.7820098201236 P68 recvs B29 from P96 
380.88711745713533 P68 recvs B29 from P8 
380.8895417302926 P68 recvs B29 from P2 
381.6476544136605 P68 recvs B29 from P86 
387.70493084822857 P68 recvs B30 from P96 
387.70493084822857 P68 adds B30 to its tree
387.70493084822857 P68 mines for 198.67230458169652 seconds
387.810501588202 P68 recvs B30 from P71 
388.17917653857626 P68 recvs B30 from P57 
388.4095022876176 P68 recvs B30 from P2 
388.5138126013109 P68 recvs B30 from P8 
388.8682129071231 P68 recvs B30 from P86 
396.2118362457351 P68 recvs B31 from P57 
396.2118362457351 P68 adds B31 to its tree
396.2118362457351 P68 mines for 565.5549586523044 seconds
396.2147990839379 P68 recvs B31 from P71 
396.36429856678114 P68 recvs B31 from P8 
396.4655894040442 P68 recvs B31 from P96 
397.1757766488492 P68 recvs B31 from P2 
397.28762475950606 P68 recvs B31 from P86 
402.2409427229093 P68 recvs B32 from P8 
402.2409427229093 P68 adds B32 to its tree
402.2409427229093 P68 mines for 674.0565224001737 seconds
402.75897924274915 P68 recvs B33 from P96 
402.75897924274915 P68 adds B33 to its tree
403.1258303056472 P68 recvs B33 from P57 
403.17268822731364 P68 recvs B33 from P71 
403.3868250747726 P68 recvs B33 from P8 
403.4438093063786 P68 recvs B32 from P71 
403.55085281436715 P68 recvs B32 from P57 
403.84077702058846 P68 recvs B32 from P2 
404.10503426913255 P68 recvs B33 from P2 
404.4250594924827 P68 recvs B33 from P86 
406.734112160507 P68 recvs B34 from P71 
406.734112160507 P68 adds B34 to its tree
406.734112160507 P68 mines for 111.04763500696723 seconds
407.00592544152073 P68 recvs B34 from P57 
407.29952680451055 P68 recvs B34 from P96 
407.37455770199904 P68 recvs B34 from P2 
407.4672373429579 P68 recvs B34 from P8 
408.0706593484632 P68 recvs B34 from P86 
436.29621468973454 P68 recvs B35 from P71 
436.29621468973454 P68 adds B35 to its tree
436.29621468973454 P68 mines for 373.32136500407614 seconds
436.51297910365827 P68 recvs B35 from P57 
436.5358833094083 P68 recvs B35 from P96 
437.3565936544754 P68 recvs B35 from P2 
437.4538123059902 P68 recvs B35 from P8 
437.60644881582533 P68 recvs B35 from P86 
439.3603567882666 P68 recvs B36 from P57 
439.3603567882666 P68 adds B36 to its tree
439.3603567882666 P68 mines for 111.37249940438483 seconds
439.4682440796214 P68 recvs B36 from P86 
439.57468764837995 P68 recvs B36 from P71 
439.5856116790731 P68 recvs B36 from P96 
440.07640812572293 P68 recvs B36 from P8 
440.8890454352675 P68 recvs B36 from P2 
447.0723376705525 P68 recvs B37 from P71 
447.0723376705525 P68 adds B37 to its tree
447.0723376705525 P68 mines for 644.6945639585347 seconds
447.41610873001383 P68 recvs B38 from P57 
447.41610873001383 P68 adds B38 to its tree
447.43762913746195 P68 recvs B38 from P71 
447.4460840637484 P68 recvs B37 from P57 
447.5106770859885 P68 recvs B37 from P96 
447.5390474435977 P68 recvs B37 from P2 
447.6523161731074 P68 recvs B38 from P2 
447.6575685565082 P68 recvs B37 from P8 
447.6735099284115 P68 recvs B38 from P96 
447.684761033636 P68 recvs B38 from P8 
448.5336424984841 P68 recvs B38 from P86 
448.5623712746694 P68 recvs B37 from P86 
456.8297170758946 P68 recvs B39 from P71 
456.8297170758946 P68 adds B39 to its tree
456.8297170758946 P68 mines for 618.2336023989802 seconds
456.8425026966942 P68 recvs B39 from P86 
457.0030250377215 P68 recvs B39 from P8 
457.01664226878245 P68 recvs B39 from P57 
457.2739071079147 P68 recvs B39 from P96 
457.553827810495 P68 recvs B39 from P2 
476.8722889733091 P68 recvs B40 from P57 
476.8722889733091 P68 adds B40 to its tree
476.8722889733091 P68 mines for 1359.8249878596973 seconds
476.907437909314 P68 recvs B40 from P71 
476.9818056372252 P68 recvs B40 from P8 
477.1364319995574 P68 recvs B40 from P96 
477.8474766591264 P68 recvs B40 from P2 
477.99663124677477 P68 recvs B40 from P86 
483.6828322654651 P68 recvs B41 from P71 
483.6828322654651 P68 adds B41 to its tree
483.6828322654651 P68 mines for 434.67462385932066 seconds
483.88583487173366 P68 recvs B41 from P57 
484.14715883210596 P68 recvs B41 from P96 
484.576068224264 P68 recvs B41 from P2 
484.74465572595847 P68 recvs B41 from P8 
484.9816360286675 P68 recvs B41 from P86 
493.938286385347 P68 recvs B42 from P71 
493.938286385347 P68 adds B42 to its tree
493.938286385347 P68 mines for 6.642749736321138 seconds
494.3506341759843 P68 recvs B42 from P57 
494.42318398243725 P68 recvs B42 from P2 
494.4809156178132 P68 recvs B42 from P96 
494.69347854791056 P68 recvs B42 from P8 
495.3594447997452 P68 recvs B42 from P86 
500.58103612166815 P68 mines B43
502.675606859728 P68 recvs B44 from P57 
502.675606859728 P68 adds B44 to its tree
502.79711802788546 P68 recvs B44 from P71 
502.9532328723237 P68 recvs B43 from P71 
502.9946792512871 P68 recvs B44 from P96 
503.35955357140966 P68 recvs B44 from P86 
503.7700515126427 P68 recvs B44 from P8 
504.3423941720431 P68 recvs B44 from P2 
526.3421877166206 P68 recvs B45 from P71 
526.3421877166206 P68 adds B45 to its tree
526.3421877166206 P68 mines for 273.9811513391873 seconds
526.6374820585814 P68 recvs B45 from P57 
526.9123352822346 P68 recvs B45 from P96 
527.0422987547992 P68 recvs B45 from P2 
527.1582557372934 P68 recvs B45 from P8 
527.8233065835657 P68 recvs B45 from P86 
548.0617823272304 P68 recvs B46 from P57 
548.0617823272304 P68 adds B46 to its tree
548.0617823272304 P68 mines for 505.0361528594312 seconds
548.2040286109885 P68 recvs B46 from P71 
548.2954692698867 P68 recvs B46 from P96 
548.514393814552 P68 recvs B46 from P8 
549.2455436852563 P68 recvs B46 from P86 
549.5685942107522 P68 recvs B46 from P2 
562.2002954362465 P68 recvs B47 from P2 
562.2002954362465 P68 adds B47 to its tree
562.2002954362465 P68 mines for 397.87281747043346 seconds
562.5073815498312 P68 recvs B47 from P71 
562.5703532630533 P68 recvs B47 from P57 
562.8612768485054 P68 recvs B47 from P96 
563.188324975109 P68 recvs B47 from P8 
563.239225249339 P68 recvs B47 from P86 
565.2841982694963 P68 recvs B48 from P71 
565.2841982694963 P68 adds B48 to its tree
565.2841982694963 P68 mines for 38.66109679228332 seconds
565.3373442808961 P68 recvs B48 from P57 
565.5984853636965 P68 recvs B48 from P96 
566.3870256667003 P68 recvs B48 from P86 
566.4429548392897 P68 recvs B48 from P8 
566.8783315153305 P68 recvs B48 from P2 
575.9904728122234 P68 recvs B49 from P57 
575.9904728122234 P68 adds B49 to its tree
575.9904728122234 P68 mines for 217.50522176799257 seconds
576.0767680193243 P68 recvs B49 from P71 
576.2449233811059 P68 recvs B49 from P96 
576.5540681414645 P68 recvs B49 from P86 
577.0180523538444 P68 recvs B49 from P8 
577.6909649047084 P68 recvs B49 from P2 
588.8616777825274 P68 recvs B50 from P8 
588.8616777825274 P68 adds B50 to its tree
588.8616777825274 P68 mines for 733.5991261798266 seconds
589.9647518780022 P68 recvs B50 from P71 
590.0604324159419 P68 recvs B50 from P57 
590.3278843878112 P68 recvs B50 from P2 
594.3254332306535 P68 recvs B51 from P57 
594.3254332306535 P68 adds B51 to its tree
594.3254332306535 P68 mines for 1150.433517499963 seconds
594.3347046873303 P68 recvs B51 from P8 
594.3702930965477 P68 recvs B51 from P71 
594.4774484205955 P68 recvs B51 from P96 
594.7423674892569 P68 recvs B52 from P71 
594.7423674892569 P68 adds B52 to its tree
594.8767552216872 P68 recvs B51 from P2 
595.0159592892587 P68 recvs B52 from P57 
595.3384141306742 P68 recvs B52 from P96 
595.3963891113198 P68 recvs B52 from P8 
595.4693818227706 P68 recvs B52 from P2 
595.5005707465915 P68 recvs B51 from P86 
596.2141825743888 P68 recvs B52 from P86 
597.1708054613382 P68 recvs B53 from P86 
597.1708054613382 P68 adds B53 to its tree
597.1708054613382 P68 mines for 2081.583731573499 seconds
597.1802980454889 P68 recvs B53 from P57 
597.2103658740335 P68 recvs B53 from P71 
597.3407672647696 P68 recvs B53 from P8 
597.4240610799214 P68 recvs B53 from P96 
597.9052820072229 P68 recvs B53 from P2 
