0 P69 mines for 4132.5673078555155 seconds
2.288258681664217 P69 creates T36
6.41829116951009 P69 recvs B2 from P89 
6.41829116951009 P69 adds B2 to its tree
6.41829116951009 P69 mines for 3487.02308625577 seconds
6.655816451691512 P69 recvs B2 from P54 
6.920402655517584 P69 recvs B2 from P36 
7.5990716567019465 P69 recvs B2 from P56 
8.197967386732202 P69 recvs B2 from P41 
21.67266968419553 P69 creates T99
24.841401224140238 P69 recvs B3 from P89 
24.841401224140238 P69 adds B3 to its tree
24.841401224140238 P69 mines for 8761.821334893133 seconds
25.49624887462522 P69 recvs B3 from P54 
25.588030835095815 P69 recvs B3 from P36 
26.03681486503229 P69 recvs B3 from P56 
27.017398993852602 P69 recvs B3 from P41 
69.69536545355106 P69 recvs B4 from P89 
69.69536545355106 P69 adds B4 to its tree
69.69536545355106 P69 mines for 1265.5970065132958 seconds
70.85153019370665 P69 recvs B4 from P56 
77.73825085998318 P69 recvs B5 from P89 
77.73825085998318 P69 adds B5 to its tree
77.73825085998318 P69 mines for 2449.7424724317707 seconds
78.32939585182037 P69 recvs B5 from P56 
78.81308911706003 P69 recvs B5 from P36 
78.88477109893408 P69 recvs B5 from P41 
79.01488949501216 P69 recvs B5 from P54 
86.42661355190427 P69 recvs B6 from P89 
86.42661355190427 P69 adds B6 to its tree
86.42661355190427 P69 mines for 2986.2805911611936 seconds
87.56178161349142 P69 recvs B6 from P56 
87.99334105472725 P69 recvs B6 from P54 
102.45024910009926 P69 recvs B7 from P89 
102.45024910009926 P69 adds B7 to its tree
102.45024910009926 P69 mines for 5919.17727765412 seconds
102.84613160404187 P69 recvs B7 from P54 
103.00306168977438 P69 recvs B7 from P56 
103.23575915834257 P69 recvs B7 from P36 
104.22741626758553 P69 recvs B7 from P41 
111.2335117639827 P69 recvs B8 from P89 
111.2335117639827 P69 adds B8 to its tree
111.2335117639827 P69 mines for 9092.186309792005 seconds
111.78000721375821 P69 recvs B8 from P54 
111.79183277419617 P69 recvs B8 from P36 
111.91417202636414 P69 recvs B8 from P41 
112.3284551422375 P69 recvs B8 from P56 
121.8671580739149 P69 recvs B9 from P89 
121.8671580739149 P69 adds B9 to its tree
121.8671580739149 P69 mines for 322.4170605349548 seconds
122.31177871601389 P69 recvs B9 from P36 
123.10088162027647 P69 recvs B9 from P54 
123.10773859466907 P69 recvs B9 from P56 
124.28388350282931 P69 recvs B9 from P41 
130.67302817650042 P69 recvs B10 from P89 
130.67302817650042 P69 adds B10 to its tree
130.67302817650042 P69 mines for 384.8773398588579 seconds
131.28703129046318 P69 recvs B10 from P54 
131.47222913944768 P69 recvs B10 from P36 
131.80019026903963 P69 recvs B10 from P56 
132.85123018453714 P69 recvs B10 from P41 
141.70890172306576 P69 recvs B11 from P41 
141.70890172306576 P69 adds B11 to its tree
141.70890172306576 P69 mines for 2345.6843907149614 seconds
142.35286001325287 P69 recvs B11 from P89 
142.66658647805545 P69 recvs B11 from P36 
143.12319891776062 P69 recvs B11 from P54 
143.51086233885596 P69 recvs B11 from P56 
155.09575944177286 P69 recvs B12 from P89 
155.09575944177286 P69 adds B12 to its tree
155.09575944177286 P69 mines for 5822.364875236912 seconds
156.27367031943493 P69 recvs B12 from P56 
169.86221244620165 P69 recvs B13 from P89 
169.86221244620165 P69 adds B13 to its tree
169.86221244620165 P69 mines for 10879.976428152877 seconds
170.90932072928746 P69 recvs B13 from P56 
171.48766895725714 P69 recvs B13 from P54 
171.52635470804486 P69 recvs B13 from P41 
185.09016422262522 P69 recvs B14 from P54 
185.09016422262522 P69 adds B14 to its tree
185.09016422262522 P69 mines for 3878.685222101965 seconds
185.97297673260792 P69 recvs B14 from P89 
186.12090262693948 P69 recvs B14 from P36 
187.12432398715333 P69 recvs B14 from P56 
201.99357989451752 P69 recvs B15 from P36 
201.99357989451752 P69 adds B15 to its tree
201.99357989451752 P69 mines for 1601.0052920107316 seconds
202.62238943554246 P69 recvs B15 from P54 
202.6474764022244 P69 recvs B15 from P89 
202.70187173340474 P69 recvs B15 from P56 
203.35377037237177 P69 recvs B15 from P41 
213.12109947822154 P69 recvs B16 from P89 
213.12109947822154 P69 adds B16 to its tree
213.12109947822154 P69 mines for 1055.0588203059626 seconds
213.83324887741256 P69 recvs B16 from P54 
213.8534103825901 P69 recvs B16 from P36 
214.29086942462908 P69 recvs B17 from P54 
214.29086942462908 P69 adds B17 to its tree
214.29233796988868 P69 recvs B16 from P56 
214.846672489109 P69 recvs B17 from P89 
215.43236263791897 P69 recvs B16 from P41 
215.5079901321216 P69 recvs B17 from P56 
215.52630168309463 P69 recvs B17 from P36 
215.80610306616504 P69 recvs B17 from P41 
220.6984406384892 P69 recvs B18 from P89 
220.6984406384892 P69 adds B18 to its tree
220.6984406384892 P69 mines for 7311.52684134026 seconds
221.05707908662265 P69 recvs B18 from P56 
221.18060384820402 P69 recvs B18 from P54 
221.645317989559 P69 recvs B18 from P36 
222.26197258244346 P69 recvs B19 from P89 
222.26197258244346 P69 adds B19 to its tree
222.3281117224472 P69 recvs B19 from P36 
222.9084085909481 P69 recvs B18 from P41 
222.92715689247945 P69 recvs B19 from P54 
223.15237260536384 P69 recvs B19 from P56 
223.6098449992887 P69 recvs B19 from P41 
229.78349928171954 P69 recvs B20 from P54 
229.78349928171954 P69 adds B20 to its tree
229.78349928171954 P69 mines for 1619.5896203929353 seconds
230.7422778660161 P69 recvs B20 from P89 
230.9555531409748 P69 recvs B20 from P36 
232.0004394428377 P69 recvs B20 from P56 
252.41959712716556 P69 recvs B21 from P89 
252.41959712716556 P69 adds B21 to its tree
252.41959712716556 P69 mines for 31607.819902406754 seconds
253.54760284579197 P69 recvs B21 from P56 
253.96952724576204 P69 recvs B21 from P54 
254.0220437201564 P69 recvs B21 from P41 
259.47401880505686 P69 recvs B22 from P89 
259.47401880505686 P69 adds B22 to its tree
259.47401880505686 P69 mines for 6543.724966635487 seconds
259.77820679150443 P69 recvs B22 from P56 
259.93631207153186 P69 recvs B22 from P54 
260.4981785263204 P69 recvs B22 from P36 
261.6511001998691 P69 recvs B22 from P41 
286.49386142728224 P69 recvs B23 from P89 
286.49386142728224 P69 adds B23 to its tree
286.49386142728224 P69 mines for 470.3339378134024 seconds
287.59998224659665 P69 recvs B23 from P56 
296.76958040221115 P69 recvs B24 from P89 
296.76958040221115 P69 adds B24 to its tree
296.76958040221115 P69 mines for 6254.329743417634 seconds
297.5285847661359 P69 recvs B24 from P54 
297.6290441792069 P69 recvs B24 from P36 
297.9871123117133 P69 recvs B24 from P41 
297.9887808825109 P69 recvs B24 from P56 
306.6572979379518 P69 recvs B25 from P89 
306.6572979379518 P69 adds B25 to its tree
306.6572979379518 P69 mines for 4965.410732830557 seconds
307.6144649323708 P69 recvs B26 from P54 
307.6144649323708 P69 adds B26 to its tree
307.626745815528 P69 recvs B25 from P36 
307.7623785754294 P69 recvs B25 from P56 
307.83099545138117 P69 recvs B25 from P54 
308.10305468047443 P69 recvs B26 from P89 
308.9605634919995 P69 recvs B26 from P36 
309.29629077065687 P69 recvs B26 from P56 
341.16269503589956 P69 recvs B27 from P89 
341.16269503589956 P69 adds B27 to its tree
341.16269503589956 P69 mines for 3805.753724387335 seconds
341.4847690441808 P69 recvs B27 from P54 
341.76547889899825 P69 recvs B27 from P56 
341.8979586302088 P69 recvs B27 from P36 
342.04932959482807 P69 recvs B27 from P41 
370.3461758004189 P69 recvs B28 from P89 
370.3461758004189 P69 adds B28 to its tree
370.3461758004189 P69 mines for 821.4604996165984 seconds
370.43453612025496 P69 recvs B28 from P36 
370.52888593461034 P69 recvs B28 from P54 
371.5695237848555 P69 recvs B28 from P41 
371.60983905508033 P69 recvs B28 from P56 
380.70218137535136 P69 recvs B29 from P89 
380.70218137535136 P69 adds B29 to its tree
380.70218137535136 P69 mines for 1086.079546496771 seconds
380.7817616265239 P69 recvs B29 from P54 
380.9376233840449 P69 recvs B29 from P36 
381.75748567192164 P69 recvs B29 from P56 
382.8114228650881 P69 recvs B29 from P41 
388.29092833722564 P69 recvs B30 from P89 
388.29092833722564 P69 adds B30 to its tree
388.29092833722564 P69 mines for 194.34516614160333 seconds
388.973014366726 P69 recvs B30 from P56 
389.0302863520537 P69 recvs B30 from P54 
389.08704778147353 P69 recvs B30 from P41 
389.0992702524339 P69 recvs B30 from P36 
396.9168825066692 P69 recvs B31 from P89 
396.9168825066692 P69 adds B31 to its tree
396.9168825066692 P69 mines for 518.7754801390578 seconds
397.0283744103846 P69 recvs B31 from P36 
397.1067786766653 P69 recvs B31 from P41 
397.2805569437956 P69 recvs B31 from P56 
397.3092838623718 P69 recvs B31 from P54 
403.05134945459184 P69 recvs B33 from P89 
403.05134945459184 P69 adds B33 to its tree
403.05134945459184 P69 mines for 824.5634174608656 seconds
403.4802937605505 P69 recvs B32 from P89 
403.4802937605505 P69 adds B32 to its tree
403.48352018349755 P69 recvs B33 from P56 
403.5060646965474 P69 recvs B33 from P54 
403.9994609271903 P69 recvs B33 from P36 
404.0854451763307 P69 recvs B32 from P56 
404.38752978855285 P69 recvs B32 from P36 
404.57178685534626 P69 recvs B32 from P41 
404.612938233142 P69 recvs B32 from P54 
405.37813940988616 P69 recvs B33 from P41 
407.124763930583 P69 recvs B34 from P89 
407.124763930583 P69 adds B34 to its tree
407.124763930583 P69 mines for 1674.5286646611396 seconds
407.9343048187247 P69 recvs B34 from P36 
408.1559138542215 P69 recvs B34 from P54 
408.3093468468841 P69 recvs B34 from P56 
408.9541850968206 P69 recvs B34 from P41 
435.97255701892294 P69 recvs B35 from P36 
435.97255701892294 P69 adds B35 to its tree
435.97255701892294 P69 mines for 5396.689292797485 seconds
436.6003872488412 P69 recvs B35 from P89 
436.66626649315106 P69 recvs B35 from P54 
436.71697253567453 P69 recvs B35 from P56 
437.43468296628674 P69 recvs B35 from P41 
439.3232056733322 P69 recvs B36 from P54 
439.3232056733322 P69 adds B36 to its tree
439.3232056733322 P69 mines for 7046.0935870544445 seconds
439.4821779010208 P69 recvs B36 from P89 
440.6372442818907 P69 recvs B36 from P36 
440.88379146333824 P69 recvs B36 from P41 
441.01162679963375 P69 recvs B36 from P56 
446.80681987777416 P69 recvs B38 from P89 
446.80681987777416 P69 adds B38 to its tree
446.80681987777416 P69 mines for 13875.777164125322 seconds
447.20523480132573 P69 recvs B38 from P56 
447.4606428489029 P69 recvs B37 from P89 
447.4606428489029 P69 adds B37 to its tree
447.67317940357736 P69 recvs B38 from P54 
447.7024669245352 P69 recvs B38 from P36 
448.21866682825373 P69 recvs B37 from P36 
448.28048793727896 P69 recvs B37 from P41 
448.6016446383585 P69 recvs B37 from P54 
448.6466101048136 P69 recvs B37 from P56 
449.13431483724395 P69 recvs B38 from P41 
456.318973805479 P69 recvs B39 from P89 
456.318973805479 P69 adds B39 to its tree
456.318973805479 P69 mines for 3270.875918923511 seconds
456.8414437465974 P69 recvs B39 from P54 
457.6483666800932 P69 recvs B39 from P41 
457.70684624133014 P69 recvs B39 from P36 
457.84338008332054 P69 recvs B39 from P56 
477.57700354396195 P69 recvs B40 from P89 
477.57700354396195 P69 adds B40 to its tree
477.57700354396195 P69 mines for 5377.759486803321 seconds
477.84906031497843 P69 recvs B40 from P54 
477.95252772713394 P69 recvs B40 from P36 
477.9780724585977 P69 recvs B40 from P56 
478.9566511790455 P69 recvs B40 from P41 
483.0557288778249 P69 recvs B41 from P89 
483.0557288778249 P69 adds B41 to its tree
483.0557288778249 P69 mines for 678.0322144777955 seconds
484.15656669429677 P69 recvs B41 from P56 
484.5990161375464 P69 recvs B41 from P54 
494.2204950973785 P69 recvs B42 from P89 
494.2204950973785 P69 adds B42 to its tree
494.2204950973785 P69 mines for 1467.5044012204512 seconds
495.2480587943534 P69 recvs B42 from P36 
495.3512117911242 P69 recvs B42 from P56 
495.51466530198087 P69 recvs B42 from P54 
495.5972067398101 P69 recvs B42 from P41 
502.60325859449165 P69 recvs B44 from P54 
502.60325859449165 P69 adds B44 to its tree
502.60325859449165 P69 mines for 3454.2616911819255 seconds
503.04438563818786 P69 recvs B44 from P89 
503.25472531749824 P69 recvs B43 from P89 
503.25472531749824 P69 adds B43 to its tree
503.6634581095982 P69 recvs B43 from P54 
503.9057011211481 P69 recvs B44 from P36 
503.9282848031274 P69 recvs B43 from P36 
503.93956017825167 P69 recvs B43 from P56 
504.2421103996355 P69 recvs B44 from P56 
504.9716171383257 P69 recvs B43 from P41 
526.8039149979547 P69 recvs B45 from P89 
526.8039149979547 P69 adds B45 to its tree
526.8039149979547 P69 mines for 8433.711895338462 seconds
526.9976536669673 P69 recvs B45 from P54 
527.2974433189326 P69 recvs B45 from P36 
528.1174573696177 P69 recvs B45 from P56 
528.5932532530958 P69 recvs B45 from P41 
547.8354416636536 P69 recvs B46 from P89 
547.8354416636536 P69 adds B46 to its tree
547.8354416636536 P69 mines for 3831.653428483064 seconds
548.328292034638 P69 recvs B46 from P36 
548.986042369334 P69 recvs B46 from P54 
549.0492319995609 P69 recvs B46 from P56 
550.2267166323525 P69 recvs B46 from P41 
561.5918475662638 P69 recvs B47 from P54 
561.5918475662638 P69 adds B47 to its tree
561.5918475662638 P69 mines for 5517.935021602484 seconds
562.5257832212185 P69 recvs B47 from P89 
562.6753003742383 P69 recvs B47 from P36 
563.6925308520856 P69 recvs B47 from P56 
565.8234675892764 P69 recvs B48 from P89 
565.8234675892764 P69 adds B48 to its tree
565.8234675892764 P69 mines for 13322.901442265616 seconds
566.4062949121801 P69 recvs B48 from P54 
566.6971917137191 P69 recvs B48 from P36 
567.0249687904834 P69 recvs B48 from P56 
567.5552171918162 P69 recvs B48 from P41 
575.8734618456429 P69 recvs B49 from P54 
575.8734618456429 P69 adds B49 to its tree
575.8734618456429 P69 mines for 17359.47298825206 seconds
576.4233405138863 P69 recvs B49 from P89 
577.2630621669763 P69 recvs B49 from P36 
577.5964985133287 P69 recvs B49 from P56 
590.1331695760172 P69 recvs B50 from P89 
590.1331695760172 P69 adds B50 to its tree
590.1331695760172 P69 mines for 13953.016458102236 seconds
590.678573966294 P69 recvs B50 from P56 
590.8228251976269 P69 recvs B50 from P36 
591.1744348564449 P69 recvs B50 from P54 
591.2116121559087 P69 recvs B50 from P41 
594.3697674090504 P69 recvs B51 from P89 
594.3697674090504 P69 adds B51 to its tree
594.3697674090504 P69 mines for 1322.721203363683 seconds
595.0915611035243 P69 recvs B51 from P54 
595.0953786885301 P69 recvs B52 from P89 
595.0953786885301 P69 adds B52 to its tree
595.240583033204 P69 recvs B51 from P36 
595.4477514777882 P69 recvs B51 from P56 
595.54516090804 P69 recvs B51 from P41 
596.05374493284 P69 recvs B52 from P36 
596.1588054134477 P69 recvs B52 from P54 
596.3107198938635 P69 recvs B52 from P56 
596.6937133922185 P69 recvs B53 from P89 
596.6937133922185 P69 adds B53 to its tree
596.6937133922185 P69 mines for 7448.46075887829 seconds
597.2862421559847 P69 recvs B53 from P54 
597.3258840559241 P69 recvs B52 from P41 
597.9244301634932 P69 recvs B53 from P36 
598.0228586436137 P69 recvs B53 from P41 
598.1729501140427 P69 recvs B53 from P56 
