0 P7 mines for 10.868687144516327 seconds
0.06473201752347295 P7 creates T1
1.6818477198041555 P7 recvs B2 from P4
1.6818477198041555 P7 adds B2 to its tree
1.6818477198041555 P7 mines for 133.3106990194613 seconds
2.5448750146598353 P7 recvs B2 from P3
2.649772507138915 P7 recvs B3 from P4
2.649772507138915 P7 adds B3 to its tree
2.649772507138915 P7 mines for 80.27556680314254 seconds
2.7566749105446737 P7 recvs B2 from P8
2.8406258146866836 P7 recvs B4 from P4
2.8406258146866836 P7 adds B4 to its tree
2.967097848415044 P7 recvs B4 from P3
3.0387931015402083 P7 recvs B2 from P2
3.517079890120897 P7 recvs B3 from P3
4.020113517786414 P7 recvs B3 from P2
4.1330030107866795 P7 recvs B4 from P2
4.161138374790238 P7 recvs B3 from P8
4.349349428393632 P7 recvs B4 from P8
5.795765679634059 P7 recvs B6 from P4
5.795765679634059 P7 adds B6 to its tree
5.795765679634059 P7 mines for 56.08306544089837 seconds
5.945801865892831 P7 recvs B6 from P3
