0 P70 mines for 4.135293775905234 seconds
4.135293775905234 P70 mines B2
25.228076580803112 P70 recvs B3 from P18 
25.228076580803112 P70 adds B3 to its tree
25.228076580803112 P70 mines for 100.86708543728984 seconds
25.406011663830046 P70 recvs B3 from P64 
26.71082806486779 P70 recvs B3 from P47 
26.78041995125506 P70 recvs B3 from P98 
71.35973276981154 P70 recvs B4 from P18 
71.35973276981154 P70 adds B4 to its tree
71.35973276981154 P70 mines for 670.4658502963671 seconds
71.48451923810461 P70 recvs B4 from P64 
72.52066976931492 P70 recvs B4 from P98 
72.70142952190179 P70 recvs B4 from P47 
77.99212993787705 P70 recvs B5 from P18 
77.99212993787705 P70 adds B5 to its tree
77.99212993787705 P70 mines for 454.95223135920037 seconds
78.48511826820818 P70 recvs B5 from P64 
79.65150531564753 P70 recvs B5 from P98 
86.87608755337922 P70 recvs B6 from P18 
86.87608755337922 P70 adds B6 to its tree
86.87608755337922 P70 mines for 385.09118656402995 seconds
88.22904011285917 P70 recvs B6 from P64 
88.9468280841501 P70 recvs B6 from P98 
102.889156581107 P70 recvs B7 from P18 
102.889156581107 P70 adds B7 to its tree
102.889156581107 P70 mines for 798.7842442859978 seconds
103.090928492877 P70 recvs B7 from P64 
104.02129701763371 P70 recvs B7 from P47 
104.39827694203291 P70 recvs B7 from P98 
111.00420565164156 P70 recvs B8 from P18 
111.00420565164156 P70 adds B8 to its tree
111.00420565164156 P70 mines for 504.2507363370513 seconds
111.07271165040063 P70 recvs B8 from P64 
111.30776414622582 P70 recvs B8 from P47 
112.29999662891784 P70 recvs B8 from P98 
122.50425306572733 P70 recvs B9 from P64 
122.50425306572733 P70 adds B9 to its tree
122.50425306572733 P70 mines for 299.91572748935255 seconds
122.93284811337101 P70 recvs B9 from P18 
123.53708138512826 P70 recvs B9 from P98 
124.29775438794407 P70 recvs B9 from P47 
131.008811975191 P70 recvs B10 from P18 
131.008811975191 P70 adds B10 to its tree
131.008811975191 P70 mines for 179.7489114356909 seconds
131.27541047030746 P70 recvs B10 from P64 
132.36769906197495 P70 recvs B10 from P47 
132.6770687996705 P70 recvs B10 from P98 
142.7980279409333 P70 recvs B11 from P98 
142.7980279409333 P70 adds B11 to its tree
142.7980279409333 P70 mines for 126.92648629344824 seconds
142.91124005218077 P70 recvs B11 from P18 
143.52157540043655 P70 recvs B11 from P64 
144.53752922788868 P70 recvs B11 from P47 
156.8586125115227 P70 recvs B12 from P18 
156.8586125115227 P70 adds B12 to its tree
156.8586125115227 P70 mines for 1261.1433106254067 seconds
156.91045489833266 P70 recvs B12 from P64 
157.85469235147485 P70 recvs B12 from P98 
158.12289304186766 P70 recvs B12 from P47 
170.9806100791405 P70 recvs B13 from P64 
170.9806100791405 P70 adds B13 to its tree
170.9806100791405 P70 mines for 894.9313249313674 seconds
171.3604563119909 P70 recvs B13 from P18 
172.70603213759014 P70 recvs B13 from P98 
172.8708406250227 P70 recvs B13 from P47 
185.63112801244688 P70 recvs B14 from P64 
185.63112801244688 P70 adds B14 to its tree
185.63112801244688 P70 mines for 868.719921591012 seconds
185.88447246146941 P70 recvs B14 from P18 
186.2040405390953 P70 recvs B14 from P98 
186.4466516670188 P70 recvs B14 from P47 
202.06795324974394 P70 recvs B15 from P98 
202.06795324974394 P70 adds B15 to its tree
202.06795324974394 P70 mines for 444.3360075930021 seconds
202.49413924782198 P70 recvs B15 from P18 
203.0171844611429 P70 recvs B15 from P64 
213.543891185301 P70 recvs B16 from P18 
213.543891185301 P70 adds B16 to its tree
213.543891185301 P70 mines for 95.91293419309014 seconds
213.75267238281955 P70 recvs B16 from P64 
214.0965084212438 P70 recvs B17 from P18 
214.0965084212438 P70 adds B17 to its tree
214.8123716021604 P70 recvs B17 from P64 
214.99027498620185 P70 recvs B16 from P98 
215.25119685148252 P70 recvs B17 from P47 
215.3939848377822 P70 recvs B17 from P98 
220.62674134763037 P70 recvs B18 from P64 
220.62674134763037 P70 adds B18 to its tree
220.62674134763037 P70 mines for 913.0084966662048 seconds
220.90895670674388 P70 recvs B18 from P18 
222.05123733835137 P70 recvs B19 from P18 
222.05123733835137 P70 adds B19 to its tree
222.45510622877885 P70 recvs B19 from P98 
222.4853482981846 P70 recvs B18 from P47 
222.75169689683966 P70 recvs B19 from P64 
222.7784106110432 P70 recvs B18 from P98 
230.31902390972994 P70 recvs B20 from P64 
230.31902390972994 P70 adds B20 to its tree
230.31902390972994 P70 mines for 503.9505940406741 seconds
230.7260773805109 P70 recvs B20 from P18 
230.98078623496224 P70 recvs B20 from P98 
231.33311120185354 P70 recvs B20 from P47 
253.45920825011837 P70 recvs B21 from P64 
253.45920825011837 P70 adds B21 to its tree
253.45920825011837 P70 mines for 282.97214619712884 seconds
253.92308487036206 P70 recvs B21 from P18 
255.33858650817126 P70 recvs B21 from P98 
255.461914065041 P70 recvs B21 from P47 
259.3836503543372 P70 recvs B22 from P64 
259.3836503543372 P70 adds B22 to its tree
259.3836503543372 P70 mines for 78.97801734893764 seconds
259.7215011229658 P70 recvs B22 from P18 
261.09216135234436 P70 recvs B22 from P47 
261.64851157377524 P70 recvs B22 from P98 
288.1770745954893 P70 recvs B23 from P64 
288.1770745954893 P70 adds B23 to its tree
288.1770745954893 P70 mines for 415.1534730187343 seconds
288.2244882095277 P70 recvs B23 from P18 
289.310005068462 P70 recvs B23 from P98 
289.48293794167944 P70 recvs B23 from P47 
296.9691050208488 P70 recvs B24 from P64 
296.9691050208488 P70 adds B24 to its tree
296.9691050208488 P70 mines for 706.6093643090815 seconds
297.45148349762945 P70 recvs B24 from P18 
298.7253853510456 P70 recvs B24 from P98 
298.78961329739576 P70 recvs B24 from P47 
307.2798990126262 P70 recvs B25 from P64 
307.2798990126262 P70 adds B25 to its tree
307.2798990126262 P70 mines for 408.8981065493274 seconds
307.4483096545898 P70 recvs B25 from P18 
308.1446233966484 P70 recvs B26 from P64 
308.1446233966484 P70 adds B26 to its tree
308.3956831847286 P70 recvs B25 from P47 
308.66549834915475 P70 recvs B26 from P18 
308.7772021624019 P70 recvs B25 from P98 
309.7872381022395 P70 recvs B26 from P98 
309.88818007624565 P70 recvs B26 from P47 
340.71147987976383 P70 recvs B27 from P18 
340.71147987976383 P70 adds B27 to its tree
340.71147987976383 P70 mines for 283.4671526615111 seconds
341.4244769427471 P70 recvs B27 from P64 
342.52917053305606 P70 recvs B27 from P98 
369.9843497701309 P70 recvs B28 from P64 
369.9843497701309 P70 adds B28 to its tree
369.9843497701309 P70 mines for 8.274210629184802 seconds
370.47280029283485 P70 recvs B28 from P18 
371.619389218603 P70 recvs B28 from P98 
378.2585603993157 P70 mines B29
387.81099048430195 P70 recvs B30 from P18 
387.81099048430195 P70 adds B30 to its tree
387.81099048430195 P70 mines for 270.62632623505914 seconds
388.51302443621785 P70 recvs B30 from P64 
390.2609478433504 P70 recvs B30 from P98 
396.4785343148677 P70 recvs B31 from P18 
396.4785343148677 P70 adds B31 to its tree
396.4785343148677 P70 mines for 43.34695705685276 seconds
397.1347600631171 P70 recvs B31 from P64 
398.2421793084888 P70 recvs B31 from P98 
402.9920346851475 P70 recvs B33 from P64 
402.9920346851475 P70 adds B33 to its tree
402.9920346851475 P70 mines for 118.80043200180413 seconds
403.3462118087113 P70 recvs B33 from P18 
403.5811963100653 P70 recvs B32 from P18 
403.5811963100653 P70 adds B32 to its tree
404.0617930434683 P70 recvs B32 from P64 
404.7350505848941 P70 recvs B33 from P47 
405.20640898430855 P70 recvs B33 from P98 
405.5336192618602 P70 recvs B32 from P98 
406.65720337326024 P70 recvs B34 from P18 
406.65720337326024 P70 adds B34 to its tree
406.65720337326024 P70 mines for 302.70838948824047 seconds
408.06306984600985 P70 recvs B34 from P64 
409.0918252164373 P70 recvs B34 from P98 
436.08930749288555 P70 recvs B35 from P98 
436.08930749288555 P70 adds B35 to its tree
436.08930749288555 P70 mines for 223.0009588186723 seconds
436.4603592167418 P70 recvs B35 from P18 
436.98275058602036 P70 recvs B35 from P64 
439.703838767567 P70 recvs B36 from P64 
439.703838767567 P70 adds B36 to its tree
439.703838767567 P70 mines for 1746.9118214278778 seconds
440.05468868298664 P70 recvs B36 from P18 
441.5041152630752 P70 recvs B36 from P98 
441.5968933961142 P70 recvs B36 from P47 
446.95908501581135 P70 recvs B37 from P18 
446.95908501581135 P70 adds B37 to its tree
446.95908501581135 P70 mines for 474.5460712677049 seconds
447.57801865632894 P70 recvs B38 from P18 
447.57801865632894 P70 adds B38 to its tree
448.1202461499959 P70 recvs B38 from P64 
448.17306115191826 P70 recvs B37 from P64 
448.82755735724174 P70 recvs B38 from P98 
449.01608193992223 P70 recvs B38 from P47 
449.4032259507647 P70 recvs B37 from P98 
456.9976464327692 P70 recvs B39 from P18 
456.9976464327692 P70 adds B39 to its tree
456.9976464327692 P70 mines for 454.62393559124274 seconds
457.0850644086891 P70 recvs B39 from P64 
458.8554366759063 P70 recvs B39 from P98 
477.0862242598838 P70 recvs B40 from P18 
477.0862242598838 P70 adds B40 to its tree
477.0862242598838 P70 mines for 729.2260947916664 seconds
477.76916732479066 P70 recvs B40 from P64 
479.10376198906005 P70 recvs B40 from P98 
483.5834517505049 P70 recvs B41 from P18 
483.5834517505049 P70 adds B41 to its tree
483.5834517505049 P70 mines for 1962.6036321206955 seconds
484.821109044323 P70 recvs B41 from P64 
485.60485070965643 P70 recvs B41 from P98 
493.9742161065766 P70 recvs B42 from P18 
493.9742161065766 P70 adds B42 to its tree
493.9742161065766 P70 mines for 317.2124708151008 seconds
495.1531743052367 P70 recvs B42 from P64 
496.2342308696886 P70 recvs B42 from P98 
503.15725727583543 P70 recvs B44 from P64 
503.15725727583543 P70 adds B44 to its tree
503.15725727583543 P70 mines for 21.28166070556139 seconds
503.1663116576974 P70 recvs B43 from P18 
503.1663116576974 P70 adds B43 to its tree
503.5265067100736 P70 recvs B44 from P18 
503.6906651698707 P70 recvs B43 from P64 
504.6847209076301 P70 recvs B44 from P98 
504.8918386648132 P70 recvs B44 from P47 
505.18381083172056 P70 recvs B43 from P98 
524.4389179813968 P70 mines B45
548.4554866219903 P70 recvs B46 from P64 
548.4554866219903 P70 adds B46 to its tree
548.4554866219903 P70 mines for 1203.4961823404494 seconds
548.9607322682648 P70 recvs B46 from P18 
549.5607121811614 P70 recvs B46 from P98 
562.1453753719619 P70 recvs B47 from P64 
562.1453753719619 P70 adds B47 to its tree
562.1453753719619 P70 mines for 69.66179572245876 seconds
562.4261901367222 P70 recvs B47 from P18 
562.7537833912344 P70 recvs B47 from P98 
562.9154786327198 P70 recvs B47 from P47 
566.0862810723773 P70 recvs B48 from P18 
566.0862810723773 P70 adds B48 to its tree
566.0862810723773 P70 mines for 794.3335011411996 seconds
566.4955118193457 P70 recvs B48 from P64 
567.5756555137388 P70 recvs B48 from P47 
567.7965245897321 P70 recvs B48 from P98 
576.4204660319618 P70 recvs B49 from P64 
576.4204660319618 P70 adds B49 to its tree
576.4204660319618 P70 mines for 277.3154398389094 seconds
576.7703076622822 P70 recvs B49 from P18 
578.0658221547739 P70 recvs B49 from P98 
578.3249152421923 P70 recvs B49 from P47 
590.1308040664021 P70 recvs B50 from P18 
590.1308040664021 P70 adds B50 to its tree
590.1308040664021 P70 mines for 113.81512913893357 seconds
590.6262960209516 P70 recvs B50 from P64 
591.9938039976295 P70 recvs B50 from P98 
594.6018623469431 P70 recvs B51 from P64 
594.6018623469431 P70 adds B51 to its tree
594.6018623469431 P70 mines for 43.99683518096081 seconds
594.6570022945936 P70 recvs B52 from P18 
594.6570022945936 P70 adds B52 to its tree
595.0184890645576 P70 recvs B51 from P18 
596.1377342302127 P70 recvs B52 from P64 
596.2234957955253 P70 recvs B51 from P47 
596.2982607601685 P70 recvs B51 from P98 
597.2711402458187 P70 recvs B52 from P98 
597.4707718583006 P70 recvs B53 from P64 
597.4707718583006 P70 adds B53 to its tree
597.4707718583006 P70 mines for 147.1908771839264 seconds
597.5463411950657 P70 recvs B53 from P18 
599.0521768097242 P70 recvs B53 from P98 
