0 P71 mines for 699.4470914467098 seconds
1.240597253651049 P71 creates T22
5.110780469256696 P71 recvs B2 from P29 
5.110780469256696 P71 adds B2 to its tree
5.110780469256696 P71 mines for 476.70619950358923 seconds
5.862015672871182 P71 recvs B2 from P83 
23.536013490326802 P71 recvs B3 from P10 
23.536013490326802 P71 adds B3 to its tree
23.536013490326802 P71 mines for 298.41082102349117 seconds
25.20209893586856 P71 recvs B3 from P83 
25.816420277564923 P71 recvs B3 from P68 
70.24450138671483 P71 recvs B4 from P10 
70.24450138671483 P71 adds B4 to its tree
70.24450138671483 P71 mines for 269.9556260065504 seconds
70.57183580977912 P71 recvs B4 from P83 
70.74913594869166 P71 recvs B4 from P45 
72.7455663729987 P71 recvs B4 from P68 
76.7768165047505 P71 recvs B5 from P29 
76.7768165047505 P71 adds B5 to its tree
76.7768165047505 P71 mines for 547.3810011048579 seconds
76.8123824168885 P71 recvs B5 from P10 
77.50186545393044 P71 recvs B5 from P45 
77.94311657782197 P71 recvs B5 from P83 
78.11816775389637 P71 recvs B5 from P68 
86.09746632829305 P71 recvs B6 from P83 
86.09746632829305 P71 adds B6 to its tree
86.09746632829305 P71 mines for 238.2932589070189 seconds
86.27672918682637 P71 recvs B6 from P29 
101.21442877349581 P71 recvs B7 from P10 
101.21442877349581 P71 adds B7 to its tree
101.21442877349581 P71 mines for 1173.2946360706374 seconds
102.78076924740543 P71 recvs B7 from P83 
102.90539248497603 P71 recvs B7 from P68 
110.16804802637674 P71 recvs B8 from P29 
110.16804802637674 P71 adds B8 to its tree
110.16804802637674 P71 mines for 203.4738006725194 seconds
110.89920706592513 P71 recvs B8 from P45 
110.92679089582259 P71 recvs B8 from P83 
112.40243300823191 P71 recvs B8 from P68 
121.2825388987898 P71 recvs B9 from P10 
121.2825388987898 P71 adds B9 to its tree
121.2825388987898 P71 mines for 51.72142204518518 seconds
122.74856897479006 P71 recvs B9 from P83 
123.4937377906577 P71 recvs B9 from P68 
129.32841513931646 P71 recvs B10 from P10 
129.32841513931646 P71 adds B10 to its tree
129.32841513931646 P71 mines for 12.68616646879564 seconds
130.99206495371754 P71 recvs B10 from P83 
131.5363454232075 P71 recvs B10 from P68 
141.7515060446097 P71 recvs B11 from P10 
141.7515060446097 P71 adds B11 to its tree
141.7515060446097 P71 mines for 49.76220331431663 seconds
141.92623029375144 P71 recvs B11 from P29 
142.90655150597158 P71 recvs B11 from P83 
143.58851782274016 P71 recvs B11 from P68 
155.7109079737235 P71 recvs B12 from P10 
155.7109079737235 P71 adds B12 to its tree
155.7109079737235 P71 mines for 475.19346141264583 seconds
155.9823990061515 P71 recvs B12 from P83 
156.24145655303084 P71 recvs B12 from P45 
158.1586654151126 P71 recvs B12 from P68 
169.7568971107036 P71 recvs B13 from P10 
169.7568971107036 P71 adds B13 to its tree
169.7568971107036 P71 mines for 1467.043746848588 seconds
170.6676049744676 P71 recvs B13 from P83 
170.97049870704717 P71 recvs B13 from P45 
171.81093659191478 P71 recvs B13 from P68 
184.92395126699066 P71 recvs B14 from P10 
184.92395126699066 P71 adds B14 to its tree
184.92395126699066 P71 mines for 913.9466902937223 seconds
185.01423622554978 P71 recvs B14 from P29 
185.34955279541742 P71 recvs B14 from P45 
185.86247400820704 P71 recvs B14 from P83 
186.76646484100186 P71 recvs B14 from P68 
201.33901090964443 P71 recvs B15 from P29 
201.33901090964443 P71 adds B15 to its tree
201.33901090964443 P71 mines for 629.7890861446596 seconds
202.72798976198004 P71 recvs B15 from P83 
211.90639342320958 P71 recvs B16 from P10 
211.90639342320958 P71 adds B16 to its tree
211.90639342320958 P71 mines for 849.5977249713591 seconds
213.26595107230509 P71 recvs B17 from P10 
213.26595107230509 P71 adds B17 to its tree
213.47685757310964 P71 recvs B16 from P83 
213.48787331892402 P71 recvs B17 from P29 
213.66080946071807 P71 recvs B17 from P45 
214.00812651155763 P71 recvs B17 from P83 
214.1434280792511 P71 recvs B16 from P68 
214.90711452907595 P71 recvs B17 from P68 
219.84184053804321 P71 recvs B18 from P10 
219.84184053804321 P71 adds B18 to its tree
219.84184053804321 P71 mines for 1797.9578429151875 seconds
220.34181397212868 P71 recvs B18 from P29 
220.83598416275646 P71 recvs B18 from P83 
221.65836560826818 P71 recvs B19 from P29 
221.65836560826818 P71 adds B19 to its tree
221.9627570674879 P71 recvs B18 from P68 
222.3617051203876 P71 recvs B19 from P83 
223.65494490966552 P71 recvs B19 from P68 
229.71579363931016 P71 recvs B20 from P10 
229.71579363931016 P71 adds B20 to its tree
229.71579363931016 P71 mines for 381.63917716072547 seconds
229.75626456710899 P71 recvs B20 from P29 
230.17898142023 P71 recvs B20 from P45 
230.5697022330656 P71 recvs B20 from P83 
231.59583770425215 P71 recvs B20 from P68 
252.37511898471735 P71 recvs B21 from P10 
252.37511898471735 P71 adds B21 to its tree
252.37511898471735 P71 mines for 433.09119925176543 seconds
253.2788661067874 P71 recvs B21 from P83 
253.45701564469974 P71 recvs B21 from P45 
254.40579895803262 P71 recvs B21 from P68 
258.6644965137375 P71 recvs B22 from P10 
258.6644965137375 P71 adds B22 to its tree
258.6644965137375 P71 mines for 2101.768046241353 seconds
259.086073789014 P71 recvs B22 from P29 
259.64235989708845 P71 recvs B22 from P83 
259.6586490123898 P71 recvs B22 from P45 
260.71595538366904 P71 recvs B22 from P68 
287.0700926499678 P71 recvs B23 from P10 
287.0700926499678 P71 adds B23 to its tree
287.0700926499678 P71 mines for 326.80612219757387 seconds
287.3317654537758 P71 recvs B23 from P83 
287.5489089362095 P71 recvs B23 from P45 
288.93411570485455 P71 recvs B23 from P68 
295.88086997517325 P71 recvs B24 from P10 
295.88086997517325 P71 adds B24 to its tree
295.88086997517325 P71 mines for 879.3739045113542 seconds
296.4526053728706 P71 recvs B24 from P29 
297.4403406062316 P71 recvs B24 from P83 
306.39728223909066 P71 recvs B25 from P10 
306.39728223909066 P71 adds B25 to its tree
306.39728223909066 P71 mines for 272.8317274130588 seconds
306.59307508430715 P71 recvs B25 from P29 
306.96322174414587 P71 recvs B26 from P10 
306.96322174414587 P71 adds B26 to its tree
307.40182474954116 P71 recvs B25 from P83 
307.9978064158629 P71 recvs B25 from P68 
308.8931107889895 P71 recvs B26 from P83 
309.16638544979213 P71 recvs B26 from P68 
339.58044863662286 P71 recvs B27 from P10 
339.58044863662286 P71 adds B27 to its tree
339.58044863662286 P71 mines for 283.97424099476257 seconds
340.605312059569 P71 recvs B27 from P83 
368.7600984701333 P71 recvs B28 from P10 
368.7600984701333 P71 adds B28 to its tree
368.7600984701333 P71 mines for 141.84417697881355 seconds
370.3903553562988 P71 recvs B28 from P83 
379.2785747456847 P71 recvs B29 from P29 
379.2785747456847 P71 adds B29 to its tree
379.2785747456847 P71 mines for 1066.5773632656185 seconds
380.09744955627525 P71 recvs B29 from P83 
386.89045072475466 P71 recvs B30 from P29 
386.89045072475466 P71 adds B30 to its tree
386.89045072475466 P71 mines for 1007.3450108058339 seconds
387.7184591028108 P71 recvs B30 from P83 
389.2519458844209 P71 recvs B30 from P68 
395.26057489950546 P71 recvs B31 from P10 
395.26057489950546 P71 adds B31 to its tree
395.26057489950546 P71 mines for 825.0116181223548 seconds
396.3701415552967 P71 recvs B31 from P83 
397.58063031023204 P71 recvs B31 from P68 
402.1960600727052 P71 recvs B33 from P10 
402.1960600727052 P71 adds B33 to its tree
402.1960600727052 P71 mines for 59.074795056658175 seconds
402.4970111246384 P71 recvs B32 from P10 
402.4970111246384 P71 adds B32 to its tree
402.5026800444288 P71 recvs B32 from P29 
402.74137049648886 P71 recvs B33 from P29 
403.2934708704331 P71 recvs B33 from P83 
403.4384409712738 P71 recvs B32 from P45 
403.4843972169653 P71 recvs B32 from P83 
403.6878102465364 P71 recvs B32 from P68 
404.4101726765534 P71 recvs B33 from P68 
405.77088660683376 P71 recvs B34 from P29 
405.77088660683376 P71 adds B34 to its tree
405.77088660683376 P71 mines for 194.77407026269313 seconds
406.5797689877894 P71 recvs B34 from P83 
435.34981476504964 P71 recvs B35 from P29 
435.34981476504964 P71 adds B35 to its tree
435.34981476504964 P71 mines for 333.2910482150332 seconds
436.38033065673505 P71 recvs B35 from P83 
438.60448833248927 P71 recvs B36 from P10 
438.60448833248927 P71 adds B36 to its tree
438.60448833248927 P71 mines for 171.4971062328605 seconds
439.97613609350634 P71 recvs B36 from P83 
440.6815514121637 P71 recvs B36 from P68 
446.1112520492309 P71 recvs B37 from P29 
446.1112520492309 P71 adds B37 to its tree
446.1112520492309 P71 mines for 342.56361876510863 seconds
446.47821346999996 P71 recvs B38 from P10 
446.47821346999996 P71 adds B38 to its tree
446.70376620749977 P71 recvs B38 from P29 
446.8645477513422 P71 recvs B37 from P83 
446.9900650547037 P71 recvs B38 from P45 
447.56739166213293 P71 recvs B38 from P83 
448.81996664707987 P71 recvs B38 from P68 
455.90481310379073 P71 recvs B39 from P10 
455.90481310379073 P71 adds B39 to its tree
455.90481310379073 P71 mines for 998.5695182718349 seconds
456.9734601009648 P71 recvs B39 from P83 
475.9145116328426 P71 recvs B40 from P10 
475.9145116328426 P71 adds B40 to its tree
475.9145116328426 P71 mines for 2123.221511428678 seconds
476.99135582208913 P71 recvs B40 from P83 
478.2015143647477 P71 recvs B40 from P68 
482.67897976874264 P71 recvs B41 from P83 
482.67897976874264 P71 adds B41 to its tree
482.67897976874264 P71 mines for 604.2435616458723 seconds
493.01853941807593 P71 recvs B42 from P29 
493.01853941807593 P71 adds B42 to its tree
493.01853941807593 P71 mines for 42.80848344041103 seconds
493.8584221836958 P71 recvs B42 from P83 
501.8378507234983 P71 recvs B44 from P10 
501.8378507234983 P71 adds B44 to its tree
501.8378507234983 P71 mines for 856.1960396711487 seconds
502.00611614882087 P71 recvs B43 from P10 
502.00611614882087 P71 adds B43 to its tree
502.15481719088626 P71 recvs B43 from P68 
502.4303526438922 P71 recvs B43 from P29 
503.0580049238359 P71 recvs B43 from P83 
503.4266280574311 P71 recvs B44 from P83 
504.0279877771747 P71 recvs B44 from P68 
525.4283531934216 P71 recvs B45 from P29 
525.4283531934216 P71 adds B45 to its tree
525.4283531934216 P71 mines for 354.8113151740953 seconds
526.2344694440222 P71 recvs B45 from P83 
547.2454606124127 P71 recvs B46 from P10 
547.2454606124127 P71 adds B46 to its tree
547.2454606124127 P71 mines for 55.42739924673026 seconds
548.7004144557899 P71 recvs B46 from P83 
549.4718633731048 P71 recvs B46 from P68 
561.5685567417792 P71 recvs B47 from P29 
561.5685567417792 P71 adds B47 to its tree
561.5685567417792 P71 mines for 42.53528239403009 seconds
561.5866815291903 P71 recvs B47 from P10 
562.0314456925156 P71 recvs B47 from P45 
562.3978795224757 P71 recvs B47 from P83 
563.4332544508042 P71 recvs B47 from P68 
564.3320979088357 P71 recvs B48 from P10 
564.3320979088357 P71 adds B48 to its tree
564.3320979088357 P71 mines for 335.93510200153736 seconds
565.9303240091631 P71 recvs B48 from P83 
575.1416849842528 P71 recvs B49 from P10 
575.1416849842528 P71 adds B49 to its tree
575.1416849842528 P71 mines for 100.27991821286916 seconds
576.7086896367977 P71 recvs B49 from P83 
577.2745157130558 P71 recvs B49 from P68 
589.0478572138467 P71 recvs B50 from P29 
589.0478572138467 P71 adds B50 to its tree
589.0478572138467 P71 mines for 23.991448113820375 seconds
589.1169568111736 P71 recvs B50 from P10 
589.7573610099437 P71 recvs B50 from P45 
590.0450112000084 P71 recvs B50 from P83 
590.3403507316483 P71 recvs B50 from P68 
593.4113323825318 P71 recvs B51 from P10 
593.4113323825318 P71 adds B51 to its tree
593.4113323825318 P71 mines for 276.04006268391504 seconds
593.7602778926902 P71 recvs B52 from P29 
593.7602778926902 P71 adds B52 to its tree
594.5491458593831 P71 recvs B52 from P83 
594.9200865037576 P71 recvs B51 from P83 
595.6604740209341 P71 recvs B51 from P68 
596.2488534477203 P71 recvs B53 from P10 
596.2488534477203 P71 adds B53 to its tree
596.2488534477203 P71 mines for 287.16977227120327 seconds
597.4754554660776 P71 recvs B53 from P83 
598.5174356298304 P71 recvs B53 from P68 
