0 P74 mines for 63.294385428075984 seconds
0.0835970158817027 P74 creates T4
0.5328048066847038 P74 creates T10
6.359997851471863 P74 recvs B2 from P3 
6.359997851471863 P74 adds B2 to its tree
6.359997851471863 P74 mines for 108.08011479596767 seconds
6.4020892430656104 P74 recvs B2 from P61 
6.811565683525124 P74 recvs B2 from P45 
6.958231444264276 P74 recvs B2 from P44 
6.975330208382303 P74 recvs B2 from P53 
7.132414340665171 P74 recvs B2 from P73 
24.741811994462193 P74 recvs B3 from P3 
24.741811994462193 P74 adds B3 to its tree
24.741811994462193 P74 mines for 2259.563352366018 seconds
25.27785547855232 P74 recvs B3 from P45 
25.543165336013757 P74 recvs B3 from P53 
25.768187857237272 P74 recvs B3 from P61 
26.4880307586489 P74 recvs B3 from P73 
69.6304512393503 P74 recvs B4 from P3 
69.6304512393503 P74 adds B4 to its tree
69.6304512393503 P74 mines for 212.94174725397528 seconds
70.66095617640414 P74 recvs B4 from P61 
71.37516978316704 P74 recvs B4 from P53 
77.49919978901757 P74 recvs B5 from P53 
77.49919978901757 P74 adds B5 to its tree
77.49919978901757 P74 mines for 258.24414000970455 seconds
77.66704102140206 P74 recvs B5 from P3 
78.07025313863443 P74 recvs B5 from P61 
78.37211565046883 P74 recvs B5 from P45 
79.23265394316115 P74 recvs B5 from P73 
86.39475070555434 P74 recvs B6 from P3 
86.39475070555434 P74 adds B6 to its tree
86.39475070555434 P74 mines for 167.47113161848407 seconds
87.35748464678271 P74 recvs B6 from P61 
87.35754330734297 P74 recvs B6 from P73 
87.85813959888515 P74 recvs B6 from P45 
88.11180459707624 P74 recvs B6 from P53 
102.37835064579951 P74 recvs B7 from P3 
102.37835064579951 P74 adds B7 to its tree
102.37835064579951 P74 mines for 152.37275740490958 seconds
102.97805030370345 P74 recvs B7 from P45 
103.21867498104537 P74 recvs B7 from P53 
103.61452788020259 P74 recvs B7 from P61 
104.1410483382538 P74 recvs B7 from P73 
111.13688556982595 P74 recvs B8 from P53 
111.13688556982595 P74 adds B8 to its tree
111.13688556982595 P74 mines for 340.4208695168092 seconds
111.21140541289704 P74 recvs B8 from P3 
111.30080666762645 P74 recvs B8 from P44 
111.46422696241628 P74 recvs B8 from P61 
111.74558907066036 P74 recvs B8 from P45 
112.19120067040454 P74 recvs B8 from P73 
121.84359777044503 P74 recvs B9 from P3 
121.84359777044503 P74 adds B9 to its tree
121.84359777044503 P74 mines for 806.8814973013921 seconds
122.91627380485934 P74 recvs B9 from P61 
123.03780280846391 P74 recvs B9 from P45 
123.44091859598723 P74 recvs B9 from P53 
124.00545467860327 P74 recvs B9 from P73 
130.65366680540077 P74 recvs B10 from P3 
130.65366680540077 P74 adds B10 to its tree
130.65366680540077 P74 mines for 1436.2646822209977 seconds
131.04045956030023 P74 recvs B10 from P45 
131.25716570883654 P74 recvs B10 from P53 
131.642950974236 P74 recvs B10 from P61 
132.25953914525283 P74 recvs B10 from P73 
141.94964752952242 P74 recvs B11 from P53 
141.94964752952242 P74 adds B11 to its tree
141.94964752952242 P74 mines for 815.5976520124369 seconds
142.29749553868768 P74 recvs B11 from P3 
143.4058620723705 P74 recvs B11 from P45 
155.08042708152053 P74 recvs B12 from P3 
155.08042708152053 P74 adds B12 to its tree
155.08042708152053 P74 mines for 700.9394278834529 seconds
156.05607541402182 P74 recvs B12 from P61 
156.8014575962651 P74 recvs B12 from P53 
157.25504071226615 P74 recvs B12 from P73 
169.76931082305614 P74 recvs B13 from P3 
169.76931082305614 P74 adds B13 to its tree
169.76931082305614 P74 mines for 867.720253708198 seconds
170.7171709644277 P74 recvs B13 from P61 
170.84966187171324 P74 recvs B13 from P53 
171.68807652664606 P74 recvs B13 from P73 
184.84907327572657 P74 recvs B14 from P44 
184.84907327572657 P74 adds B14 to its tree
184.84907327572657 P74 mines for 397.91059710757173 seconds
185.91645438386766 P74 recvs B14 from P3 
186.0130176365763 P74 recvs B14 from P73 
186.19269679718153 P74 recvs B14 from P45 
186.2126289421204 P74 recvs B14 from P61 
186.35880135257048 P74 recvs B14 from P53 
202.59461675680063 P74 recvs B15 from P3 
202.59461675680063 P74 adds B15 to its tree
202.59461675680063 P74 mines for 429.39945095717184 seconds
202.9255774294608 P74 recvs B15 from P44 
202.99580167571023 P74 recvs B15 from P45 
203.17762404773018 P74 recvs B15 from P53 
203.29438024084124 P74 recvs B15 from P61 
203.98243885877778 P74 recvs B15 from P73 
213.11688001423437 P74 recvs B16 from P3 
213.11688001423437 P74 adds B16 to its tree
213.11688001423437 P74 mines for 242.9782920129735 seconds
213.60945728949005 P74 recvs B16 from P45 
213.93048425023926 P74 recvs B16 from P53 
214.0048418821882 P74 recvs B17 from P44 
214.0048418821882 P74 adds B17 to its tree
214.22261092816424 P74 recvs B16 from P61 
214.3478911176855 P74 recvs B17 from P53 
214.50047395686 P74 recvs B17 from P45 
214.52117377718912 P74 recvs B17 from P61 
214.58610279607842 P74 recvs B17 from P3 
214.73301343341183 P74 recvs B16 from P73 
215.2302717946664 P74 recvs B17 from P73 
220.63141940229406 P74 recvs B18 from P3 
220.63141940229406 P74 adds B18 to its tree
220.63141940229406 P74 mines for 591.8358714114399 seconds
220.96312814127327 P74 recvs B18 from P61 
221.53641730319487 P74 recvs B18 from P45 
221.66028357581973 P74 recvs B18 from P44 
221.9409683330479 P74 recvs B18 from P53 
222.14937856149064 P74 recvs B18 from P73 
222.19694502927402 P74 recvs B19 from P3 
222.19694502927402 P74 adds B19 to its tree
222.83850890812022 P74 recvs B19 from P61 
223.3291878720844 P74 recvs B19 from P45 
223.3295689053897 P74 recvs B19 from P53 
223.33542217195236 P74 recvs B19 from P44 
223.5881309182026 P74 recvs B19 from P73 
229.6428427489991 P74 recvs B20 from P44 
229.6428427489991 P74 adds B20 to its tree
229.6428427489991 P74 mines for 2568.6389509613755 seconds
230.680877075201 P74 recvs B20 from P3 
230.82445947361484 P74 recvs B20 from P73 
231.00387805129947 P74 recvs B20 from P45 
231.0738137392986 P74 recvs B20 from P61 
231.17120288938386 P74 recvs B20 from P53 
252.36055649274613 P74 recvs B21 from P3 
252.36055649274613 P74 adds B21 to its tree
252.36055649274613 P74 mines for 215.1515570091859 seconds
253.3797453551002 P74 recvs B21 from P61 
253.4465469838842 P74 recvs B21 from P53 
254.19415410360816 P74 recvs B21 from P73 
259.39193520158045 P74 recvs B22 from P3 
259.39193520158045 P74 adds B22 to its tree
259.39193520158045 P74 mines for 733.5288700800777 seconds
259.6518078759213 P74 recvs B22 from P61 
260.3861056411089 P74 recvs B22 from P44 
260.49548804202806 P74 recvs B22 from P45 
260.65047423317696 P74 recvs B22 from P53 
260.66283659913233 P74 recvs B22 from P73 
286.4262984869326 P74 recvs B23 from P3 
286.4262984869326 P74 adds B23 to its tree
286.4262984869326 P74 mines for 13.734495172689295 seconds
287.431602427104 P74 recvs B23 from P61 
288.1489306687148 P74 recvs B23 from P73 
288.165664481603 P74 recvs B23 from P53 
296.6692107355367 P74 recvs B24 from P53 
296.6692107355367 P74 adds B24 to its tree
296.6692107355367 P74 mines for 357.28911916162645 seconds
296.6780031362017 P74 recvs B24 from P3 
296.80637982012144 P74 recvs B24 from P61 
297.5523661384081 P74 recvs B24 from P45 
298.34318774908803 P74 recvs B24 from P73 
306.63047640048876 P74 recvs B25 from P3 
306.63047640048876 P74 adds B25 to its tree
306.63047640048876 P74 mines for 129.8333116171434 seconds
306.807706990416 P74 recvs B25 from P61 
307.91507023000486 P74 recvs B25 from P73 
308.04699556436304 P74 recvs B26 from P3 
308.04699556436304 P74 adds B26 to its tree
308.1818413338047 P74 recvs B25 from P45 
308.3907693988977 P74 recvs B26 from P44 
308.4112655084362 P74 recvs B25 from P53 
308.64654784847676 P74 recvs B26 from P45 
309.1036224285892 P74 recvs B26 from P53 
309.11775501400035 P74 recvs B26 from P61 
310.20056412001315 P74 recvs B26 from P73 
340.7613753509687 P74 recvs B27 from P61 
340.7613753509687 P74 adds B27 to its tree
340.7613753509687 P74 mines for 589.2100596406989 seconds
341.1339888106892 P74 recvs B27 from P3 
341.21825484912 P74 recvs B27 from P45 
341.7010287379379 P74 recvs B27 from P53 
341.89683560211085 P74 recvs B27 from P73 
341.9337387788897 P74 recvs B27 from P44 
370.3291516022848 P74 recvs B28 from P3 
370.3291516022848 P74 adds B28 to its tree
370.3291516022848 P74 mines for 343.1875484956153 seconds
370.3846631571061 P74 recvs B28 from P53 
370.4261042396767 P74 recvs B28 from P45 
371.05942740610277 P74 recvs B28 from P44 
371.1693698318973 P74 recvs B28 from P61 
371.6212374608172 P74 recvs B28 from P73 
380.52057722835616 P74 recvs B29 from P61 
380.52057722835616 P74 adds B29 to its tree
380.52057722835616 P74 mines for 261.21284595822124 seconds
380.598682233055 P74 recvs B29 from P3 
380.93166595154634 P74 recvs B29 from P45 
381.15239640728214 P74 recvs B29 from P44 
381.2607009796796 P74 recvs B29 from P53 
381.3647582287445 P74 recvs B29 from P73 
387.9360935193458 P74 recvs B30 from P53 
387.9360935193458 P74 adds B30 to its tree
387.9360935193458 P74 mines for 102.0163876452989 seconds
388.1398549091883 P74 recvs B30 from P61 
388.23116394240037 P74 recvs B30 from P3 
388.5706472420903 P74 recvs B30 from P45 
388.9750665473789 P74 recvs B30 from P73 
389.09449200041416 P74 recvs B30 from P44 
396.4272977433265 P74 recvs B31 from P61 
396.4272977433265 P74 adds B31 to its tree
396.4272977433265 P74 mines for 1037.2377882410508 seconds
396.7465907427302 P74 recvs B31 from P53 
396.86306687441794 P74 recvs B31 from P3 
397.0299536008158 P74 recvs B31 from P45 
397.59171001964694 P74 recvs B31 from P73 
403.0089050912867 P74 recvs B33 from P3 
403.0089050912867 P74 adds B33 to its tree
403.0089050912867 P74 mines for 1007.3995772873335 seconds
403.2638898892887 P74 recvs B32 from P53 
403.2638898892887 P74 adds B32 to its tree
403.34216872982705 P74 recvs B33 from P61 
403.41815147620457 P74 recvs B32 from P3 
403.5192639181236 P74 recvs B32 from P61 
403.76770370191656 P74 recvs B32 from P45 
403.94008206081975 P74 recvs B33 from P45 
404.0084331488429 P74 recvs B33 from P44 
404.22941635238334 P74 recvs B33 from P53 
404.3139812385308 P74 recvs B33 from P73 
404.72063779913157 P74 recvs B32 from P73 
407.0177406291198 P74 recvs B34 from P61 
407.0177406291198 P74 adds B34 to its tree
407.0177406291198 P74 mines for 820.3123846991056 seconds
407.0842084885478 P74 recvs B34 from P3 
407.4594653837136 P74 recvs B34 from P45 
407.6735224262373 P74 recvs B34 from P53 
407.8599751095727 P74 recvs B34 from P73 
408.0937932077678 P74 recvs B34 from P44 
436.5399246082374 P74 recvs B35 from P3 
436.5399246082374 P74 adds B35 to its tree
436.5399246082374 P74 mines for 2610.732599419278 seconds
436.9173510338314 P74 recvs B35 from P44 
437.0548019215528 P74 recvs B35 from P45 
437.20666489703467 P74 recvs B35 from P53 
437.3279688065099 P74 recvs B35 from P61 
437.61640504144884 P74 recvs B35 from P73 
439.55757833413605 P74 recvs B36 from P3 
439.55757833413605 P74 adds B36 to its tree
439.55757833413605 P74 mines for 440.0201469702838 seconds
440.04273754009637 P74 recvs B36 from P44 
440.0956245102388 P74 recvs B36 from P53 
440.10154774054257 P74 recvs B36 from P61 
440.3106294416024 P74 recvs B36 from P45 
441.25012843090354 P74 recvs B36 from P73 
445.7218790394904 P74 recvs B38 from P61 
445.7218790394904 P74 adds B38 to its tree
445.7218790394904 P74 mines for 573.6850595424887 seconds
447.0956799327209 P74 recvs B37 from P53 
447.0956799327209 P74 adds B37 to its tree
447.34552288956826 P74 recvs B37 from P61 
447.34966753480717 P74 recvs B37 from P3 
447.8297453838349 P74 recvs B37 from P45 
448.1067611491901 P74 recvs B37 from P73 
448.23759080472877 P74 recvs B37 from P44 
456.42103235948036 P74 recvs B39 from P3 
456.42103235948036 P74 adds B39 to its tree
456.42103235948036 P74 mines for 839.4022130157699 seconds
456.8811469402398 P74 recvs B39 from P53 
457.01096560822316 P74 recvs B39 from P61 
457.5705308526218 P74 recvs B39 from P45 
458.1884786901047 P74 recvs B39 from P73 
476.98229597814685 P74 recvs B40 from P61 
476.98229597814685 P74 adds B40 to its tree
476.98229597814685 P74 mines for 795.9057011274879 seconds
477.5243106499741 P74 recvs B40 from P3 
477.6738362559012 P74 recvs B40 from P45 
477.88894295305386 P74 recvs B40 from P53 
478.2793446356815 P74 recvs B40 from P73 
482.97417159561047 P74 recvs B41 from P3 
482.97417159561047 P74 adds B41 to its tree
482.97417159561047 P74 mines for 845.2704110808719 seconds
483.9303553318708 P74 recvs B41 from P73 
483.94666574293143 P74 recvs B41 from P61 
484.43246496640364 P74 recvs B41 from P45 
484.7374069129703 P74 recvs B41 from P53 
493.75393353760893 P74 recvs B42 from P3 
493.75393353760893 P74 adds B42 to its tree
493.75393353760893 P74 mines for 81.93773570692431 seconds
494.30892489399037 P74 recvs B42 from P61 
494.6927106771841 P74 recvs B42 from P53 
494.69314406355056 P74 recvs B42 from P45 
494.80291735602134 P74 recvs B42 from P73 
503.00313941756116 P74 recvs B44 from P3 
503.00313941756116 P74 adds B44 to its tree
503.00313941756116 P74 mines for 241.0028231596844 seconds
503.19883740854556 P74 recvs B43 from P3 
503.19883740854556 P74 adds B43 to its tree
503.3388871777998 P74 recvs B44 from P44 
503.486509427878 P74 recvs B44 from P45 
503.5293045511581 P74 recvs B43 from P61 
503.6022301297439 P74 recvs B43 from P53 
503.6193834796373 P74 recvs B43 from P44 
503.6937735049956 P74 recvs B43 from P45 
503.7870547015939 P74 recvs B44 from P53 
504.01312742718017 P74 recvs B44 from P61 
504.32864307499324 P74 recvs B43 from P73 
504.65573698384264 P74 recvs B44 from P73 
526.7087345560642 P74 recvs B45 from P61 
526.7087345560642 P74 adds B45 to its tree
526.7087345560642 P74 mines for 73.92063570085975 seconds
526.7429490207885 P74 recvs B45 from P3 
527.0481146328071 P74 recvs B45 from P45 
527.3102409247924 P74 recvs B45 from P53 
527.3964600314872 P74 recvs B45 from P44 
527.4561997269282 P74 recvs B45 from P73 
547.7961383727313 P74 recvs B46 from P3 
547.7961383727313 P74 adds B46 to its tree
547.7961383727313 P74 mines for 579.376425341366 seconds
548.862301376487 P74 recvs B46 from P61 
548.902696417776 P74 recvs B46 from P45 
549.1148432099203 P74 recvs B46 from P53 
561.3522076522003 P74 recvs B47 from P44 
561.3522076522003 P74 adds B47 to its tree
561.3522076522003 P74 mines for 916.5374349797347 seconds
562.7755635345089 P74 recvs B47 from P73 
562.833057471695 P74 recvs B47 from P61 
562.8377681824421 P74 recvs B47 from P45 
563.0929773942672 P74 recvs B47 from P53 
565.7691852731557 P74 recvs B48 from P3 
565.7691852731557 P74 adds B48 to its tree
565.7691852731557 P74 mines for 397.93727579753295 seconds
565.9955811935166 P74 recvs B48 from P45 
566.3246522120725 P74 recvs B48 from P53 
566.852300096347 P74 recvs B48 from P61 
567.1772834594235 P74 recvs B48 from P73 
576.3379530123414 P74 recvs B49 from P3 
576.3379530123414 P74 adds B49 to its tree
576.3379530123414 P74 mines for 1231.4668715152854 seconds
576.698269688574 P74 recvs B49 from P44 
576.8517063250766 P74 recvs B49 from P45 
577.1820226568675 P74 recvs B49 from P53 
577.4233651811453 P74 recvs B49 from P61 
577.9548854369671 P74 recvs B49 from P73 
589.8237351416348 P74 recvs B50 from P53 
589.8237351416348 P74 adds B50 to its tree
589.8237351416348 P74 mines for 57.68282307283379 seconds
590.017763430362 P74 recvs B50 from P3 
590.0847852170448 P74 recvs B50 from P61 
590.6414180872946 P74 recvs B50 from P45 
591.3464998719618 P74 recvs B50 from P73 
594.2968575471662 P74 recvs B51 from P53 
594.2968575471662 P74 adds B51 to its tree
594.2968575471662 P74 mines for 363.71202972796067 seconds
594.3073001624138 P74 recvs B51 from P61 
594.3728085465095 P74 recvs B51 from P3 
595.0363475492077 P74 recvs B52 from P3 
595.0363475492077 P74 adds B52 to its tree
595.0810787633477 P74 recvs B52 from P61 
595.169788855283 P74 recvs B51 from P45 
595.4520885754885 P74 recvs B52 from P45 
595.6463227178239 P74 recvs B51 from P44 
595.7693634710796 P74 recvs B52 from P73 
595.8768716710296 P74 recvs B52 from P53 
595.9224505458047 P74 recvs B51 from P73 
596.1402227621511 P74 recvs B52 from P44 
596.8163740609264 P74 recvs B53 from P3 
596.8163740609264 P74 adds B53 to its tree
596.8163740609264 P74 mines for 85.51059903447626 seconds
597.4151925810229 P74 recvs B53 from P53 
597.4169382724727 P74 recvs B53 from P61 
597.9559154599937 P74 recvs B53 from P45 
598.7059269504988 P74 recvs B53 from P73 
