0 P75 mines for 188.19375185379278 seconds
6.0881594783907 P75 recvs B2 from P0 
6.0881594783907 P75 adds B2 to its tree
6.0881594783907 P75 mines for 39.071446658257656 seconds
6.579050692003338 P75 recvs B2 from P38 
6.673570732969091 P75 recvs B2 from P61 
6.702260734184033 P75 recvs B2 from P97 
6.805639787161844 P75 recvs B2 from P26 
6.992250461706672 P75 recvs B2 from P79 
12.16328579745266 P75 creates T85
24.78084408624989 P75 recvs B3 from P38 
24.78084408624989 P75 adds B3 to its tree
24.78084408624989 P75 mines for 361.09629965775633 seconds
25.052661782109933 P75 recvs B3 from P26 
25.500784995588663 P75 recvs B3 from P97 
25.612231448496647 P75 recvs B3 from P0 
25.875945321080426 P75 recvs B3 from P79 
26.034964448075637 P75 recvs B3 from P61 
70.39872706423319 P75 recvs B4 from P97 
70.39872706423319 P75 adds B4 to its tree
70.39872706423319 P75 mines for 3351.3110596342767 seconds
70.95673648354905 P75 recvs B4 from P61 
71.3331684693833 P75 recvs B4 from P79 
71.34469583980828 P75 recvs B4 from P0 
71.40756885618585 P75 recvs B4 from P26 
71.42693489896297 P75 recvs B4 from P38 
77.04860034124887 P75 recvs B5 from P38 
77.04860034124887 P75 adds B5 to its tree
77.04860034124887 P75 mines for 47.0339297083711 seconds
77.42498886239828 P75 recvs B5 from P0 
77.87171972067357 P75 recvs B5 from P97 
78.0659294445107 P75 recvs B5 from P26 
78.10907043665263 P75 recvs B5 from P79 
78.36167212088179 P75 recvs B5 from P61 
87.14688579773606 P75 recvs B6 from P97 
87.14688579773606 P75 adds B6 to its tree
87.14688579773606 P75 mines for 38.44721013634211 seconds
87.32210021767874 P75 recvs B6 from P0 
87.63987760988289 P75 recvs B6 from P61 
87.67109102650525 P75 recvs B6 from P38 
88.11161848960475 P75 recvs B6 from P26 
88.11203207898349 P75 recvs B6 from P79 
102.43831123099784 P75 recvs B7 from P38 
102.43831123099784 P75 adds B7 to its tree
102.43831123099784 P75 mines for 580.8093599130754 seconds
102.64493879141382 P75 recvs B7 from P26 
102.82601560036169 P75 recvs B7 from P0 
103.04651505000992 P75 recvs B7 from P97 
103.63658230278402 P75 recvs B7 from P79 
103.89405781397922 P75 recvs B7 from P61 
110.83748158435066 P75 recvs B8 from P0 
110.83748158435066 P75 adds B8 to its tree
110.83748158435066 P75 mines for 207.12292582201476 seconds
111.56036570686685 P75 recvs B8 from P79 
111.64244947337932 P75 recvs B8 from P97 
111.72925093398182 P75 recvs B8 from P26 
111.73278989691731 P75 recvs B8 from P61 
111.81354881431253 P75 recvs B8 from P38 
121.38716424395429 P75 recvs B9 from P26 
121.38716424395429 P75 adds B9 to its tree
121.38716424395429 P75 mines for 375.51872126279557 seconds
122.42787396857689 P75 recvs B9 from P38 
122.60502431183781 P75 recvs B9 from P97 
122.86146328297991 P75 recvs B9 from P79 
123.2022876921318 P75 recvs B9 from P61 
130.6342678630323 P75 recvs B10 from P38 
130.6342678630323 P75 adds B10 to its tree
130.6342678630323 P75 mines for 476.12512517542956 seconds
130.8939254300018 P75 recvs B10 from P26 
131.31374487228476 P75 recvs B10 from P97 
131.36942205884364 P75 recvs B10 from P0 
131.736436669386 P75 recvs B10 from P79 
132.02416002777508 P75 recvs B10 from P61 
142.04486756469123 P75 recvs B11 from P0 
142.04486756469123 P75 adds B11 to its tree
142.04486756469123 P75 mines for 350.418012213493 seconds
142.80253913673374 P75 recvs B11 from P79 
142.99539897702596 P75 recvs B11 from P26 
143.06251754607493 P75 recvs B11 from P38 
143.0713401117277 P75 recvs B11 from P97 
143.4780066975839 P75 recvs B11 from P61 
155.7996445564658 P75 recvs B12 from P97 
155.7996445564658 P75 adds B12 to its tree
155.7996445564658 P75 mines for 181.2517758247752 seconds
156.27193107720362 P75 recvs B12 from P0 
156.32412143728135 P75 recvs B12 from P61 
156.76604063878645 P75 recvs B12 from P38 
156.8207701933629 P75 recvs B12 from P79 
156.9290767514833 P75 recvs B12 from P26 
170.31818496652826 P75 recvs B13 from P79 
170.31818496652826 P75 adds B13 to its tree
170.31818496652826 P75 mines for 708.6676600890598 seconds
170.31829867751532 P75 recvs B13 from P0 
170.43825588839664 P75 recvs B13 from P97 
170.9348624275086 P75 recvs B13 from P26 
171.01033117138815 P75 recvs B13 from P61 
171.54248175949834 P75 recvs B13 from P38 
185.83168516910058 P75 recvs B14 from P79 
185.83168516910058 P75 adds B14 to its tree
185.83168516910058 P75 mines for 184.09581326080962 seconds
185.86132556351987 P75 recvs B14 from P0 
186.29878522171975 P75 recvs B14 from P26 
186.42693482943582 P75 recvs B14 from P38 
186.49336289881248 P75 recvs B14 from P61 
186.54504704893023 P75 recvs B14 from P97 
202.078137497117 P75 recvs B15 from P0 
202.078137497117 P75 adds B15 to its tree
202.078137497117 P75 mines for 343.3996414912127 seconds
202.49366705303945 P75 recvs B15 from P38 
202.68292790721824 P75 recvs B15 from P26 
202.6909789827285 P75 recvs B15 from P97 
203.5941682266571 P75 recvs B15 from P79 
203.6292881900145 P75 recvs B15 from P61 
213.1642771202892 P75 recvs B16 from P38 
213.1642771202892 P75 adds B16 to its tree
213.1642771202892 P75 mines for 1082.5216399557626 seconds
213.33737771114298 P75 recvs B16 from P26 
213.82392372170847 P75 recvs B16 from P97 
213.9743937772082 P75 recvs B16 from P0 
214.05622204502242 P75 recvs B17 from P0 
214.05622204502242 P75 adds B17 to its tree
214.25013787726343 P75 recvs B16 from P79 
214.2836710608937 P75 recvs B17 from P26 
214.5025321984325 P75 recvs B16 from P61 
214.67820466519098 P75 recvs B17 from P38 
214.80742901582116 P75 recvs B17 from P61 
214.9166456945369 P75 recvs B17 from P97 
215.20878120516488 P75 recvs B17 from P79 
219.46972090730367 P75 recvs B18 from P0 
219.46972090730367 P75 adds B18 to its tree
219.46972090730367 P75 mines for 1048.3281878916991 seconds
220.61094546543853 P75 recvs B18 from P97 
221.08234520251239 P75 recvs B18 from P79 
221.23492364780134 P75 recvs B18 from P61 
221.49610462771386 P75 recvs B19 from P0 
221.49610462771386 P75 adds B19 to its tree
222.48073919273978 P75 recvs B19 from P38 
222.67653796500306 P75 recvs B19 from P97 
222.70563979650757 P75 recvs B19 from P79 
223.113903325178 P75 recvs B19 from P61 
230.58183431818466 P75 recvs B20 from P0 
230.58183431818466 P75 adds B20 to its tree
230.58183431818466 P75 mines for 271.19300597785343 seconds
230.69772920926434 P75 recvs B20 from P79 
231.00108342650358 P75 recvs B20 from P26 
231.1505418746893 P75 recvs B20 from P38 
231.29733101808165 P75 recvs B20 from P97 
231.35950369948506 P75 recvs B20 from P61 
252.86047237931152 P75 recvs B21 from P0 
252.86047237931152 P75 adds B21 to its tree
252.86047237931152 P75 mines for 314.8449816216305 seconds
252.8928530586051 P75 recvs B21 from P79 
253.25790498066127 P75 recvs B21 from P97 
253.44643007416303 P75 recvs B21 from P26 
253.64669393193017 P75 recvs B21 from P61 
254.052894492573 P75 recvs B21 from P38 
258.1269640413747 P75 recvs B22 from P0 
258.1269640413747 P75 adds B22 to its tree
258.1269640413747 P75 mines for 1081.2458437179691 seconds
259.2996607574437 P75 recvs B22 from P97 
259.8254155465039 P75 recvs B22 from P79 
259.93827209089784 P75 recvs B22 from P61 
286.9438800565758 P75 recvs B23 from P0 
286.9438800565758 P75 adds B23 to its tree
286.9438800565758 P75 mines for 135.87626552008817 seconds
287.0981753459666 P75 recvs B23 from P97 
287.7333449316769 P75 recvs B23 from P61 
288.06023147809634 P75 recvs B23 from P38 
288.134671619239 P75 recvs B23 from P79 
288.53864777422416 P75 recvs B23 from P26 
296.37981424568244 P75 recvs B24 from P0 
296.37981424568244 P75 adds B24 to its tree
296.37981424568244 P75 mines for 8.167294956915853 seconds
297.0914056042594 P75 recvs B24 from P61 
297.1747609693323 P75 recvs B24 from P26 
297.18359115266713 P75 recvs B24 from P79 
297.37343705785156 P75 recvs B24 from P38 
297.5229732670049 P75 recvs B24 from P97 
304.5471092025983 P75 mines B25
307.1344301803852 P75 recvs B25 from P79 
307.351327216116 P75 recvs B25 from P97 
308.182849675029 P75 recvs B26 from P38 
308.182849675029 P75 adds B26 to its tree
308.3164447414316 P75 recvs B26 from P26 
308.87873407498944 P75 recvs B26 from P97 
309.003838094021 P75 recvs B26 from P0 
309.29448087824386 P75 recvs B26 from P79 
309.41671774413254 P75 recvs B26 from P61 
340.68070628631625 P75 recvs B27 from P26 
340.68070628631625 P75 adds B27 to its tree
340.68070628631625 P75 mines for 90.88867951371527 seconds
340.7943486275417 P75 recvs B27 from P0 
341.0311572012337 P75 recvs B27 from P61 
341.07048725810216 P75 recvs B27 from P97 
341.3123044723859 P75 recvs B27 from P38 
341.3522079570163 P75 recvs B27 from P79 
370.3148081333742 P75 recvs B28 from P38 
370.3148081333742 P75 adds B28 to its tree
370.3148081333742 P75 mines for 3197.7403589656624 seconds
370.46246202073087 P75 recvs B28 from P0 
370.48931122528677 P75 recvs B28 from P26 
370.97736204889236 P75 recvs B28 from P79 
371.09272857359514 P75 recvs B28 from P97 
371.4363694664484 P75 recvs B28 from P61 
380.32362908481866 P75 recvs B29 from P0 
380.32362908481866 P75 adds B29 to its tree
380.32362908481866 P75 mines for 103.6423934734591 seconds
380.6808905828499 P75 recvs B29 from P38 
380.79119545993353 P75 recvs B29 from P61 
380.8583461874249 P75 recvs B29 from P97 
380.9562306631146 P75 recvs B29 from P26 
381.1999745485314 P75 recvs B29 from P79 
387.6914132427036 P75 recvs B30 from P79 
387.6914132427036 P75 adds B30 to its tree
387.6914132427036 P75 mines for 1022.2059493795397 seconds
387.75132166181527 P75 recvs B30 from P0 
388.29828036115117 P75 recvs B30 from P38 
388.414232634018 P75 recvs B30 from P61 
388.48543205758017 P75 recvs B30 from P26 
388.51675668450605 P75 recvs B30 from P97 
396.04580427709544 P75 recvs B31 from P0 
396.04580427709544 P75 adds B31 to its tree
396.04580427709544 P75 mines for 363.56428019706027 seconds
396.40841212499305 P75 recvs B31 from P26 
396.74275507613083 P75 recvs B31 from P61 
396.76456630586614 P75 recvs B31 from P97 
396.92762597848366 P75 recvs B31 from P79 
397.0710038987612 P75 recvs B31 from P38 
401.85375204387225 P75 recvs B33 from P0 
401.85375204387225 P75 adds B33 to its tree
401.85375204387225 P75 mines for 468.87842655000236 seconds
402.77009222025225 P75 recvs B32 from P38 
402.77009222025225 P75 adds B32 to its tree
402.9811471053671 P75 recvs B33 from P97 
403.1425372838921 P75 recvs B32 from P0 
403.49742755311615 P75 recvs B33 from P79 
403.587580885401 P75 recvs B32 from P97 
403.6133905051465 P75 recvs B33 from P61 
403.7366584966577 P75 recvs B32 from P26 
403.7994302324037 P75 recvs B32 from P61 
403.9279762636449 P75 recvs B32 from P79 
406.7911812726455 P75 recvs B34 from P0 
406.7911812726455 P75 adds B34 to its tree
406.7911812726455 P75 mines for 240.76993434741388 seconds
407.14935478390606 P75 recvs B34 from P38 
407.299558174198 P75 recvs B34 from P61 
407.36287840286604 P75 recvs B34 from P97 
407.6364174962628 P75 recvs B34 from P26 
407.6875313545355 P75 recvs B34 from P79 
436.05763743968976 P75 recvs B35 from P0 
436.05763743968976 P75 adds B35 to its tree
436.05763743968976 P75 mines for 682.1765923581756 seconds
436.4741770233793 P75 recvs B35 from P38 
436.6762702585199 P75 recvs B35 from P26 
436.77859453219196 P75 recvs B35 from P97 
437.6015819613936 P75 recvs B35 from P61 
437.64564171310843 P75 recvs B35 from P79 
439.6621862079633 P75 recvs B36 from P0 
439.6621862079633 P75 adds B36 to its tree
439.6621862079633 P75 mines for 469.12125662543383 seconds
439.92269923198364 P75 recvs B36 from P38 
440.0767834875403 P75 recvs B36 from P26 
440.3780313418408 P75 recvs B36 from P61 
440.420541873218 P75 recvs B36 from P97 
440.67297099574233 P75 recvs B36 from P79 
445.99687948956876 P75 recvs B38 from P61 
445.99687948956876 P75 adds B38 to its tree
445.99687948956876 P75 mines for 130.91761534549835 seconds
446.65340975142885 P75 recvs B38 from P97 
446.9049338280691 P75 recvs B37 from P0 
446.9049338280691 P75 adds B37 to its tree
447.55127818230727 P75 recvs B37 from P38 
447.6380044428714 P75 recvs B37 from P61 
447.66218618008446 P75 recvs B37 from P97 
447.76141736299536 P75 recvs B37 from P26 
447.83595286853995 P75 recvs B37 from P79 
448.24381338960774 P75 recvs B38 from P79 
456.56002235311183 P75 recvs B39 from P0 
456.56002235311183 P75 adds B39 to its tree
456.56002235311183 P75 mines for 643.9547814891291 seconds
456.91414707749885 P75 recvs B39 from P26 
457.2948678419373 P75 recvs B39 from P61 
457.33834874249396 P75 recvs B39 from P97 
457.5819281664494 P75 recvs B39 from P79 
457.5827013300796 P75 recvs B39 from P38 
477.0349425795312 P75 recvs B40 from P26 
477.0349425795312 P75 adds B40 to its tree
477.0349425795312 P75 mines for 158.81714391852387 seconds
477.11836851255237 P75 recvs B40 from P0 
477.2245783998866 P75 recvs B40 from P97 
477.25407406452064 P75 recvs B40 from P61 
477.6404766802958 P75 recvs B40 from P38 
477.8173473199144 P75 recvs B40 from P79 
483.65977452575095 P75 recvs B41 from P97 
483.65977452575095 P75 adds B41 to its tree
483.65977452575095 P75 mines for 1484.2158985966053 seconds
484.0216134913498 P75 recvs B41 from P0 
484.2302087520215 P75 recvs B41 from P61 
484.4261611034644 P75 recvs B41 from P38 
484.64210581790473 P75 recvs B41 from P79 
484.67846988914147 P75 recvs B41 from P26 
493.77930294603436 P75 recvs B42 from P79 
493.77930294603436 P75 adds B42 to its tree
493.77930294603436 P75 mines for 118.69290970228111 seconds
493.95858455803693 P75 recvs B42 from P0 
494.44601260312504 P75 recvs B42 from P38 
494.5825705303427 P75 recvs B42 from P61 
494.64318009240736 P75 recvs B42 from P26 
494.6491013423517 P75 recvs B42 from P97 
502.7630069373132 P75 recvs B43 from P0 
502.7630069373132 P75 adds B43 to its tree
502.7630069373132 P75 mines for 404.70010150136926 seconds
503.06820545410216 P75 recvs B44 from P38 
503.06820545410216 P75 adds B44 to its tree
503.1831190981957 P75 recvs B43 from P26 
503.2271058334394 P75 recvs B43 from P38 
503.27555612322686 P75 recvs B44 from P26 
503.71644179634393 P75 recvs B44 from P97 
503.7977286650219 P75 recvs B43 from P61 
503.8480961098841 P75 recvs B43 from P97 
503.9540151842306 P75 recvs B44 from P0 
504.15562334128003 P75 recvs B43 from P79 
504.2142765548001 P75 recvs B44 from P79 
504.28053768358205 P75 recvs B44 from P61 
526.5138861175369 P75 recvs B45 from P0 
526.5138861175369 P75 adds B45 to its tree
526.5138861175369 P75 mines for 423.90264148603717 seconds
526.797130564429 P75 recvs B45 from P38 
526.9755098728832 P75 recvs B45 from P61 
527.1005369307462 P75 recvs B45 from P97 
527.2371426805945 P75 recvs B45 from P26 
527.4408876930111 P75 recvs B45 from P79 
547.320801989198 P75 recvs B46 from P26 
547.320801989198 P75 adds B46 to its tree
547.320801989198 P75 mines for 24.957287448955828 seconds
548.3122699916216 P75 recvs B46 from P38 
548.5152163009024 P75 recvs B46 from P97 
548.98337988734 P75 recvs B46 from P79 
549.1289962753284 P75 recvs B46 from P61 
562.418933209957 P75 recvs B47 from P0 
562.418933209957 P75 adds B47 to its tree
562.418933209957 P75 mines for 515.6310395746997 seconds
562.4373923827112 P75 recvs B47 from P79 
562.7866699407416 P75 recvs B47 from P26 
562.9380719091434 P75 recvs B47 from P38 
563.1000016855198 P75 recvs B47 from P97 
563.1383337792373 P75 recvs B47 from P61 
565.8514971605211 P75 recvs B48 from P38 
565.8514971605211 P75 adds B48 to its tree
565.8514971605211 P75 mines for 135.2343067193883 seconds
566.0941244837231 P75 recvs B48 from P26 
566.5123572882682 P75 recvs B48 from P0 
566.6322624583576 P75 recvs B48 from P97 
566.8361950762888 P75 recvs B48 from P79 
567.1240551627507 P75 recvs B48 from P61 
576.4401627929532 P75 recvs B49 from P38 
576.4401627929532 P75 adds B49 to its tree
576.4401627929532 P75 mines for 848.5765252040109 seconds
576.5934481826534 P75 recvs B49 from P26 
577.11577530085 P75 recvs B49 from P97 
577.171149523688 P75 recvs B49 from P0 
577.6119929355448 P75 recvs B49 from P79 
577.7101118469296 P75 recvs B49 from P61 
589.3741039010937 P75 recvs B50 from P38 
589.3741039010937 P75 adds B50 to its tree
589.3741039010937 P75 mines for 534.5460609536977 seconds
589.7757201790093 P75 recvs B50 from P0 
590.1548643185006 P75 recvs B50 from P97 
590.3556600202605 P75 recvs B50 from P61 
590.3653756200598 P75 recvs B50 from P26 
590.5651811456324 P75 recvs B50 from P79 
593.9536131579566 P75 recvs B51 from P0 
593.9536131579566 P75 adds B51 to its tree
593.9536131579566 P75 mines for 350.59902808677026 seconds
594.5762779907499 P75 recvs B51 from P61 
594.6642434678967 P75 recvs B51 from P79 
594.8072700033846 P75 recvs B51 from P26 
594.8189918289818 P75 recvs B51 from P38 
594.8220576707886 P75 recvs B52 from P0 
594.8220576707886 P75 adds B52 to its tree
595.0798813474381 P75 recvs B51 from P97 
595.125462511957 P75 recvs B52 from P38 
595.3537667436626 P75 recvs B52 from P97 
595.398492344774 P75 recvs B52 from P61 
595.6169705162122 P75 recvs B52 from P26 
595.6947671243814 P75 recvs B52 from P79 
597.0015854633031 P75 recvs B53 from P0 
597.0015854633031 P75 adds B53 to its tree
597.0015854633031 P75 mines for 186.72561008092123 seconds
597.3738114460057 P75 recvs B53 from P26 
597.7063026610548 P75 recvs B53 from P97 
597.7092342782365 P75 recvs B53 from P61 
597.7557218959897 P75 recvs B53 from P38 
597.849564398678 P75 recvs B53 from P79 
