0 P79 mines for 2076.3974360816014 seconds
0.8116445420815014 P79 creates T19
6.509631120632225 P79 recvs B2 from P9 
6.509631120632225 P79 adds B2 to its tree
6.509631120632225 P79 mines for 331.672105208726 seconds
6.958127331992833 P79 recvs B2 from P99 
7.563071368124166 P79 recvs B2 from P25 
8.005135224051992 P79 recvs B2 from P75 
25.18340668623841 P79 recvs B3 from P99 
25.18340668623841 P79 adds B3 to its tree
25.18340668623841 P79 mines for 494.66639146288514 seconds
25.36754036624766 P79 recvs B3 from P25 
25.48879975602222 P79 recvs B3 from P9 
26.745192693493493 P79 recvs B3 from P75 
70.78386459428306 P79 recvs B4 from P25 
70.78386459428306 P79 adds B4 to its tree
70.78386459428306 P79 mines for 700.9535244472237 seconds
71.28251612311772 P79 recvs B4 from P9 
72.0038383562235 P79 recvs B4 from P99 
72.23286805393063 P79 recvs B4 from P75 
77.60333485287714 P79 recvs B5 from P25 
77.60333485287714 P79 adds B5 to its tree
77.60333485287714 P79 mines for 21.579382781328196 seconds
78.14554309036974 P79 recvs B5 from P9 
78.49910666679223 P79 recvs B5 from P99 
78.99525208033677 P79 recvs B5 from P75 
87.5779828020545 P79 recvs B6 from P25 
87.5779828020545 P79 adds B6 to its tree
87.5779828020545 P79 mines for 1472.8260496864161 seconds
87.78847107845397 P79 recvs B6 from P9 
88.07552058918559 P79 recvs B6 from P99 
88.98042741498062 P79 recvs B6 from P75 
102.90857163106025 P79 recvs B7 from P99 
102.90857163106025 P79 adds B7 to its tree
102.90857163106025 P79 mines for 246.49449268330284 seconds
103.012212802408 P79 recvs B7 from P25 
103.16103163262177 P79 recvs B7 from P9 
104.41080018791591 P79 recvs B7 from P75 
111.02216961942402 P79 recvs B8 from P25 
111.02216961942402 P79 adds B8 to its tree
111.02216961942402 P79 mines for 349.96182988677276 seconds
111.53995031816368 P79 recvs B8 from P9 
111.99263575831556 P79 recvs B8 from P99 
112.68656101789239 P79 recvs B8 from P75 
122.34294033013694 P79 recvs B9 from P9 
122.34294033013694 P79 adds B9 to its tree
122.34294033013694 P79 mines for 1214.9214561880588 seconds
122.48966727319397 P79 recvs B9 from P25 
122.82043796302386 P79 recvs B9 from P99 
123.34035032731018 P79 recvs B9 from P75 
131.03485846647374 P79 recvs B10 from P99 
131.03485846647374 P79 adds B10 to its tree
131.03485846647374 P79 mines for 518.6305666561706 seconds
131.22707729142994 P79 recvs B10 from P25 
131.3507902283186 P79 recvs B10 from P9 
132.6649645331706 P79 recvs B10 from P75 
142.26018265820147 P79 recvs B11 from P25 
142.26018265820147 P79 adds B11 to its tree
142.26018265820147 P79 mines for 26.46206970258334 seconds
142.44361971176102 P79 recvs B11 from P9 
143.86311596760652 P79 recvs B11 from P99 
143.9448523815793 P79 recvs B11 from P75 
156.25210826384546 P79 recvs B12 from P25 
156.25210826384546 P79 adds B12 to its tree
156.25210826384546 P79 mines for 302.27602290241396 seconds
156.67132535874705 P79 recvs B12 from P9 
157.35931377240388 P79 recvs B12 from P99 
157.6220557944736 P79 recvs B12 from P75 
169.79282670289598 P79 recvs B13 from P25 
169.79282670289598 P79 adds B13 to its tree
169.79282670289598 P79 mines for 978.5799506802192 seconds
170.13051326363092 P79 recvs B13 from P9 
185.33296083830646 P79 recvs B14 from P9 
185.33296083830646 P79 adds B14 to its tree
185.33296083830646 P79 mines for 1956.9521177222641 seconds
186.72284512100512 P79 recvs B14 from P99 
203.04410609432836 P79 recvs B15 from P25 
203.04410609432836 P79 adds B15 to its tree
203.04410609432836 P79 mines for 1670.3666140693745 seconds
203.23624088849888 P79 recvs B15 from P9 
203.58901011607858 P79 recvs B15 from P99 
203.98635502701396 P79 recvs B15 from P75 
213.6059762321363 P79 recvs B16 from P99 
213.6059762321363 P79 adds B16 to its tree
213.6059762321363 P79 mines for 1955.116065208683 seconds
213.73908477018338 P79 recvs B16 from P25 
213.88873277114186 P79 recvs B16 from P9 
214.73123598164554 P79 recvs B17 from P9 
214.73123598164554 P79 adds B17 to its tree
214.97375847357196 P79 recvs B17 from P99 
215.17820354946653 P79 recvs B16 from P75 
215.2267141414516 P79 recvs B17 from P25 
215.95876440782644 P79 recvs B17 from P75 
220.59955707571095 P79 recvs B18 from P9 
220.59955707571095 P79 adds B18 to its tree
220.59955707571095 P79 mines for 113.80689164305056 seconds
221.18897114950366 P79 recvs B18 from P99 
221.35696717849254 P79 recvs B18 from P75 
221.81146156299465 P79 recvs B18 from P25 
222.24213667951037 P79 recvs B19 from P9 
222.24213667951037 P79 adds B19 to its tree
222.8617040957544 P79 recvs B19 from P25 
223.29615072632177 P79 recvs B19 from P99 
223.429869620057 P79 recvs B19 from P75 
230.22374962822184 P79 recvs B20 from P9 
230.22374962822184 P79 adds B20 to its tree
230.22374962822184 P79 mines for 22.62774280264068 seconds
231.51086852096896 P79 recvs B20 from P99 
232.43429299154548 P79 recvs B20 from P75 
252.33602056624554 P79 recvs B21 from P25 
252.33602056624554 P79 adds B21 to its tree
252.33602056624554 P79 mines for 276.19357481529875 seconds
252.7274602148631 P79 recvs B21 from P9 
254.71868796333126 P79 recvs B21 from P75 
259.33766759838 P79 recvs B22 from P9 
259.33766759838 P79 adds B22 to its tree
259.33766759838 P79 mines for 1098.556074219333 seconds
259.8848075825902 P79 recvs B22 from P99 
260.0004819605854 P79 recvs B22 from P75 
260.590815735104 P79 recvs B22 from P25 
287.5901356170592 P79 recvs B23 from P25 
287.5901356170592 P79 adds B23 to its tree
287.5901356170592 P79 mines for 380.0121708422277 seconds
287.6459044724173 P79 recvs B23 from P9 
288.6995303390994 P79 recvs B23 from P99 
288.8655929524565 P79 recvs B23 from P75 
296.6419868470251 P79 recvs B24 from P25 
296.6419868470251 P79 adds B24 to its tree
296.6419868470251 P79 mines for 591.7764940556831 seconds
297.06972172263335 P79 recvs B24 from P9 
297.89086666628106 P79 recvs B24 from P99 
298.23699608063254 P79 recvs B24 from P75 
306.6560789448116 P79 recvs B25 from P9 
306.6560789448116 P79 adds B25 to its tree
306.6560789448116 P79 mines for 423.2446331906667 seconds
306.93773099254736 P79 recvs B25 from P75 
307.7931375801249 P79 recvs B25 from P25 
307.8365470912662 P79 recvs B25 from P99 
308.64415106774044 P79 recvs B26 from P99 
308.64415106774044 P79 adds B26 to its tree
308.7898366356662 P79 recvs B26 from P25 
308.94167654112545 P79 recvs B26 from P9 
310.1680181159672 P79 recvs B26 from P75 
340.8794080211915 P79 recvs B27 from P9 
340.8794080211915 P79 adds B27 to its tree
340.8794080211915 P79 mines for 323.2514271195699 seconds
341.0973532620075 P79 recvs B27 from P99 
341.3234330062398 P79 recvs B27 from P25 
342.62179464688074 P79 recvs B27 from P75 
370.45105384384266 P79 recvs B28 from P9 
370.45105384384266 P79 adds B28 to its tree
370.45105384384266 P79 mines for 442.6713958714026 seconds
370.7559585851798 P79 recvs B28 from P99 
371.0004208189601 P79 recvs B28 from P25 
372.28131105751686 P79 recvs B28 from P75 
380.70487061099203 P79 recvs B29 from P9 
380.70487061099203 P79 adds B29 to its tree
380.70487061099203 P79 mines for 293.9440734360018 seconds
381.026214175979 P79 recvs B29 from P99 
381.8033766073441 P79 recvs B29 from P25 
382.2777211783838 P79 recvs B29 from P75 
386.9999007574694 P79 recvs B30 from P99 
386.9999007574694 P79 adds B30 to its tree
386.9999007574694 P79 mines for 1706.760206283607 seconds
388.1441585346714 P79 recvs B30 from P9 
396.40543457021795 P79 recvs B31 from P25 
396.40543457021795 P79 adds B31 to its tree
396.40543457021795 P79 mines for 2293.2217976315046 seconds
396.6955156530266 P79 recvs B31 from P9 
396.9596584802411 P79 recvs B31 from P99 
397.9825703220568 P79 recvs B31 from P75 
402.9536422675906 P79 recvs B33 from P9 
402.9536422675906 P79 adds B33 to its tree
402.9536422675906 P79 mines for 1381.4615273410102 seconds
403.42093842709676 P79 recvs B32 from P25 
403.42093842709676 P79 adds B32 to its tree
403.58184654806973 P79 recvs B33 from P99 
403.7117766621441 P79 recvs B33 from P75 
403.82967925555516 P79 recvs B32 from P9 
404.0439921838494 P79 recvs B32 from P99 
404.18086395685185 P79 recvs B33 from P25 
404.7293238346556 P79 recvs B32 from P75 
407.2309981666582 P79 recvs B34 from P9 
407.2309981666582 P79 adds B34 to its tree
407.2309981666582 P79 mines for 119.50737118306812 seconds
407.57073754035156 P79 recvs B34 from P99 
408.29440934538303 P79 recvs B34 from P25 
408.7030187925711 P79 recvs B34 from P75 
437.1280314910229 P79 recvs B35 from P25 
437.1280314910229 P79 adds B35 to its tree
437.1280314910229 P79 mines for 1310.7264209117707 seconds
437.18566519208406 P79 recvs B35 from P9 
437.5544437466333 P79 recvs B35 from P99 
437.9761274807006 P79 recvs B35 from P75 
440.1403264459766 P79 recvs B36 from P25 
440.1403264459766 P79 adds B36 to its tree
440.1403264459766 P79 mines for 733.7988460427459 seconds
440.38444409213065 P79 recvs B36 from P99 
440.42594111101107 P79 recvs B36 from P9 
441.59049511385257 P79 recvs B36 from P75 
447.3519849454836 P79 recvs B37 from P9 
447.3519849454836 P79 adds B37 to its tree
447.3519849454836 P79 mines for 2203.4712832102196 seconds
447.7527380744003 P79 recvs B38 from P9 
447.7527380744003 P79 adds B38 to its tree
447.8509769619245 P79 recvs B37 from P99 
448.02809874933956 P79 recvs B38 from P75 
448.060343728707 P79 recvs B38 from P25 
448.14800225129244 P79 recvs B38 from P99 
448.5725064382581 P79 recvs B37 from P25 
448.79971449244607 P79 recvs B37 from P75 
457.0616171249377 P79 recvs B39 from P25 
457.0616171249377 P79 adds B39 to its tree
457.0616171249377 P79 mines for 34.45662143680755 seconds
457.35389059985056 P79 recvs B39 from P9 
457.49610893929133 P79 recvs B39 from P99 
458.4694677360838 P79 recvs B39 from P75 
477.3571784026858 P79 recvs B40 from P9 
477.3571784026858 P79 adds B40 to its tree
477.3571784026858 P79 mines for 303.7077188092785 seconds
477.520645961239 P79 recvs B40 from P99 
478.17100965901545 P79 recvs B40 from P25 
478.98681178294225 P79 recvs B40 from P75 
484.12171331369126 P79 recvs B41 from P25 
484.12171331369126 P79 adds B41 to its tree
484.12171331369126 P79 mines for 1593.7895605284289 seconds
484.4304200402239 P79 recvs B41 from P9 
484.768596074675 P79 recvs B41 from P99 
485.59962876381854 P79 recvs B41 from P75 
493.30957703374526 P79 recvs B42 from P9 
493.30957703374526 P79 adds B42 to its tree
493.30957703374526 P79 mines for 853.9173055645222 seconds
494.7408660761838 P79 recvs B42 from P99 
503.52488361149454 P79 recvs B44 from P99 
503.52488361149454 P79 adds B44 to its tree
503.52488361149454 P79 mines for 46.07347215477953 seconds
503.6685768745181 P79 recvs B43 from P9 
503.6685768745181 P79 adds B43 to its tree
503.66976142371504 P79 recvs B44 from P25 
503.72796402038745 P79 recvs B43 from P25 
503.74714229056 P79 recvs B43 from P99 
503.7774807476821 P79 recvs B44 from P9 
504.69957681680097 P79 recvs B43 from P75 
505.0476313054912 P79 recvs B44 from P75 
526.9165898370744 P79 recvs B45 from P9 
526.9165898370744 P79 adds B45 to its tree
526.9165898370744 P79 mines for 392.2495627244547 seconds
527.2177907135614 P79 recvs B45 from P99 
528.0019019797762 P79 recvs B45 from P25 
528.461857557193 P79 recvs B45 from P75 
548.378610782889 P79 recvs B46 from P25 
548.378610782889 P79 adds B46 to its tree
548.378610782889 P79 mines for 383.0696972970461 seconds
548.417847569787 P79 recvs B46 from P9 
548.7488588891439 P79 recvs B46 from P99 
549.2667509296817 P79 recvs B46 from P75 
561.9420092830975 P79 recvs B47 from P9 
561.9420092830975 P79 adds B47 to its tree
561.9420092830975 P79 mines for 1671.176467807441 seconds
563.2524286978107 P79 recvs B47 from P99 
564.298742410537 P79 recvs B47 from P75 
566.3527089228928 P79 recvs B48 from P9 
566.3527089228928 P79 adds B48 to its tree
566.3527089228928 P79 mines for 634.3845987773849 seconds
566.3882997333266 P79 recvs B48 from P99 
566.4456493979203 P79 recvs B48 from P25 
567.842266536197 P79 recvs B48 from P75 
576.8589373367902 P79 recvs B49 from P99 
576.8589373367902 P79 adds B49 to its tree
576.8589373367902 P79 mines for 156.2275610667764 seconds
577.0359386272416 P79 recvs B49 from P25 
577.1961769081676 P79 recvs B49 from P9 
578.4156920013843 P79 recvs B49 from P75 
590.0550335398012 P79 recvs B50 from P25 
590.0550335398012 P79 adds B50 to its tree
590.0550335398012 P79 mines for 61.87737146212341 seconds
590.4737158442501 P79 recvs B50 from P9 
590.5741977219176 P79 recvs B50 from P99 
591.4816560924935 P79 recvs B50 from P75 
594.1560055320771 P79 recvs B51 from P25 
594.1560055320771 P79 adds B51 to its tree
594.1560055320771 P79 mines for 196.34482514784216 seconds
594.6390625072936 P79 recvs B51 from P9 
595.2085663654057 P79 recvs B52 from P9 
595.2085663654057 P79 adds B52 to its tree
595.3447811761306 P79 recvs B51 from P99 
595.5066191144726 P79 recvs B52 from P99 
595.8563487081283 P79 recvs B51 from P75 
596.2192091290702 P79 recvs B52 from P25 
596.7096453021782 P79 recvs B52 from P75 
597.3444550120512 P79 recvs B53 from P25 
597.3444550120512 P79 adds B53 to its tree
597.3444550120512 P79 mines for 275.90399612679204 seconds
597.8484119102532 P79 recvs B53 from P9 
597.896354456628 P79 recvs B53 from P99 
598.9171015020696 P79 recvs B53 from P75 
