0 P8 mines for 1.6882237821070927 seconds
0.9013976565369646 P8 creates T5
1.3237257495582884 P8 recvs B2 from P1
1.3237257495582884 P8 adds B2 to its tree
1.3237257495582884 P8 mines for 16.295718046938187 seconds
2.176069682986003 P8 recvs B2 from P2
2.3507849146738438 P8 recvs B2 from P9
2.3584742364913334 P8 recvs B2 from P4
2.7278297545421197 P8 recvs B3 from P1
2.7278297545421197 P8 adds B3 to its tree
2.7278297545421197 P8 mines for 1.7602434929509065 seconds
2.7987818541863687 P8 recvs B2 from P7
3.0222310482242802 P8 recvs B4 from P6
3.0222310482242802 P8 adds B4 to its tree
3.1127083939965985 P8 recvs B3 from P2
3.3141245715264542 P8 recvs B4 from P2
3.336177705611761 P8 recvs B3 from P4
3.3434917665247585 P8 recvs B2 from P6
3.4123727067078686 P8 recvs B3 from P9
3.5102959451395592 P8 recvs B4 from P4
3.5516741847946243 P8 recvs B4 from P1
3.588553774221508 P8 recvs B4 from P9
3.7535373853653407 P8 recvs B3 from P7
3.9451157514372306 P8 recvs B4 from P7
4.123961667004772 P8 recvs B3 from P6
4.488073247493026 P8 mines B5
5.9782458541503525 P8 recvs B6 from P6
5.9782458541503525 P8 adds B6 to its tree
