0 P81 mines for 85.27390799178787 seconds
6.337848813763836 P81 recvs B2 from P1 
6.337848813763836 P81 adds B2 to its tree
6.337848813763836 P81 mines for 547.4680947887412 seconds
6.517689293101217 P81 recvs B2 from P54 
6.819128164272429 P81 recvs B2 from P58 
24.44427768729288 P81 recvs B3 from P1 
24.44427768729288 P81 adds B3 to its tree
24.44427768729288 P81 mines for 486.05620417380453 seconds
25.472793379565985 P81 recvs B3 from P58 
70.93828928218417 P81 recvs B4 from P58 
70.93828928218417 P81 adds B4 to its tree
70.93828928218417 P81 mines for 328.9364711845911 seconds
71.20395143078842 P81 recvs B4 from P1 
71.35192176263419 P81 recvs B4 from P54 
77.7138874431158 P81 recvs B5 from P58 
77.7138874431158 P81 adds B5 to its tree
77.7138874431158 P81 mines for 135.87803780641184 seconds
77.78921547827825 P81 recvs B5 from P1 
78.87466722385096 P81 recvs B5 from P54 
87.31767464403869 P81 recvs B6 from P1 
87.31767464403869 P81 adds B6 to its tree
87.31767464403869 P81 mines for 677.0047268066285 seconds
87.70025160563586 P81 recvs B6 from P58 
87.70680350597944 P81 recvs B6 from P54 
101.79439603841274 P81 recvs B7 from P1 
101.79439603841274 P81 adds B7 to its tree
101.79439603841274 P81 mines for 506.0852230641314 seconds
103.06633581410401 P81 recvs B7 from P58 
110.56196257103291 P81 recvs B8 from P58 
110.56196257103291 P81 adds B8 to its tree
110.56196257103291 P81 mines for 528.9143981627273 seconds
111.44963020024257 P81 recvs B8 from P1 
111.53289396717203 P81 recvs B8 from P54 
122.10651311674167 P81 recvs B9 from P1 
122.10651311674167 P81 adds B9 to its tree
122.10651311674167 P81 mines for 243.28731419303233 seconds
122.95471564951747 P81 recvs B9 from P54 
123.07060751156448 P81 recvs B9 from P58 
130.1672400892579 P81 recvs B10 from P1 
130.1672400892579 P81 adds B10 to its tree
130.1672400892579 P81 mines for 200.06466125297894 seconds
131.20748078425632 P81 recvs B10 from P58 
142.7183297228086 P81 recvs B11 from P1 
142.7183297228086 P81 adds B11 to its tree
142.7183297228086 P81 mines for 284.6322474465237 seconds
142.85569730951528 P81 recvs B11 from P54 
142.86150293477567 P81 recvs B11 from P58 
156.35643050691758 P81 recvs B12 from P58 
156.35643050691758 P81 adds B12 to its tree
156.35643050691758 P81 mines for 162.0266079619271 seconds
156.677030133485 P81 recvs B12 from P1 
156.75062952841063 P81 recvs B12 from P54 
170.73328898014185 P81 recvs B13 from P1 
170.73328898014185 P81 adds B13 to its tree
170.73328898014185 P81 mines for 391.0136942035238 seconds
170.8068860035358 P81 recvs B13 from P58 
171.3356560213169 P81 recvs B13 from P54 
184.73736974342467 P81 recvs B14 from P54 
184.73736974342467 P81 adds B14 to its tree
184.73736974342467 P81 mines for 960.9889054313476 seconds
185.85181090973822 P81 recvs B14 from P1 
185.99388075329952 P81 recvs B14 from P58 
202.3430146568263 P81 recvs B15 from P54 
202.3430146568263 P81 adds B15 to its tree
202.3430146568263 P81 mines for 143.96336993978719 seconds
202.52730291050892 P81 recvs B15 from P1 
203.1954727346518 P81 recvs B15 from P58 
212.74238770160937 P81 recvs B16 from P1 
212.74238770160937 P81 adds B16 to its tree
212.74238770160937 P81 mines for 268.61054937186424 seconds
213.7581501043006 P81 recvs B16 from P58 
213.98518378204633 P81 recvs B17 from P54 
213.98518378204633 P81 adds B17 to its tree
214.02998659437515 P81 recvs B17 from P58 
214.15056905026202 P81 recvs B17 from P1 
220.77320408732882 P81 recvs B18 from P1 
220.77320408732882 P81 adds B18 to its tree
220.77320408732882 P81 mines for 847.1768445116084 seconds
221.0306557144606 P81 recvs B18 from P54 
221.917609622144 P81 recvs B18 from P58 
222.66282348168517 P81 recvs B19 from P54 
222.66282348168517 P81 adds B19 to its tree
222.9448579552985 P81 recvs B19 from P1 
223.36004381330025 P81 recvs B19 from P58 
229.5348815513824 P81 recvs B20 from P54 
229.5348815513824 P81 adds B20 to its tree
229.5348815513824 P81 mines for 82.24023701875815 seconds
230.7341491570345 P81 recvs B20 from P1 
230.80377509475719 P81 recvs B20 from P58 
253.26899205169693 P81 recvs B21 from P1 
253.26899205169693 P81 adds B21 to its tree
253.26899205169693 P81 mines for 158.5301103517828 seconds
253.6392572726718 P81 recvs B21 from P58 
253.82943159326572 P81 recvs B21 from P54 
259.6510072580304 P81 recvs B22 from P1 
259.6510072580304 P81 adds B22 to its tree
259.6510072580304 P81 mines for 238.54630249839644 seconds
259.7846018409544 P81 recvs B22 from P54 
260.61789242978455 P81 recvs B22 from P58 
287.7010792093694 P81 recvs B23 from P58 
287.7010792093694 P81 adds B23 to its tree
287.7010792093694 P81 mines for 638.7512005682834 seconds
288.0474039507322 P81 recvs B23 from P1 
288.20529631225713 P81 recvs B23 from P54 
296.32541061907034 P81 recvs B24 from P58 
296.32541061907034 P81 adds B24 to its tree
296.32541061907034 P81 mines for 9.790432668996406 seconds
296.8659492761179 P81 recvs B24 from P1 
297.369714566775 P81 recvs B24 from P54 
306.11584328806674 P81 mines B26
307.3211180375376 P81 recvs B25 from P1 
307.3211180375376 P81 adds B25 to its tree
307.67250768356024 P81 recvs B25 from P54 
307.8539796472385 P81 recvs B25 from P58 
340.54038343095783 P81 recvs B27 from P1 
340.54038343095783 P81 adds B27 to its tree
340.54038343095783 P81 mines for 110.80419149271226 seconds
341.2527634821655 P81 recvs B27 from P54 
341.63886938438213 P81 recvs B27 from P58 
369.75077001073447 P81 recvs B28 from P1 
369.75077001073447 P81 adds B28 to its tree
369.75077001073447 P81 mines for 154.0325098710362 seconds
370.3890184862302 P81 recvs B28 from P54 
370.46459112452453 P81 recvs B28 from P58 
380.50414151383626 P81 recvs B29 from P1 
380.50414151383626 P81 adds B29 to its tree
380.50414151383626 P81 mines for 149.98829298554114 seconds
380.6439794061947 P81 recvs B29 from P54 
380.95185329768793 P81 recvs B29 from P58 
387.97031849336236 P81 recvs B30 from P1 
387.97031849336236 P81 adds B30 to its tree
387.97031849336236 P81 mines for 298.5640955522437 seconds
388.47688391232333 P81 recvs B30 from P58 
388.8904896795358 P81 recvs B30 from P54 
396.1946321410548 P81 recvs B31 from P1 
396.1946321410548 P81 adds B31 to its tree
396.1946321410548 P81 mines for 965.2453026907102 seconds
396.86721788194257 P81 recvs B31 from P58 
403.1454761540991 P81 recvs B33 from P1 
403.1454761540991 P81 adds B33 to its tree
403.1454761540991 P81 mines for 1446.1533147939513 seconds
403.35513152297676 P81 recvs B33 from P54 
403.3714634542688 P81 recvs B32 from P58 
403.3714634542688 P81 adds B32 to its tree
403.484395898576 P81 recvs B32 from P1 
404.3243808892585 P81 recvs B33 from P58 
404.47144715694407 P81 recvs B32 from P54 
406.9710643197682 P81 recvs B34 from P1 
406.9710643197682 P81 adds B34 to its tree
406.9710643197682 P81 mines for 1495.088325522353 seconds
407.5371209919949 P81 recvs B34 from P58 
407.91578171629544 P81 recvs B34 from P54 
436.4222312194057 P81 recvs B35 from P54 
436.4222312194057 P81 adds B35 to its tree
436.4222312194057 P81 mines for 60.1800838300119 seconds
436.58132957305304 P81 recvs B35 from P1 
437.225481698598 P81 recvs B35 from P58 
437.81277642120665 P81 recvs B36 from P58 
437.81277642120665 P81 adds B36 to its tree
437.81277642120665 P81 mines for 753.9536735188706 seconds
447.37660192909925 P81 recvs B37 from P1 
447.37660192909925 P81 adds B37 to its tree
447.37660192909925 P81 mines for 169.97648654356985 seconds
447.41503339621363 P81 recvs B38 from P1 
447.41503339621363 P81 adds B38 to its tree
447.4248445747198 P81 recvs B38 from P54 
447.5313735177228 P81 recvs B38 from P58 
447.6655238145214 P81 recvs B37 from P58 
448.3463804004346 P81 recvs B37 from P54 
455.38051470202805 P81 recvs B39 from P58 
455.38051470202805 P81 adds B39 to its tree
455.38051470202805 P81 mines for 1051.2125572805867 seconds
476.8270685727464 P81 recvs B40 from P1 
476.8270685727464 P81 adds B40 to its tree
476.8270685727464 P81 mines for 735.3217862387961 seconds
477.91381225745835 P81 recvs B40 from P58 
483.89613067427115 P81 recvs B41 from P1 
483.89613067427115 P81 adds B41 to its tree
483.89613067427115 P81 mines for 1167.802446102789 seconds
484.2441352088953 P81 recvs B41 from P58 
484.33274612652946 P81 recvs B41 from P54 
494.27483951719137 P81 recvs B42 from P1 
494.27483951719137 P81 adds B42 to its tree
494.27483951719137 P81 mines for 6.749226996565372 seconds
494.56020180944773 P81 recvs B42 from P58 
495.22915797410695 P81 recvs B42 from P54 
501.02406651375674 P81 mines B44
502.5211794455379 P81 recvs B43 from P1 
502.5211794455379 P81 adds B43 to its tree
503.0036837638526 P81 recvs B43 from P58 
526.6262818824869 P81 recvs B45 from P1 
526.6262818824869 P81 adds B45 to its tree
526.6262818824869 P81 mines for 60.24698788441482 seconds
526.8584229391611 P81 recvs B45 from P54 
527.1704889323294 P81 recvs B45 from P58 
548.0106205492506 P81 recvs B46 from P1 
548.0106205492506 P81 adds B46 to its tree
548.0106205492506 P81 mines for 232.4593437500178 seconds
548.8465045342936 P81 recvs B46 from P54 
548.9714252097493 P81 recvs B46 from P58 
561.325815167097 P81 recvs B47 from P54 
561.325815167097 P81 adds B47 to its tree
561.325815167097 P81 mines for 98.23597972263575 seconds
562.5554251163429 P81 recvs B47 from P1 
562.6994135314417 P81 recvs B47 from P58 
565.3057379035002 P81 recvs B48 from P1 
565.3057379035002 P81 adds B48 to its tree
565.3057379035002 P81 mines for 9.045797135607124 seconds
566.4449358095023 P81 recvs B48 from P58 
574.3515350391074 P81 mines B49
589.9886146165859 P81 recvs B50 from P58 
589.9886146165859 P81 adds B50 to its tree
589.9886146165859 P81 mines for 202.1681586763006 seconds
590.0242871890493 P81 recvs B50 from P1 
591.0286534352746 P81 recvs B50 from P54 
593.9850228777792 P81 recvs B51 from P58 
593.9850228777792 P81 adds B51 to its tree
593.9850228777792 P81 mines for 217.65264407286264 seconds
594.3622597107224 P81 recvs B51 from P1 
594.920618236736 P81 recvs B51 from P54 
595.0904735934985 P81 recvs B52 from P1 
595.0904735934985 P81 adds B52 to its tree
595.5943034230667 P81 recvs B52 from P58 
595.7651562771633 P81 recvs B53 from P58 
595.7651562771633 P81 adds B53 to its tree
595.7651562771633 P81 mines for 2238.486632200473 seconds
595.9093803805284 P81 recvs B52 from P54 
597.1420655852095 P81 recvs B53 from P1 
