0 P83 mines for 649.627512328496 seconds
4.7215715221647425 P83 creates T53
5.255601316597608 P83 recvs B2 from P18 
5.255601316597608 P83 adds B2 to its tree
5.255601316597608 P83 mines for 310.50885829408645 seconds
6.453367745909784 P83 recvs B2 from P71 
6.659930394215859 P83 recvs B2 from P84 
6.66219554040859 P83 recvs B2 from P76 
8.40317853456232 P83 creates T70
24.51978440525029 P83 recvs B3 from P18 
24.51978440525029 P83 adds B3 to its tree
24.51978440525029 P83 mines for 621.692760222806 seconds
24.901363360167863 P83 recvs B3 from P3 
24.990474637642038 P83 recvs B3 from P71 
25.762640732275923 P83 recvs B3 from P76 
25.80668445108633 P83 recvs B3 from P84 
69.84343595677666 P83 recvs B4 from P3 
69.84343595677666 P83 adds B4 to its tree
69.84343595677666 P83 mines for 1150.090302385112 seconds
71.56861297987659 P83 recvs B4 from P76 
71.62068930988356 P83 recvs B4 from P73 
71.66659366677509 P83 recvs B4 from P71 
71.86889331585493 P83 recvs B4 from P84 
77.29472511808187 P83 recvs B5 from P18 
77.29472511808187 P83 adds B5 to its tree
77.29472511808187 P83 mines for 7.92812736150601 seconds
77.8383086280721 P83 recvs B5 from P3 
78.21280073779793 P83 recvs B5 from P71 
78.52130524737666 P83 recvs B5 from P84 
78.88587129869397 P83 recvs B5 from P76 
85.22285247958789 P83 mines B6
102.18126783817625 P83 recvs B7 from P18 
102.18126783817625 P83 adds B7 to its tree
102.18126783817625 P83 mines for 1447.5942545395735 seconds
102.52880586570643 P83 recvs B7 from P3 
102.61842558016984 P83 recvs B7 from P71 
102.90249299472259 P83 recvs B7 from P84 
103.11201419210138 P83 recvs B7 from P76 
110.32687658444014 P83 recvs B8 from P18 
110.32687658444014 P83 adds B8 to its tree
110.32687658444014 P83 mines for 256.764682719249 seconds
111.20113358093188 P83 recvs B8 from P76 
111.40455799003374 P83 recvs B8 from P3 
111.54792751822987 P83 recvs B8 from P71 
111.68590979775566 P83 recvs B8 from P84 
121.9947759417946 P83 recvs B9 from P3 
121.9947759417946 P83 adds B9 to its tree
121.9947759417946 P83 mines for 447.01411733273056 seconds
122.25184102972793 P83 recvs B9 from P18 
122.71434604305507 P83 recvs B9 from P71 
123.06655726784405 P83 recvs B9 from P76 
123.43755453095353 P83 recvs B9 from P84 
130.32129154044776 P83 recvs B10 from P18 
130.32129154044776 P83 adds B10 to its tree
130.32129154044776 P83 mines for 493.59872131763143 seconds
130.75941294255534 P83 recvs B10 from P71 
130.8145793137928 P83 recvs B10 from P3 
131.41841667545378 P83 recvs B10 from P84 
131.56941835473236 P83 recvs B10 from P76 
142.2247710069535 P83 recvs B11 from P18 
142.2247710069535 P83 adds B11 to its tree
142.2247710069535 P83 mines for 1187.9823057469805 seconds
142.34063362953864 P83 recvs B11 from P76 
142.44512915244408 P83 recvs B11 from P84 
142.47287828972838 P83 recvs B11 from P3 
143.16069790233306 P83 recvs B11 from P71 
143.7176273668043 P83 recvs B11 from P73 
155.2314114508198 P83 recvs B12 from P3 
155.2314114508198 P83 adds B12 to its tree
155.2314114508198 P83 mines for 85.49148532501435 seconds
156.16490323184075 P83 recvs B12 from P18 
156.92068384509764 P83 recvs B12 from P76 
157.12876754152109 P83 recvs B12 from P71 
157.16728388710195 P83 recvs B12 from P84 
169.9179060693338 P83 recvs B13 from P3 
169.9179060693338 P83 adds B13 to its tree
169.9179060693338 P83 mines for 222.76728439954434 seconds
170.6178607085419 P83 recvs B13 from P18 
171.15752469735375 P83 recvs B13 from P71 
171.16846058317387 P83 recvs B13 from P73 
171.4132682475223 P83 recvs B13 from P76 
171.9019440721026 P83 recvs B13 from P84 
184.912695002701 P83 recvs B14 from P76 
184.912695002701 P83 adds B14 to its tree
184.912695002701 P83 mines for 1434.8657085705945 seconds
185.18284569171314 P83 recvs B14 from P18 
185.5542093488314 P83 recvs B14 from P73 
185.76853306092568 P83 recvs B14 from P84 
186.08593699343606 P83 recvs B14 from P3 
186.4579266452496 P83 recvs B14 from P71 
201.74504450642755 P83 recvs B15 from P84 
201.74504450642755 P83 adds B15 to its tree
201.74504450642755 P83 mines for 199.49009524453712 seconds
201.76435096467608 P83 recvs B15 from P18 
201.99668666659926 P83 recvs B15 from P76 
202.71216402540222 P83 recvs B15 from P71 
202.77155570997343 P83 recvs B15 from P3 
212.83085491600175 P83 recvs B16 from P18 
212.83085491600175 P83 adds B16 to its tree
212.83085491600175 P83 mines for 170.0264093531158 seconds
213.26580224716372 P83 recvs B16 from P3 
213.31078331507481 P83 recvs B16 from P71 
213.4002929296353 P83 recvs B17 from P18 
213.4002929296353 P83 adds B17 to its tree
214.07509991973092 P83 recvs B16 from P76 
214.0880729077594 P83 recvs B16 from P84 
214.14692547717056 P83 recvs B17 from P76 
214.5080714071411 P83 recvs B17 from P84 
214.67459961626298 P83 recvs B17 from P71 
220.21861970617937 P83 recvs B18 from P18 
220.21861970617937 P83 adds B18 to its tree
220.21861970617937 P83 mines for 1303.8343336648006 seconds
220.78355357562396 P83 recvs B18 from P3 
221.02265640940846 P83 recvs B18 from P84 
221.23665318811138 P83 recvs B18 from P71 
221.27253366331885 P83 recvs B18 from P76 
221.72067493318502 P83 recvs B19 from P18 
221.72067493318502 P83 adds B19 to its tree
222.15963318398886 P83 recvs B19 from P76 
222.1747806174205 P83 recvs B19 from P84 
222.35120523139796 P83 recvs B19 from P3 
223.08643848129975 P83 recvs B19 from P71 
229.69679403931113 P83 recvs B20 from P76 
229.69679403931113 P83 adds B20 to its tree
229.69679403931113 P83 mines for 1986.2429991181602 seconds
229.91686058020724 P83 recvs B20 from P18 
230.37282685716164 P83 recvs B20 from P73 
230.5121627941963 P83 recvs B20 from P84 
230.84556149844167 P83 recvs B20 from P3 
231.13042380284008 P83 recvs B20 from P71 
252.54037608795633 P83 recvs B21 from P3 
252.54037608795633 P83 adds B21 to its tree
252.54037608795633 P83 mines for 286.9890052177046 seconds
253.2094419174807 P83 recvs B21 from P18 
253.72554501510285 P83 recvs B21 from P73 
253.7648701488634 P83 recvs B21 from P71 
254.0421585366905 P83 recvs B21 from P76 
254.57348259082727 P83 recvs B21 from P84 
259.0244730644577 P83 recvs B22 from P18 
259.0244730644577 P83 adds B22 to its tree
259.0244730644577 P83 mines for 808.5111538069282 seconds
259.54776774459043 P83 recvs B22 from P3 
259.8184735063615 P83 recvs B22 from P84 
259.9258257758522 P83 recvs B22 from P76 
260.2115417743217 P83 recvs B22 from P73 
260.21365526929617 P83 recvs B22 from P71 
286.5762651590905 P83 recvs B23 from P3 
286.5762651590905 P83 adds B23 to its tree
286.5762651590905 P83 mines for 477.7654642264058 seconds
287.49706287270936 P83 recvs B23 from P18 
287.64237966544675 P83 recvs B23 from P73 
288.32827253904435 P83 recvs B23 from P76 
288.48058387609876 P83 recvs B23 from P71 
288.49520388249067 P83 recvs B23 from P84 
296.7525910159993 P83 recvs B24 from P18 
296.7525910159993 P83 adds B24 to its tree
296.7525910159993 P83 mines for 15.541694656725099 seconds
296.84050554111747 P83 recvs B24 from P3 
296.9256650217893 P83 recvs B24 from P76 
297.2723989728539 P83 recvs B24 from P71 
297.8868625045691 P83 recvs B24 from P73 
297.9620636168326 P83 recvs B24 from P84 
306.7660013320007 P83 recvs B25 from P18 
306.7660013320007 P83 adds B25 to its tree
306.7660013320007 P83 mines for 202.25118884987265 seconds
306.7947425662403 P83 recvs B25 from P3 
307.44427653979756 P83 recvs B25 from P73 
307.54709267139276 P83 recvs B25 from P84 
307.82240759896507 P83 recvs B25 from P76 
307.8927976246934 P83 recvs B25 from P71 
307.93128117522605 P83 recvs B26 from P76 
307.93128117522605 P83 adds B26 to its tree
307.98377609273876 P83 recvs B26 from P18 
308.2057304927541 P83 recvs B26 from P3 
308.33277512890123 P83 recvs B26 from P84 
308.35576130684484 P83 recvs B26 from P71 
340.00439354273163 P83 recvs B27 from P18 
340.00439354273163 P83 adds B27 to its tree
340.00439354273163 P83 mines for 1145.2896681072098 seconds
340.750489862008 P83 recvs B27 from P76 
340.9708892576049 P83 recvs B27 from P71 
341.5499734615002 P83 recvs B27 from P84 
369.7554433849643 P83 recvs B28 from P18 
369.7554433849643 P83 adds B28 to its tree
369.7554433849643 P83 mines for 340.8174631025132 seconds
370.18451061708305 P83 recvs B28 from P71 
370.38485590006485 P83 recvs B28 from P84 
370.5133644162812 P83 recvs B28 from P3 
370.5590261460016 P83 recvs B28 from P76 
379.4888345914788 P83 recvs B29 from P18 
379.4888345914788 P83 adds B29 to its tree
379.4888345914788 P83 mines for 542.6341245472432 seconds
380.7372578346413 P83 recvs B29 from P71 
380.77480469627034 P83 recvs B29 from P76 
380.93699120460144 P83 recvs B29 from P84 
387.1060192719069 P83 recvs B30 from P18 
387.1060192719069 P83 adds B30 to its tree
387.1060192719069 P83 mines for 2365.850544483217 seconds
388.27872916630554 P83 recvs B30 from P71 
388.5211616402432 P83 recvs B30 from P84 
395.76776133027226 P83 recvs B31 from P18 
395.76776133027226 P83 adds B31 to its tree
395.76776133027226 P83 mines for 498.5326488076592 seconds
396.6590371814672 P83 recvs B31 from P71 
397.26661024931474 P83 recvs B31 from P84 
402.6470282208153 P83 recvs B33 from P18 
402.6470282208153 P83 adds B33 to its tree
402.6470282208153 P83 mines for 1053.6320785828514 seconds
402.8686919999152 P83 recvs B32 from P18 
402.8686919999152 P83 adds B32 to its tree
403.1567661533089 P83 recvs B33 from P3 
403.52308490191206 P83 recvs B33 from P76 
403.57881938726507 P83 recvs B33 from P84 
403.5915602336777 P83 recvs B32 from P3 
403.61595807341547 P83 recvs B33 from P71 
403.8507174383793 P83 recvs B33 from P73 
403.9142813921606 P83 recvs B32 from P71 
404.10522506917766 P83 recvs B32 from P84 
404.60608266252876 P83 recvs B32 from P76 
405.9415542246268 P83 recvs B34 from P18 
405.9415542246268 P83 adds B34 to its tree
405.9415542246268 P83 mines for 150.41324827873422 seconds
407.2066377988484 P83 recvs B34 from P71 
407.31064429101554 P83 recvs B34 from P84 
435.76774870823164 P83 recvs B35 from P18 
435.76774870823164 P83 adds B35 to its tree
435.76774870823164 P83 mines for 361.03906780338144 seconds
435.8459387290129 P83 recvs B35 from P84 
436.0328115654492 P83 recvs B35 from P76 
436.6920308384826 P83 recvs B35 from P3 
436.74146812305554 P83 recvs B35 from P71 
439.3692277249284 P83 recvs B36 from P18 
439.3692277249284 P83 adds B36 to its tree
439.3692277249284 P83 mines for 420.4969992916798 seconds
439.60244611708464 P83 recvs B36 from P76 
439.71375040608433 P83 recvs B36 from P3 
440.023764902651 P83 recvs B36 from P71 
440.06783233302696 P83 recvs B36 from P84 
446.2495918911071 P83 recvs B37 from P18 
446.2495918911071 P83 adds B37 to its tree
446.2495918911071 P83 mines for 183.30672621328074 seconds
446.81752520405354 P83 recvs B38 from P3 
446.81752520405354 P83 adds B38 to its tree
446.883238072749 P83 recvs B38 from P18 
447.52899387301443 P83 recvs B37 from P71 
447.5990882002047 P83 recvs B38 from P76 
447.76531141528443 P83 recvs B37 from P84 
447.8014929527622 P83 recvs B38 from P73 
447.8900728539342 P83 recvs B38 from P71 
448.265678288133 P83 recvs B38 from P84 
456.30049331504193 P83 recvs B39 from P18 
456.30049331504193 P83 adds B39 to its tree
456.30049331504193 P83 mines for 63.06143506003273 seconds
456.6297069568729 P83 recvs B39 from P3 
457.1292138191852 P83 recvs B39 from P76 
457.2729712807257 P83 recvs B39 from P71 
457.577823881266 P83 recvs B39 from P84 
476.3494648770814 P83 recvs B40 from P18 
476.3494648770814 P83 adds B40 to its tree
476.3494648770814 P83 mines for 5.4434558702304345 seconds
477.393400855155 P83 recvs B40 from P71 
477.94418422600165 P83 recvs B40 from P84 
478.13104273520406 P83 recvs B40 from P76 
481.7929207473118 P83 mines B41
493.1995488536935 P83 recvs B42 from P18 
493.1995488536935 P83 adds B42 to its tree
493.1995488536935 P83 mines for 1039.073508394838 seconds
493.9091058024761 P83 recvs B42 from P3 
494.33169074299303 P83 recvs B42 from P73 
494.41610091291227 P83 recvs B42 from P71 
494.626248451385 P83 recvs B42 from P84 
502.44801952433664 P83 recvs B43 from P18 
502.44801952433664 P83 adds B43 to its tree
502.44801952433664 P83 mines for 658.8967540251666 seconds
502.7872128094315 P83 recvs B44 from P18 
502.7872128094315 P83 adds B44 to its tree
502.86899732856534 P83 recvs B44 from P76 
503.1507235225229 P83 recvs B44 from P3 
503.23968716509796 P83 recvs B44 from P71 
503.25390875623583 P83 recvs B43 from P84 
503.2995445055434 P83 recvs B44 from P84 
503.38512015960424 P83 recvs B43 from P3 
503.4143991897878 P83 recvs B43 from P71 
503.702203544214 P83 recvs B43 from P76 
525.6112774002951 P83 recvs B45 from P18 
525.6112774002951 P83 adds B45 to its tree
525.6112774002951 P83 mines for 131.58286863312895 seconds
526.8005523329174 P83 recvs B45 from P71 
527.0341486568274 P83 recvs B45 from P84 
527.1156105037602 P83 recvs B45 from P76 
547.9890334526266 P83 recvs B46 from P3 
547.9890334526266 P83 adds B46 to its tree
547.9890334526266 P83 mines for 268.70879426893026 seconds
548.2115292429081 P83 recvs B46 from P18 
548.6569517532168 P83 recvs B46 from P71 
549.0309288854464 P83 recvs B46 from P76 
549.4357489818436 P83 recvs B46 from P84 
549.7972625376611 P83 recvs B46 from P73 
561.5208091942797 P83 recvs B47 from P76 
561.5208091942797 P83 adds B47 to its tree
561.5208091942797 P83 mines for 315.8526585922444 seconds
561.7348716809635 P83 recvs B47 from P18 
562.2341399523746 P83 recvs B47 from P73 
562.2997118568237 P83 recvs B47 from P84 
562.5060802774445 P83 recvs B47 from P3 
562.9748289710884 P83 recvs B47 from P71 
565.3350581706695 P83 recvs B48 from P18 
565.3350581706695 P83 adds B48 to its tree
565.3350581706695 P83 mines for 643.995240769852 seconds
565.7312546273585 P83 recvs B48 from P71 
565.9269403719869 P83 recvs B48 from P3 
566.3516320848644 P83 recvs B48 from P84 
566.6698450458795 P83 recvs B48 from P76 
576.0863052132345 P83 recvs B49 from P18 
576.0863052132345 P83 adds B49 to its tree
576.0863052132345 P83 mines for 198.21343346035158 seconds
576.1862842719989 P83 recvs B49 from P76 
576.5232496752216 P83 recvs B49 from P71 
576.5348074082224 P83 recvs B49 from P3 
576.5624293116335 P83 recvs B49 from P84 
589.4113562051293 P83 recvs B50 from P18 
589.4113562051293 P83 adds B50 to its tree
589.4113562051293 P83 mines for 1023.1843158416826 seconds
590.1703732497625 P83 recvs B50 from P3 
590.4084139088716 P83 recvs B50 from P71 
590.5805739768012 P83 recvs B50 from P84 
591.0751556197973 P83 recvs B50 from P76 
593.9448055636559 P83 recvs B52 from P18 
593.9448055636559 P83 adds B52 to its tree
593.9448055636559 P83 mines for 232.55526681209207 seconds
594.3181555931478 P83 recvs B51 from P18 
594.3181555931478 P83 adds B51 to its tree
594.5302082890948 P83 recvs B51 from P3 
594.5603592843448 P83 recvs B51 from P76 
594.8117585557176 P83 recvs B51 from P71 
595.1937882480604 P83 recvs B52 from P71 
595.3319874294622 P83 recvs B52 from P84 
595.4694114860511 P83 recvs B51 from P73 
595.635435096819 P83 recvs B51 from P84 
596.8496572128912 P83 recvs B53 from P18 
596.8496572128912 P83 adds B53 to its tree
596.8496572128912 P83 mines for 1472.5392991031897 seconds
596.9735592820739 P83 recvs B53 from P3 
597.5074866479098 P83 recvs B53 from P76 
597.6539368319653 P83 recvs B53 from P71 
598.0046542096311 P83 recvs B53 from P84 
