0 P84 mines for 2507.369767460714 seconds
1.2923252893046455 P84 creates T24
6.108302095066726 P84 recvs B2 from P33 
6.108302095066726 P84 adds B2 to its tree
6.108302095066726 P84 mines for 7033.907345636644 seconds
6.6380764600205815 P84 recvs B2 from P83 
6.786300257061238 P84 recvs B2 from P2 
6.912915371612648 P84 recvs B2 from P95 
6.933532134716302 P84 recvs B2 from P54 
7.912184509424396 P84 recvs B2 from P86 
25.163220386197178 P84 recvs B3 from P33 
25.163220386197178 P84 adds B3 to its tree
25.163220386197178 P84 mines for 1426.4144455629344 seconds
25.761761644831534 P84 recvs B3 from P54 
26.016075729874682 P84 recvs B3 from P83 
26.04323323297691 P84 recvs B3 from P86 
26.25521535989664 P84 recvs B3 from P2 
26.495649763414665 P84 recvs B3 from P95 
71.29671103975133 P84 recvs B4 from P33 
71.29671103975133 P84 adds B4 to its tree
71.29671103975133 P84 mines for 3532.2124101272416 seconds
71.33927255906897 P84 recvs B4 from P83 
71.45693841393772 P84 recvs B4 from P2 
71.79110634277788 P84 recvs B4 from P54 
71.98019892657922 P84 recvs B4 from P95 
72.67314336546032 P84 recvs B4 from P86 
77.88184754990206 P84 recvs B5 from P33 
77.88184754990206 P84 adds B5 to its tree
77.88184754990206 P84 mines for 1817.8466122665714 seconds
78.11792860980604 P84 recvs B5 from P2 
78.55263136861859 P84 recvs B5 from P95 
78.74694967841394 P84 recvs B5 from P83 
78.9072947147602 P84 recvs B5 from P86 
79.28233243045088 P84 recvs B5 from P54 
86.8957962835711 P84 recvs B6 from P83 
86.8957962835711 P84 adds B6 to its tree
86.8957962835711 P84 mines for 14130.472225392808 seconds
87.33421718118977 P84 recvs B6 from P33 
88.04599103193146 P84 recvs B6 from P2 
88.18478284669396 P84 recvs B6 from P95 
88.27508301417616 P84 recvs B6 from P54 
88.90110341720184 P84 recvs B6 from P86 
102.34713370211936 P84 recvs B7 from P33 
102.34713370211936 P84 adds B7 to its tree
102.34713370211936 P84 mines for 5969.880905362006 seconds
103.14346248910407 P84 recvs B7 from P54 
103.394407588082 P84 recvs B7 from P86 
103.56049905916569 P84 recvs B7 from P2 
103.68995920281051 P84 recvs B7 from P83 
104.2181106705694 P84 recvs B7 from P95 
111.00289668466449 P84 recvs B8 from P2 
111.00289668466449 P84 adds B8 to its tree
111.00289668466449 P84 mines for 13070.856047523415 seconds
111.14412697713944 P84 recvs B8 from P33 
111.6284048546042 P84 recvs B8 from P95 
111.7671935061913 P84 recvs B8 from P83 
112.05111251876026 P84 recvs B8 from P54 
112.47041416825036 P84 recvs B8 from P86 
122.84673860513706 P84 recvs B9 from P33 
122.84673860513706 P84 adds B9 to its tree
122.84673860513706 P84 mines for 968.9498034827445 seconds
123.38126233339324 P84 recvs B9 from P54 
123.52073546884984 P84 recvs B9 from P2 
123.52683707930265 P84 recvs B9 from P83 
123.75285385356285 P84 recvs B9 from P86 
123.80920348572592 P84 recvs B9 from P95 
130.86480618617563 P84 recvs B10 from P33 
130.86480618617563 P84 adds B10 to its tree
130.86480618617563 P84 mines for 2492.241594198795 seconds
131.5556790524749 P84 recvs B10 from P54 
131.7131359978167 P84 recvs B10 from P86 
131.82134385822866 P84 recvs B10 from P83 
132.10011409123808 P84 recvs B10 from P2 
132.39518097557414 P84 recvs B10 from P95 
141.8591796154343 P84 recvs B11 from P33 
141.8591796154343 P84 adds B11 to its tree
141.8591796154343 P84 mines for 667.0047972888215 seconds
143.40958938765172 P84 recvs B11 from P54 
143.50929104467215 P84 recvs B11 from P95 
143.58150522099928 P84 recvs B11 from P2 
143.6924905356592 P84 recvs B11 from P83 
144.31646974753963 P84 recvs B11 from P86 
156.62463218004962 P84 recvs B12 from P33 
156.62463218004962 P84 adds B12 to its tree
156.62463218004962 P84 mines for 2005.0060651573453 seconds
156.74812451387172 P84 recvs B12 from P83 
156.89618877101077 P84 recvs B12 from P2 
157.15333302582985 P84 recvs B12 from P54 
157.28345756357308 P84 recvs B12 from P95 
157.94784562865493 P84 recvs B12 from P86 
171.3197768804851 P84 recvs B13 from P33 
171.3197768804851 P84 adds B13 to its tree
171.3197768804851 P84 mines for 650.0785796055275 seconds
171.45630437918817 P84 recvs B13 from P83 
171.4913473791809 P84 recvs B13 from P2 
171.77958787687723 P84 recvs B13 from P54 
172.03769654675386 P84 recvs B13 from P95 
172.34115917333335 P84 recvs B13 from P86 
185.35294871114633 P84 recvs B14 from P54 
185.35294871114633 P84 adds B14 to its tree
185.35294871114633 P84 mines for 5498.667712491536 seconds
185.64332793698657 P84 recvs B14 from P2 
186.05564818384036 P84 recvs B14 from P33 
186.3639134510333 P84 recvs B14 from P83 
186.81936371073297 P84 recvs B14 from P95 
187.12418599141992 P84 recvs B14 from P86 
201.2067607918991 P84 recvs B15 from P33 
201.2067607918991 P84 adds B15 to its tree
201.2067607918991 P84 mines for 5622.681308104696 seconds
203.06451269708128 P84 recvs B15 from P95 
213.49531217245456 P84 recvs B16 from P33 
213.49531217245456 P84 adds B16 to its tree
213.49531217245456 P84 mines for 2764.9833984833804 seconds
213.8093964763668 P84 recvs B17 from P2 
213.8093964763668 P84 adds B17 to its tree
214.21444262656237 P84 recvs B16 from P54 
214.2710473268864 P84 recvs B16 from P83 
214.34612568646676 P84 recvs B16 from P86 
214.42025709745405 P84 recvs B16 from P2 
214.54697767396308 P84 recvs B17 from P33 
214.5541281406158 P84 recvs B17 from P54 
214.78226915470327 P84 recvs B17 from P83 
214.88712055438418 P84 recvs B16 from P95 
215.07976499711975 P84 recvs B17 from P95 
215.79457547025018 P84 recvs B17 from P86 
220.4522093891321 P84 recvs B18 from P33 
220.4522093891321 P84 adds B18 to its tree
220.4522093891321 P84 mines for 3725.0961224952725 seconds
221.44988739792257 P84 recvs B18 from P54 
221.58069302357566 P84 recvs B18 from P95 
221.6101249414939 P84 recvs B19 from P33 
221.6101249414939 P84 adds B19 to its tree
221.61321842711348 P84 recvs B18 from P83 
221.81207853488954 P84 recvs B18 from P2 
222.49464394251805 P84 recvs B18 from P86 
222.91419074691404 P84 recvs B19 from P95 
223.19439322627935 P84 recvs B19 from P54 
223.22331153482745 P84 recvs B19 from P2 
223.22452264904013 P84 recvs B19 from P83 
223.72768419249613 P84 recvs B19 from P86 
230.05363134670097 P84 recvs B20 from P54 
230.05363134670097 P84 adds B20 to its tree
230.05363134670097 P84 mines for 3663.1430420104653 seconds
230.42260432955777 P84 recvs B20 from P2 
230.7828572844031 P84 recvs B20 from P33 
231.08729078227285 P84 recvs B20 from P83 
231.5728760298964 P84 recvs B20 from P95 
231.9509205600207 P84 recvs B20 from P86 
254.03137698685222 P84 recvs B21 from P33 
254.03137698685222 P84 adds B21 to its tree
254.03137698685222 P84 mines for 249.71276348042343 seconds
254.03588733600444 P84 recvs B21 from P83 
254.23777473195136 P84 recvs B21 from P54 
254.3338004504624 P84 recvs B21 from P2 
254.6046262959418 P84 recvs B21 from P95 
254.917823408848 P84 recvs B21 from P86 
259.2146154830099 P84 recvs B22 from P33 
259.2146154830099 P84 adds B22 to its tree
259.2146154830099 P84 mines for 3554.5760400349336 seconds
260.2203047400713 P84 recvs B22 from P54 
260.23034018215264 P84 recvs B22 from P95 
260.4103194418699 P84 recvs B22 from P83 
260.44301231790956 P84 recvs B22 from P2 
260.8025626782405 P84 recvs B22 from P86 
287.9359830291543 P84 recvs B23 from P33 
287.9359830291543 P84 adds B23 to its tree
287.9359830291543 P84 mines for 9595.65498815687 seconds
288.0047932540737 P84 recvs B23 from P86 
288.101161834647 P84 recvs B23 from P83 
288.1942376364631 P84 recvs B23 from P2 
288.60060682643126 P84 recvs B23 from P54 
288.6327323834794 P84 recvs B23 from P95 
297.3160372721065 P84 recvs B24 from P2 
297.3160372721065 P84 adds B24 to its tree
297.3160372721065 P84 mines for 2037.165621542135 seconds
297.5902558986425 P84 recvs B24 from P95 
297.7170657040972 P84 recvs B24 from P33 
297.8054639545808 P84 recvs B24 from P54 
298.210976200455 P84 recvs B24 from P83 
298.52937864379874 P84 recvs B24 from P86 
307.005273423647 P84 recvs B25 from P33 
307.005273423647 P84 adds B25 to its tree
307.005273423647 P84 mines for 375.05964844972505 seconds
307.3661139374166 P84 recvs B25 from P95 
307.88116474518597 P84 recvs B26 from P54 
307.88116474518597 P84 adds B26 to its tree
308.0984924988603 P84 recvs B25 from P54 
308.1741182766424 P84 recvs B25 from P86 
308.199923867148 P84 recvs B25 from P83 
308.41691615499747 P84 recvs B25 from P2 
308.60667355953467 P84 recvs B26 from P33 
308.8519032130535 P84 recvs B26 from P86 
309.44042948299017 P84 recvs B26 from P83 
309.67965421684704 P84 recvs B26 from P2 
309.98829656575623 P84 recvs B26 from P95 
340.9875169935583 P84 recvs B27 from P33 
340.9875169935583 P84 adds B27 to its tree
340.9875169935583 P84 mines for 105.61954420667777 seconds
341.28835710383856 P84 recvs B27 from P95 
341.3936707116497 P84 recvs B27 from P83 
341.45153683485137 P84 recvs B27 from P2 
341.7821946507532 P84 recvs B27 from P54 
342.1533350728952 P84 recvs B27 from P86 
369.7277333572245 P84 recvs B28 from P33 
369.7277333572245 P84 adds B28 to its tree
369.7277333572245 P84 mines for 574.619395986824 seconds
370.83568491492684 P84 recvs B28 from P54 
371.147767550324 P84 recvs B28 from P83 
371.29947276266694 P84 recvs B28 from P86 
371.30103738935986 P84 recvs B28 from P2 
371.77137693334294 P84 recvs B28 from P95 
380.35018299084203 P84 recvs B29 from P33 
380.35018299084203 P84 adds B29 to its tree
380.35018299084203 P84 mines for 3944.135773936301 seconds
380.9418520060361 P84 recvs B29 from P2 
380.94357718915165 P84 recvs B29 from P83 
381.0505661274924 P84 recvs B29 from P54 
381.11667376272845 P84 recvs B29 from P95 
382.11764172335546 P84 recvs B29 from P86 
387.9099586299046 P84 recvs B30 from P33 
387.9099586299046 P84 adds B30 to its tree
387.9099586299046 P84 mines for 1186.8514709776662 seconds
388.48594144693647 P84 recvs B30 from P2 
388.54474474768296 P84 recvs B30 from P83 
388.7637282333835 P84 recvs B30 from P95 
389.29890523414247 P84 recvs B30 from P54 
389.3430342323935 P84 recvs B30 from P86 
396.72686219173033 P84 recvs B31 from P33 
396.72686219173033 P84 adds B31 to its tree
396.72686219173033 P84 mines for 12330.967592804309 seconds
396.96138648780817 P84 recvs B31 from P95 
397.13517060220744 P84 recvs B31 from P83 
397.2368666526429 P84 recvs B31 from P2 
397.57645692206177 P84 recvs B31 from P54 
397.7415477480103 P84 recvs B31 from P86 
402.9205792329383 P84 recvs B33 from P33 
402.9205792329383 P84 adds B33 to its tree
402.9205792329383 P84 mines for 2277.7874395688586 seconds
403.5353293879493 P84 recvs B32 from P33 
403.5353293879493 P84 adds B32 to its tree
403.807704477102 P84 recvs B33 from P54 
403.9016916500557 P84 recvs B33 from P95 
403.9116951398977 P84 recvs B32 from P2 
404.08073973323076 P84 recvs B33 from P83 
404.085732108939 P84 recvs B32 from P95 
404.1597146849457 P84 recvs B33 from P2 
404.28775849120393 P84 recvs B32 from P83 
404.5286668372982 P84 recvs B32 from P86 
404.8976961507867 P84 recvs B32 from P54 
404.90661641337493 P84 recvs B33 from P86 
406.7238665419017 P84 recvs B34 from P33 
406.7238665419017 P84 adds B34 to its tree
406.7238665419017 P84 mines for 3765.158492864765 seconds
407.33393648029 P84 recvs B34 from P83 
407.42765335043435 P84 recvs B34 from P2 
407.617773565679 P84 recvs B34 from P95 
408.54928286172395 P84 recvs B34 from P86 
435.26908899519856 P84 recvs B35 from P33 
435.26908899519856 P84 adds B35 to its tree
435.26908899519856 P84 mines for 10352.75142257268 seconds
437.0603892129524 P84 recvs B35 from P95 
437.16407333340123 P84 recvs B35 from P83 
438.072561326732 P84 recvs B35 from P86 
439.60998228251856 P84 recvs B36 from P54 
439.60998228251856 P84 adds B36 to its tree
439.60998228251856 P84 mines for 5293.457125911487 seconds
439.93189499240844 P84 recvs B36 from P86 
440.0785876726978 P84 recvs B36 from P33 
440.60467876443175 P84 recvs B36 from P95 
440.7795101269489 P84 recvs B36 from P83 
440.955628781994 P84 recvs B36 from P2 
447.15522419282706 P84 recvs B37 from P33 
447.15522419282706 P84 adds B37 to its tree
447.15522419282706 P84 mines for 4867.366024046454 seconds
447.6073820595288 P84 recvs B37 from P2 
447.65861374897054 P84 recvs B38 from P33 
447.65861374897054 P84 adds B38 to its tree
447.6691499572218 P84 recvs B37 from P83 
447.70641973107814 P84 recvs B38 from P2 
447.8982291116947 P84 recvs B37 from P95 
447.9658890962273 P84 recvs B38 from P54 
448.2041801247258 P84 recvs B38 from P95 
448.3334706736667 P84 recvs B38 from P83 
449.01248007989375 P84 recvs B38 from P86 
449.0264123018589 P84 recvs B37 from P86 
457.1043697947634 P84 recvs B39 from P54 
457.1043697947634 P84 adds B39 to its tree
457.1043697947634 P84 mines for 4301.334776166671 seconds
457.3159969554283 P84 recvs B39 from P86 
457.35888137972887 P84 recvs B39 from P33 
457.5784854528342 P84 recvs B39 from P95 
457.62087287371986 P84 recvs B39 from P2 
457.73879177078635 P84 recvs B39 from P83 
477.3310428110147 P84 recvs B40 from P33 
477.3310428110147 P84 adds B40 to its tree
477.3310428110147 P84 mines for 445.5036722060555 seconds
477.6153276566699 P84 recvs B40 from P95 
477.87149357444304 P84 recvs B40 from P83 
477.91768568959463 P84 recvs B40 from P2 
478.1916972461929 P84 recvs B40 from P54 
478.46816031937755 P84 recvs B40 from P86 
483.48069730705174 P84 recvs B41 from P83 
483.48069730705174 P84 adds B41 to its tree
483.48069730705174 P84 mines for 2596.518872711986 seconds
484.2443324406741 P84 recvs B41 from P33 
484.63228850642275 P84 recvs B41 from P2 
484.8173218556175 P84 recvs B41 from P95 
484.88011217819644 P84 recvs B41 from P54 
485.4550905598465 P84 recvs B41 from P86 
494.0891230530611 P84 recvs B42 from P33 
494.0891230530611 P84 adds B42 to its tree
494.0891230530611 P84 mines for 14934.55888879675 seconds
494.4755659835192 P84 recvs B42 from P2 
494.6720702127191 P84 recvs B42 from P83 
494.8532929612172 P84 recvs B42 from P95 
495.83930393324914 P84 recvs B42 from P86 
502.55423200320746 P84 recvs B43 from P2 
502.55423200320746 P84 adds B43 to its tree
502.55423200320746 P84 mines for 18039.66260691254 seconds
502.8691233378273 P84 recvs B44 from P54 
502.8691233378273 P84 adds B44 to its tree
502.963029298431 P84 recvs B43 from P86 
503.0984022339678 P84 recvs B43 from P33 
503.3737398442265 P84 recvs B44 from P33 
503.82941108055695 P84 recvs B44 from P86 
503.8429778331883 P84 recvs B43 from P83 
503.93670166322636 P84 recvs B43 from P54 
504.1042830318446 P84 recvs B43 from P95 
504.2161252271923 P84 recvs B44 from P83 
504.41971308487183 P84 recvs B44 from P2 
504.88824610616024 P84 recvs B44 from P95 
526.4673910547103 P84 recvs B45 from P33 
526.4673910547103 P84 adds B45 to its tree
526.4673910547103 P84 mines for 2513.164319589409 seconds
526.9982513379762 P84 recvs B45 from P83 
527.0966440716055 P84 recvs B45 from P2 
527.2702059260358 P84 recvs B45 from P54 
527.3910206685533 P84 recvs B45 from P95 
528.3581848053118 P84 recvs B45 from P86 
548.8867017507587 P84 recvs B46 from P33 
548.8867017507587 P84 adds B46 to its tree
548.8867017507587 P84 mines for 103.20458966947848 seconds
549.2789346070937 P84 recvs B46 from P54 
549.5119340894267 P84 recvs B46 from P83 
549.6339726812217 P84 recvs B46 from P2 
549.6999197669727 P84 recvs B46 from P86 
549.7163606498235 P84 recvs B46 from P95 
561.8589937758891 P84 recvs B47 from P54 
561.8589937758891 P84 adds B47 to its tree
561.8589937758891 P84 mines for 5045.1202112996725 seconds
562.260491606379 P84 recvs B47 from P2 
562.5897933661107 P84 recvs B47 from P33 
562.8971975167955 P84 recvs B47 from P83 
563.3714488147679 P84 recvs B47 from P95 
563.7125318157339 P84 recvs B47 from P86 
565.7844117422916 P84 recvs B48 from P33 
565.7844117422916 P84 adds B48 to its tree
565.7844117422916 P84 mines for 1779.2006512636208 seconds
566.6855324960223 P84 recvs B48 from P54 
566.7474472737232 P84 recvs B48 from P83 
566.88155740132 P84 recvs B48 from P86 
566.9441854822995 P84 recvs B48 from P2 
567.336698584704 P84 recvs B48 from P95 
576.1481831006186 P84 recvs B49 from P54 
576.1481831006186 P84 adds B49 to its tree
576.1481831006186 P84 mines for 7079.945813281017 seconds
576.6862246919825 P84 recvs B49 from P33 
577.0256009119826 P84 recvs B49 from P86 
577.5360415886123 P84 recvs B49 from P83 
577.7829048012908 P84 recvs B49 from P2 
578.0643266627997 P84 recvs B49 from P95 
590.0197894824954 P84 recvs B50 from P33 
590.0197894824954 P84 adds B50 to its tree
590.0197894824954 P84 mines for 2550.128908506058 seconds
590.388092984532 P84 recvs B50 from P2 
590.7177807613332 P84 recvs B50 from P95 
590.8874189899307 P84 recvs B50 from P83 
591.2301913051214 P84 recvs B50 from P86 
591.4429044223788 P84 recvs B50 from P54 
594.7370317753285 P84 recvs B52 from P33 
594.7370317753285 P84 adds B52 to its tree
594.7370317753285 P84 mines for 891.416861405896 seconds
594.9432038063369 P84 recvs B51 from P2 
594.9432038063369 P84 adds B51 to its tree
595.0360296965549 P84 recvs B51 from P33 
595.1971130975135 P84 recvs B51 from P95 
595.3502375400998 P84 recvs B52 from P83 
595.3766944593239 P84 recvs B51 from P54 
595.5363487070798 P84 recvs B52 from P2 
595.6402866152562 P84 recvs B52 from P95 
595.740713271804 P84 recvs B51 from P83 
595.9601577351206 P84 recvs B51 from P86 
596.6703208421592 P84 recvs B52 from P86 
597.5554749571 P84 recvs B53 from P54 
597.5554749571 P84 adds B53 to its tree
597.5554749571 P84 mines for 789.6823151202142 seconds
597.6316189719043 P84 recvs B53 from P86 
597.7099026243234 P84 recvs B53 from P33 
597.9319318287735 P84 recvs B53 from P95 
597.9699905350379 P84 recvs B53 from P2 
598.2619353840034 P84 recvs B53 from P83 
