0 P85 mines for 1438.6565906475369 seconds
0.16485520822242697 P85 creates T5
0.6366783608100259 P85 creates T14
3.7527920459289845 P85 creates T45
5.554532220440528 P85 recvs B2 from P8 
5.554532220440528 P85 adds B2 to its tree
5.554532220440528 P85 mines for 1121.0278112256144 seconds
6.751321690592933 P85 recvs B2 from P38 
6.787469162427678 P85 recvs B2 from P22 
7.485505073033321 P85 recvs B2 from P90 
7.4942407174960115 P85 recvs B2 from P91 
7.748892937259037 P85 creates T67
24.67449417565976 P85 recvs B3 from P8 
24.67449417565976 P85 adds B3 to its tree
24.67449417565976 P85 mines for 746.149073447252 seconds
24.977402005915543 P85 recvs B3 from P38 
25.887841953104584 P85 recvs B3 from P22 
26.382076009073813 P85 recvs B3 from P90 
26.619139596516234 P85 recvs B3 from P91 
70.35591052641246 P85 recvs B4 from P8 
70.35591052641246 P85 adds B4 to its tree
70.35591052641246 P85 mines for 605.825235140708 seconds
71.00827908688532 P85 recvs B4 from P22 
71.59722872592634 P85 recvs B4 from P38 
71.67830248669635 P85 recvs B4 from P91 
72.03488204942231 P85 recvs B4 from P90 
75.28797368990867 P85 recvs B5 from P8 
75.28797368990867 P85 adds B5 to its tree
75.28797368990867 P85 mines for 89.67910434847822 seconds
86.81631145170164 P85 recvs B6 from P8 
86.81631145170164 P85 adds B6 to its tree
86.81631145170164 P85 mines for 1726.3300435735819 seconds
87.76469066919982 P85 recvs B6 from P22 
87.85295875147729 P85 recvs B6 from P38 
88.34602582092432 P85 recvs B6 from P91 
88.69831417057466 P85 recvs B6 from P90 
101.77090984659345 P85 recvs B7 from P8 
101.77090984659345 P85 adds B7 to its tree
101.77090984659345 P85 mines for 44.87782573621627 seconds
102.6185883606049 P85 recvs B7 from P38 
103.447392519569 P85 recvs B7 from P22 
103.53706006552396 P85 recvs B7 from P90 
104.02541008747235 P85 recvs B7 from P91 
110.11479333244822 P85 recvs B8 from P8 
110.11479333244822 P85 adds B8 to its tree
110.11479333244822 P85 mines for 317.7783848629623 seconds
111.47775849777881 P85 recvs B8 from P22 
111.71976464596545 P85 recvs B8 from P90 
112.37482562968098 P85 recvs B8 from P91 
121.50944382180239 P85 recvs B9 from P8 
121.50944382180239 P85 adds B9 to its tree
121.50944382180239 P85 mines for 575.0310518417573 seconds
122.58414667835208 P85 recvs B9 from P22 
122.5982185156432 P85 recvs B9 from P38 
123.33632885712349 P85 recvs B9 from P91 
123.51947823725091 P85 recvs B9 from P90 
130.4080294628033 P85 recvs B10 from P8 
130.4080294628033 P85 adds B10 to its tree
130.4080294628033 P85 mines for 906.3323064809185 seconds
130.81701981905607 P85 recvs B10 from P38 
131.63646568611023 P85 recvs B10 from P22 
132.13564819457386 P85 recvs B10 from P90 
132.21079511495176 P85 recvs B10 from P91 
141.33210871027129 P85 recvs B11 from P8 
141.33210871027129 P85 adds B11 to its tree
141.33210871027129 P85 mines for 314.79137813925917 seconds
142.70055985756082 P85 recvs B11 from P90 
143.83671461506978 P85 recvs B11 from P91 
155.7428625650168 P85 recvs B12 from P8 
155.7428625650168 P85 adds B12 to its tree
155.7428625650168 P85 mines for 561.5025360865105 seconds
156.38868599392563 P85 recvs B12 from P22 
156.95940279087176 P85 recvs B12 from P38 
157.02702575581066 P85 recvs B12 from P91 
157.3487903985304 P85 recvs B12 from P90 
169.5453656910873 P85 recvs B13 from P8 
169.5453656910873 P85 adds B13 to its tree
169.5453656910873 P85 mines for 1615.8078258741527 seconds
171.0170273019025 P85 recvs B13 from P22 
171.7593057799477 P85 recvs B13 from P91 
185.4648236183676 P85 recvs B14 from P8 
185.4648236183676 P85 adds B14 to its tree
185.4648236183676 P85 mines for 29.16756759818983 seconds
186.38309520393486 P85 recvs B14 from P90 
186.39888845827147 P85 recvs B14 from P22 
186.6162179812316 P85 recvs B14 from P38 
187.43273751826567 P85 recvs B14 from P91 
202.35363569139966 P85 recvs B15 from P8 
202.35363569139966 P85 adds B15 to its tree
202.35363569139966 P85 mines for 1545.614845350588 seconds
202.6666487619952 P85 recvs B15 from P38 
203.3176928755908 P85 recvs B15 from P22 
203.76927176352572 P85 recvs B15 from P90 
203.86298098801512 P85 recvs B15 from P91 
213.00858192289428 P85 recvs B16 from P8 
213.00858192289428 P85 adds B16 to its tree
213.00858192289428 P85 mines for 974.2305482868461 seconds
213.3352462905838 P85 recvs B16 from P38 
213.76663770916664 P85 recvs B17 from P8 
213.76663770916664 P85 adds B17 to its tree
214.12461644032246 P85 recvs B16 from P22 
214.49446829777668 P85 recvs B17 from P90 
214.68154195506293 P85 recvs B17 from P22 
214.72509203427666 P85 recvs B16 from P90 
214.85208357466803 P85 recvs B17 from P38 
214.90114532478765 P85 recvs B16 from P91 
215.79920611485935 P85 recvs B17 from P91 
219.77829634972562 P85 recvs B18 from P8 
219.77829634972562 P85 adds B18 to its tree
219.77829634972562 P85 mines for 65.70133844720584 seconds
220.87603361073855 P85 recvs B18 from P22 
221.1540345198286 P85 recvs B18 from P38 
221.62215097944545 P85 recvs B18 from P91 
221.92640362488626 P85 recvs B19 from P8 
221.92640362488626 P85 adds B19 to its tree
222.65057521103373 P85 recvs B19 from P38 
223.08329024684048 P85 recvs B19 from P22 
223.23289381678188 P85 recvs B19 from P91 
223.99916691571767 P85 recvs B19 from P90 
230.21463993979697 P85 recvs B20 from P8 
230.21463993979697 P85 adds B20 to its tree
230.21463993979697 P85 mines for 455.77922832028895 seconds
231.2015298654701 P85 recvs B20 from P22 
231.2356029970401 P85 recvs B20 from P90 
231.43523560331937 P85 recvs B20 from P38 
232.16660766701247 P85 recvs B20 from P91 
252.2184919647608 P85 recvs B21 from P8 
252.2184919647608 P85 adds B21 to its tree
252.2184919647608 P85 mines for 876.376151787267 seconds
253.75765915746905 P85 recvs B21 from P22 
254.37720097503555 P85 recvs B21 from P91 
258.59324109499875 P85 recvs B22 from P8 
258.59324109499875 P85 adds B22 to its tree
258.59324109499875 P85 mines for 33.495149893930005 seconds
259.70588025182144 P85 recvs B22 from P22 
259.80169785340377 P85 recvs B22 from P38 
260.1979048306509 P85 recvs B22 from P91 
287.0342826988187 P85 recvs B23 from P8 
287.0342826988187 P85 adds B23 to its tree
287.0342826988187 P85 mines for 480.15960871263263 seconds
287.76973180948914 P85 recvs B23 from P22 
288.23819787136955 P85 recvs B23 from P38 
288.43330656079917 P85 recvs B23 from P91 
288.725440621705 P85 recvs B23 from P90 
295.6340822276112 P85 recvs B24 from P8 
295.6340822276112 P85 adds B24 to its tree
295.6340822276112 P85 mines for 530.4132653261074 seconds
297.5755239197204 P85 recvs B24 from P90 
298.10132216748957 P85 recvs B24 from P91 
306.32856750100603 P85 recvs B25 from P8 
306.32856750100603 P85 adds B25 to its tree
306.32856750100603 P85 mines for 204.23484089452083 seconds
306.6602795356254 P85 recvs B25 from P38 
307.5518762572101 P85 recvs B25 from P22 
307.60613957408975 P85 recvs B25 from P91 
308.0098040103644 P85 recvs B26 from P8 
308.0098040103644 P85 adds B26 to its tree
308.35499205016214 P85 recvs B26 from P38 
309.23224061913027 P85 recvs B26 from P22 
309.7144264446071 P85 recvs B26 from P90 
309.8578583911207 P85 recvs B26 from P91 
339.56925572959847 P85 recvs B27 from P8 
339.56925572959847 P85 adds B27 to its tree
339.56925572959847 P85 mines for 1143.0242498051132 seconds
340.7690284571017 P85 recvs B27 from P22 
341.9466421118572 P85 recvs B27 from P91 
369.8768738626294 P85 recvs B28 from P8 
369.8768738626294 P85 adds B28 to its tree
369.8768738626294 P85 mines for 12.865085176528538 seconds
370.49518657881924 P85 recvs B28 from P38 
371.0623339612424 P85 recvs B28 from P22 
371.7753080732574 P85 recvs B28 from P90 
371.8702908581769 P85 recvs B28 from P91 
379.72415872172564 P85 recvs B29 from P8 
379.72415872172564 P85 adds B29 to its tree
379.72415872172564 P85 mines for 285.97571814567635 seconds
380.8591516940276 P85 recvs B29 from P38 
380.97358919603505 P85 recvs B29 from P22 
381.67943256612625 P85 recvs B29 from P90 
381.81043437653693 P85 recvs B29 from P91 
387.34507099001553 P85 recvs B30 from P8 
387.34507099001553 P85 adds B30 to its tree
387.34507099001553 P85 mines for 1160.330963324137 seconds
388.51371662475884 P85 recvs B30 from P38 
388.55604754126364 P85 recvs B30 from P22 
389.2297077672604 P85 recvs B30 from P91 
389.2589333976604 P85 recvs B30 from P90 
395.2679856782041 P85 recvs B31 from P8 
395.2679856782041 P85 adds B31 to its tree
395.2679856782041 P85 mines for 549.8437635944342 seconds
396.45086949888395 P85 recvs B31 from P22 
397.6899641585153 P85 recvs B31 from P91 
400.95509405140893 P85 recvs B32 from P8 
400.95509405140893 P85 adds B32 to its tree
400.95509405140893 P85 mines for 240.55020712245226 seconds
402.1629658669273 P85 recvs B33 from P8 
402.1629658669273 P85 adds B33 to its tree
403.3907191131321 P85 recvs B33 from P22 
403.4873253537139 P85 recvs B33 from P38 
403.97844449850805 P85 recvs B33 from P91 
406.3143446727246 P85 recvs B34 from P8 
406.3143446727246 P85 adds B34 to its tree
406.3143446727246 P85 mines for 175.3637303185504 seconds
407.3587292176997 P85 recvs B34 from P38 
407.478732671964 P85 recvs B34 from P22 
408.19425452840306 P85 recvs B34 from P90 
408.2943944472929 P85 recvs B34 from P91 
436.35807864732203 P85 recvs B35 from P8 
436.35807864732203 P85 adds B35 to its tree
436.35807864732203 P85 mines for 103.3265201375375 seconds
436.6741254579362 P85 recvs B35 from P38 
437.3285576389099 P85 recvs B35 from P22 
437.92253084501243 P85 recvs B35 from P90 
437.9533792622795 P85 recvs B35 from P91 
438.9557604692623 P85 recvs B36 from P8 
438.9557604692623 P85 adds B36 to its tree
438.9557604692623 P85 mines for 323.4287168014669 seconds
440.10611393546617 P85 recvs B36 from P38 
440.2145339892754 P85 recvs B36 from P22 
441.2868030748836 P85 recvs B36 from P91 
446.5410168434803 P85 recvs B37 from P8 
446.5410168434803 P85 adds B37 to its tree
446.5410168434803 P85 mines for 2384.8243149807504 seconds
446.5826659927251 P85 recvs B38 from P8 
446.5826659927251 P85 adds B38 to its tree
447.32266973549747 P85 recvs B38 from P22 
447.7069008445673 P85 recvs B37 from P22 
447.72482099320837 P85 recvs B37 from P38 
447.91482347398227 P85 recvs B38 from P91 
448.0562948431944 P85 recvs B38 from P38 
448.3228488141567 P85 recvs B38 from P90 
448.35919682143003 P85 recvs B37 from P90 
448.5460684268747 P85 recvs B37 from P91 
455.80036002645636 P85 recvs B39 from P8 
455.80036002645636 P85 adds B39 to its tree
455.80036002645636 P85 mines for 131.9012576186454 seconds
456.9984141517158 P85 recvs B39 from P22 
458.2405846249506 P85 recvs B39 from P91 
475.85990324760047 P85 recvs B40 from P8 
475.85990324760047 P85 adds B40 to its tree
475.85990324760047 P85 mines for 1084.7656142356097 seconds
477.0421795848889 P85 recvs B40 from P22 
478.23624165733816 P85 recvs B40 from P91 
483.5112308044596 P85 recvs B41 from P8 
483.5112308044596 P85 adds B41 to its tree
483.5112308044596 P85 mines for 151.88182987398264 seconds
484.281729346414 P85 recvs B41 from P22 
484.61284050971585 P85 recvs B41 from P38 
484.9391218524725 P85 recvs B41 from P91 
485.28469342551864 P85 recvs B41 from P90 
493.53122679399564 P85 recvs B42 from P8 
493.53122679399564 P85 adds B42 to its tree
493.53122679399564 P85 mines for 395.0185699100955 seconds
494.63147513987366 P85 recvs B42 from P38 
494.7022472231923 P85 recvs B42 from P22 
495.22695641518624 P85 recvs B42 from P90 
495.5340399942645 P85 recvs B42 from P91 
501.441800284749 P85 recvs B43 from P8 
501.441800284749 P85 adds B43 to its tree
501.441800284749 P85 mines for 420.40705234837367 seconds
502.9033392498672 P85 recvs B44 from P8 
502.9033392498672 P85 adds B44 to its tree
503.24619754717975 P85 recvs B44 from P38 
504.0348419427266 P85 recvs B44 from P22 
504.5911853418088 P85 recvs B44 from P90 
504.77375482492846 P85 recvs B44 from P91 
525.9437605386654 P85 recvs B45 from P8 
525.9437605386654 P85 adds B45 to its tree
525.9437605386654 P85 mines for 47.30893478997913 seconds
526.9929221961818 P85 recvs B45 from P38 
527.1628909077627 P85 recvs B45 from P22 
527.8300776114216 P85 recvs B45 from P90 
528.0103383685037 P85 recvs B45 from P91 
547.4155267260846 P85 recvs B46 from P8 
547.4155267260846 P85 adds B46 to its tree
547.4155267260846 P85 mines for 164.61610894578135 seconds
548.5126738861832 P85 recvs B46 from P38 
548.6192148583839 P85 recvs B46 from P22 
549.2937737168547 P85 recvs B46 from P91 
549.5259532919941 P85 recvs B46 from P90 
562.083597941051 P85 recvs B47 from P8 
562.083597941051 P85 adds B47 to its tree
562.083597941051 P85 mines for 343.47233372888775 seconds
563.0189420431257 P85 recvs B47 from P90 
563.095621175164 P85 recvs B47 from P22 
563.1168452042392 P85 recvs B47 from P38 
563.9268050148233 P85 recvs B47 from P91 
565.5480310719565 P85 recvs B48 from P8 
565.5480310719565 P85 adds B48 to its tree
565.5480310719565 P85 mines for 247.49542621777658 seconds
566.0329501616923 P85 recvs B48 from P38 
566.6031332374893 P85 recvs B48 from P22 
567.36121493048 P85 recvs B48 from P90 
567.4040585359853 P85 recvs B48 from P91 
576.1572751665797 P85 recvs B49 from P8 
576.1572751665797 P85 adds B49 to its tree
576.1572751665797 P85 mines for 235.5571940917411 seconds
576.6299648458931 P85 recvs B49 from P38 
577.4265471387966 P85 recvs B49 from P22 
577.8911918302751 P85 recvs B49 from P90 
578.0067902325071 P85 recvs B49 from P91 
587.5778641787429 P85 recvs B50 from P8 
587.5778641787429 P85 adds B50 to its tree
587.5778641787429 P85 mines for 1122.3066682509739 seconds
593.0853720951957 P85 recvs B51 from P8 
593.0853720951957 P85 adds B51 to its tree
593.0853720951957 P85 mines for 1276.3449559525404 seconds
594.2589683838162 P85 recvs B52 from P8 
594.2589683838162 P85 adds B52 to its tree
595.0511312454912 P85 recvs B51 from P90 
595.3328742569236 P85 recvs B52 from P38 
595.4824202353069 P85 recvs B52 from P22 
596.248937847974 P85 recvs B53 from P8 
596.248937847974 P85 adds B53 to its tree
596.248937847974 P85 mines for 267.6515503803257 seconds
596.3097833229376 P85 recvs B52 from P91 
596.329437458293 P85 recvs B52 from P90 
597.357321562637 P85 recvs B53 from P22 
597.9587945130381 P85 recvs B53 from P38 
598.61397921421 P85 recvs B53 from P91 
