0 P87 mines for 10.19043727523359 seconds
0.6132721708847101 P87 creates T12
4.771814699507184 P87 creates T54
5.865102833788352 P87 recvs B2 from P11 
5.865102833788352 P87 adds B2 to its tree
5.865102833788352 P87 mines for 615.260918235567 seconds
6.547931625423075 P87 creates T61
6.763791261132925 P87 recvs B2 from P14 
7.151387462815901 P87 recvs B2 from P72 
7.187659904971582 P87 recvs B2 from P76 
7.758990794395072 P87 recvs B2 from P46 
8.14492476184272 P87 recvs B2 from P78 
25.143368466153827 P87 recvs B3 from P72 
25.143368466153827 P87 adds B3 to its tree
25.143368466153827 P87 mines for 348.6402329332612 seconds
25.498930857792253 P87 recvs B3 from P11 
25.887784261490054 P87 recvs B3 from P46 
26.275214100509743 P87 recvs B3 from P76 
26.417675120799753 P87 recvs B3 from P78 
26.514245982658185 P87 recvs B3 from P14 
70.45701651132184 P87 recvs B4 from P11 
70.45701651132184 P87 adds B4 to its tree
70.45701651132184 P87 mines for 402.57455858977437 seconds
70.93331181395001 P87 recvs B4 from P72 
71.72348626850642 P87 recvs B4 from P14 
71.82707440255379 P87 recvs B4 from P76 
72.64414091091177 P87 recvs B4 from P46 
73.0818253430137 P87 recvs B4 from P78 
76.83369265541948 P87 recvs B5 from P11 
76.83369265541948 P87 adds B5 to its tree
76.83369265541948 P87 mines for 322.0835142731422 seconds
78.51733392181764 P87 recvs B5 from P14 
78.69566155226916 P87 recvs B5 from P72 
79.21127675776538 P87 recvs B5 from P46 
79.37416665406462 P87 recvs B5 from P78 
87.0807025155939 P87 recvs B6 from P11 
87.0807025155939 P87 adds B6 to its tree
87.0807025155939 P87 mines for 48.935475968635956 seconds
87.48228934475017 P87 recvs B6 from P76 
87.64358023608834 P87 recvs B6 from P72 
88.01433762033264 P87 recvs B6 from P14 
88.76650887071816 P87 recvs B6 from P46 
89.42120689675312 P87 recvs B6 from P78 
102.34121027022866 P87 recvs B7 from P72 
102.34121027022866 P87 adds B7 to its tree
102.34121027022866 P87 mines for 1078.5042126082337 seconds
103.03561450185698 P87 recvs B7 from P11 
103.26607741317406 P87 recvs B7 from P46 
103.61371755797026 P87 recvs B7 from P76 
103.75904183182935 P87 recvs B7 from P78 
104.09111203580837 P87 recvs B7 from P14 
110.93228016244043 P87 recvs B8 from P11 
110.93228016244043 P87 adds B8 to its tree
110.93228016244043 P87 mines for 422.9232437000891 seconds
111.52139346305754 P87 recvs B8 from P76 
111.64956128418267 P87 recvs B8 from P14 
112.2178992337252 P87 recvs B8 from P72 
112.53282419981574 P87 recvs B8 from P46 
113.23991109943863 P87 recvs B8 from P78 
122.23305527801926 P87 recvs B9 from P11 
122.23305527801926 P87 adds B9 to its tree
122.23305527801926 P87 mines for 93.65711337855753 seconds
122.82339883703554 P87 recvs B9 from P72 
123.43658138586487 P87 recvs B9 from P46 
123.53860795624264 P87 recvs B9 from P76 
123.82030191263236 P87 recvs B9 from P14 
124.11549554424572 P87 recvs B9 from P78 
130.92597010176218 P87 recvs B10 from P72 
130.92597010176218 P87 adds B10 to its tree
130.92597010176218 P87 mines for 51.65498869459917 seconds
131.2727887421898 P87 recvs B10 from P11 
131.50735518074046 P87 recvs B10 from P46 
132.08101657844637 P87 recvs B10 from P76 
132.19748515190662 P87 recvs B10 from P78 
132.2586707942532 P87 recvs B10 from P14 
142.56896384782317 P87 recvs B11 from P11 
142.56896384782317 P87 adds B11 to its tree
142.56896384782317 P87 mines for 830.2238739806784 seconds
142.66054071998695 P87 recvs B11 from P14 
142.85227199154497 P87 recvs B11 from P76 
142.87027909274323 P87 recvs B11 from P72 
144.16800339231196 P87 recvs B11 from P78 
144.25257222730627 P87 recvs B11 from P46 
155.7755046487372 P87 recvs B12 from P11 
155.7755046487372 P87 adds B12 to its tree
155.7755046487372 P87 mines for 428.16609955264613 seconds
156.34678063411678 P87 recvs B12 from P72 
157.15548003929274 P87 recvs B12 from P14 
157.24605755108655 P87 recvs B12 from P76 
158.11998031965416 P87 recvs B12 from P46 
158.4362060406502 P87 recvs B12 from P78 
170.46672756806663 P87 recvs B13 from P11 
170.46672756806663 P87 adds B13 to its tree
170.46672756806663 P87 mines for 646.1515920929385 seconds
170.98751483010653 P87 recvs B13 from P72 
171.54850976971807 P87 recvs B13 from P14 
171.70146587770492 P87 recvs B13 from P76 
172.20275657929741 P87 recvs B13 from P46 
172.7102251932475 P87 recvs B13 from P78 
185.40458360682297 P87 recvs B14 from P76 
185.40458360682297 P87 adds B14 to its tree
185.40458360682297 P87 mines for 153.1446572341426 seconds
185.80514390813732 P87 recvs B14 from P11 
186.58746693006097 P87 recvs B14 from P14 
186.6665915100861 P87 recvs B14 from P72 
187.2805932881842 P87 recvs B14 from P46 
187.86258857473493 P87 recvs B14 from P78 
202.2498000330336 P87 recvs B15 from P72 
202.2498000330336 P87 adds B15 to its tree
202.2498000330336 P87 mines for 199.73288359189308 seconds
202.4755310776488 P87 recvs B15 from P76 
202.5990885681455 P87 recvs B15 from P11 
203.39075478285133 P87 recvs B15 from P14 
204.02307587505393 P87 recvs B15 from P46 
204.597053986365 P87 recvs B15 from P78 
213.56432631815994 P87 recvs B16 from P72 
213.56432631815994 P87 adds B16 to its tree
213.56432631815994 P87 mines for 567.475122201671 seconds
213.74007984162665 P87 recvs B16 from P11 
214.02838392548512 P87 recvs B17 from P11 
214.02838392548512 P87 adds B17 to its tree
214.33946358190133 P87 recvs B16 from P46 
214.4848930804924 P87 recvs B17 from P14 
214.5677357147644 P87 recvs B16 from P76 
214.6735301402486 P87 recvs B17 from P76 
214.69038828617082 P87 recvs B16 from P14 
214.88861385611483 P87 recvs B17 from P72 
214.91256871583226 P87 recvs B16 from P78 
215.55562538000598 P87 recvs B17 from P46 
215.93566890227464 P87 recvs B17 from P78 
219.96336259153549 P87 recvs B18 from P11 
219.96336259153549 P87 adds B18 to its tree
219.96336259153549 P87 mines for 357.863274410416 seconds
221.42459589431965 P87 recvs B18 from P72 
221.57068756133998 P87 recvs B18 from P14 
221.77170563112213 P87 recvs B18 from P76 
222.1366998625824 P87 recvs B19 from P11 
222.1366998625824 P87 adds B19 to its tree
222.271283422418 P87 recvs B18 from P46 
222.32570736642168 P87 recvs B18 from P78 
222.59736548532743 P87 recvs B19 from P72 
222.66024315971111 P87 recvs B19 from P76 
223.2413302688167 P87 recvs B19 from P14 
223.87420181735922 P87 recvs B19 from P78 
224.35621100423398 P87 recvs B19 from P46 
230.18837041466406 P87 recvs B20 from P76 
230.18837041466406 P87 adds B20 to its tree
230.18837041466406 P87 mines for 130.882598018878 seconds
230.479539600807 P87 recvs B20 from P11 
231.22593578850532 P87 recvs B20 from P14 
231.55155010556234 P87 recvs B20 from P72 
232.1895306463363 P87 recvs B20 from P46 
232.74790983018923 P87 recvs B20 from P78 
253.289699336607 P87 recvs B21 from P11 
253.289699336607 P87 adds B21 to its tree
253.289699336607 P87 mines for 22.939918364782763 seconds
253.66644114484473 P87 recvs B21 from P72 
254.1946590168131 P87 recvs B21 from P14 
254.5323039374489 P87 recvs B21 from P76 
254.68009239010703 P87 recvs B21 from P46 
255.37489047970774 P87 recvs B21 from P78 
258.7003127691364 P87 recvs B22 from P11 
258.7003127691364 P87 adds B22 to its tree
258.7003127691364 P87 mines for 47.871144866739094 seconds
260.15176279591026 P87 recvs B22 from P72 
260.2545407333579 P87 recvs B22 from P14 
260.42349679273036 P87 recvs B22 from P76 
260.9978293189471 P87 recvs B22 from P78 
261.15075500582134 P87 recvs B22 from P46 
287.1250365244819 P87 recvs B23 from P11 
287.1250365244819 P87 adds B23 to its tree
287.1250365244819 P87 mines for 358.4106693578568 seconds
287.6555780067404 P87 recvs B23 from P72 
288.39672400385297 P87 recvs B23 from P14 
288.5885843806073 P87 recvs B23 from P76 
289.5178826621007 P87 recvs B23 from P46 
289.6725110397263 P87 recvs B23 from P78 
297.0414660955937 P87 recvs B24 from P11 
297.0414660955937 P87 adds B24 to its tree
297.0414660955937 P87 mines for 272.22036085729144 seconds
297.1824745498504 P87 recvs B24 from P76 
297.67447995329525 P87 recvs B24 from P72 
297.89313100384913 P87 recvs B24 from P46 
298.079427566561 P87 recvs B24 from P14 
298.15501683613326 P87 recvs B24 from P78 
306.6421862113167 P87 recvs B25 from P11 
306.6421862113167 P87 adds B25 to its tree
306.6421862113167 P87 mines for 31.662569340714416 seconds
307.9823247413814 P87 recvs B25 from P14 
307.9974968069323 P87 recvs B25 from P72 
308.3537793710597 P87 recvs B25 from P78 
308.38212473816697 P87 recvs B25 from P76 
308.39907498444103 P87 recvs B26 from P76 
308.39907498444103 P87 adds B26 to its tree
308.57937463741564 P87 recvs B26 from P72 
308.71193691454977 P87 recvs B25 from P46 
308.8804707389731 P87 recvs B26 from P11 
309.2225925557841 P87 recvs B26 from P46 
309.8225879312675 P87 recvs B26 from P14 
309.8783672228757 P87 recvs B26 from P78 
338.3047555520311 P87 mines B27
370.3170214094379 P87 recvs B28 from P11 
370.3170214094379 P87 adds B28 to its tree
370.3170214094379 P87 mines for 150.75552873973598 seconds
370.53358322542425 P87 recvs B28 from P72 
371.05102508454473 P87 recvs B28 from P76 
371.1531616168559 P87 recvs B28 from P46 
371.4686607718764 P87 recvs B28 from P78 
371.6356108165795 P87 recvs B28 from P14 
380.0151328493449 P87 recvs B29 from P11 
380.0151328493449 P87 adds B29 to its tree
380.0151328493449 P87 mines for 10.73449185181557 seconds
380.9123117174825 P87 recvs B29 from P14 
381.29045748812626 P87 recvs B29 from P76 
381.31323216979985 P87 recvs B29 from P72 
381.97890655260886 P87 recvs B29 from P46 
382.2070528811173 P87 recvs B29 from P78 
387.7062048954513 P87 recvs B30 from P11 
387.7062048954513 P87 adds B30 to its tree
387.7062048954513 P87 mines for 265.3127254324519 seconds
388.18018104364825 P87 recvs B30 from P78 
388.3572247516785 P87 recvs B30 from P14 
388.6003996417844 P87 recvs B30 from P46 
388.8725651086309 P87 recvs B30 from P72 
389.2126757158137 P87 recvs B30 from P76 
395.5163347852063 P87 recvs B31 from P11 
395.5163347852063 P87 adds B31 to its tree
395.5163347852063 P87 mines for 181.68966152812453 seconds
396.9519063722133 P87 recvs B31 from P72 
396.99730273444095 P87 recvs B31 from P14 
397.61578906452814 P87 recvs B31 from P46 
397.7307305921075 P87 recvs B31 from P76 
398.2359243521118 P87 recvs B31 from P78 
402.3858068080936 P87 recvs B33 from P11 
402.3858068080936 P87 adds B33 to its tree
402.3858068080936 P87 mines for 842.9369343157556 seconds
402.5428896511422 P87 recvs B32 from P11 
402.5428896511422 P87 adds B32 to its tree
403.95273540366867 P87 recvs B33 from P72 
403.9565231338833 P87 recvs B33 from P14 
403.99823071645204 P87 recvs B33 from P76 
404.1028620875136 P87 recvs B32 from P14 
404.36592558355903 P87 recvs B32 from P72 
404.6340882257777 P87 recvs B33 from P46 
404.80593112920695 P87 recvs B33 from P78 
404.97499883263333 P87 recvs B32 from P46 
405.1878991291632 P87 recvs B32 from P78 
406.53765627537666 P87 recvs B34 from P11 
406.53765627537666 P87 adds B34 to its tree
406.53765627537666 P87 mines for 500.2063718269859 seconds
407.4788149945932 P87 recvs B34 from P14 
407.7487856222721 P87 recvs B34 from P72 
407.96713976636926 P87 recvs B34 from P76 
408.37182692437415 P87 recvs B34 from P46 
408.80179566565045 P87 recvs B34 from P78 
436.29562326793734 P87 recvs B35 from P72 
436.29562326793734 P87 adds B35 to its tree
436.29562326793734 P87 mines for 773.0732763418055 seconds
436.5030708231548 P87 recvs B35 from P76 
436.56092580797036 P87 recvs B35 from P11 
437.4154882555194 P87 recvs B35 from P14 
437.97205589879223 P87 recvs B35 from P46 
438.7014049831197 P87 recvs B35 from P78 
439.1956024025513 P87 recvs B36 from P11 
439.1956024025513 P87 adds B36 to its tree
439.1956024025513 P87 mines for 1389.5487650179946 seconds
440.1254645815344 P87 recvs B36 from P76 
440.1480810970358 P87 recvs B36 from P72 
440.6654404637063 P87 recvs B36 from P14 
440.8807535013872 P87 recvs B36 from P46 
441.53766045531097 P87 recvs B36 from P78 
446.7417421769077 P87 recvs B38 from P11 
446.7417421769077 P87 adds B38 to its tree
446.7417421769077 P87 mines for 42.934136748298144 seconds
446.8679098201695 P87 recvs B37 from P11 
446.8679098201695 P87 adds B37 to its tree
447.29217784337015 P87 recvs B38 from P72 
447.622532549825 P87 recvs B37 from P14 
447.98167297003346 P87 recvs B38 from P14 
448.10936614775886 P87 recvs B38 from P76 
448.1396368139829 P87 recvs B37 from P72 
448.26148806143095 P87 recvs B37 from P76 
448.77483634831003 P87 recvs B37 from P46 
448.7868349863192 P87 recvs B38 from P46 
449.0580708161627 P87 recvs B37 from P78 
449.495227737806 P87 recvs B38 from P78 
456.08050426507805 P87 recvs B39 from P11 
456.08050426507805 P87 adds B39 to its tree
456.08050426507805 P87 mines for 70.12496250857971 seconds
457.39306620378545 P87 recvs B39 from P76 
457.5846301976482 P87 recvs B39 from P14 
457.80583588880705 P87 recvs B39 from P72 
458.4796475811638 P87 recvs B39 from P46 
458.69968539347457 P87 recvs B39 from P78 
476.1944826105159 P87 recvs B40 from P11 
476.1944826105159 P87 adds B40 to its tree
476.1944826105159 P87 mines for 578.9230025547859 seconds
477.5787029526863 P87 recvs B40 from P14 
477.62236352939993 P87 recvs B40 from P72 
478.271743854753 P87 recvs B40 from P46 
478.64904547367024 P87 recvs B40 from P78 
478.6491316574049 P87 recvs B40 from P76 
483.6239096573778 P87 recvs B41 from P11 
483.6239096573778 P87 adds B41 to its tree
483.6239096573778 P87 mines for 601.1230095731581 seconds
484.08803148547975 P87 recvs B41 from P76 
484.2604545821822 P87 recvs B41 from P72 
484.7126161288597 P87 recvs B41 from P14 
485.32658404126784 P87 recvs B41 from P46 
485.99990765267654 P87 recvs B41 from P78 
493.60667180935957 P87 recvs B42 from P14 
493.60667180935957 P87 adds B42 to its tree
493.60667180935957 P87 mines for 98.57572164783082 seconds
493.7499799312919 P87 recvs B42 from P11 
495.0330332247445 P87 recvs B42 from P72 
495.2395110023293 P87 recvs B42 from P76 
495.68964997324787 P87 recvs B42 from P46 
495.9946123714345 P87 recvs B42 from P78 
503.0023266257186 P87 recvs B43 from P11 
503.0023266257186 P87 adds B43 to its tree
503.0023266257186 P87 mines for 53.830060608395186 seconds
503.1412183783767 P87 recvs B43 from P72 
503.3577041616328 P87 recvs B44 from P76 
503.3577041616328 P87 adds B44 to its tree
503.42939662944997 P87 recvs B44 from P72 
503.71354321029247 P87 recvs B43 from P14 
503.81288485705744 P87 recvs B44 from P11 
503.8680315597999 P87 recvs B43 from P78 
503.92541291968166 P87 recvs B43 from P46 
503.950092011194 P87 recvs B43 from P76 
504.1074231192405 P87 recvs B44 from P46 
504.6600984435653 P87 recvs B44 from P14 
504.7558624576952 P87 recvs B44 from P78 
526.2621174533144 P87 recvs B45 from P11 
526.2621174533144 P87 adds B45 to its tree
526.2621174533144 P87 mines for 799.4677235431443 seconds
527.1575778539606 P87 recvs B45 from P14 
527.4665561001827 P87 recvs B45 from P72 
527.5996337274604 P87 recvs B45 from P76 
528.0923120863109 P87 recvs B45 from P46 
528.4276379947947 P87 recvs B45 from P78 
548.1693956931641 P87 recvs B46 from P11 
548.1693956931641 P87 adds B46 to its tree
548.1693956931641 P87 mines for 67.30901075584384 seconds
548.7942010487062 P87 recvs B46 from P72 
549.4580575296853 P87 recvs B46 from P46 
549.5453122494849 P87 recvs B46 from P76 
549.8981216947147 P87 recvs B46 from P14 
549.9186203428216 P87 recvs B46 from P78 
562.0099848384124 P87 recvs B47 from P76 
562.0099848384124 P87 adds B47 to its tree
562.0099848384124 P87 mines for 234.65622289293333 seconds
562.3653304652565 P87 recvs B47 from P11 
563.0258876165235 P87 recvs B47 from P14 
563.3595415514482 P87 recvs B47 from P72 
563.9985468335929 P87 recvs B47 from P46 
564.4016197465073 P87 recvs B47 from P78 
566.0734999460499 P87 recvs B48 from P72 
566.0734999460499 P87 adds B48 to its tree
566.0734999460499 P87 mines for 87.45307767348613 seconds
566.2157927753989 P87 recvs B48 from P11 
566.7106660505311 P87 recvs B48 from P46 
567.145811724852 P87 recvs B48 from P76 
567.2950692180648 P87 recvs B48 from P14 
567.5708834684602 P87 recvs B48 from P78 
576.6732550612785 P87 recvs B49 from P76 
576.6732550612785 P87 adds B49 to its tree
576.6732550612785 P87 mines for 161.4193127101652 seconds
576.7492200386864 P87 recvs B49 from P72 
577.2089555275276 P87 recvs B49 from P11 
577.3303231031006 P87 recvs B49 from P46 
578.0382649297561 P87 recvs B49 from P14 
578.201737356708 P87 recvs B49 from P78 
589.0806039003177 P87 recvs B50 from P11 
589.0806039003177 P87 adds B50 to its tree
589.0806039003177 P87 mines for 165.64470318337035 seconds
590.7931477445786 P87 recvs B50 from P72 
590.8164773698019 P87 recvs B50 from P14 
591.4369865365628 P87 recvs B50 from P46 
591.756818394166 P87 recvs B50 from P78 
594.5916353800723 P87 recvs B52 from P11 
594.5916353800723 P87 adds B52 to its tree
594.5916353800723 P87 mines for 522.3678908685066 seconds
594.6036011537552 P87 recvs B51 from P11 
594.6036011537552 P87 adds B51 to its tree
594.8153628828928 P87 recvs B51 from P76 
595.0972002964195 P87 recvs B51 from P72 
595.3538633968386 P87 recvs B51 from P46 
595.5247620912577 P87 recvs B52 from P14 
595.5532101576506 P87 recvs B51 from P78 
595.7133116955663 P87 recvs B51 from P14 
595.748695168674 P87 recvs B52 from P72 
595.8805782535949 P87 recvs B52 from P76 
596.4166757137762 P87 recvs B52 from P46 
596.4523626691991 P87 recvs B53 from P11 
596.4523626691991 P87 adds B53 to its tree
596.4523626691991 P87 mines for 428.4188021726864 seconds
596.7530487426692 P87 recvs B52 from P78 
597.7678579195261 P87 recvs B53 from P76 
597.9139931520449 P87 recvs B53 from P14 
597.917632374457 P87 recvs B53 from P72 
598.516119568237 P87 recvs B53 from P46 
599.1348297336112 P87 recvs B53 from P78 
