0 P88 mines for 12113.565603814923 seconds
2.1133232868558443 P88 creates T32
5.6725413022421165 P88 recvs B2 from P18 
5.6725413022421165 P88 adds B2 to its tree
5.6725413022421165 P88 mines for 6815.522736415228 seconds
5.948173842400523 P88 recvs B2 from P38 
6.086315913439964 P88 creates T59
6.51800590181005 P88 recvs B2 from P55 
6.6039125943006125 P88 recvs B2 from P20 
7.275854159078752 P88 recvs B2 from P96 
7.520049953507783 P88 recvs B2 from P50 
24.428478298366226 P88 recvs B3 from P38 
24.428478298366226 P88 adds B3 to its tree
24.428478298366226 P88 mines for 4440.352718842182 seconds
24.941800608686492 P88 recvs B3 from P18 
24.9896662058788 P88 recvs B3 from P20 
25.271187190699237 P88 recvs B3 from P96 
69.85766382843751 P88 recvs B4 from P20 
69.85766382843751 P88 adds B4 to its tree
69.85766382843751 P88 mines for 917.4522213564434 seconds
71.07436578868403 P88 recvs B4 from P18 
76.45100065805907 P88 recvs B5 from P38 
76.45100065805907 P88 adds B5 to its tree
76.45100065805907 P88 mines for 4629.590924538654 seconds
77.70427007103734 P88 recvs B5 from P18 
77.71132068434466 P88 recvs B5 from P20 
77.81766943996065 P88 recvs B5 from P55 
78.53029171473048 P88 recvs B5 from P96 
86.57334114086218 P88 recvs B6 from P20 
86.57334114086218 P88 adds B6 to its tree
86.57334114086218 P88 mines for 2355.4288745225676 seconds
86.57914182601655 P88 recvs B6 from P18 
87.05948065208815 P88 recvs B6 from P38 
87.98416781320329 P88 recvs B6 from P50 
88.2122749057489 P88 recvs B6 from P96 
102.07972313898482 P88 recvs B7 from P38 
102.07972313898482 P88 adds B7 to its tree
102.07972313898482 P88 mines for 2271.6177599391676 seconds
102.49719214985917 P88 recvs B7 from P96 
102.60174276905283 P88 recvs B7 from P18 
102.65217757000298 P88 recvs B7 from P20 
103.90313318318289 P88 recvs B7 from P50 
110.71957518045616 P88 recvs B8 from P18 
110.71957518045616 P88 adds B8 to its tree
110.71957518045616 P88 mines for 311.43419341119704 seconds
111.16612556644341 P88 recvs B8 from P20 
111.19396092251051 P88 recvs B8 from P55 
111.23459050229538 P88 recvs B8 from P38 
111.89730670227368 P88 recvs B8 from P50 
112.05012523016445 P88 recvs B8 from P96 
122.03133025792476 P88 recvs B9 from P38 
122.03133025792476 P88 adds B9 to its tree
122.03133025792476 P88 mines for 3467.620004462823 seconds
122.08662571937998 P88 recvs B9 from P20 
122.64963896686385 P88 recvs B9 from P18 
123.07928431203386 P88 recvs B9 from P96 
123.84822145955408 P88 recvs B9 from P50 
130.23818503347442 P88 recvs B10 from P38 
130.23818503347442 P88 adds B10 to its tree
130.23818503347442 P88 mines for 7785.093562482013 seconds
130.72459252273543 P88 recvs B10 from P18 
130.87814992486327 P88 recvs B10 from P20 
130.9774087737582 P88 recvs B10 from P96 
132.3431078854354 P88 recvs B10 from P50 
141.75222293976327 P88 recvs B11 from P50 
141.75222293976327 P88 adds B11 to its tree
141.75222293976327 P88 mines for 4798.146210384746 seconds
142.1018258790833 P88 recvs B11 from P55 
142.35021772190137 P88 recvs B11 from P20 
142.4586574718943 P88 recvs B11 from P38 
142.627529040548 P88 recvs B11 from P18 
143.27289400358885 P88 recvs B11 from P96 
155.28501878831455 P88 recvs B12 from P20 
155.28501878831455 P88 adds B12 to its tree
155.28501878831455 P88 mines for 1334.0963501666056 seconds
156.5585990613334 P88 recvs B12 from P18 
169.80919823501938 P88 recvs B13 from P20 
169.80919823501938 P88 adds B13 to its tree
169.80919823501938 P88 mines for 1621.8481645659717 seconds
170.67688125006535 P88 recvs B13 from P55 
170.8645350356868 P88 recvs B13 from P38 
171.02638499085958 P88 recvs B13 from P18 
171.53046855801864 P88 recvs B13 from P96 
185.58865625317404 P88 recvs B14 from P18 
185.58865625317404 P88 adds B14 to its tree
185.58865625317404 P88 mines for 9424.67464120824 seconds
185.7370120451209 P88 recvs B14 from P50 
186.07653510697082 P88 recvs B14 from P55 
186.08313006120628 P88 recvs B14 from P38 
186.18718758692958 P88 recvs B14 from P20 
186.84576979510874 P88 recvs B14 from P96 
201.05601822424097 P88 recvs B15 from P50 
201.05601822424097 P88 adds B15 to its tree
201.05601822424097 P88 mines for 2431.3167510951284 seconds
201.48204527197535 P88 recvs B15 from P55 
201.88168523494866 P88 recvs B15 from P38 
202.18178719087672 P88 recvs B15 from P18 
202.65043758735231 P88 recvs B15 from P20 
212.7887034531971 P88 recvs B16 from P38 
212.7887034531971 P88 adds B16 to its tree
212.7887034531971 P88 mines for 2417.780953654357 seconds
213.23403992139885 P88 recvs B16 from P18 
213.31537948726032 P88 recvs B16 from P20 
213.62491961532896 P88 recvs B16 from P96 
213.80465497141492 P88 recvs B17 from P18 
213.80465497141492 P88 adds B17 to its tree
214.31167883172074 P88 recvs B17 from P38 
214.46666953843555 P88 recvs B17 from P55 
214.86179907409655 P88 recvs B17 from P20 
214.88074878509565 P88 recvs B16 from P50 
214.96123635100346 P88 recvs B17 from P50 
215.02809423341148 P88 recvs B17 from P96 
220.46003928407333 P88 recvs B19 from P55 
220.46003928407333 P88 adds B19 to its tree
220.46003928407333 P88 mines for 1519.7532012577387 seconds
220.61647189537715 P88 recvs B18 from P18 
220.61647189537715 P88 adds B18 to its tree
220.66965601345524 P88 recvs B18 from P38 
220.85768900617114 P88 recvs B18 from P20 
221.0124720697887 P88 recvs B18 from P96 
221.22786201463902 P88 recvs B19 from P50 
221.42203332702007 P88 recvs B18 from P55 
222.11135479726744 P88 recvs B18 from P50 
222.3891674989998 P88 recvs B19 from P20 
222.6219172733747 P88 recvs B19 from P96 
230.37953083084489 P88 recvs B20 from P18 
230.37953083084489 P88 adds B20 to its tree
230.37953083084489 P88 mines for 8903.649326694613 seconds
230.48729141284815 P88 recvs B20 from P50 
230.51503944982886 P88 recvs B20 from P38 
230.8241801728847 P88 recvs B20 from P55 
230.92275315852456 P88 recvs B20 from P20 
231.7176836561039 P88 recvs B20 from P96 
252.42417825171628 P88 recvs B21 from P20 
252.42417825171628 P88 adds B21 to its tree
252.42417825171628 P88 mines for 11837.080993622862 seconds
253.3081398574993 P88 recvs B21 from P55 
253.41750897125752 P88 recvs B21 from P38 
253.63816306640135 P88 recvs B21 from P18 
254.01795310078492 P88 recvs B21 from P96 
259.3312340683897 P88 recvs B22 from P38 
259.3312340683897 P88 adds B22 to its tree
259.3312340683897 P88 mines for 8308.879428070759 seconds
259.4295523829542 P88 recvs B22 from P18 
259.596922703567 P88 recvs B22 from P20 
259.635286039534 P88 recvs B22 from P96 
260.1600682324329 P88 recvs B22 from P55 
260.7652053727439 P88 recvs B22 from P50 
286.59146937404114 P88 recvs B23 from P20 
286.59146937404114 P88 adds B23 to its tree
286.59146937404114 P88 mines for 10041.6915096297 seconds
287.9070323874192 P88 recvs B23 from P18 
296.71025945063775 P88 recvs B24 from P55 
296.71025945063775 P88 adds B24 to its tree
296.71025945063775 P88 mines for 24219.495934233455 seconds
296.77181194629026 P88 recvs B24 from P38 
296.77948172562054 P88 recvs B24 from P20 
297.1629013594044 P88 recvs B24 from P18 
297.5824952943877 P88 recvs B24 from P96 
297.7229921157835 P88 recvs B24 from P50 
306.2540614193049 P88 recvs B25 from P38 
306.2540614193049 P88 adds B25 to its tree
306.2540614193049 P88 mines for 7026.804611686697 seconds
306.7942920126032 P88 recvs B25 from P20 
307.0855533927475 P88 recvs B25 from P96 
307.164693712468 P88 recvs B25 from P18 
307.37181381060543 P88 recvs B25 from P55 
307.84304973677223 P88 recvs B26 from P38 
307.84304973677223 P88 adds B26 to its tree
308.16330257519377 P88 recvs B25 from P50 
308.3104753064336 P88 recvs B26 from P20 
308.3756302213066 P88 recvs B26 from P18 
308.7044857677369 P88 recvs B26 from P50 
308.70487738886004 P88 recvs B26 from P96 
309.01813857258617 P88 recvs B26 from P55 
340.40345229228643 P88 recvs B27 from P18 
340.40345229228643 P88 adds B27 to its tree
340.40345229228643 P88 mines for 2043.2061455854782 seconds
340.6824453079784 P88 recvs B27 from P38 
341.1549036935216 P88 recvs B27 from P55 
341.29226783585744 P88 recvs B27 from P20 
341.4319058911185 P88 recvs B27 from P96 
341.50841550740705 P88 recvs B27 from P50 
369.93240210107456 P88 recvs B28 from P38 
369.93240210107456 P88 adds B28 to its tree
369.93240210107456 P88 mines for 5683.64169195293 seconds
370.1723873083436 P88 recvs B28 from P18 
370.6117180681285 P88 recvs B28 from P20 
370.66010955020664 P88 recvs B28 from P50 
370.69212417509357 P88 recvs B28 from P96 
370.97580053536643 P88 recvs B28 from P55 
379.8871255829262 P88 recvs B29 from P18 
379.8871255829262 P88 adds B29 to its tree
379.8871255829262 P88 mines for 3572.632931778692 seconds
380.10664517615413 P88 recvs B29 from P38 
380.6286141686837 P88 recvs B29 from P55 
380.8390966885935 P88 recvs B29 from P20 
381.3842766216867 P88 recvs B29 from P96 
381.5822892496162 P88 recvs B29 from P50 
387.4995173828838 P88 recvs B30 from P18 
387.4995173828838 P88 adds B30 to its tree
387.4995173828838 P88 mines for 3194.7959170510576 seconds
387.7036903419968 P88 recvs B30 from P38 
387.87355132453365 P88 recvs B30 from P96 
388.136401191763 P88 recvs B30 from P55 
388.45010279249965 P88 recvs B30 from P20 
389.06602496827435 P88 recvs B30 from P50 
396.1942193276625 P88 recvs B31 from P18 
396.1942193276625 P88 adds B31 to its tree
396.1942193276625 P88 mines for 2395.008209872967 seconds
396.49020439737797 P88 recvs B31 from P38 
396.8553065305201 P88 recvs B31 from P55 
396.9620505162414 P88 recvs B31 from P20 
397.1562872189347 P88 recvs B31 from P96 
397.6204264254209 P88 recvs B31 from P50 
402.1341882217087 P88 recvs B32 from P38 
402.1341882217087 P88 adds B32 to its tree
402.1341882217087 P88 mines for 5468.49193721252 seconds
403.0433175876175 P88 recvs B33 from P18 
403.0433175876175 P88 adds B33 to its tree
403.07501910635256 P88 recvs B33 from P38 
403.21542320864353 P88 recvs B33 from P20 
403.2872467399196 P88 recvs B32 from P18 
403.42078823068357 P88 recvs B33 from P96 
403.4481727303391 P88 recvs B32 from P55 
403.49350606354477 P88 recvs B32 from P20 
403.90099116596133 P88 recvs B33 from P55 
404.0565229426832 P88 recvs B32 from P96 
404.42234097690016 P88 recvs B33 from P50 
406.33338864995704 P88 recvs B34 from P18 
406.33338864995704 P88 adds B34 to its tree
406.33338864995704 P88 mines for 2730.949444816751 seconds
406.5446382106289 P88 recvs B34 from P38 
407.2265006813102 P88 recvs B34 from P55 
407.2899806214535 P88 recvs B34 from P20 
407.9350856341556 P88 recvs B34 from P96 
407.9762565735877 P88 recvs B34 from P50 
435.070416428573 P88 recvs B35 from P50 
435.070416428573 P88 adds B35 to its tree
435.070416428573 P88 mines for 1085.096388438668 seconds
435.4039330331279 P88 recvs B35 from P55 
435.8883674569044 P88 recvs B35 from P38 
436.160373132278 P88 recvs B35 from P18 
436.6117258294973 P88 recvs B35 from P20 
439.57949364473706 P88 recvs B36 from P38 
439.57949364473706 P88 adds B36 to its tree
439.57949364473706 P88 mines for 92.81389861824543 seconds
439.7673768571816 P88 recvs B36 from P18 
439.9843785428677 P88 recvs B36 from P20 
440.17911657607976 P88 recvs B36 from P96 
440.3923862137505 P88 recvs B36 from P50 
440.74361388321677 P88 recvs B36 from P55 
446.66362960896976 P88 recvs B37 from P18 
446.66362960896976 P88 adds B37 to its tree
446.66362960896976 P88 mines for 654.1607414990284 seconds
446.9496752466725 P88 recvs B37 from P38 
447.05791931318475 P88 recvs B38 from P20 
447.05791931318475 P88 adds B38 to its tree
447.29145198493194 P88 recvs B38 from P18 
447.29593440130697 P88 recvs B37 from P55 
447.60287014794767 P88 recvs B37 from P20 
447.63305312714016 P88 recvs B38 from P38 
447.8578001880267 P88 recvs B38 from P55 
448.1386733683677 P88 recvs B37 from P96 
448.26388164333014 P88 recvs B37 from P50 
448.34998283887666 P88 recvs B38 from P50 
448.3519729978768 P88 recvs B38 from P96 
456.7143842401529 P88 recvs B39 from P18 
456.7143842401529 P88 adds B39 to its tree
456.7143842401529 P88 mines for 1675.0295250133438 seconds
456.86309245218604 P88 recvs B39 from P20 
456.99838211056215 P88 recvs B39 from P38 
457.5344519975639 P88 recvs B39 from P55 
457.84964001808004 P88 recvs B39 from P50 
457.93723717015075 P88 recvs B39 from P96 
476.7634845206989 P88 recvs B40 from P18 
476.7634845206989 P88 adds B40 to its tree
476.7634845206989 P88 mines for 4470.864312263041 seconds
477.04494161977 P88 recvs B40 from P38 
477.467366643795 P88 recvs B40 from P55 
477.63324928893263 P88 recvs B40 from P20 
477.812901136181 P88 recvs B40 from P96 
478.2560658773774 P88 recvs B40 from P50 
483.15430089637687 P88 recvs B41 from P20 
483.15430089637687 P88 adds B41 to its tree
483.15430089637687 P88 mines for 3812.2052007310804 seconds
483.2719920664081 P88 recvs B41 from P18 
484.0686459510518 P88 recvs B41 from P38 
484.60021613655056 P88 recvs B41 from P50 
484.7634539034674 P88 recvs B41 from P96 
493.6684586233477 P88 recvs B42 from P18 
493.6684586233477 P88 adds B42 to its tree
493.6684586233477 P88 mines for 7846.816580159979 seconds
493.84155408006603 P88 recvs B42 from P38 
494.160779613745 P88 recvs B42 from P55 
494.4115617164364 P88 recvs B42 from P20 
494.9330224601381 P88 recvs B42 from P50 
495.06243283414227 P88 recvs B42 from P96 
502.5378385679286 P88 recvs B43 from P96 
502.5378385679286 P88 adds B43 to its tree
502.5378385679286 P88 mines for 3874.7761454283477 seconds
502.63964381978604 P88 recvs B43 from P38 
502.7204553367248 P88 recvs B44 from P38 
502.7204553367248 P88 adds B44 to its tree
502.8534097040264 P88 recvs B43 from P18 
503.23872875898445 P88 recvs B44 from P18 
503.2501924173333 P88 recvs B44 from P20 
503.3204138547328 P88 recvs B43 from P20 
503.54847406822233 P88 recvs B43 from P55 
503.5937106340088 P88 recvs B44 from P96 
503.6837535952163 P88 recvs B44 from P50 
503.9840550460054 P88 recvs B44 from P55 
504.4588094287593 P88 recvs B43 from P50 
526.0031697546497 P88 recvs B45 from P18 
526.0031697546497 P88 adds B45 to its tree
526.0031697546497 P88 mines for 10628.388699382656 seconds
526.2217551578451 P88 recvs B45 from P38 
526.8912817705008 P88 recvs B45 from P55 
527.0275785921586 P88 recvs B45 from P20 
527.5437504716518 P88 recvs B45 from P96 
527.8737873833473 P88 recvs B45 from P50 
547.9548248716413 P88 recvs B46 from P38 
547.9548248716413 P88 adds B46 to its tree
547.9548248716413 P88 mines for 1611.5570217789736 seconds
547.991535797783 P88 recvs B46 from P20 
548.6449549515762 P88 recvs B46 from P18 
548.9698640858935 P88 recvs B46 from P96 
549.9087532031037 P88 recvs B46 from P50 
562.13091838835 P88 recvs B47 from P18 
562.13091838835 P88 adds B47 to its tree
562.13091838835 P88 mines for 3994.5270385876333 seconds
562.3254056660268 P88 recvs B47 from P38 
562.3612493052007 P88 recvs B47 from P50 
562.6621460970803 P88 recvs B47 from P55 
562.6886963149876 P88 recvs B47 from P20 
563.5305751908531 P88 recvs B47 from P96 
565.4882323153862 P88 recvs B48 from P38 
565.4882323153862 P88 adds B48 to its tree
565.4882323153862 P88 mines for 6417.84414086153 seconds
565.7839484143823 P88 recvs B48 from P18 
566.0436167676969 P88 recvs B48 from P20 
566.1816155558396 P88 recvs B48 from P96 
567.4381875963674 P88 recvs B48 from P50 
576.0506035114705 P88 recvs B49 from P38 
576.0506035114705 P88 adds B49 to its tree
576.0506035114705 P88 mines for 269.1830094353569 seconds
576.4858993997786 P88 recvs B49 from P18 
576.6108519533797 P88 recvs B49 from P20 
576.8906819814426 P88 recvs B49 from P96 
577.0078928430427 P88 recvs B49 from P50 
577.3130222640067 P88 recvs B49 from P55 
588.7406347076911 P88 recvs B50 from P38 
588.7406347076911 P88 adds B50 to its tree
588.7406347076911 P88 mines for 5728.319951840893 seconds
589.8147718482927 P88 recvs B50 from P18 
590.0937923567043 P88 recvs B50 from P20 
590.1192394012043 P88 recvs B50 from P55 
590.7430910182389 P88 recvs B50 from P96 
594.2466520154173 P88 recvs B51 from P38 
594.2466520154173 P88 adds B51 to its tree
594.2466520154173 P88 mines for 929.3500215086842 seconds
594.3045734937181 P88 recvs B51 from P20 
594.3487917629869 P88 recvs B52 from P18 
594.3487917629869 P88 adds B52 to its tree
594.3682453149836 P88 recvs B51 from P55 
594.5134052957783 P88 recvs B52 from P38 
594.7203703099785 P88 recvs B51 from P18 
595.0778271339594 P88 recvs B51 from P96 
595.283082532596 P88 recvs B52 from P55 
595.3103163599314 P88 recvs B52 from P20 
595.34376387704 P88 recvs B51 from P50 
595.9240918304357 P88 recvs B52 from P96 
597.2464297341384 P88 recvs B53 from P18 
597.2464297341384 P88 adds B53 to its tree
597.2464297341384 P88 mines for 14071.672245127831 seconds
597.2816507019968 P88 recvs B53 from P20 
597.3609925486799 P88 recvs B53 from P38 
597.8627617373314 P88 recvs B53 from P55 
598.0351928012066 P88 recvs B53 from P96 
598.2212668569333 P88 recvs B53 from P50 
