0 P89 mines for 2513.875228691356 seconds
2.1890651220090422 P89 creates T33
5.809463197889149 P89 recvs B2 from P3 
5.809463197889149 P89 adds B2 to its tree
5.809463197889149 P89 mines for 2538.1784257818535 seconds
7.015751267739561 P89 recvs B2 from P77 
7.232993713775114 P89 recvs B2 from P94 
7.624599010841103 P89 recvs B2 from P63 
24.181689194217395 P89 recvs B3 from P3 
24.181689194217395 P89 adds B3 to its tree
24.181689194217395 P89 mines for 3228.871301796077 seconds
26.674732950210927 P89 recvs B3 from P63 
69.07866861630286 P89 recvs B4 from P3 
69.07866861630286 P89 adds B4 to its tree
69.07866861630286 P89 mines for 813.1497460028226 seconds
71.57382106679012 P89 recvs B4 from P63 
77.1089516501704 P89 recvs B5 from P3 
77.1089516501704 P89 adds B5 to its tree
77.1089516501704 P89 mines for 2007.4154214068317 seconds
77.60017517357937 P89 recvs B5 from P94 
78.65202092645261 P89 recvs B5 from P77 
79.02354915965164 P89 recvs B5 from P63 
85.80869052988996 P89 recvs B6 from P3 
85.80869052988996 P89 adds B6 to its tree
85.80869052988996 P89 mines for 13472.885353245347 seconds
88.27249155245593 P89 recvs B6 from P63 
101.84087934356212 P89 recvs B7 from P3 
101.84087934356212 P89 adds B7 to its tree
101.84087934356212 P89 mines for 4396.094092693964 seconds
104.23969162806168 P89 recvs B7 from P63 
110.62958653603742 P89 recvs B8 from P3 
110.62958653603742 P89 adds B8 to its tree
110.62958653603742 P89 mines for 5398.396380042732 seconds
110.74983237041371 P89 recvs B8 from P77 
111.07726906742876 P89 recvs B8 from P94 
111.80217695546648 P89 recvs B8 from P63 
121.26941636410189 P89 recvs B9 from P3 
121.26941636410189 P89 adds B9 to its tree
121.26941636410189 P89 mines for 1215.0011113264852 seconds
123.89117001717798 P89 recvs B9 from P63 
130.06128518743628 P89 recvs B10 from P3 
130.06128518743628 P89 adds B10 to its tree
130.06128518743628 P89 mines for 5108.755085993314 seconds
132.49375438224558 P89 recvs B10 from P63 
141.73256035863312 P89 recvs B11 from P3 
141.73256035863312 P89 adds B11 to its tree
141.73256035863312 P89 mines for 1223.505938843065 seconds
142.67850418368894 P89 recvs B11 from P69 
142.82376640933086 P89 recvs B11 from P94 
143.21489430638724 P89 recvs B11 from P77 
143.44815010264367 P89 recvs B11 from P63 
154.46645273694102 P89 recvs B12 from P3 
154.46645273694102 P89 adds B12 to its tree
154.46645273694102 P89 mines for 5034.38254037409 seconds
157.0215757315978 P89 recvs B12 from P63 
169.19676942485188 P89 recvs B13 from P3 
169.19676942485188 P89 adds B13 to its tree
169.19676942485188 P89 mines for 465.79934544240575 seconds
170.92953850407557 P89 recvs B13 from P94 
171.04166159473337 P89 recvs B13 from P77 
171.6149733698904 P89 recvs B13 from P63 
185.34687188983966 P89 recvs B14 from P3 
185.34687188983966 P89 adds B14 to its tree
185.34687188983966 P89 mines for 11663.806189570465 seconds
185.9008965692119 P89 recvs B14 from P94 
186.13668233041417 P89 recvs B14 from P77 
186.16362032857077 P89 recvs B14 from P69 
186.4065413718173 P89 recvs B14 from P63 
202.04668881179845 P89 recvs B15 from P3 
202.04668881179845 P89 adds B15 to its tree
202.04668881179845 P89 mines for 9484.078683978696 seconds
202.82831812785437 P89 recvs B15 from P69 
202.89378968390966 P89 recvs B15 from P63 
203.19190836477463 P89 recvs B15 from P77 
203.63444527980178 P89 recvs B15 from P94 
212.50762760545902 P89 recvs B16 from P3 
212.50762760545902 P89 adds B16 to its tree
212.50762760545902 P89 mines for 4364.5517048116535 seconds
213.95864190905584 P89 recvs B17 from P94 
213.95864190905584 P89 adds B17 to its tree
214.00824067976342 P89 recvs B17 from P3 
214.50510294271382 P89 recvs B17 from P63 
214.54298389230132 P89 recvs B17 from P77 
215.06697171118404 P89 recvs B16 from P63 
215.41686900540606 P89 recvs B17 from P69 
220.07874623701056 P89 recvs B18 from P3 
220.07874623701056 P89 adds B18 to its tree
220.07874623701056 P89 mines for 574.3308262702104 seconds
221.63436969564665 P89 recvs B19 from P3 
221.63436969564665 P89 adds B19 to its tree
221.80329664273145 P89 recvs B18 from P63 
223.20420156828118 P89 recvs B19 from P63 
223.39761870719613 P89 recvs B19 from P77 
230.13679808545268 P89 recvs B20 from P3 
230.13679808545268 P89 adds B20 to its tree
230.13679808545268 P89 mines for 1093.8746142373757 seconds
230.69027913822893 P89 recvs B20 from P94 
230.93731494253277 P89 recvs B20 from P69 
230.94589930125 P89 recvs B20 from P77 
231.2405062670163 P89 recvs B20 from P63 
251.81607215088104 P89 recvs B21 from P3 
251.81607215088104 P89 adds B21 to its tree
251.81607215088104 P89 mines for 1977.1526612646858 seconds
254.2786176631641 P89 recvs B21 from P63 
258.839828136413 P89 recvs B22 from P3 
258.839828136413 P89 adds B22 to its tree
258.839828136413 P89 mines for 2179.778352043467 seconds
260.5424672624198 P89 recvs B22 from P63 
285.8450733808392 P89 recvs B23 from P3 
285.8450733808392 P89 adds B23 to its tree
285.8450733808392 P89 mines for 162.15993548731316 seconds
288.2497102556007 P89 recvs B23 from P63 
296.13573395855536 P89 recvs B24 from P3 
296.13573395855536 P89 adds B24 to its tree
296.13573395855536 P89 mines for 4681.882497336984 seconds
296.5547558064119 P89 recvs B24 from P77 
296.9324749573531 P89 recvs B24 from P94 
298.13157210561536 P89 recvs B24 from P63 
306.06053190058395 P89 recvs B25 from P3 
306.06053190058395 P89 adds B25 to its tree
306.06053190058395 P89 mines for 3343.566549755763 seconds
307.50581743934 P89 recvs B26 from P3 
307.50581743934 P89 adds B26 to its tree
308.2628525738118 P89 recvs B26 from P94 
308.338536460587 P89 recvs B25 from P63 
308.72036139523226 P89 recvs B26 from P69 
309.0897092687732 P89 recvs B26 from P77 
310.04061876219106 P89 recvs B26 from P63 
340.5607387069439 P89 recvs B27 from P3 
340.5607387069439 P89 adds B27 to its tree
340.5607387069439 P89 mines for 5316.914742840051 seconds
341.65310776807246 P89 recvs B27 from P94 
341.83630726723237 P89 recvs B27 from P77 
342.31573651655157 P89 recvs B27 from P63 
369.747084338176 P89 recvs B28 from P3 
369.747084338176 P89 adds B28 to its tree
369.747084338176 P89 mines for 2085.2318980147134 seconds
370.7382908808995 P89 recvs B28 from P77 
371.231150173886 P89 recvs B28 from P94 
371.29953678367116 P89 recvs B28 from P63 
380.0527608698992 P89 recvs B29 from P3 
380.0527608698992 P89 adds B29 to its tree
380.0527608698992 P89 mines for 200.17562393839526 seconds
381.2426482524995 P89 recvs B29 from P77 
381.38520418919444 P89 recvs B29 from P94 
381.74738447285785 P89 recvs B29 from P63 
387.6759222924314 P89 recvs B30 from P3 
387.6759222924314 P89 adds B30 to its tree
387.6759222924314 P89 mines for 5092.825462669328 seconds
388.69699022051384 P89 recvs B30 from P77 
388.8989448543662 P89 recvs B30 from P94 
389.280476746565 P89 recvs B30 from P63 
396.312141729588 P89 recvs B31 from P3 
396.312141729588 P89 adds B31 to its tree
396.312141729588 P89 mines for 7201.086579470117 seconds
396.75657931463724 P89 recvs B31 from P94 
397.70395763931947 P89 recvs B31 from P77 
397.99376907317094 P89 recvs B31 from P63 
402.43516764160466 P89 recvs B33 from P3 
402.43516764160466 P89 adds B33 to its tree
402.43516764160466 P89 mines for 5598.685997710846 seconds
402.87132901314965 P89 recvs B32 from P3 
402.87132901314965 P89 adds B32 to its tree
403.32492544499 P89 recvs B32 from P94 
404.23181406416063 P89 recvs B33 from P63 
404.3716545545127 P89 recvs B32 from P77 
404.7811244493826 P89 recvs B32 from P63 
406.5035260660649 P89 recvs B34 from P3 
406.5035260660649 P89 adds B34 to its tree
406.5035260660649 P89 mines for 439.8503572977316 seconds
407.72866533819445 P89 recvs B34 from P77 
407.89949635300957 P89 recvs B34 from P94 
408.26979778954046 P89 recvs B34 from P63 
435.97250017671433 P89 recvs B35 from P3 
435.97250017671433 P89 adds B35 to its tree
435.97250017671433 P89 mines for 2676.7533192410015 seconds
436.780657668684 P89 recvs B35 from P69 
436.81861783850513 P89 recvs B35 from P63 
437.21995256322174 P89 recvs B35 from P77 
437.7532931396752 P89 recvs B35 from P94 
438.5770987386576 P89 recvs B36 from P94 
438.5770987386576 P89 adds B36 to its tree
438.5770987386576 P89 mines for 3522.159654788194 seconds
439.4811217009346 P89 recvs B36 from P77 
440.42636095854147 P89 recvs B36 from P69 
446.21406018498357 P89 recvs B38 from P3 
446.21406018498357 P89 adds B38 to its tree
446.21406018498357 P89 mines for 7540.831329990651 seconds
446.79744200802736 P89 recvs B37 from P3 
446.79744200802736 P89 adds B37 to its tree
447.76780592321956 P89 recvs B38 from P77 
447.8610907622675 P89 recvs B37 from P77 
447.96994170957214 P89 recvs B38 from P63 
448.03141707890126 P89 recvs B37 from P94 
448.40784279644583 P89 recvs B37 from P63 
455.43531186273475 P89 recvs B39 from P94 
455.43531186273475 P89 adds B39 to its tree
455.43531186273475 P89 mines for 8120.255013571497 seconds
456.7728994678086 P89 recvs B39 from P77 
476.89418459647965 P89 recvs B40 from P3 
476.89418459647965 P89 adds B40 to its tree
476.89418459647965 P89 mines for 1773.2456125908827 seconds
478.1386210606553 P89 recvs B40 from P77 
478.19393340509987 P89 recvs B40 from P94 
478.6187958459265 P89 recvs B40 from P63 
482.38310388488503 P89 recvs B41 from P3 
482.38310388488503 P89 adds B41 to its tree
482.38310388488503 P89 mines for 6442.83610959953 seconds
484.87014903711446 P89 recvs B41 from P63 
493.6228018109889 P89 recvs B42 from P3 
493.6228018109889 P89 adds B42 to its tree
493.6228018109889 P89 mines for 13782.969527343786 seconds
494.8144467336872 P89 recvs B42 from P77 
494.97044121747 P89 recvs B42 from P94 
495.09065829513753 P89 recvs B42 from P63 
502.4542977293515 P89 recvs B44 from P3 
502.4542977293515 P89 adds B44 to its tree
502.4542977293515 P89 mines for 6008.77652244341 seconds
502.63892281194455 P89 recvs B43 from P3 
502.63892281194455 P89 adds B43 to its tree
503.13293029936074 P89 recvs B44 from P94 
503.3589578304791 P89 recvs B43 from P77 
503.3626635839303 P89 recvs B43 from P94 
503.70304949992453 P89 recvs B44 from P69 
503.7775429034938 P89 recvs B43 from P63 
504.0561545592044 P89 recvs B44 from P77 
504.90198236638537 P89 recvs B44 from P63 
526.196769295241 P89 recvs B45 from P3 
526.196769295241 P89 adds B45 to its tree
526.196769295241 P89 mines for 25649.60882561005 seconds
527.4321404346887 P89 recvs B45 from P77 
527.7556382721707 P89 recvs B45 from P94 
527.902486075923 P89 recvs B45 from P63 
547.2232954110192 P89 recvs B46 from P3 
547.2232954110192 P89 adds B46 to its tree
547.2232954110192 P89 mines for 5498.985675276965 seconds
549.7697005625851 P89 recvs B46 from P63 
561.8960142683944 P89 recvs B47 from P3 
561.8960142683944 P89 adds B47 to its tree
561.8960142683944 P89 mines for 9659.705062797908 seconds
562.6171725008619 P89 recvs B47 from P94 
562.7268994968092 P89 recvs B47 from P77 
562.7291553643047 P89 recvs B47 from P69 
563.102501608075 P89 recvs B47 from P63 
565.2197998900322 P89 recvs B48 from P3 
565.2197998900322 P89 adds B48 to its tree
565.2197998900322 P89 mines for 15101.022036360877 seconds
567.7820262651343 P89 recvs B48 from P63 
575.7947703366859 P89 recvs B49 from P3 
575.7947703366859 P89 adds B49 to its tree
575.7947703366859 P89 mines for 203.02053290926438 seconds
576.4436116657525 P89 recvs B49 from P94 
576.9752118572608 P89 recvs B49 from P69 
577.2810510683754 P89 recvs B49 from P77 
578.3229063939766 P89 recvs B49 from P63 
589.4745004227365 P89 recvs B50 from P3 
589.4745004227365 P89 adds B50 to its tree
589.4745004227365 P89 mines for 2847.963803211938 seconds
589.971393889839 P89 recvs B50 from P94 
590.8757780312711 P89 recvs B50 from P77 
591.3562101057945 P89 recvs B50 from P63 
593.7238192075862 P89 recvs B51 from P3 
593.7238192075862 P89 adds B51 to its tree
593.7238192075862 P89 mines for 538.3472325298952 seconds
594.1422780430062 P89 recvs B51 from P77 
594.4227713480516 P89 recvs B51 from P94 
594.48458728778 P89 recvs B52 from P3 
594.48458728778 P89 adds B52 to its tree
595.6711913781015 P89 recvs B51 from P63 
595.8470978322324 P89 recvs B52 from P77 
595.8722282057744 P89 recvs B53 from P94 
595.8722282057744 P89 adds B53 to its tree
595.8722282057744 P89 mines for 5082.087313596324 seconds
596.0087591940227 P89 recvs B52 from P94 
596.3784735368404 P89 recvs B52 from P63 
597.1409805989919 P89 recvs B53 from P77 
