0 P90 mines for 873.4246233948718 seconds
6.276235442225914 P90 recvs B2 from P2 
6.276235442225914 P90 adds B2 to its tree
6.276235442225914 P90 mines for 1829.7798931923771 seconds
6.434681883702491 P90 recvs B2 from P85 
6.624101729214068 P90 recvs B2 from P34 
7.328695499794375 P90 recvs B2 from P56 
7.645901261278631 P90 recvs B2 from P78 
8.462305840669941 P90 creates T71
12.382589160096137 P90 creates T87
25.0726592955418 P90 recvs B3 from P34 
25.0726592955418 P90 adds B3 to its tree
25.0726592955418 P90 mines for 1456.3820166360929 seconds
25.623551794608222 P90 recvs B3 from P85 
25.744578007567657 P90 recvs B3 from P2 
25.748363024710034 P90 recvs B3 from P56 
25.892524015808007 P90 recvs B3 from P78 
70.59092057884533 P90 recvs B4 from P56 
70.59092057884533 P90 adds B4 to its tree
70.59092057884533 P90 mines for 10234.21274067296 seconds
70.97998294462644 P90 recvs B4 from P2 
71.00942023867285 P90 recvs B4 from P34 
71.24215497287402 P90 recvs B4 from P85 
72.57256295177727 P90 recvs B4 from P78 
76.15328100525278 P90 recvs B5 from P85 
76.15328100525278 P90 adds B5 to its tree
76.15328100525278 P90 mines for 62.01324425381915 seconds
76.92271514223624 P90 recvs B5 from P34 
78.06621636958413 P90 recvs B5 from P56 
87.30149051512467 P90 recvs B6 from P56 
87.30149051512467 P90 adds B6 to its tree
87.30149051512467 P90 mines for 9044.630565853242 seconds
87.57069090916775 P90 recvs B6 from P2 
87.67192617720893 P90 recvs B6 from P85 
87.67496901467997 P90 recvs B6 from P34 
88.84810357198113 P90 recvs B6 from P78 
102.24221245357047 P90 recvs B7 from P34 
102.24221245357047 P90 adds B7 to its tree
102.24221245357047 P90 mines for 436.2268622416862 seconds
102.6220617396682 P90 recvs B7 from P85 
102.7283025153802 P90 recvs B7 from P56 
103.25535664794546 P90 recvs B7 from P78 
103.50214533973326 P90 recvs B7 from P2 
110.49437521106118 P90 recvs B8 from P2 
110.49437521106118 P90 adds B8 to its tree
110.49437521106118 P90 mines for 2649.5243025421555 seconds
110.95282517583404 P90 recvs B8 from P85 
111.07992050073196 P90 recvs B8 from P34 
112.06311860672136 P90 recvs B8 from P56 
122.23776671290275 P90 recvs B9 from P34 
122.23776671290275 P90 adds B9 to its tree
122.23776671290275 P90 mines for 11068.251729899768 seconds
122.40249300619705 P90 recvs B9 from P85 
122.83888049722292 P90 recvs B9 from P56 
123.03842601471055 P90 recvs B9 from P2 
123.61495897064465 P90 recvs B9 from P78 
130.84610999517366 P90 recvs B10 from P34 
130.84610999517366 P90 adds B10 to its tree
130.84610999517366 P90 mines for 5877.418307458673 seconds
131.368398919988 P90 recvs B10 from P85 
131.5333627569061 P90 recvs B10 from P56 
131.60014410998375 P90 recvs B10 from P2 
131.7005455429269 P90 recvs B10 from P78 
141.38610950358554 P90 recvs B11 from P34 
141.38610950358554 P90 adds B11 to its tree
141.38610950358554 P90 mines for 2715.349409674079 seconds
142.1872859663422 P90 recvs B11 from P85 
143.07018103632035 P90 recvs B11 from P2 
143.22733512858784 P90 recvs B11 from P56 
155.98989622223274 P90 recvs B12 from P56 
155.98989622223274 P90 adds B12 to its tree
155.98989622223274 P90 mines for 1813.4862543436843 seconds
156.35641880368837 P90 recvs B12 from P2 
156.42576614209008 P90 recvs B12 from P34 
156.59804446297116 P90 recvs B12 from P85 
157.9379897627213 P90 recvs B12 from P78 
170.41256993062018 P90 recvs B13 from P85 
170.41256993062018 P90 adds B13 to its tree
170.41256993062018 P90 mines for 10344.208525200691 seconds
170.5425775469423 P90 recvs B13 from P34 
170.64229231510134 P90 recvs B13 from P56 
170.97002817413764 P90 recvs B13 from P2 
172.17308216305042 P90 recvs B13 from P78 
185.15403415504144 P90 recvs B14 from P2 
185.15403415504144 P90 adds B14 to its tree
185.15403415504144 P90 mines for 5599.870333288516 seconds
185.73707920066244 P90 recvs B14 from P34 
186.32417191186192 P90 recvs B14 from P85 
186.84264266224216 P90 recvs B14 from P56 
202.4258194261727 P90 recvs B15 from P56 
202.4258194261727 P90 adds B15 to its tree
202.4258194261727 P90 mines for 3013.8086005136533 seconds
202.65134121440124 P90 recvs B15 from P34 
202.76385640950792 P90 recvs B15 from P2 
203.22501430928182 P90 recvs B15 from P85 
204.08638507208133 P90 recvs B15 from P78 
213.29468951989034 P90 recvs B17 from P2 
213.29468951989034 P90 adds B17 to its tree
213.29468951989034 P90 mines for 5336.851023133318 seconds
213.4403255504273 P90 recvs B16 from P34 
213.4403255504273 P90 adds B16 to its tree
213.77704310124494 P90 recvs B17 from P34 
213.86667753010803 P90 recvs B16 from P85 
213.94801101385056 P90 recvs B16 from P2 
214.02825657512847 P90 recvs B16 from P56 
214.37841653493047 P90 recvs B16 from P78 
214.61795147324133 P90 recvs B17 from P85 
215.2071010554431 P90 recvs B17 from P56 
220.6289998131697 P90 recvs B18 from P85 
220.6289998131697 P90 adds B18 to its tree
220.6289998131697 P90 mines for 20137.361052316886 seconds
220.79059900743272 P90 recvs B18 from P56 
220.8821729285246 P90 recvs B18 from P34 
221.31553024550286 P90 recvs B18 from P2 
221.7797483908602 P90 recvs B18 from P78 
222.75278887481943 P90 recvs B19 from P2 
222.75278887481943 P90 adds B19 to its tree
222.78785175225045 P90 recvs B19 from P85 
222.88840921738506 P90 recvs B19 from P56 
223.01296133089988 P90 recvs B19 from P34 
223.37201112175725 P90 recvs B19 from P78 
229.9477727973548 P90 recvs B20 from P2 
229.9477727973548 P90 adds B20 to its tree
229.9477727973548 P90 mines for 19093.530860518385 seconds
230.5392357235982 P90 recvs B20 from P34 
231.11393167791516 P90 recvs B20 from P85 
231.6621659489311 P90 recvs B20 from P56 
253.08551952220338 P90 recvs B21 from P85 
253.08551952220338 P90 adds B21 to its tree
253.08551952220338 P90 mines for 2596.6942637827215 seconds
253.20442312196099 P90 recvs B21 from P34 
253.28658118515605 P90 recvs B21 from P56 
253.83511138065643 P90 recvs B21 from P2 
254.87004236593555 P90 recvs B21 from P78 
259.46377209941056 P90 recvs B22 from P85 
259.46377209941056 P90 adds B22 to its tree
259.46377209941056 P90 mines for 2451.0757527325177 seconds
259.5135558394809 P90 recvs B22 from P56 
259.6727829460194 P90 recvs B22 from P34 
259.96678940044313 P90 recvs B22 from P2 
260.4392151207479 P90 recvs B22 from P78 
287.3101469510185 P90 recvs B23 from P56 
287.3101469510185 P90 adds B23 to its tree
287.3101469510185 P90 mines for 3680.7435159021534 seconds
287.6643700721252 P90 recvs B23 from P2 
287.6988946369573 P90 recvs B23 from P34 
287.8857477438195 P90 recvs B23 from P85 
289.16717790504964 P90 recvs B23 from P78 
296.2458017464419 P90 recvs B24 from P34 
296.2458017464419 P90 adds B24 to its tree
296.2458017464419 P90 mines for 6958.426682274393 seconds
296.5232100726518 P90 recvs B24 from P85 
296.8260093067641 P90 recvs B24 from P2 
297.63639338450423 P90 recvs B24 from P78 
297.7256717864963 P90 recvs B24 from P56 
307.24077069475067 P90 recvs B25 from P85 
307.24077069475067 P90 adds B25 to its tree
307.24077069475067 P90 mines for 5289.823253463722 seconds
307.4146058067164 P90 recvs B25 from P34 
307.4487033623545 P90 recvs B25 from P56 
307.8345297757281 P90 recvs B25 from P78 
307.83590833873075 P90 recvs B25 from P2 
308.43647137055103 P90 recvs B26 from P34 
308.43647137055103 P90 adds B26 to its tree
308.8851950830907 P90 recvs B26 from P85 
309.0362614099565 P90 recvs B26 from P56 
309.20850004454644 P90 recvs B26 from P2 
309.35907602108125 P90 recvs B26 from P78 
340.40067983379834 P90 recvs B27 from P85 
340.40067983379834 P90 adds B27 to its tree
340.40067983379834 P90 mines for 7386.873137946877 seconds
340.6587894267407 P90 recvs B27 from P34 
340.97189817478915 P90 recvs B27 from P2 
341.4525899729015 P90 recvs B27 from P56 
342.07540646285287 P90 recvs B27 from P78 
370.45573391625265 P90 recvs B28 from P34 
370.45573391625265 P90 adds B28 to its tree
370.45573391625265 P90 mines for 6247.274649172321 seconds
370.71353700233146 P90 recvs B28 from P85 
370.830580205175 P90 recvs B28 from P2 
370.9575690762239 P90 recvs B28 from P78 
371.3481326989048 P90 recvs B28 from P56 
380.4396696282291 P90 recvs B29 from P2 
380.4396696282291 P90 adds B29 to its tree
380.4396696282291 P90 mines for 4674.832508457171 seconds
380.612807011023 P90 recvs B29 from P85 
380.78794745205494 P90 recvs B29 from P34 
381.4930885623759 P90 recvs B29 from P56 
381.7057296771296 P90 recvs B29 from P78 
387.67284556098787 P90 recvs B30 from P78 
387.67284556098787 P90 adds B30 to its tree
387.67284556098787 P90 mines for 133.48505282579166 seconds
387.9916558318917 P90 recvs B30 from P2 
388.25127021878876 P90 recvs B30 from P85 
388.3614426768247 P90 recvs B30 from P34 
388.6931479951715 P90 recvs B30 from P56 
396.1230409647392 P90 recvs B31 from P85 
396.1230409647392 P90 adds B31 to its tree
396.1230409647392 P90 mines for 9019.72029139704 seconds
396.37945675592437 P90 recvs B31 from P34 
396.73432413529935 P90 recvs B31 from P2 
397.0121179060055 P90 recvs B31 from P56 
397.73177688418855 P90 recvs B31 from P78 
401.8761062778949 P90 recvs B32 from P85 
401.8761062778949 P90 adds B32 to its tree
401.8761062778949 P90 mines for 108.9231375124137 seconds
402.62001622842524 P90 recvs B32 from P34 
403.0078282390098 P90 recvs B33 from P85 
403.0078282390098 P90 adds B33 to its tree
403.20778868772834 P90 recvs B33 from P56 
403.26310371451484 P90 recvs B33 from P34 
403.6670034053461 P90 recvs B33 from P2 
403.8037526976588 P90 recvs B32 from P56 
404.30287446644064 P90 recvs B33 from P78 
406.95469882783874 P90 recvs B34 from P2 
406.95469882783874 P90 adds B34 to its tree
406.95469882783874 P90 mines for 1145.8261120955444 seconds
407.19294312789725 P90 recvs B34 from P85 
407.38327628615565 P90 recvs B34 from P34 
408.0207109277276 P90 recvs B34 from P56 
408.2564182169272 P90 recvs B34 from P78 
436.45721691561096 P90 recvs B35 from P56 
436.45721691561096 P90 adds B35 to its tree
436.45721691561096 P90 mines for 1110.8921097884959 seconds
436.62510265318474 P90 recvs B35 from P34 
436.88451799454907 P90 recvs B35 from P2 
437.2435334227197 P90 recvs B35 from P85 
438.1401230361401 P90 recvs B35 from P78 
439.79659425184343 P90 recvs B36 from P85 
439.79659425184343 P90 adds B36 to its tree
439.79659425184343 P90 mines for 2544.8609722805363 seconds
440.0387501222853 P90 recvs B36 from P34 
440.3811163018098 P90 recvs B36 from P2 
440.7404674008409 P90 recvs B36 from P56 
441.0203843488314 P90 recvs B36 from P78 
446.92809218859344 P90 recvs B38 from P56 
446.92809218859344 P90 adds B38 to its tree
446.92809218859344 P90 mines for 4602.101777434943 seconds
447.1169256281529 P90 recvs B37 from P2 
447.1169256281529 P90 adds B37 to its tree
447.22367213370126 P90 recvs B38 from P2 
447.3490169194415 P90 recvs B38 from P34 
447.45445686496186 P90 recvs B37 from P85 
447.4822746509949 P90 recvs B38 from P85 
447.7159431293356 P90 recvs B37 from P34 
448.3440862677137 P90 recvs B37 from P56 
448.555738655649 P90 recvs B37 from P78 
448.9432115665733 P90 recvs B38 from P78 
456.72658158273515 P90 recvs B39 from P85 
456.72658158273515 P90 adds B39 to its tree
456.72658158273515 P90 mines for 3578.5907856509634 seconds
456.89014303475346 P90 recvs B39 from P34 
457.1274801542882 P90 recvs B39 from P2 
457.56378018410874 P90 recvs B39 from P56 
458.20309157234925 P90 recvs B39 from P78 
476.76616753594567 P90 recvs B40 from P85 
476.76616753594567 P90 adds B40 to its tree
476.76616753594567 P90 mines for 3978.681565753584 seconds
476.92385182579886 P90 recvs B40 from P34 
477.4344195123012 P90 recvs B40 from P2 
477.6851281894505 P90 recvs B40 from P56 
478.13427937706336 P90 recvs B40 from P78 
483.87010993794513 P90 recvs B41 from P56 
483.87010993794513 P90 adds B41 to its tree
483.87010993794513 P90 mines for 2618.9523855093416 seconds
484.12732810008697 P90 recvs B41 from P2 
484.31357331363466 P90 recvs B41 from P34 
484.3880711738357 P90 recvs B41 from P85 
485.46987731327863 P90 recvs B41 from P78 
494.00889405424266 P90 recvs B42 from P2 
494.00889405424266 P90 adds B42 to its tree
494.00889405424266 P90 mines for 17055.681125425617 seconds
494.30604627639747 P90 recvs B42 from P34 
494.43628774478253 P90 recvs B42 from P85 
495.0677419624152 P90 recvs B42 from P56 
495.4778808478505 P90 recvs B42 from P78 
502.3369865411836 P90 recvs B43 from P85 
502.3369865411836 P90 adds B43 to its tree
502.3369865411836 P90 mines for 700.0226257688164 seconds
502.48054479808343 P90 recvs B43 from P2 
502.9821510458746 P90 recvs B43 from P34 
503.3178791502973 P90 recvs B44 from P34 
503.3178791502973 P90 adds B44 to its tree
503.36961721874457 P90 recvs B43 from P78 
503.65277264023047 P90 recvs B43 from P56 
503.7349802033837 P90 recvs B44 from P85 
503.85532671673815 P90 recvs B44 from P2 
503.9542543457456 P90 recvs B44 from P56 
504.2612520448286 P90 recvs B44 from P78 
526.6221624402275 P90 recvs B45 from P2 
526.6221624402275 P90 adds B45 to its tree
526.6221624402275 P90 mines for 4814.735405759281 seconds
526.8065464869442 P90 recvs B45 from P85 
526.9975761363469 P90 recvs B45 from P34 
527.8408900254688 P90 recvs B45 from P56 
527.9231706840494 P90 recvs B45 from P78 
548.1490516802045 P90 recvs B46 from P34 
548.1490516802045 P90 adds B46 to its tree
548.1490516802045 P90 mines for 8055.187379320512 seconds
548.2666240711221 P90 recvs B46 from P85 
548.6744396687484 P90 recvs B46 from P56 
549.1468462696095 P90 recvs B46 from P2 
549.4185419889853 P90 recvs B46 from P78 
561.7788413291586 P90 recvs B47 from P2 
561.7788413291586 P90 adds B47 to its tree
561.7788413291586 P90 mines for 10224.740798230689 seconds
562.4104679214844 P90 recvs B47 from P34 
562.9590370997796 P90 recvs B47 from P85 
563.3856042643024 P90 recvs B47 from P56 
565.9812452601298 P90 recvs B48 from P34 
565.9812452601298 P90 adds B48 to its tree
565.9812452601298 P90 mines for 10187.981176819345 seconds
566.4139825166827 P90 recvs B48 from P2 
566.4341415383573 P90 recvs B48 from P85 
566.7517953585393 P90 recvs B48 from P56 
567.0633421578319 P90 recvs B48 from P78 
576.5932541612069 P90 recvs B49 from P34 
576.5932541612069 P90 adds B49 to its tree
576.5932541612069 P90 mines for 1809.714887530578 seconds
577.0253607997273 P90 recvs B49 from P85 
577.2752607297513 P90 recvs B49 from P2 
577.331147036366 P90 recvs B49 from P56 
577.655972862343 P90 recvs B49 from P78 
588.4641929244265 P90 recvs B50 from P85 
588.4641929244265 P90 adds B50 to its tree
588.4641929244265 P90 mines for 6024.99804614038 seconds
589.2170850219082 P90 recvs B50 from P34 
590.4023229648734 P90 recvs B50 from P56 
593.6719928552462 P90 recvs B51 from P34 
593.6719928552462 P90 adds B51 to its tree
593.6719928552462 P90 mines for 6302.7094539406135 seconds
593.9417689613849 P90 recvs B51 from P85 
594.4263341623016 P90 recvs B51 from P2 
595.0473683202526 P90 recvs B52 from P2 
595.0473683202526 P90 adds B52 to its tree
595.0547566083164 P90 recvs B51 from P78 
595.1492096896931 P90 recvs B51 from P56 
595.1623387916197 P90 recvs B52 from P85 
595.3567948870042 P90 recvs B52 from P34 
595.9793746014936 P90 recvs B52 from P56 
596.2539571464408 P90 recvs B52 from P78 
597.1112246666805 P90 recvs B53 from P85 
597.1112246666805 P90 adds B53 to its tree
597.1112246666805 P90 mines for 4758.265776588209 seconds
597.4160021096174 P90 recvs B53 from P34 
597.4876839800498 P90 recvs B53 from P2 
597.9122368249305 P90 recvs B53 from P56 
598.6338685369112 P90 recvs B53 from P78 
