0 P91 mines for 668.0624549427424 seconds
1.36810553570555 P91 creates T26
6.1960456807705455 P91 recvs B2 from P28 
6.1960456807705455 P91 adds B2 to its tree
6.1960456807705455 P91 mines for 1463.7360815775983 seconds
6.366436365793891 P91 recvs B2 from P0 
6.700178064662863 P91 recvs B2 from P85 
6.984682924496411 P91 recvs B2 from P26 
7.005055053557734 P91 recvs B2 from P42 
7.081143799647685 P91 recvs B2 from P46 
25.1967586177364 P91 recvs B3 from P42 
25.1967586177364 P91 adds B3 to its tree
25.1967586177364 P91 mines for 556.115307603526 seconds
25.19706446033614 P91 recvs B3 from P46 
25.389729984835217 P91 recvs B3 from P26 
25.39711673869267 P91 recvs B3 from P28 
25.835592349972544 P91 recvs B3 from P85 
26.30062813252378 P91 recvs B3 from P0 
70.29614776158627 P91 recvs B4 from P28 
70.29614776158627 P91 adds B4 to its tree
70.29614776158627 P91 mines for 8.636813563633273 seconds
71.46076961726541 P91 recvs B4 from P85 
71.61829927439871 P91 recvs B4 from P0 
71.74342033333527 P91 recvs B4 from P26 
71.79822186779273 P91 recvs B4 from P42 
71.95616297104577 P91 recvs B4 from P46 
76.36636553916857 P91 recvs B5 from P85 
76.36636553916857 P91 adds B5 to its tree
76.36636553916857 P91 mines for 768.1662681739684 seconds
77.69457857644555 P91 recvs B5 from P0 
78.40099283137204 P91 recvs B5 from P42 
78.52401057691672 P91 recvs B5 from P46 
87.00340263330749 P91 recvs B6 from P28 
87.00340263330749 P91 adds B6 to its tree
87.00340263330749 P91 mines for 3765.321543572824 seconds
87.58993561484529 P91 recvs B6 from P0 
87.88110090083123 P91 recvs B6 from P85 
88.07958388172169 P91 recvs B6 from P46 
88.2471168248411 P91 recvs B6 from P26 
88.51487086110197 P91 recvs B6 from P42 
102.50634653069392 P91 recvs B7 from P46 
102.50634653069392 P91 adds B7 to its tree
102.50634653069392 P91 mines for 551.6059901120469 seconds
102.85622232316207 P91 recvs B7 from P85 
102.90341478851904 P91 recvs B7 from P42 
102.95107671535546 P91 recvs B7 from P28 
102.97698045969408 P91 recvs B7 from P26 
103.47618647020977 P91 recvs B7 from P0 
111.08750479936826 P91 recvs B8 from P28 
111.08750479936826 P91 adds B8 to its tree
111.08750479936826 P91 mines for 44.685583201968164 seconds
111.1517449340656 P91 recvs B8 from P85 
111.16924151605288 P91 recvs B8 from P0 
111.87708648200723 P91 recvs B8 from P26 
111.99620426091327 P91 recvs B8 from P42 
112.25897556958066 P91 recvs B8 from P46 
121.70946613846496 P91 recvs B9 from P26 
121.70946613846496 P91 adds B9 to its tree
121.70946613846496 P91 mines for 1197.7992684349665 seconds
122.32874652143691 P91 recvs B9 from P42 
122.51613739318866 P91 recvs B9 from P28 
122.62406837809209 P91 recvs B9 from P85 
122.77211808003754 P91 recvs B9 from P46 
122.99116607891182 P91 recvs B9 from P0 
130.83627035187672 P91 recvs B10 from P46 
130.83627035187672 P91 adds B10 to its tree
130.83627035187672 P91 mines for 41.89134707496277 seconds
131.07470401362718 P91 recvs B10 from P42 
131.21382746278962 P91 recvs B10 from P28 
131.22669905316258 P91 recvs B10 from P26 
131.56805551609665 P91 recvs B10 from P85 
132.01563943067734 P91 recvs B10 from P0 
142.32110976353124 P91 recvs B11 from P0 
142.32110976353124 P91 adds B11 to its tree
142.32110976353124 P91 mines for 404.49793656024025 seconds
142.39770861460892 P91 recvs B11 from P85 
142.96736356233967 P91 recvs B11 from P28 
143.16213467828842 P91 recvs B11 from P42 
143.4105194045042 P91 recvs B11 from P26 
143.45633078857475 P91 recvs B11 from P46 
155.69278899430893 P91 recvs B12 from P28 
155.69278899430893 P91 adds B12 to its tree
155.69278899430893 P91 mines for 53.05141059739797 seconds
156.7984889358031 P91 recvs B12 from P85 
156.91023490798463 P91 recvs B12 from P0 
157.2477444737752 P91 recvs B12 from P26 
157.25570310500706 P91 recvs B12 from P42 
157.40951852921552 P91 recvs B12 from P46 
170.3853010543882 P91 recvs B13 from P28 
170.3853010543882 P91 adds B13 to its tree
170.3853010543882 P91 mines for 671.1642838176128 seconds
170.59679488685637 P91 recvs B13 from P0 
170.64633000298795 P91 recvs B13 from P85 
170.76509823878618 P91 recvs B13 from P42 
171.28970518163015 P91 recvs B13 from P26 
171.5221883187694 P91 recvs B13 from P46 
186.08469732777888 P91 recvs B14 from P28 
186.08469732777888 P91 adds B14 to its tree
186.08469732777888 P91 mines for 277.44639031401044 seconds
186.125334358807 P91 recvs B14 from P0 
186.4259161112575 P91 recvs B14 from P26 
186.55014023498762 P91 recvs B14 from P85 
186.56990431757205 P91 recvs B14 from P42 
186.58998609230784 P91 recvs B14 from P46 
202.50106557477784 P91 recvs B15 from P28 
202.50106557477784 P91 adds B15 to its tree
202.50106557477784 P91 mines for 1297.9384371622434 seconds
202.71789779411012 P91 recvs B15 from P0 
202.94469851064582 P91 recvs B15 from P42 
203.04494205791144 P91 recvs B15 from P26 
203.32420754308373 P91 recvs B15 from P46 
203.4256479244768 P91 recvs B15 from P85 
213.51858016359975 P91 recvs B16 from P46 
213.51858016359975 P91 adds B16 to its tree
213.51858016359975 P91 mines for 121.2825404637276 seconds
213.58234137569076 P91 recvs B16 from P42 
213.67459365225267 P91 recvs B16 from P26 
213.74841353189106 P91 recvs B16 from P28 
214.11946771353112 P91 recvs B16 from P85 
214.33724053644428 P91 recvs B17 from P0 
214.33724053644428 P91 adds B17 to its tree
214.34729581709746 P91 recvs B17 from P28 
214.41305596180584 P91 recvs B17 from P26 
214.6296935157255 P91 recvs B16 from P0 
214.8564191353471 P91 recvs B17 from P85 
214.89912480954334 P91 recvs B17 from P46 
215.1059915137487 P91 recvs B17 from P42 
220.12642473895121 P91 recvs B18 from P0 
220.12642473895121 P91 adds B18 to its tree
220.12642473895121 P91 mines for 224.08460061081783 seconds
220.46296996823267 P91 recvs B18 from P28 
220.82820953016594 P91 recvs B18 from P85 
221.09152783145362 P91 recvs B18 from P26 
221.54120508175038 P91 recvs B18 from P46 
221.5616984965345 P91 recvs B18 from P42 
221.76374476606424 P91 recvs B19 from P0 
221.76374476606424 P91 adds B19 to its tree
222.45100025236022 P91 recvs B19 from P28 
223.01948482902606 P91 recvs B19 from P85 
223.15893538287935 P91 recvs B19 from P26 
223.2181700874903 P91 recvs B19 from P42 
223.68174248696783 P91 recvs B19 from P46 
230.83130702482245 P91 recvs B20 from P28 
230.83130702482245 P91 adds B20 to its tree
230.83130702482245 P91 mines for 1116.2639469134601 seconds
230.8915716891673 P91 recvs B20 from P0 
231.13084091175065 P91 recvs B20 from P26 
231.33321695986132 P91 recvs B20 from P42 
231.33837748897918 P91 recvs B20 from P85 
231.48456738349722 P91 recvs B20 from P46 
253.02011214861867 P91 recvs B21 from P28 
253.02011214861867 P91 adds B21 to its tree
253.02011214861867 P91 mines for 512.0360312663486 seconds
253.17443214143356 P91 recvs B21 from P0 
253.26632954129875 P91 recvs B21 from P42 
253.2922514032506 P91 recvs B21 from P85 
253.80178878155698 P91 recvs B21 from P26 
254.01463712469788 P91 recvs B21 from P46 
258.769378096626 P91 recvs B22 from P0 
258.769378096626 P91 adds B22 to its tree
258.769378096626 P91 mines for 624.6836718792711 seconds
259.2244658405439 P91 recvs B22 from P28 
259.66936338979923 P91 recvs B22 from P85 
259.77685023777184 P91 recvs B22 from P26 
260.25845985709236 P91 recvs B22 from P42 
260.44412184319077 P91 recvs B22 from P46 
286.96043241402833 P91 recvs B23 from P28 
286.96043241402833 P91 adds B23 to its tree
286.96043241402833 P91 mines for 93.6089205614797 seconds
287.5719207006728 P91 recvs B23 from P0 
288.1209556109813 P91 recvs B23 from P85 
288.5431517730292 P91 recvs B23 from P42 
288.6762051026461 P91 recvs B23 from P26 
288.8039073443681 P91 recvs B23 from P46 
296.6498280924008 P91 recvs B24 from P0 
296.6498280924008 P91 adds B24 to its tree
296.6498280924008 P91 mines for 206.73553292553075 seconds
296.75980652177896 P91 recvs B24 from P85 
297.0345375054463 P91 recvs B24 from P28 
297.2010443692791 P91 recvs B24 from P46 
297.32593981572757 P91 recvs B24 from P26 
297.5060339570395 P91 recvs B24 from P42 
306.1455624135532 P91 recvs B25 from P0 
306.1455624135532 P91 adds B25 to its tree
306.1455624135532 P91 mines for 1476.4033348299427 seconds
306.5797938754624 P91 recvs B25 from P26 
306.89678092657135 P91 recvs B25 from P28 
307.4576618271031 P91 recvs B25 from P85 
307.5480898469627 P91 recvs B25 from P42 
308.0533853838045 P91 recvs B25 from P46 
308.5082346427742 P91 recvs B26 from P46 
308.5082346427742 P91 adds B26 to its tree
308.52888357510864 P91 recvs B26 from P42 
308.6844025302367 P91 recvs B26 from P26 
308.6966141011617 P91 recvs B26 from P28 
309.11987255484115 P91 recvs B26 from P85 
309.65041493527656 P91 recvs B26 from P0 
340.5551410721603 P91 recvs B27 from P28 
340.5551410721603 P91 adds B27 to its tree
340.5551410721603 P91 mines for 285.55141798900553 seconds
340.6026027609613 P91 recvs B27 from P85 
340.9004767891509 P91 recvs B27 from P46 
341.05290531644613 P91 recvs B27 from P26 
341.0680519201373 P91 recvs B27 from P0 
341.5004665930993 P91 recvs B27 from P42 
370.47934502830515 P91 recvs B28 from P46 
370.47934502830515 P91 adds B28 to its tree
370.47934502830515 P91 mines for 952.3975032000029 seconds
370.60884699239244 P91 recvs B28 from P28 
370.7587638131199 P91 recvs B28 from P42 
370.8312555551379 P91 recvs B28 from P26 
370.929430761915 P91 recvs B28 from P85 
371.14287119063533 P91 recvs B28 from P0 
380.4286816383096 P91 recvs B29 from P28 
380.4286816383096 P91 adds B29 to its tree
380.4286816383096 P91 mines for 106.25291485893007 seconds
380.64533161110677 P91 recvs B29 from P0 
380.85383666190734 P91 recvs B29 from P85 
381.08198376229745 P91 recvs B29 from P26 
381.1941750233779 P91 recvs B29 from P42 
381.30887257036625 P91 recvs B29 from P46 
387.8835532843903 P91 recvs B30 from P46 
387.8835532843903 P91 adds B30 to its tree
387.8835532843903 P91 mines for 509.64732822892853 seconds
387.9924658168661 P91 recvs B30 from P28 
388.0192522040592 P91 recvs B30 from P0 
388.4604005789472 P91 recvs B30 from P85 
388.554885505255 P91 recvs B30 from P42 
388.61147991573125 P91 recvs B30 from P26 
396.30854902896016 P91 recvs B31 from P28 
396.30854902896016 P91 adds B31 to its tree
396.30854902896016 P91 mines for 194.70957056451158 seconds
396.3590308717196 P91 recvs B31 from P85 
396.71075891199814 P91 recvs B31 from P0 
396.74614674151684 P91 recvs B31 from P26 
396.9271361862471 P91 recvs B31 from P46 
397.19401998317204 P91 recvs B31 from P42 
402.0785732438227 P91 recvs B32 from P85 
402.0785732438227 P91 adds B32 to its tree
402.0785732438227 P91 mines for 506.55012836667726 seconds
402.4808071481354 P91 recvs B33 from P0 
402.4808071481354 P91 adds B33 to its tree
402.87465298069685 P91 recvs B33 from P28 
403.2165447899352 P91 recvs B33 from P85 
403.3618769811945 P91 recvs B32 from P28 
403.4743911724236 P91 recvs B32 from P0 
403.4744530210634 P91 recvs B33 from P26 
403.9012678874901 P91 recvs B33 from P46 
403.9075483079311 P91 recvs B33 from P42 
404.06523796073395 P91 recvs B32 from P42 
404.22194888412895 P91 recvs B32 from P46 
406.95604838026776 P91 recvs B34 from P28 
406.95604838026776 P91 adds B34 to its tree
406.95604838026776 P91 mines for 309.71944394144583 seconds
407.0614598318865 P91 recvs B34 from P0 
407.4284722625734 P91 recvs B34 from P85 
407.71751470157244 P91 recvs B34 from P46 
407.76328657538073 P91 recvs B34 from P26 
408.0135221395517 P91 recvs B34 from P42 
436.5396890542098 P91 recvs B35 from P28 
436.5396890542098 P91 adds B35 to its tree
436.5396890542098 P91 mines for 716.1876519127854 seconds
436.70500533811025 P91 recvs B35 from P0 
436.839316562117 P91 recvs B35 from P42 
437.00119993666976 P91 recvs B35 from P26 
437.3093724613529 P91 recvs B35 from P46 
437.46247062065805 P91 recvs B35 from P85 
439.9542670891565 P91 recvs B36 from P28 
439.9542670891565 P91 adds B36 to its tree
439.9542670891565 P91 mines for 140.38219512333274 seconds
440.0224792773756 P91 recvs B36 from P85 
440.17414292913924 P91 recvs B36 from P46 
440.2887851069248 P91 recvs B36 from P42 
440.3323330795288 P91 recvs B36 from P0 
440.408925037221 P91 recvs B36 from P26 
446.58380627261397 P91 recvs B38 from P28 
446.58380627261397 P91 adds B38 to its tree
446.58380627261397 P91 mines for 209.2340209354823 seconds
447.15410990697956 P91 recvs B37 from P28 
447.15410990697956 P91 adds B37 to its tree
447.17686704142903 P91 recvs B37 from P0 
447.6476430790622 P91 recvs B38 from P0 
447.6779102606497 P91 recvs B37 from P85 
447.6958512081932 P91 recvs B38 from P85 
447.89052411982914 P91 recvs B37 from P26 
448.0729792034593 P91 recvs B38 from P26 
448.09997050422726 P91 recvs B37 from P46 
448.12645099346264 P91 recvs B38 from P46 
448.30388423469094 P91 recvs B37 from P42 
448.3329609560791 P91 recvs B38 from P42 
456.8579323303614 P91 recvs B39 from P28 
456.8579323303614 P91 adds B39 to its tree
456.8579323303614 P91 mines for 59.17104618727271 seconds
456.94262613202534 P91 recvs B39 from P85 
457.2196875614229 P91 recvs B39 from P0 
457.3041532372344 P91 recvs B39 from P26 
457.7615893121328 P91 recvs B39 from P46 
457.88890283038205 P91 recvs B39 from P42 
476.79136587726344 P91 recvs B40 from P28 
476.79136587726344 P91 adds B40 to its tree
476.79136587726344 P91 mines for 25.723220600641092 seconds
477.00031082820306 P91 recvs B40 from P85 
477.37732123590143 P91 recvs B40 from P26 
477.4095838094196 P91 recvs B40 from P0 
477.6176079954591 P91 recvs B40 from P46 
477.88951122447696 P91 recvs B40 from P42 
483.58922171270314 P91 recvs B41 from P28 
483.58922171270314 P91 adds B41 to its tree
483.58922171270314 P91 mines for 1064.8603278107944 seconds
484.2854010170866 P91 recvs B41 from P0 
484.5903801914195 P91 recvs B41 from P85 
484.6588227654686 P91 recvs B41 from P46 
484.80270228732786 P91 recvs B41 from P26 
484.85343174430886 P91 recvs B41 from P42 
494.1703887110731 P91 recvs B42 from P28 
494.1703887110731 P91 adds B42 to its tree
494.1703887110731 P91 mines for 391.233655771814 seconds
494.22578666794107 P91 recvs B42 from P0 
494.6594101645541 P91 recvs B42 from P85 
494.7684234920402 P91 recvs B42 from P26 
495.0028511369554 P91 recvs B42 from P46 
495.2336304545617 P91 recvs B42 from P42 
502.5507223817865 P91 recvs B43 from P85 
502.5507223817865 P91 adds B43 to its tree
502.5507223817865 P91 mines for 83.90052674630267 seconds
503.2661466206112 P91 recvs B43 from P46 
503.34096520155316 P91 recvs B43 from P26 
503.3739719620267 P91 recvs B43 from P28 
503.39532356621976 P91 recvs B44 from P46 
503.39532356621976 P91 adds B44 to its tree
503.45813462906847 P91 recvs B43 from P0 
503.52680299655646 P91 recvs B44 from P42 
503.584861627971 P91 recvs B43 from P42 
503.5948991638728 P91 recvs B44 from P26 
503.6050031902023 P91 recvs B44 from P28 
503.9634000176817 P91 recvs B44 from P85 
504.60323204351397 P91 recvs B44 from P0 
526.653188497663 P91 recvs B45 from P28 
526.653188497663 P91 adds B45 to its tree
526.653188497663 P91 mines for 428.7436504814256 seconds
526.8310107038907 P91 recvs B45 from P0 
527.0058891829549 P91 recvs B45 from P85 
527.3815884011485 P91 recvs B45 from P26 
527.4165350038435 P91 recvs B45 from P46 
527.4658974749209 P91 recvs B45 from P42 
547.6544070512446 P91 recvs B46 from P26 
547.6544070512446 P91 adds B46 to its tree
547.6544070512446 P91 mines for 500.25144573001063 seconds
548.3025656309234 P91 recvs B46 from P42 
548.3687768017911 P91 recvs B46 from P28 
548.4885759381873 P91 recvs B46 from P85 
548.7637889586949 P91 recvs B46 from P46 
548.9545476903145 P91 recvs B46 from P0 
562.6258660775882 P91 recvs B47 from P28 
562.6258660775882 P91 adds B47 to its tree
562.6258660775882 P91 mines for 273.16179377668817 seconds
562.6849049354176 P91 recvs B47 from P0 
562.929396922826 P91 recvs B47 from P26 
563.1128417552934 P91 recvs B47 from P42 
563.1632621345603 P91 recvs B47 from P85 
563.2673458766802 P91 recvs B47 from P46 
566.0241690017773 P91 recvs B48 from P46 
566.0241690017773 P91 adds B48 to its tree
566.0241690017773 P91 mines for 629.9973604087164 seconds
566.2859682765279 P91 recvs B48 from P42 
566.427420682714 P91 recvs B48 from P26 
566.4444157545595 P91 recvs B48 from P28 
566.6417243453576 P91 recvs B48 from P85 
566.7785809958704 P91 recvs B48 from P0 
576.6437087924113 P91 recvs B49 from P46 
576.6437087924113 P91 adds B49 to its tree
576.6437087924113 P91 mines for 245.32370869950128 seconds
576.8201837338562 P91 recvs B49 from P42 
576.9727244479357 P91 recvs B49 from P28 
577.0086435512721 P91 recvs B49 from P26 
577.2480186607804 P91 recvs B49 from P85 
577.8498031482869 P91 recvs B49 from P0 
588.6928102743774 P91 recvs B50 from P85 
588.6928102743774 P91 adds B50 to its tree
588.6928102743774 P91 mines for 26.793003160719394 seconds
589.991892991497 P91 recvs B50 from P28 
590.0568340272197 P91 recvs B50 from P0 
590.5950297911508 P91 recvs B50 from P42 
590.754960036706 P91 recvs B50 from P46 
594.1512061441503 P91 recvs B51 from P85 
594.1512061441503 P91 adds B51 to its tree
594.1512061441503 P91 mines for 686.544641968334 seconds
594.2223475390781 P91 recvs B51 from P0 
594.6112200100266 P91 recvs B51 from P28 
594.6600533177914 P91 recvs B51 from P46 
594.8956709415288 P91 recvs B52 from P28 
594.8956709415288 P91 adds B52 to its tree
594.9536063856511 P91 recvs B51 from P26 
595.0892230389092 P91 recvs B52 from P0 
595.1337914110942 P91 recvs B51 from P42 
595.3642844232323 P91 recvs B52 from P85 
595.7436498636661 P91 recvs B52 from P46 
595.8482920959191 P91 recvs B52 from P26 
596.0117424344119 P91 recvs B52 from P42 
597.2574142787804 P91 recvs B53 from P28 
597.2574142787804 P91 adds B53 to its tree
597.2574142787804 P91 mines for 1387.890590672104 seconds
597.3162786105686 P91 recvs B53 from P85 
597.6307647472404 P91 recvs B53 from P0 
597.7140657668454 P91 recvs B53 from P26 
597.8597046376519 P91 recvs B53 from P46 
598.1543058696437 P91 recvs B53 from P42 
