0 P92 mines for 199.40291619303855 seconds
5.911240646215785 P92 recvs B2 from P57 
5.911240646215785 P92 adds B2 to its tree
5.911240646215785 P92 mines for 2071.3712131736015 seconds
6.432199046224275 P92 recvs B2 from P8 
6.48996432682052 P92 recvs B2 from P45 
7.428717366264043 P92 recvs B2 from P66 
7.557713048413837 P92 recvs B2 from P34 
17.766719876805972 P92 creates T92
23.938035537951848 P92 recvs B3 from P57 
23.938035537951848 P92 adds B3 to its tree
23.938035537951848 P92 mines for 2723.763007026786 seconds
24.925982491500505 P92 recvs B3 from P45 
25.476751870413104 P92 recvs B3 from P66 
70.92879458892689 P92 recvs B4 from P57 
70.92879458892689 P92 adds B4 to its tree
70.92879458892689 P92 mines for 359.9515126323589 seconds
71.24684416192406 P92 recvs B4 from P45 
71.27055909673737 P92 recvs B4 from P8 
71.94474063776136 P92 recvs B4 from P34 
72.42927429975703 P92 recvs B4 from P66 
76.15822876779252 P92 recvs B5 from P8 
76.15822876779252 P92 adds B5 to its tree
76.15822876779252 P92 mines for 12671.161528451208 seconds
77.35459169026672 P92 recvs B5 from P57 
77.9998062452509 P92 recvs B5 from P45 
78.59335454852787 P92 recvs B5 from P66 
86.84973930659095 P92 recvs B6 from P57 
86.84973930659095 P92 adds B6 to its tree
86.84973930659095 P92 mines for 4882.5037355509885 seconds
87.5364710545742 P92 recvs B6 from P45 
87.70666717926296 P92 recvs B6 from P8 
88.53811304214705 P92 recvs B6 from P34 
88.6230701557093 P92 recvs B6 from P66 
101.0921197950806 P92 recvs B7 from P57 
101.0921197950806 P92 adds B7 to its tree
101.0921197950806 P92 mines for 5678.614453431147 seconds
102.63993477346826 P92 recvs B7 from P45 
103.0415906367909 P92 recvs B7 from P66 
110.4856355584332 P92 recvs B8 from P8 
110.4856355584332 P92 adds B8 to its tree
110.4856355584332 P92 mines for 8363.980075182317 seconds
110.97444431038986 P92 recvs B8 from P57 
111.38896017858383 P92 recvs B8 from P45 
111.83314799216471 P92 recvs B8 from P66 
111.83678512061171 P92 recvs B8 from P34 
121.61599939512054 P92 recvs B9 from P57 
121.61599939512054 P92 adds B9 to its tree
121.61599939512054 P92 mines for 5385.762785724939 seconds
122.41496990975058 P92 recvs B9 from P8 
122.71264458926491 P92 recvs B9 from P45 
123.01443769078966 P92 recvs B9 from P66 
123.19638327739928 P92 recvs B9 from P34 
129.68647031489314 P92 recvs B10 from P57 
129.68647031489314 P92 adds B10 to its tree
129.68647031489314 P92 mines for 9236.3501047518 seconds
130.7116556163948 P92 recvs B10 from P45 
131.24297807169995 P92 recvs B10 from P66 
141.69796362447917 P92 recvs B11 from P8 
141.69796362447917 P92 adds B11 to its tree
141.69796362447917 P92 mines for 1898.0057108723583 seconds
142.17313091063662 P92 recvs B11 from P34 
142.28474291853144 P92 recvs B11 from P57 
143.0779651762925 P92 recvs B11 from P45 
143.32321987416566 P92 recvs B11 from P66 
156.38971409624114 P92 recvs B12 from P57 
156.38971409624114 P92 adds B12 to its tree
156.38971409624114 P92 mines for 2365.2924780812177 seconds
156.6238434035674 P92 recvs B12 from P8 
156.72161634908392 P92 recvs B12 from P45 
157.297396750474 P92 recvs B12 from P34 
157.78142699449555 P92 recvs B12 from P66 
169.9230081058846 P92 recvs B13 from P8 
169.9230081058846 P92 adds B13 to its tree
169.9230081058846 P92 mines for 15374.432009375138 seconds
170.27197924529267 P92 recvs B13 from P57 
171.30188622229704 P92 recvs B13 from P34 
171.45636978621368 P92 recvs B13 from P45 
171.89206008696902 P92 recvs B13 from P66 
185.44600191692078 P92 recvs B14 from P57 
185.44600191692078 P92 adds B14 to its tree
185.44600191692078 P92 mines for 893.6578136012472 seconds
185.85341323671264 P92 recvs B14 from P45 
186.36555520904955 P92 recvs B14 from P8 
186.6348974399843 P92 recvs B14 from P34 
187.03018324081955 P92 recvs B14 from P66 
202.2048843071611 P92 recvs B15 from P57 
202.2048843071611 P92 adds B15 to its tree
202.2048843071611 P92 mines for 1817.808220602099 seconds
202.6599608947786 P92 recvs B15 from P45 
203.25902898376057 P92 recvs B15 from P8 
203.56750965114912 P92 recvs B15 from P34 
203.85501593846328 P92 recvs B15 from P66 
212.30334778582764 P92 recvs B16 from P57 
212.30334778582764 P92 adds B16 to its tree
212.30334778582764 P92 mines for 1114.6922001703513 seconds
213.25740020172896 P92 recvs B16 from P45 
213.68607386254442 P92 recvs B17 from P57 
213.68607386254442 P92 adds B17 to its tree
213.75573731771325 P92 recvs B16 from P66 
214.16652001099064 P92 recvs B17 from P45 
214.66174695319194 P92 recvs B17 from P8 
214.70738784659275 P92 recvs B17 from P34 
215.34858324182085 P92 recvs B17 from P66 
220.3321633375431 P92 recvs B18 from P57 
220.3321633375431 P92 adds B18 to its tree
220.3321633375431 P92 mines for 11423.351090213013 seconds
220.68728437988779 P92 recvs B18 from P8 
221.20308348222625 P92 recvs B18 from P45 
221.74401714195895 P92 recvs B18 from P34 
222.09804837036552 P92 recvs B18 from P66 
222.38918460044536 P92 recvs B19 from P57 
222.38918460044536 P92 adds B19 to its tree
222.86910885099397 P92 recvs B19 from P8 
222.99509803124036 P92 recvs B19 from P45 
223.8935300717103 P92 recvs B19 from P34 
224.10353459574975 P92 recvs B19 from P66 
230.26966865055192 P92 recvs B20 from P57 
230.26966865055192 P92 adds B20 to its tree
230.26966865055192 P92 mines for 633.6948646898819 seconds
230.66595944773712 P92 recvs B20 from P45 
231.10552115388617 P92 recvs B20 from P8 
231.44646262484557 P92 recvs B20 from P34 
231.8836902042644 P92 recvs B20 from P66 
252.58793309735947 P92 recvs B21 from P8 
252.58793309735947 P92 adds B21 to its tree
252.58793309735947 P92 mines for 4233.436044413098 seconds
252.82844606946335 P92 recvs B21 from P57 
253.97488730656363 P92 recvs B21 from P34 
253.9824758735367 P92 recvs B21 from P45 
254.48180671298007 P92 recvs B21 from P66 
259.18518927641895 P92 recvs B22 from P57 
259.18518927641895 P92 adds B22 to its tree
259.18518927641895 P92 mines for 5412.590204454597 seconds
259.4925241075731 P92 recvs B22 from P8 
260.1512811155883 P92 recvs B22 from P45 
260.5653144392167 P92 recvs B22 from P34 
260.75802640665995 P92 recvs B22 from P66 
287.6855607381064 P92 recvs B23 from P57 
287.6855607381064 P92 adds B23 to its tree
287.6855607381064 P92 mines for 106.41651738191123 seconds
287.9460443486932 P92 recvs B23 from P8 
288.03845630323656 P92 recvs B23 from P45 
288.5995855807923 P92 recvs B23 from P34 
289.2400849892128 P92 recvs B23 from P66 
296.4115940430599 P92 recvs B24 from P57 
296.4115940430599 P92 adds B24 to its tree
296.4115940430599 P92 mines for 315.4829445309551 seconds
296.56767114090115 P92 recvs B24 from P8 
296.65452852154834 P92 recvs B24 from P34 
297.2299448140746 P92 recvs B24 from P45 
298.0339800347215 P92 recvs B24 from P66 
306.80774188036037 P92 recvs B25 from P57 
306.80774188036037 P92 adds B25 to its tree
306.80774188036037 P92 mines for 153.31551656335253 seconds
307.2019715208442 P92 recvs B25 from P8 
307.30603052259164 P92 recvs B26 from P57 
307.30603052259164 P92 adds B26 to its tree
307.8318622870104 P92 recvs B25 from P45 
308.21114138161147 P92 recvs B25 from P66 
308.2995457399494 P92 recvs B26 from P45 
308.31326100575006 P92 recvs B25 from P34 
308.76217897587827 P92 recvs B26 from P66 
340.074718267415 P92 recvs B27 from P57 
340.074718267415 P92 adds B27 to its tree
340.074718267415 P92 mines for 7976.448864932967 seconds
340.45249848952506 P92 recvs B27 from P8 
340.89300203034423 P92 recvs B27 from P45 
341.553183331584 P92 recvs B27 from P34 
341.774658028072 P92 recvs B27 from P66 
369.30877686893547 P92 recvs B28 from P57 
369.30877686893547 P92 adds B28 to its tree
369.30877686893547 P92 mines for 7063.49574727967 seconds
370.0735775116039 P92 recvs B28 from P45 
370.81647084276636 P92 recvs B28 from P8 
370.9356124754689 P92 recvs B28 from P66 
380.01418319755766 P92 recvs B29 from P57 
380.01418319755766 P92 adds B29 to its tree
380.01418319755766 P92 mines for 623.7898983566694 seconds
380.59658097720927 P92 recvs B29 from P45 
380.63596797158823 P92 recvs B29 from P8 
381.6385278862881 P92 recvs B29 from P66 
381.6724734802459 P92 recvs B29 from P34 
387.70829498060175 P92 recvs B30 from P57 
387.70829498060175 P92 adds B30 to its tree
387.70829498060175 P92 mines for 1098.8661745452323 seconds
388.2231087199113 P92 recvs B30 from P8 
388.23466032239696 P92 recvs B30 from P45 
388.7313735470906 P92 recvs B30 from P66 
388.80324490541756 P92 recvs B30 from P34 
395.743097963271 P92 recvs B31 from P57 
395.743097963271 P92 adds B31 to its tree
395.743097963271 P92 mines for 1540.2934766759777 seconds
396.1492557025629 P92 recvs B31 from P8 
396.6930311723125 P92 recvs B31 from P45 
397.26865375472516 P92 recvs B31 from P34 
397.50900382204145 P92 recvs B31 from P66 
401.8735989087824 P92 recvs B32 from P8 
401.8735989087824 P92 adds B32 to its tree
401.8735989087824 P92 mines for 24157.28956601722 seconds
402.6699993971208 P92 recvs B33 from P57 
402.6699993971208 P92 adds B33 to its tree
403.06798650245014 P92 recvs B32 from P57 
403.17772510199626 P92 recvs B33 from P8 
403.5943514616214 P92 recvs B33 from P45 
404.1956232255644 P92 recvs B33 from P34 
404.35771567992543 P92 recvs B33 from P66 
404.3696020063971 P92 recvs B32 from P66 
406.5424533189134 P92 recvs B34 from P57 
406.5424533189134 P92 adds B34 to its tree
406.5424533189134 P92 mines for 4073.54656027701 seconds
407.1329501602992 P92 recvs B34 from P45 
407.23125407343304 P92 recvs B34 from P8 
408.1218493520048 P92 recvs B34 from P66 
408.2766683550241 P92 recvs B34 from P34 
436.24418822508096 P92 recvs B35 from P57 
436.24418822508096 P92 adds B35 to its tree
436.24418822508096 P92 mines for 1428.7931354397529 seconds
436.72076891884967 P92 recvs B35 from P45 
437.2344242399285 P92 recvs B35 from P8 
437.52675569397917 P92 recvs B35 from P34 
437.81387759554786 P92 recvs B35 from P66 
438.91642603756793 P92 recvs B36 from P57 
438.91642603756793 P92 adds B36 to its tree
438.91642603756793 P92 mines for 1384.6029583878797 seconds
439.5199974015194 P92 recvs B36 from P66 
439.8439944971942 P92 recvs B36 from P8 
439.98420905809405 P92 recvs B36 from P45 
440.95452659679523 P92 recvs B36 from P34 
446.91770463501143 P92 recvs B37 from P57 
446.91770463501143 P92 adds B37 to its tree
446.91770463501143 P92 mines for 4871.199327803655 seconds
446.95662841441793 P92 recvs B38 from P57 
446.95662841441793 P92 adds B38 to its tree
447.4325996329888 P92 recvs B37 from P8 
447.450602462271 P92 recvs B38 from P8 
447.46912800084266 P92 recvs B38 from P45 
447.497679949439 P92 recvs B37 from P45 
447.6718291102093 P92 recvs B37 from P66 
448.22973307360894 P92 recvs B38 from P34 
448.57970421000834 P92 recvs B37 from P34 
448.7255275001402 P92 recvs B38 from P66 
456.52820618456013 P92 recvs B39 from P57 
456.52820618456013 P92 adds B39 to its tree
456.52820618456013 P92 mines for 520.1045955730153 seconds
456.73379610587745 P92 recvs B39 from P8 
456.8521363283736 P92 recvs B39 from P66 
457.2479794885562 P92 recvs B39 from P45 
457.76499227931697 P92 recvs B39 from P34 
476.3754160348454 P92 recvs B40 from P57 
476.3754160348454 P92 adds B40 to its tree
476.3754160348454 P92 mines for 16.863740262798505 seconds
476.73868320614275 P92 recvs B40 from P8 
477.3100288449193 P92 recvs B40 from P45 
477.81079169581153 P92 recvs B40 from P34 
478.0508122100693 P92 recvs B40 from P66 
483.4432066739635 P92 recvs B41 from P57 
483.4432066739635 P92 adds B41 to its tree
483.4432066739635 P92 mines for 8975.063423309737 seconds
484.09832975684554 P92 recvs B41 from P45 
484.4387659445392 P92 recvs B41 from P8 
485.09161340678884 P92 recvs B41 from P66 
485.205829594588 P92 recvs B41 from P34 
493.8807173440013 P92 recvs B42 from P57 
493.8807173440013 P92 adds B42 to its tree
493.8807173440013 P92 mines for 3752.774157316577 seconds
494.35996173400446 P92 recvs B42 from P45 
494.4415074478106 P92 recvs B42 from P8 
495.19518067780535 P92 recvs B42 from P34 
495.53226403914516 P92 recvs B42 from P66 
501.8305576212876 P92 recvs B43 from P57 
501.8305576212876 P92 adds B43 to its tree
501.8305576212876 P92 mines for 716.6372167882163 seconds
502.17167020962955 P92 recvs B44 from P57 
502.17167020962955 P92 adds B44 to its tree
502.3312209107731 P92 recvs B43 from P8 
503.1508108080745 P92 recvs B44 from P45 
503.3639663594525 P92 recvs B43 from P45 
503.7986094984653 P92 recvs B44 from P66 
503.89978428758207 P92 recvs B43 from P66 
526.1720897956517 P92 recvs B45 from P57 
526.1720897956517 P92 adds B45 to its tree
526.1720897956517 P92 mines for 5382.33340612093 seconds
526.7101340975696 P92 recvs B45 from P45 
526.9058328629317 P92 recvs B45 from P8 
527.8676271255611 P92 recvs B45 from P34 
527.9154665072068 P92 recvs B45 from P66 
547.5807345325716 P92 recvs B46 from P57 
547.5807345325716 P92 adds B46 to its tree
547.5807345325716 P92 mines for 1813.6298496113134 seconds
548.2972990476744 P92 recvs B46 from P8 
548.5664058384763 P92 recvs B46 from P45 
548.9782621786198 P92 recvs B46 from P66 
549.0767360709805 P92 recvs B46 from P34 
562.0780475581288 P92 recvs B47 from P57 
562.0780475581288 P92 adds B47 to its tree
562.0780475581288 P92 mines for 4498.371833400204 seconds
562.5152111426899 P92 recvs B47 from P45 
562.9841369073682 P92 recvs B47 from P8 
563.3207147784761 P92 recvs B47 from P34 
563.8216052217514 P92 recvs B47 from P66 
564.8748513309182 P92 recvs B48 from P57 
564.8748513309182 P92 adds B48 to its tree
564.8748513309182 P92 mines for 8002.2833591124045 seconds
565.6377065306709 P92 recvs B48 from P45 
566.4412390040906 P92 recvs B48 from P66 
575.4677163345852 P92 recvs B49 from P57 
575.4677163345852 P92 adds B49 to its tree
575.4677163345852 P92 mines for 11868.470293932869 seconds
576.4892757668517 P92 recvs B49 from P45 
577.0168287647521 P92 recvs B49 from P66 
588.4614002622917 P92 recvs B50 from P8 
588.4614002622917 P92 adds B50 to its tree
588.4614002622917 P92 mines for 1072.219534143773 seconds
589.5874868035789 P92 recvs B50 from P57 
590.2487010018293 P92 recvs B50 from P45 
591.0969725909962 P92 recvs B50 from P66 
593.867692785138 P92 recvs B51 from P57 
593.867692785138 P92 adds B51 to its tree
593.867692785138 P92 mines for 5572.075456365776 seconds
593.9878255379047 P92 recvs B51 from P8 
594.1198987798955 P92 recvs B51 from P34 
594.5577650533252 P92 recvs B52 from P57 
594.5577650533252 P92 adds B52 to its tree
594.8435072797207 P92 recvs B51 from P45 
595.116637310484 P92 recvs B52 from P45 
595.1713842852904 P92 recvs B52 from P8 
595.536868307663 P92 recvs B51 from P66 
596.2277126611986 P92 recvs B52 from P34 
596.2558701955825 P92 recvs B52 from P66 
596.6971991175075 P92 recvs B53 from P57 
596.6971991175075 P92 adds B53 to its tree
596.6971991175075 P92 mines for 3994.9403641639287 seconds
597.1332411998129 P92 recvs B53 from P8 
597.193720050556 P92 recvs B53 from P66 
597.621410477702 P92 recvs B53 from P45 
598.2752206722889 P92 recvs B53 from P34 
