0 P93 mines for 297.0521385655392 seconds
6.134787524102315 P93 recvs B2 from P64 
6.134787524102315 P93 adds B2 to its tree
6.134787524102315 P93 mines for 995.7501276133172 seconds
6.35320697602886 P93 recvs B2 from P21 
6.872937299687186 P93 recvs B2 from P40 
7.0015807641842605 P93 recvs B2 from P78 
7.285601983415488 P93 recvs B2 from P77 
9.722035176593428 P93 creates T79
18.16258683924658 P93 creates T93
24.564915027035415 P93 recvs B3 from P21 
24.564915027035415 P93 adds B3 to its tree
24.564915027035415 P93 mines for 1867.440302348197 seconds
25.25376030176409 P93 recvs B3 from P78 
25.905845879152615 P93 recvs B3 from P64 
26.034907066555043 P93 recvs B3 from P40 
26.379214807432312 P93 recvs B3 from P77 
71.20159454325128 P93 recvs B4 from P77 
71.20159454325128 P93 adds B4 to its tree
71.20159454325128 P93 mines for 1113.5822662430028 seconds
71.3143338175114 P93 recvs B4 from P21 
71.9559909072705 P93 recvs B4 from P64 
72.19146058727824 P93 recvs B4 from P40 
72.33026810442476 P93 recvs B4 from P78 
77.79886853650402 P93 recvs B5 from P21 
77.79886853650402 P93 adds B5 to its tree
77.79886853650402 P93 mines for 76.12837952292742 seconds
78.42254975717918 P93 recvs B5 from P78 
78.657842290352 P93 recvs B5 from P40 
78.94596416358596 P93 recvs B5 from P77 
78.94784172314563 P93 recvs B5 from P64 
87.37153923781673 P93 recvs B6 from P21 
87.37153923781673 P93 adds B6 to its tree
87.37153923781673 P93 mines for 1289.2476758246025 seconds
87.9757858890235 P93 recvs B6 from P77 
88.08368521125168 P93 recvs B6 from P40 
88.1562686499376 P93 recvs B6 from P78 
88.69123949989782 P93 recvs B6 from P64 
102.24702932766232 P93 recvs B7 from P21 
102.24702932766232 P93 adds B7 to its tree
102.24702932766232 P93 mines for 422.2264449503171 seconds
103.03723832393942 P93 recvs B7 from P78 
103.14970785230469 P93 recvs B7 from P40 
103.58747920962004 P93 recvs B7 from P64 
104.0760779335254 P93 recvs B7 from P77 
111.04424461643751 P93 recvs B8 from P77 
111.04424461643751 P93 adds B8 to its tree
111.04424461643751 P93 mines for 222.23815895336224 seconds
111.250264495531 P93 recvs B8 from P21 
111.54585994391205 P93 recvs B8 from P64 
111.92433699763168 P93 recvs B8 from P40 
112.25546050639639 P93 recvs B8 from P78 
122.31038736492366 P93 recvs B9 from P21 
122.31038736492366 P93 adds B9 to its tree
122.31038736492366 P93 mines for 119.34599621404818 seconds
122.94528363378545 P93 recvs B9 from P78 
122.9818733069587 P93 recvs B9 from P64 
123.40374611210653 P93 recvs B9 from P77 
123.68766905949443 P93 recvs B9 from P40 
130.40366099901652 P93 recvs B10 from P21 
130.40366099901652 P93 adds B10 to its tree
130.40366099901652 P93 mines for 12.367253045633834 seconds
131.03489849577275 P93 recvs B10 from P78 
131.7478695470551 P93 recvs B10 from P40 
131.7543004434567 P93 recvs B10 from P64 
132.19568382356732 P93 recvs B10 from P77 
142.24997186479612 P93 recvs B11 from P40 
142.24997186479612 P93 adds B11 to its tree
142.24997186479612 P93 mines for 526.4984766124046 seconds
142.8910933236549 P93 recvs B11 from P21 
143.24659142537385 P93 recvs B11 from P78 
143.50686687295325 P93 recvs B11 from P77 
143.9911920211039 P93 recvs B11 from P64 
156.63126892949185 P93 recvs B12 from P21 
156.63126892949185 P93 adds B12 to its tree
156.63126892949185 P93 mines for 217.53303113566255 seconds
156.6382908468526 P93 recvs B12 from P77 
157.38910166608977 P93 recvs B12 from P64 
157.6210137503692 P93 recvs B12 from P40 
157.7213450368034 P93 recvs B12 from P78 
171.1497870056959 P93 recvs B13 from P21 
171.1497870056959 P93 adds B13 to its tree
171.1497870056959 P93 mines for 470.9182388129018 seconds
171.3141796226327 P93 recvs B13 from P77 
171.4526070428968 P93 recvs B13 from P64 
171.95911809088835 P93 recvs B13 from P78 
172.0788803994317 P93 recvs B13 from P40 
186.0422495087803 P93 recvs B14 from P21 
186.0422495087803 P93 adds B14 to its tree
186.0422495087803 P93 mines for 375.3169172811648 seconds
186.09854399915636 P93 recvs B14 from P64 
186.2930996249828 P93 recvs B14 from P40 
186.41963534771213 P93 recvs B14 from P77 
186.92132484932432 P93 recvs B14 from P78 
201.55770078346302 P93 recvs B15 from P40 
201.55770078346302 P93 adds B15 to its tree
201.55770078346302 P93 mines for 681.1276109485882 seconds
202.23651975599074 P93 recvs B15 from P21 
203.47531793203208 P93 recvs B15 from P77 
203.53278432359147 P93 recvs B15 from P64 
212.88798842165158 P93 recvs B16 from P21 
212.88798842165158 P93 adds B16 to its tree
212.88798842165158 P93 mines for 711.1355216675828 seconds
213.69764766353734 P93 recvs B16 from P78 
214.2294410264728 P93 recvs B16 from P64 
214.29013018986927 P93 recvs B17 from P21 
214.29013018986927 P93 adds B17 to its tree
214.3490026784257 P93 recvs B16 from P40 
214.6981240154229 P93 recvs B17 from P40 
214.73763327633077 P93 recvs B16 from P77 
214.8175215490966 P93 recvs B17 from P77 
215.01421478951016 P93 recvs B17 from P78 
215.28317527671436 P93 recvs B17 from P64 
220.97797315100559 P93 recvs B18 from P21 
220.97797315100559 P93 adds B18 to its tree
220.97797315100559 P93 mines for 426.31721752528654 seconds
221.13822027553633 P93 recvs B18 from P64 
221.23209885198804 P93 recvs B18 from P40 
221.56318842589351 P93 recvs B18 from P78 
221.95201503208597 P93 recvs B19 from P40 
221.95201503208597 P93 adds B19 to its tree
222.19955350732155 P93 recvs B18 from P77 
222.62027790765052 P93 recvs B19 from P21 
223.15158570336385 P93 recvs B19 from P78 
223.21851744758854 P93 recvs B19 from P64 
223.66694149999398 P93 recvs B19 from P77 
230.73144093423025 P93 recvs B20 from P21 
230.73144093423025 P93 adds B20 to its tree
230.73144093423025 P93 mines for 2078.4151382791997 seconds
230.78320234451246 P93 recvs B20 from P64 
231.05350178160907 P93 recvs B20 from P40 
231.2161236119612 P93 recvs B20 from P77 
231.80535877160298 P93 recvs B20 from P78 
253.6488571786201 P93 recvs B21 from P21 
253.6488571786201 P93 adds B21 to its tree
253.6488571786201 P93 mines for 448.56492796895174 seconds
253.93142554402306 P93 recvs B21 from P77 
253.96224197296223 P93 recvs B21 from P64 
254.66103598346967 P93 recvs B21 from P78 
254.77017809899436 P93 recvs B21 from P40 
259.70636586696503 P93 recvs B22 from P21 
259.70636586696503 P93 adds B22 to its tree
259.70636586696503 P93 mines for 809.171490188616 seconds
259.8981234421823 P93 recvs B22 from P64 
259.9239599291718 P93 recvs B22 from P40 
260.2235023888412 P93 recvs B22 from P78 
261.15389029617745 P93 recvs B22 from P77 
288.0456262750099 P93 recvs B23 from P77 
288.0456262750099 P93 adds B23 to its tree
288.0456262750099 P93 mines for 3147.6831821345268 seconds
288.1290865117275 P93 recvs B23 from P21 
288.6438124356111 P93 recvs B23 from P64 
288.8610918327118 P93 recvs B23 from P40 
288.94550568431384 P93 recvs B23 from P78 
296.1919889136616 P93 recvs B24 from P21 
296.1919889136616 P93 adds B24 to its tree
296.1919889136616 P93 mines for 780.4364920462286 seconds
296.84769491351153 P93 recvs B24 from P77 
297.0036711727581 P93 recvs B24 from P78 
297.45027234872947 P93 recvs B24 from P64 
307.59507677153175 P93 recvs B25 from P78 
307.59507677153175 P93 adds B25 to its tree
307.59507677153175 P93 mines for 1032.369456156079 seconds
307.6317419378565 P93 recvs B25 from P21 
307.76536703512505 P93 recvs B25 from P40 
307.76820601847834 P93 recvs B25 from P64 
307.95949877844197 P93 recvs B26 from P21 
307.95949877844197 P93 adds B26 to its tree
308.1741537483748 P93 recvs B25 from P77 
308.6129733231777 P93 recvs B26 from P64 
308.7051582431783 P93 recvs B26 from P78 
309.19303532897527 P93 recvs B26 from P40 
309.36358672214567 P93 recvs B26 from P77 
340.7495699558666 P93 recvs B27 from P21 
340.7495699558666 P93 adds B27 to its tree
340.7495699558666 P93 mines for 27.121252577680142 seconds
341.4109252488503 P93 recvs B27 from P78 
341.9279023423694 P93 recvs B27 from P64 
342.01281456939734 P93 recvs B27 from P40 
342.1786684316015 P93 recvs B27 from P77 
367.87082253354674 P93 mines B28
380.2819878873251 P93 recvs B29 from P64 
380.2819878873251 P93 adds B29 to its tree
380.2819878873251 P93 mines for 1401.3007934616826 seconds
380.55426308075 P93 recvs B29 from P21 
381.0711423505908 P93 recvs B29 from P78 
381.07315830072537 P93 recvs B29 from P40 
381.55468164564854 P93 recvs B29 from P77 
387.04735557692953 P93 recvs B30 from P78 
387.04735557692953 P93 adds B30 to its tree
387.04735557692953 P93 mines for 92.02893460737909 seconds
388.0220763580089 P93 recvs B30 from P21 
388.7071826234844 P93 recvs B30 from P40 
388.97671349210856 P93 recvs B30 from P64 
389.00260631212285 P93 recvs B30 from P77 
395.80226904862974 P93 recvs B31 from P21 
395.80226904862974 P93 adds B31 to its tree
395.80226904862974 P93 mines for 227.63458666289347 seconds
397.03697116997836 P93 recvs B31 from P78 
397.5967321261479 P93 recvs B31 from P64 
397.9916524947803 P93 recvs B31 from P77 
403.2107266377797 P93 recvs B33 from P21 
403.2107266377797 P93 adds B33 to its tree
403.2107266377797 P93 mines for 1042.306785892713 seconds
403.465453390322 P93 recvs B33 from P64 
403.59915727553573 P93 recvs B33 from P40 
403.6035528207424 P93 recvs B32 from P21 
403.6035528207424 P93 adds B32 to its tree
403.9675590644052 P93 recvs B33 from P78 
404.251558055177 P93 recvs B32 from P40 
404.25890099172386 P93 recvs B32 from P78 
404.53653714277897 P93 recvs B32 from P64 
404.5596797284297 P93 recvs B33 from P77 
404.662715463161 P93 recvs B32 from P77 
407.0481158846028 P93 recvs B34 from P21 
407.0481158846028 P93 adds B34 to its tree
407.0481158846028 P93 mines for 42.50184349313957 seconds
407.50080989880684 P93 recvs B34 from P40 
407.63180555265353 P93 recvs B34 from P78 
408.0393993813111 P93 recvs B34 from P77 
408.52704165004906 P93 recvs B34 from P64 
435.580057656542 P93 recvs B35 from P40 
435.580057656542 P93 adds B35 to its tree
435.580057656542 P93 mines for 497.1851417121396 seconds
436.24974895508285 P93 recvs B35 from P21 
437.44508520685565 P93 recvs B35 from P64 
437.5005256047499 P93 recvs B35 from P77 
439.51518671294235 P93 recvs B36 from P21 
439.51518671294235 P93 adds B36 to its tree
439.51518671294235 P93 mines for 326.9198312032424 seconds
439.780380243171 P93 recvs B36 from P77 
440.1851075292296 P93 recvs B36 from P64 
440.77668948911116 P93 recvs B36 from P78 
440.908574523556 P93 recvs B36 from P40 
447.123446646246 P93 recvs B37 from P21 
447.123446646246 P93 adds B37 to its tree
447.123446646246 P93 mines for 59.11234719086094 seconds
447.39881867839614 P93 recvs B38 from P21 
447.39881867839614 P93 adds B38 to its tree
447.8887631036391 P93 recvs B37 from P78 
447.90572017424756 P93 recvs B37 from P40 
448.07369141099844 P93 recvs B38 from P77 
448.13104137222797 P93 recvs B37 from P77 
448.25443447817077 P93 recvs B38 from P78 
448.2769450299275 P93 recvs B38 from P40 
448.5910650148769 P93 recvs B38 from P64 
448.65551664237853 P93 recvs B37 from P64 
456.4767354671772 P93 recvs B39 from P21 
456.4767354671772 P93 adds B39 to its tree
456.4767354671772 P93 mines for 841.9865340202507 seconds
457.0434922353056 P93 recvs B39 from P77 
457.54486518873875 P93 recvs B39 from P78 
457.55623551009325 P93 recvs B39 from P64 
476.92052253158914 P93 recvs B40 from P21 
476.92052253158914 P93 adds B40 to its tree
476.92052253158914 P93 mines for 53.08732785144174 seconds
477.46212393514867 P93 recvs B40 from P78 
478.186882581597 P93 recvs B40 from P40 
478.2720627391609 P93 recvs B40 from P64 
478.4329904931315 P93 recvs B40 from P77 
483.9158338726024 P93 recvs B41 from P21 
483.9158338726024 P93 adds B41 to its tree
483.9158338726024 P93 mines for 133.79080750310897 seconds
484.5383500654159 P93 recvs B41 from P77 
484.8382987072688 P93 recvs B41 from P78 
485.100473405253 P93 recvs B41 from P40 
485.30072279014524 P93 recvs B41 from P64 
494.226736625278 P93 recvs B42 from P21 
494.226736625278 P93 adds B42 to its tree
494.226736625278 P93 mines for 317.55153917904664 seconds
494.7815049349345 P93 recvs B42 from P78 
494.85065049226637 P93 recvs B42 from P40 
495.08500503592444 P93 recvs B42 from P77 
495.6300709858105 P93 recvs B42 from P64 
502.8830043357573 P93 recvs B44 from P21 
502.8830043357573 P93 adds B44 to its tree
502.8830043357573 P93 mines for 966.5058122095281 seconds
503.0865840851344 P93 recvs B43 from P21 
503.0865840851344 P93 adds B43 to its tree
503.1617486087354 P93 recvs B43 from P78 
503.5899444276074 P93 recvs B44 from P78 
503.6298660540414 P93 recvs B43 from P77 
503.6324378655328 P93 recvs B44 from P64 
503.9400217038021 P93 recvs B43 from P40 
504.17605436554084 P93 recvs B43 from P64 
504.2149387820741 P93 recvs B44 from P40 
504.335120708239 P93 recvs B44 from P77 
526.513557578255 P93 recvs B45 from P64 
526.513557578255 P93 adds B45 to its tree
526.513557578255 P93 mines for 310.690277365523 seconds
526.6923173135893 P93 recvs B45 from P21 
527.2331257035066 P93 recvs B45 from P40 
527.2385435397364 P93 recvs B45 from P78 
527.716380388397 P93 recvs B45 from P77 
548.299704622249 P93 recvs B46 from P21 
548.299704622249 P93 adds B46 to its tree
548.299704622249 P93 mines for 73.20796631711944 seconds
548.7931694375709 P93 recvs B46 from P78 
548.9496488392253 P93 recvs B46 from P64 
549.3412646509232 P93 recvs B46 from P77 
549.8352314805666 P93 recvs B46 from P40 
562.5889749555445 P93 recvs B47 from P21 
562.5889749555445 P93 adds B47 to its tree
562.5889749555445 P93 mines for 239.61159866769262 seconds
562.6195946484344 P93 recvs B47 from P64 
562.8436741422495 P93 recvs B47 from P40 
562.9958185320246 P93 recvs B47 from P77 
563.4901794031871 P93 recvs B47 from P78 
565.3219878355757 P93 recvs B48 from P21 
565.3219878355757 P93 adds B48 to its tree
565.3219878355757 P93 mines for 160.80149541210292 seconds
566.5575458150986 P93 recvs B48 from P40 
566.8211789875451 P93 recvs B48 from P78 
567.0168737578183 P93 recvs B48 from P64 
567.3292913503486 P93 recvs B48 from P77 
576.1819061301902 P93 recvs B49 from P21 
576.1819061301902 P93 adds B49 to its tree
576.1819061301902 P93 mines for 1550.3845003523156 seconds
576.884804303344 P93 recvs B49 from P64 
576.9690815517115 P93 recvs B49 from P78 
577.462969176268 P93 recvs B49 from P40 
577.5570611495876 P93 recvs B49 from P77 
590.1492070948967 P93 recvs B50 from P21 
590.1492070948967 P93 adds B50 to its tree
590.1492070948967 P93 mines for 206.08394138555857 seconds
590.7894837562616 P93 recvs B50 from P40 
590.7911077418927 P93 recvs B50 from P78 
591.0977450792983 P93 recvs B50 from P64 
591.1466085111225 P93 recvs B50 from P77 
593.7550253477367 P93 recvs B51 from P21 
593.7550253477367 P93 adds B51 to its tree
593.7550253477367 P93 mines for 299.14523269146963 seconds
594.4197164430674 P93 recvs B51 from P78 
594.4360967978903 P93 recvs B51 from P77 
595.0547095962787 P93 recvs B52 from P21 
595.0547095962787 P93 adds B52 to its tree
595.0784278991657 P93 recvs B51 from P64 
595.5028897929155 P93 recvs B52 from P40 
595.5774021053685 P93 recvs B52 from P78 
596.2039616711382 P93 recvs B52 from P77 
596.6709923866362 P93 recvs B52 from P64 
596.7808451355291 P93 recvs B53 from P21 
596.7808451355291 P93 adds B53 to its tree
596.7808451355291 P93 mines for 500.32864640043954 seconds
597.4361453501124 P93 recvs B53 from P77 
597.9699036884361 P93 recvs B53 from P64 
597.9925244728641 P93 recvs B53 from P78 
