0 P94 mines for 99.26784419559351 seconds
0.05663250590596015 P94 creates T2
6.537448579530008 P94 recvs B2 from P82 
6.537448579530008 P94 adds B2 to its tree
6.537448579530008 P94 mines for 825.2491547881609 seconds
6.93581641833925 P94 recvs B2 from P89 
7.039933797442955 P94 recvs B2 from P58 
7.575626586736573 P94 recvs B2 from P59 
25.420773000019782 P94 recvs B3 from P89 
25.420773000019782 P94 adds B3 to its tree
25.420773000019782 P94 mines for 160.26447895348073 seconds
25.66620677049918 P94 recvs B3 from P58 
25.78251989505917 P94 recvs B3 from P82 
25.912779602776457 P94 recvs B3 from P59 
70.20466711503323 P94 recvs B4 from P89 
70.20466711503323 P94 adds B4 to its tree
70.20466711503323 P94 mines for 394.3294556594428 seconds
71.12920127894111 P94 recvs B4 from P58 
72.22690061211048 P94 recvs B4 from P59 
76.97585754798958 P94 recvs B5 from P82 
76.97585754798958 P94 adds B5 to its tree
76.97585754798958 P94 mines for 139.81174318919537 seconds
78.24362421815755 P94 recvs B5 from P89 
78.5463285810571 P94 recvs B5 from P59 
87.00621921883747 P94 recvs B6 from P89 
87.00621921883747 P94 adds B6 to its tree
87.00621921883747 P94 mines for 674.5128055850605 seconds
87.7986281564847 P94 recvs B6 from P82 
87.92894939068545 P94 recvs B6 from P58 
88.80356512709234 P94 recvs B6 from P59 
103.01226944596159 P94 recvs B7 from P89 
103.01226944596159 P94 adds B7 to its tree
103.01226944596159 P94 mines for 908.7392887803653 seconds
103.24753768737624 P94 recvs B7 from P58 
103.4615658222321 P94 recvs B7 from P82 
103.58126034468783 P94 recvs B7 from P59 
110.45941878375483 P94 recvs B8 from P82 
110.45941878375483 P94 adds B8 to its tree
110.45941878375483 P94 mines for 115.78543021994152 seconds
110.76250924288638 P94 recvs B8 from P58 
111.80708085670264 P94 recvs B8 from P89 
122.36526048078629 P94 recvs B9 from P89 
122.36526048078629 P94 adds B9 to its tree
122.36526048078629 P94 mines for 389.1877954362535 seconds
123.27184844061345 P94 recvs B9 from P58 
123.47208006965067 P94 recvs B9 from P82 
123.5790252289883 P94 recvs B9 from P59 
131.18406224977414 P94 recvs B10 from P89 
131.18406224977414 P94 adds B10 to its tree
131.18406224977414 P94 mines for 579.8079942341826 seconds
131.39069021240658 P94 recvs B10 from P58 
131.6594755198787 P94 recvs B10 from P82 
131.66602767606958 P94 recvs B10 from P59 
142.17054049908828 P94 recvs B11 from P82 
142.17054049908828 P94 adds B11 to its tree
142.17054049908828 P94 mines for 1747.8472434103492 seconds
142.70996489632114 P94 recvs B11 from P59 
142.86956491289112 P94 recvs B11 from P89 
155.66333700348807 P94 recvs B12 from P89 
155.66333700348807 P94 adds B12 to its tree
155.66333700348807 P94 mines for 1642.5807316610878 seconds
157.43204809166875 P94 recvs B12 from P59 
170.2938994882317 P94 recvs B13 from P82 
170.2938994882317 P94 adds B13 to its tree
170.2938994882317 P94 mines for 194.9526153978374 seconds
170.41293016055553 P94 recvs B13 from P89 
170.99887394649036 P94 recvs B13 from P58 
171.06037249930432 P94 recvs B13 from P59 
185.27910032009004 P94 recvs B14 from P82 
185.27910032009004 P94 adds B14 to its tree
185.27910032009004 P94 mines for 498.2130467394158 seconds
186.51572765400596 P94 recvs B14 from P89 
203.02555806337944 P94 recvs B15 from P82 
203.02555806337944 P94 adds B15 to its tree
203.02555806337944 P94 mines for 1004.209722971013 seconds
203.19369165003707 P94 recvs B15 from P89 
203.37568338694916 P94 recvs B15 from P58 
204.00599359659773 P94 recvs B15 from P59 
213.29645517622933 P94 recvs B17 from P82 
213.29645517622933 P94 adds B17 to its tree
213.29645517622933 P94 mines for 70.61913705076206 seconds
213.66142065027444 P94 recvs B16 from P89 
213.66142065027444 P94 adds B16 to its tree
213.93987729367205 P94 recvs B16 from P58 
214.10131110107005 P94 recvs B16 from P82 
214.31447873595712 P94 recvs B16 from P59 
221.22444427475403 P94 recvs B18 from P89 
221.22444427475403 P94 adds B18 to its tree
221.22444427475403 P94 mines for 475.8045380860595 seconds
221.6038028424018 P94 recvs B18 from P82 
221.69985171571815 P94 recvs B18 from P59 
222.80037502549527 P94 recvs B19 from P89 
222.80037502549527 P94 adds B19 to its tree
222.80096532579705 P94 recvs B19 from P82 
223.58865097964016 P94 recvs B19 from P58 
223.88917921372604 P94 recvs B19 from P59 
230.07573525766185 P94 recvs B20 from P82 
230.07573525766185 P94 adds B20 to its tree
230.07573525766185 P94 mines for 309.20416008360996 seconds
231.2828393630972 P94 recvs B20 from P89 
252.9185166813572 P94 recvs B21 from P89 
252.9185166813572 P94 adds B21 to its tree
252.9185166813572 P94 mines for 422.4668801873402 seconds
252.94622901252563 P94 recvs B21 from P82 
253.62967429179724 P94 recvs B21 from P59 
253.83061920281486 P94 recvs B21 from P58 
260.0044607929385 P94 recvs B22 from P89 
260.0044607929385 P94 adds B22 to its tree
260.0044607929385 P94 mines for 382.47648279881435 seconds
260.2847751050547 P94 recvs B22 from P82 
260.4341648123729 P94 recvs B22 from P59 
260.80749976521116 P94 recvs B22 from P58 
287.0181500231941 P94 recvs B23 from P89 
287.0181500231941 P94 adds B23 to its tree
287.0181500231941 P94 mines for 1735.9153485468012 seconds
288.1285371818298 P94 recvs B23 from P82 
288.8901326913387 P94 recvs B23 from P59 
296.2661894795325 P94 recvs B24 from P82 
296.2661894795325 P94 adds B24 to its tree
296.2661894795325 P94 mines for 225.200937437474 seconds
296.51484400028744 P94 recvs B24 from P58 
297.2709090562466 P94 recvs B24 from P89 
297.9230325248311 P94 recvs B24 from P59 
307.1703071683837 P94 recvs B25 from P89 
307.1703071683837 P94 adds B25 to its tree
307.1703071683837 P94 mines for 305.74107350829263 seconds
307.6645092092949 P94 recvs B26 from P58 
307.6645092092949 P94 adds B26 to its tree
307.9508964785338 P94 recvs B25 from P82 
308.0533033828909 P94 recvs B25 from P58 
308.3123750250726 P94 recvs B25 from P59 
308.5983662622225 P94 recvs B26 from P89 
341.04122575159664 P94 recvs B27 from P59 
341.04122575159664 P94 adds B27 to its tree
341.04122575159664 P94 mines for 210.06031296904683 seconds
341.2919122937363 P94 recvs B27 from P82 
341.6835846687912 P94 recvs B27 from P89 
341.8184374452546 P94 recvs B27 from P58 
370.6418934822544 P94 recvs B28 from P59 
370.6418934822544 P94 adds B28 to its tree
370.6418934822544 P94 mines for 340.831304234224 seconds
370.6550354012377 P94 recvs B28 from P58 
370.8537039501881 P94 recvs B28 from P89 
370.92194556898687 P94 recvs B28 from P82 
380.79075219310806 P94 recvs B29 from P82 
380.79075219310806 P94 adds B29 to its tree
380.79075219310806 P94 mines for 79.09286016528944 seconds
381.13671449891467 P94 recvs B29 from P58 
381.20076071756233 P94 recvs B29 from P89 
381.75220238092015 P94 recvs B29 from P59 
388.2884676085649 P94 recvs B30 from P82 
388.2884676085649 P94 adds B30 to its tree
388.2884676085649 P94 mines for 1693.271357869082 seconds
388.6556598986687 P94 recvs B30 from P58 
388.7873818120135 P94 recvs B30 from P89 
389.43219565225183 P94 recvs B30 from P59 
396.13792215834144 P94 recvs B31 from P59 
396.13792215834144 P94 adds B31 to its tree
396.13792215834144 P94 mines for 958.1903533371265 seconds
397.06211099700187 P94 recvs B31 from P82 
397.4192473201767 P94 recvs B31 from P89 
402.67283940650606 P94 recvs B32 from P82 
402.67283940650606 P94 adds B32 to its tree
402.67283940650606 P94 mines for 237.27553966288787 seconds
403.5738954228458 P94 recvs B33 from P89 
403.5738954228458 P94 adds B33 to its tree
403.9633721856062 P94 recvs B33 from P82 
404.0031249542366 P94 recvs B32 from P89 
404.04262378711655 P94 recvs B33 from P59 
404.2256957758622 P94 recvs B32 from P59 
404.50408948859587 P94 recvs B33 from P58 
407.29266456773917 P94 recvs B34 from P82 
407.29266456773917 P94 adds B34 to its tree
407.29266456773917 P94 mines for 246.35784565221115 seconds
407.64948356108476 P94 recvs B34 from P89 
407.73563246509025 P94 recvs B34 from P58 
408.24840036263413 P94 recvs B34 from P59 
437.0974724786497 P94 recvs B35 from P82 
437.0974724786497 P94 adds B35 to its tree
437.0974724786497 P94 mines for 11.225547115609189 seconds
437.1367312927966 P94 recvs B35 from P89 
437.4093946527927 P94 recvs B35 from P58 
437.9672041652327 P94 recvs B35 from P59 
438.03115093304416 P94 recvs B36 from P58 
438.03115093304416 P94 adds B36 to its tree
438.03115093304416 P94 mines for 670.3149158585279 seconds
447.34075355620223 P94 recvs B38 from P89 
447.34075355620223 P94 adds B38 to its tree
447.34075355620223 P94 mines for 7.357658143531985 seconds
447.3984798062224 P94 recvs B37 from P82 
447.3984798062224 P94 adds B37 to its tree
447.5205812325034 P94 recvs B38 from P82 
447.71835978749374 P94 recvs B38 from P58 
447.84913580822985 P94 recvs B37 from P58 
447.9887212387415 P94 recvs B37 from P89 
448.42594356532436 P94 recvs B38 from P59 
448.5507842583904 P94 recvs B37 from P59 
454.6984116997342 P94 mines B39
477.60022265213615 P94 recvs B40 from P82 
477.60022265213615 P94 adds B40 to its tree
477.60022265213615 P94 mines for 70.73134160959513 seconds
477.9075327898762 P94 recvs B40 from P59 
478.0941366322452 P94 recvs B40 from P58 
478.100743552531 P94 recvs B40 from P89 
483.5567407772425 P94 recvs B41 from P89 
483.5567407772425 P94 adds B41 to its tree
483.5567407772425 P94 mines for 162.93094387065614 seconds
484.4512183122573 P94 recvs B41 from P58 
484.48290656780455 P94 recvs B41 from P82 
485.31982516730295 P94 recvs B41 from P59 
494.36892373522153 P94 recvs B42 from P82 
494.36892373522153 P94 adds B42 to its tree
494.36892373522153 P94 mines for 211.32931462147707 seconds
494.7262090989909 P94 recvs B42 from P89 
494.755225877551 P94 recvs B42 from P58 
495.457482398022 P94 recvs B42 from P59 
502.58105123488264 P94 recvs B44 from P58 
502.58105123488264 P94 adds B44 to its tree
502.58105123488264 P94 mines for 395.5179276234494 seconds
502.7184623601547 P94 recvs B43 from P82 
502.7184623601547 P94 adds B43 to its tree
503.1917600615716 P94 recvs B43 from P58 
503.58651040545175 P94 recvs B44 from P89 
503.84098059586114 P94 recvs B43 from P89 
504.758291437418 P94 recvs B43 from P59 
527.0568316744 P94 recvs B45 from P82 
527.0568316744 P94 adds B45 to its tree
527.0568316744 P94 mines for 248.2268189503938 seconds
527.3299318773586 P94 recvs B45 from P89 
527.370608063483 P94 recvs B45 from P58 
527.9167904897555 P94 recvs B45 from P59 
548.3457493213954 P94 recvs B46 from P89 
548.3457493213954 P94 adds B46 to its tree
548.3457493213954 P94 mines for 499.96802127141143 seconds
549.1579537031373 P94 recvs B46 from P58 
549.3697063515335 P94 recvs B46 from P82 
549.5135568041071 P94 recvs B46 from P59 
561.9537157565572 P94 recvs B47 from P82 
561.9537157565572 P94 adds B47 to its tree
561.9537157565572 P94 mines for 700.2516479082728 seconds
563.0557755076361 P94 recvs B47 from P89 
566.3301152952756 P94 recvs B48 from P89 
566.3301152952756 P94 adds B48 to its tree
566.3301152952756 P94 mines for 65.50144048372691 seconds
566.5537997606265 P94 recvs B48 from P82 
566.6287608349471 P94 recvs B48 from P58 
567.0195930572545 P94 recvs B48 from P59 
575.8575715005918 P94 recvs B49 from P58 
575.8575715005918 P94 adds B49 to its tree
575.8575715005918 P94 mines for 1259.599982947786 seconds
576.9634854630606 P94 recvs B49 from P89 
589.3089338557573 P94 recvs B50 from P82 
589.3089338557573 P94 adds B50 to its tree
589.3089338557573 P94 mines for 342.0961459996351 seconds
590.6517295904767 P94 recvs B50 from P89 
590.766756369297 P94 recvs B50 from P59 
593.7786214727755 P94 recvs B51 from P82 
593.7786214727755 P94 adds B51 to its tree
593.7786214727755 P94 mines for 1.289296778894238 seconds
594.207698657441 P94 recvs B51 from P58 
594.9206364677992 P94 recvs B51 from P89 
595.0679182516698 P94 mines B53
595.3564936088366 P94 recvs B52 from P82 
595.3564936088366 P94 adds B52 to its tree
595.4937075485489 P94 recvs B51 from P59 
595.6304207436413 P94 recvs B52 from P89 
595.6304207436413 P94 adds B52 to its tree
595.7960562785962 P94 recvs B52 from P58 
595.7960562785962 P94 adds B52 to its tree
596.2968934015782 P94 recvs B52 from P59 
596.2968934015782 P94 adds B52 to its tree
