0 P96 mines for 113.6965227704472 seconds
1.2791034445963216 P96 creates T23
6.4308783028367245 P96 recvs B2 from P0 
6.4308783028367245 P96 adds B2 to its tree
6.4308783028367245 P96 mines for 12773.102730514356 seconds
6.56058489452622 P96 recvs B2 from P57 
6.700163898895366 P96 recvs B2 from P88 
7.164739702107948 P96 recvs B2 from P68 
7.4371172761343995 P96 recvs B2 from P78 
7.949087973007934 P96 recvs B2 from P86 
24.575517138902516 P96 recvs B3 from P57 
24.575517138902516 P96 adds B3 to its tree
24.575517138902516 P96 mines for 7842.788705497481 seconds
25.32980192170437 P96 recvs B3 from P68 
25.678451167713565 P96 recvs B3 from P78 
25.72985189702699 P96 recvs B3 from P88 
26.094251371787607 P96 recvs B3 from P86 
70.87506327564073 P96 recvs B4 from P88 
70.87506327564073 P96 adds B4 to its tree
70.87506327564073 P96 mines for 7525.651124508601 seconds
71.35706769852784 P96 recvs B4 from P57 
71.72327371061066 P96 recvs B4 from P0 
72.72654584565295 P96 recvs B4 from P86 
77.63290816036002 P96 recvs B5 from P68 
77.63290816036002 P96 adds B5 to its tree
77.63290816036002 P96 mines for 791.2643123586955 seconds
77.7155496497102 P96 recvs B5 from P88 
77.77041867980995 P96 recvs B5 from P0 
78.09835098122427 P96 recvs B5 from P57 
78.86970452259294 P96 recvs B5 from P78 
78.94353932824504 P96 recvs B5 from P86 
87.49173939074718 P96 recvs B6 from P57 
87.49173939074718 P96 adds B6 to its tree
87.49173939074718 P96 mines for 4619.941776725958 seconds
87.57702119523253 P96 recvs B6 from P88 
87.71793822878695 P96 recvs B6 from P0 
88.2705398394617 P96 recvs B6 from P68 
88.57413071881236 P96 recvs B6 from P78 
88.94373481619434 P96 recvs B6 from P86 
101.72771953877428 P96 recvs B7 from P57 
101.72771953877428 P96 adds B7 to its tree
101.72771953877428 P96 mines for 390.8306355659917 seconds
102.42735049947449 P96 recvs B7 from P68 
103.41175511030639 P96 recvs B7 from P88 
103.44270516461798 P96 recvs B7 from P86 
111.23515411147811 P96 recvs B8 from P0 
111.23515411147811 P96 adds B8 to its tree
111.23515411147811 P96 mines for 1025.5196910706272 seconds
111.6042189609307 P96 recvs B8 from P57 
111.76539427090415 P96 recvs B8 from P88 
111.9055427588176 P96 recvs B8 from P68 
112.51409605708892 P96 recvs B8 from P86 
112.71470660469252 P96 recvs B8 from P78 
122.25674525058209 P96 recvs B9 from P57 
122.25674525058209 P96 adds B9 to its tree
122.25674525058209 P96 mines for 4163.871963219633 seconds
123.01135104326266 P96 recvs B9 from P68 
123.07040105030613 P96 recvs B9 from P0 
123.36717290097918 P96 recvs B9 from P88 
123.38898505352732 P96 recvs B9 from P78 
123.80685455527693 P96 recvs B9 from P86 
130.29100352745763 P96 recvs B10 from P57 
130.29100352745763 P96 adds B10 to its tree
130.29100352745763 P96 mines for 7213.519260511019 seconds
131.04601413766503 P96 recvs B10 from P68 
131.4665793979679 P96 recvs B10 from P78 
131.58659202500897 P96 recvs B10 from P88 
131.7677532559704 P96 recvs B10 from P86 
142.44356448402277 P96 recvs B11 from P0 
142.44356448402277 P96 adds B11 to its tree
142.44356448402277 P96 mines for 10903.136274347877 seconds
142.9143346346529 P96 recvs B11 from P57 
142.9698877707169 P96 recvs B11 from P88 
143.10550131570253 P96 recvs B11 from P68 
143.67018820414762 P96 recvs B11 from P78 
144.35132721945425 P96 recvs B11 from P86 
156.31982254025215 P96 recvs B12 from P88 
156.31982254025215 P96 adds B12 to its tree
156.31982254025215 P96 mines for 589.7714720642471 seconds
156.79961210893822 P96 recvs B12 from P57 
157.00098889840623 P96 recvs B12 from P0 
158.01676976088717 P96 recvs B12 from P86 
170.66296948102806 P96 recvs B13 from P0 
170.66296948102806 P96 adds B13 to its tree
170.66296948102806 P96 mines for 1185.190492585871 seconds
170.7619563475934 P96 recvs B13 from P88 
170.8680221306064 P96 recvs B13 from P57 
171.32868595228558 P96 recvs B13 from P68 
172.3838208195257 P96 recvs B13 from P86 
186.10723027374527 P96 recvs B14 from P57 
186.10723027374527 P96 adds B14 to its tree
186.10723027374527 P96 mines for 9653.422654162343 seconds
186.20241201842865 P96 recvs B14 from P0 
186.28378917414256 P96 recvs B14 from P68 
186.72566829802366 P96 recvs B14 from P88 
187.18598300469256 P96 recvs B14 from P86 
187.35046493359138 P96 recvs B14 from P78 
202.38683703333 P96 recvs B15 from P88 
202.38683703333 P96 adds B15 to its tree
202.38683703333 P96 mines for 2520.878257027402 seconds
202.61973911279688 P96 recvs B15 from P57 
202.8157068506142 P96 recvs B15 from P0 
203.4251166324352 P96 recvs B15 from P68 
203.792959636894 P96 recvs B15 from P86 
203.86352994034877 P96 recvs B15 from P78 
212.8820736867141 P96 recvs B16 from P57 
212.8820736867141 P96 adds B16 to its tree
212.8820736867141 P96 mines for 4690.924507356758 seconds
213.65330309299233 P96 recvs B16 from P68 
214.03574196233103 P96 recvs B16 from P88 
214.15316621002407 P96 recvs B16 from P78 
214.31152068303805 P96 recvs B17 from P57 
214.31152068303805 P96 adds B17 to its tree
214.40604075283272 P96 recvs B17 from P68 
214.40855950249582 P96 recvs B16 from P86 
214.44018238463786 P96 recvs B17 from P0 
214.93518572333966 P96 recvs B17 from P88 
215.4287737413291 P96 recvs B17 from P78 
215.83987397180348 P96 recvs B17 from P86 
220.20141406378443 P96 recvs B18 from P0 
220.20141406378443 P96 adds B18 to its tree
220.20141406378443 P96 mines for 8648.34445602079 seconds
221.01907091469488 P96 recvs B18 from P57 
221.6445257661967 P96 recvs B18 from P88 
221.82912046180354 P96 recvs B19 from P0 
221.82912046180354 P96 adds B19 to its tree
221.87566445971012 P96 recvs B19 from P88 
223.76402445664576 P96 recvs B19 from P86 
230.9592307031637 P96 recvs B20 from P0 
230.9592307031637 P96 adds B20 to its tree
230.9592307031637 P96 mines for 14162.371208216955 seconds
231.00852469679518 P96 recvs B20 from P57 
231.1029731654737 P96 recvs B20 from P68 
231.41505153352614 P96 recvs B20 from P88 
231.99460043530684 P96 recvs B20 from P86 
232.22278586362333 P96 recvs B20 from P78 
253.24092888095964 P96 recvs B21 from P0 
253.24092888095964 P96 adds B21 to its tree
253.24092888095964 P96 mines for 631.4690219619359 seconds
253.3909937317386 P96 recvs B21 from P88 
253.51578894465055 P96 recvs B21 from P57 
253.9107102139014 P96 recvs B21 from P68 
254.9760402252225 P96 recvs B21 from P86 
258.85168379623684 P96 recvs B22 from P0 
258.85168379623684 P96 adds B22 to its tree
258.85168379623684 P96 mines for 331.72484074102056 seconds
259.81618798044974 P96 recvs B22 from P57 
260.67236685369267 P96 recvs B22 from P88 
260.84005662673553 P96 recvs B22 from P86 
287.5396818260967 P96 recvs B23 from P88 
287.5396818260967 P96 adds B23 to its tree
287.5396818260967 P96 mines for 2856.1801906663313 seconds
287.68041018384605 P96 recvs B23 from P0 
288.0434079947396 P96 recvs B23 from P86 
288.1656877383383 P96 recvs B23 from P57 
288.42301122959185 P96 recvs B23 from P68 
296.7380423866501 P96 recvs B24 from P0 
296.7380423866501 P96 adds B24 to its tree
296.7380423866501 P96 mines for 1410.0518410166926 seconds
297.05793483119004 P96 recvs B24 from P57 
297.4293397423608 P96 recvs B24 from P78 
297.92200656466554 P96 recvs B24 from P68 
298.1915262163693 P96 recvs B24 from P88 
298.59685814141454 P96 recvs B24 from P86 
306.23111557528233 P96 recvs B25 from P0 
306.23111557528233 P96 adds B25 to its tree
306.23111557528233 P96 mines for 2506.9999235056034 seconds
307.5633429830309 P96 recvs B25 from P88 
307.9383184735968 P96 recvs B26 from P57 
307.9383184735968 P96 adds B26 to its tree
308.22973232286535 P96 recvs B25 from P86 
308.66972558011855 P96 recvs B26 from P68 
308.9207226788567 P96 recvs B26 from P86 
309.13710833438273 P96 recvs B26 from P78 
309.22667043785265 P96 recvs B26 from P88 
340.7178458774356 P96 recvs B27 from P57 
340.7178458774356 P96 adds B27 to its tree
340.7178458774356 P96 mines for 5818.835079321931 seconds
341.1360615318962 P96 recvs B27 from P0 
341.44829465077106 P96 recvs B27 from P88 
341.6511958891253 P96 recvs B27 from P68 
341.8544891796925 P96 recvs B27 from P78 
342.21922992701235 P96 recvs B27 from P86 
369.9625799753165 P96 recvs B28 from P57 
369.9625799753165 P96 adds B28 to its tree
369.9625799753165 P96 mines for 3812.3294325303136 seconds
370.72519532407495 P96 recvs B28 from P78 
370.8379627181111 P96 recvs B28 from P68 
371.21431259731725 P96 recvs B28 from P0 
371.25101112429957 P96 recvs B28 from P88 
371.33708892755357 P96 recvs B28 from P86 
380.66157923322675 P96 recvs B29 from P57 
380.66157923322675 P96 adds B29 to its tree
380.66157923322675 P96 mines for 7552.061952764036 seconds
380.7529121012906 P96 recvs B29 from P0 
380.94181204621367 P96 recvs B29 from P88 
381.4279639590836 P96 recvs B29 from P68 
381.4904134613093 P96 recvs B29 from P78 
382.15587804336525 P96 recvs B29 from P86 
387.461702905552 P96 recvs B30 from P78 
387.461702905552 P96 adds B30 to its tree
387.461702905552 P96 mines for 7471.677629968647 seconds
388.08780400396245 P96 recvs B30 from P0 
388.3146670216897 P96 recvs B30 from P57 
388.50873216480704 P96 recvs B30 from P88 
396.3597538991835 P96 recvs B31 from P57 
396.3597538991835 P96 adds B31 to its tree
396.3597538991835 P96 mines for 1402.22476024123 seconds
396.78897519509184 P96 recvs B31 from P0 
397.09996596152695 P96 recvs B31 from P68 
397.214803135176 P96 recvs B31 from P88 
397.5154395521741 P96 recvs B31 from P78 
397.7926832864487 P96 recvs B31 from P86 
402.5606201975027 P96 recvs B33 from P0 
402.5606201975027 P96 adds B33 to its tree
402.5606201975027 P96 mines for 23420.461896950816 seconds
403.209563211755 P96 recvs B32 from P68 
403.209563211755 P96 adds B32 to its tree
403.2738312971057 P96 recvs B33 from P57 
403.47738208210944 P96 recvs B32 from P88 
403.5559947974601 P96 recvs B32 from P0 
403.6846186233604 P96 recvs B32 from P57 
404.117252707936 P96 recvs B33 from P88 
404.5633383448496 P96 recvs B32 from P86 
404.6917164948731 P96 recvs B32 from P78 
407.1327967212297 P96 recvs B34 from P0 
407.1327967212297 P96 adds B34 to its tree
407.1327967212297 P96 mines for 1426.5267726346383 seconds
407.1460400059186 P96 recvs B34 from P57 
407.3739590732667 P96 recvs B34 from P88 
407.8815750184025 P96 recvs B34 from P68 
408.04921166803285 P96 recvs B34 from P78 
408.6026070556242 P96 recvs B34 from P86 
436.248185608994 P96 recvs B35 from P88 
436.248185608994 P96 adds B35 to its tree
436.248185608994 P96 mines for 21114.64327300638 seconds
436.6597480413766 P96 recvs B35 from P57 
436.7790979140302 P96 recvs B35 from P0 
437.418326857192 P96 recvs B35 from P68 
437.9293469405417 P96 recvs B35 from P78 
438.11587312637636 P96 recvs B35 from P86 
439.50390596088533 P96 recvs B36 from P57 
439.50390596088533 P96 adds B36 to its tree
439.50390596088533 P96 mines for 8505.033007713577 seconds
439.9722363554558 P96 recvs B36 from P86 
440.188534844063 P96 recvs B36 from P68 
440.40507755385954 P96 recvs B36 from P0 
440.8725500052706 P96 recvs B36 from P88 
447.3341439637545 P96 recvs B37 from P0 
447.3341439637545 P96 adds B37 to its tree
447.3341439637545 P96 mines for 559.4613172844763 seconds
447.56434683996804 P96 recvs B38 from P57 
447.56434683996804 P96 adds B38 to its tree
447.61690154890556 P96 recvs B37 from P57 
447.66785716948317 P96 recvs B37 from P88 
447.71463818989923 P96 recvs B38 from P0 
448.0459273988284 P96 recvs B38 from P88 
448.2505023588579 P96 recvs B37 from P68 
448.2899277718298 P96 recvs B38 from P68 
448.34059139052204 P96 recvs B37 from P78 
448.72667394429567 P96 recvs B38 from P78 
449.05038532846027 P96 recvs B38 from P86 
449.07396818888554 P96 recvs B37 from P86 
457.1623083856854 P96 recvs B39 from P57 
457.1623083856854 P96 adds B39 to its tree
457.1623083856854 P96 mines for 2423.374208283627 seconds
457.2816383326987 P96 recvs B39 from P0 
457.3878651689358 P96 recvs B39 from P86 
457.924237491217 P96 recvs B39 from P88 
457.9529745982915 P96 recvs B39 from P68 
457.98529914250906 P96 recvs B39 from P78 
477.0429878206523 P96 recvs B40 from P57 
477.0429878206523 P96 adds B40 to its tree
477.0429878206523 P96 mines for 377.18729975351107 seconds
477.49200992337353 P96 recvs B40 from P0 
477.69752021601636 P96 recvs B40 from P68 
477.7547341634179 P96 recvs B40 from P88 
477.9232100009351 P96 recvs B40 from P78 
478.56821150613223 P96 recvs B40 from P86 
484.03460216021165 P96 recvs B41 from P57 
484.03460216021165 P96 adds B41 to its tree
484.03460216021165 P96 mines for 18757.41297182084 seconds
484.08656223612184 P96 recvs B41 from P88 
484.3530022206583 P96 recvs B41 from P0 
484.9350795941753 P96 recvs B41 from P68 
485.26413570249855 P96 recvs B41 from P78 
485.5173252757944 P96 recvs B41 from P86 
494.3058740215245 P96 recvs B42 from P0 
494.3058740215245 P96 adds B42 to its tree
494.3058740215245 P96 mines for 9301.851857077023 seconds
494.49298881491103 P96 recvs B42 from P57 
494.70628644983674 P96 recvs B42 from P88 
495.0417470393109 P96 recvs B42 from P68 
495.2443523064501 P96 recvs B42 from P78 
495.924639364413 P96 recvs B42 from P86 
501.66390081270714 P96 recvs B43 from P68 
501.66390081270714 P96 adds B43 to its tree
501.66390081270714 P96 mines for 5976.421137165238 seconds
502.2518500547028 P96 recvs B43 from P57 
502.8546075757457 P96 recvs B44 from P57 
502.8546075757457 P96 adds B44 to its tree
503.00756928882436 P96 recvs B43 from P86 
503.54985007400927 P96 recvs B44 from P68 
503.88460561433004 P96 recvs B44 from P86 
504.0272590839887 P96 recvs B44 from P88 
504.0448091016293 P96 recvs B44 from P78 
526.7834592644024 P96 recvs B45 from P57 
526.7834592644024 P96 adds B45 to its tree
526.7834592644024 P96 mines for 7154.922674877419 seconds
526.9014178546001 P96 recvs B45 from P0 
527.0348784575637 P96 recvs B45 from P88 
527.5285387475648 P96 recvs B45 from P68 
527.6659807441313 P96 recvs B45 from P78 
528.4245176598955 P96 recvs B45 from P86 
548.1992022036718 P96 recvs B46 from P57 
548.1992022036718 P96 adds B46 to its tree
548.1992022036718 P96 mines for 1848.9077265691021 seconds
548.99029532131 P96 recvs B46 from P68 
549.0281293665179 P96 recvs B46 from P0 
549.2077184351128 P96 recvs B46 from P78 
549.322554353263 P96 recvs B46 from P88 
549.7569357363824 P96 recvs B46 from P86 
562.7548857947862 P96 recvs B47 from P57 
562.7548857947862 P96 adds B47 to its tree
562.7548857947862 P96 mines for 2384.226290058923 seconds
562.7653470054048 P96 recvs B47 from P0 
562.8774977677974 P96 recvs B47 from P68 
563.1131058793783 P96 recvs B47 from P88 
563.7712341278636 P96 recvs B47 from P86 
563.9045860919218 P96 recvs B47 from P78 
565.482414396826 P96 recvs B48 from P57 
565.482414396826 P96 adds B48 to its tree
565.482414396826 P96 mines for 17924.663019188763 seconds
566.4493148039487 P96 recvs B48 from P68 
566.7977121339253 P96 recvs B48 from P88 
566.8553514635094 P96 recvs B48 from P0 
566.9509693903171 P96 recvs B48 from P86 
576.1607822437795 P96 recvs B49 from P57 
576.1607822437795 P96 adds B49 to its tree
576.1607822437795 P96 mines for 3149.525979353413 seconds
576.7982569585267 P96 recvs B49 from P68 
577.0591807810961 P96 recvs B49 from P86 
577.3869447491766 P96 recvs B49 from P88 
577.4184208912325 P96 recvs B49 from P78 
589.8629978272749 P96 recvs B50 from P68 
589.8629978272749 P96 adds B50 to its tree
589.8629978272749 P96 mines for 569.5061426240532 seconds
590.0418057868784 P96 recvs B50 from P88 
590.1205354230866 P96 recvs B50 from P0 
590.2032975175509 P96 recvs B50 from P57 
591.2608707220992 P96 recvs B50 from P78 
591.2698360763803 P96 recvs B50 from P86 
594.2977978357285 P96 recvs B51 from P0 
594.2977978357285 P96 adds B51 to its tree
594.2977978357285 P96 mines for 704.9109945186561 seconds
594.4731227261332 P96 recvs B51 from P57 
594.8333283740835 P96 recvs B51 from P78 
595.1693311430349 P96 recvs B52 from P0 
595.1693311430349 P96 adds B52 to its tree
595.1841090217301 P96 recvs B51 from P68 
595.2098457508245 P96 recvs B52 from P57 
595.4128540701548 P96 recvs B52 from P88 
595.546970713165 P96 recvs B51 from P88 
595.8234988331084 P96 recvs B52 from P68 
595.9911198633994 P96 recvs B52 from P78 
596.0456952760236 P96 recvs B51 from P86 
596.7146378032124 P96 recvs B52 from P86 
597.3202174388458 P96 recvs B53 from P57 
597.3202174388458 P96 adds B53 to its tree
597.3202174388458 P96 mines for 294.0422349755002 seconds
597.6985586276282 P96 recvs B53 from P0 
597.6999413365659 P96 recvs B53 from P86 
598.0284050599466 P96 recvs B53 from P68 
598.2782997294395 P96 recvs B53 from P88 
598.42268679802 P96 recvs B53 from P78 
