0 P97 mines for 598.427607789938 seconds
5.805513202128901 P97 recvs B2 from P28 
5.805513202128901 P97 adds B2 to its tree
5.805513202128901 P97 mines for 754.2913609744037 seconds
6.434312602998004 P97 recvs B2 from P56 
7.007852074092124 P97 recvs B2 from P62 
7.63676274171989 P97 recvs B2 from P75 
21.73850558965061 P97 creates T100
24.83186816357472 P97 recvs B3 from P56 
24.83186816357472 P97 adds B3 to its tree
24.83186816357472 P97 mines for 266.5955612060127 seconds
26.373503493009125 P97 recvs B3 from P75 
69.71562183619221 P97 recvs B4 from P56 
69.71562183619221 P97 adds B4 to its tree
69.71562183619221 P97 mines for 371.23015426006947 seconds
77.17554016970026 P97 recvs B5 from P56 
77.17554016970026 P97 adds B5 to its tree
77.17554016970026 P97 mines for 150.66767387465578 seconds
77.34788486945908 P97 recvs B5 from P28 
78.19292924268137 P97 recvs B5 from P62 
78.63255526255683 P97 recvs B5 from P75 
86.40752861683063 P97 recvs B6 from P56 
86.40752861683063 P97 adds B6 to its tree
86.40752861683063 P97 mines for 312.69416641188883 seconds
102.36215050270444 P97 recvs B7 from P56 
102.36215050270444 P97 adds B7 to its tree
102.36215050270444 P97 mines for 58.242092815524984 seconds
104.04709360362156 P97 recvs B7 from P75 
110.6864196528126 P97 recvs B8 from P28 
110.6864196528126 P97 adds B8 to its tree
110.6864196528126 P97 mines for 272.17195694625843 seconds
111.2090340575509 P97 recvs B8 from P56 
111.80486268143983 P97 recvs B8 from P62 
112.32497674032852 P97 recvs B8 from P75 
121.9328873678726 P97 recvs B9 from P56 
121.9328873678726 P97 adds B9 to its tree
121.9328873678726 P97 mines for 376.75058651910956 seconds
122.96616511979306 P97 recvs B9 from P75 
130.67011805253736 P97 recvs B10 from P56 
130.67011805253736 P97 adds B10 to its tree
130.67011805253736 P97 mines for 898.271041656197 seconds
132.28935420909292 P97 recvs B10 from P75 
142.35101782803557 P97 recvs B11 from P56 
142.35101782803557 P97 adds B11 to its tree
142.35101782803557 P97 mines for 227.41323521319353 seconds
142.51094411860433 P97 recvs B11 from P62 
142.5712324150284 P97 recvs B11 from P28 
143.56433138424023 P97 recvs B11 from P75 
155.1303334684931 P97 recvs B12 from P56 
155.1303334684931 P97 adds B12 to its tree
155.1303334684931 P97 mines for 547.1381219933215 seconds
169.7837802167623 P97 recvs B13 from P56 
169.7837802167623 P97 adds B13 to its tree
169.7837802167623 P97 mines for 348.5649227946344 seconds
172.28804205883176 P97 recvs B13 from P75 
185.69344997685826 P97 recvs B14 from P28 
185.69344997685826 P97 adds B14 to its tree
185.69344997685826 P97 mines for 636.7827260758771 seconds
185.98388344086388 P97 recvs B14 from P56 
186.40226423687244 P97 recvs B14 from P62 
187.74596503242313 P97 recvs B14 from P75 
202.01826300551937 P97 recvs B15 from P56 
202.01826300551937 P97 adds B15 to its tree
202.01826300551937 P97 mines for 403.2586629012903 seconds
202.09317914700588 P97 recvs B15 from P28 
203.608728862096 P97 recvs B15 from P75 
213.17494925808893 P97 recvs B16 from P56 
213.17494925808893 P97 adds B16 to its tree
213.17494925808893 P97 mines for 706.2193270621727 seconds
213.95474331009413 P97 recvs B17 from P28 
213.95474331009413 P97 adds B17 to its tree
214.35041170545617 P97 recvs B17 from P56 
214.43303531592053 P97 recvs B17 from P62 
214.7741238805757 P97 recvs B16 from P75 
215.5989157552431 P97 recvs B17 from P75 
219.92804837519793 P97 recvs B18 from P56 
219.92804837519793 P97 adds B18 to its tree
219.92804837519793 P97 mines for 77.34832810678836 seconds
220.98411695754552 P97 recvs B18 from P75 
222.0150920191667 P97 recvs B19 from P56 
222.0150920191667 P97 adds B19 to its tree
222.0292152135615 P97 recvs B19 from P28 
222.66902355186522 P97 recvs B19 from P62 
223.06938594956148 P97 recvs B19 from P75 
230.43249847698968 P97 recvs B20 from P28 
230.43249847698968 P97 adds B20 to its tree
230.43249847698968 P97 mines for 171.99444927784762 seconds
230.78784958701652 P97 recvs B20 from P56 
231.12625445722935 P97 recvs B20 from P62 
232.07111273680434 P97 recvs B20 from P75 
252.43915115657683 P97 recvs B21 from P56 
252.43915115657683 P97 adds B21 to its tree
252.43915115657683 P97 mines for 155.81018379430498 seconds
254.35734072133698 P97 recvs B21 from P75 
258.6220354172308 P97 recvs B22 from P56 
258.6220354172308 P97 adds B22 to its tree
258.6220354172308 P97 mines for 659.2264954334398 seconds
259.64071363827816 P97 recvs B22 from P75 
286.42081930438223 P97 recvs B23 from P56 
286.42081930438223 P97 adds B23 to its tree
286.42081930438223 P97 mines for 152.6686727507251 seconds
288.49453040793026 P97 recvs B23 from P75 
296.64058636785364 P97 recvs B24 from P28 
296.64058636785364 P97 adds B24 to its tree
296.64058636785364 P97 mines for 90.86943292048683 seconds
296.8332554741253 P97 recvs B24 from P56 
297.278088049288 P97 recvs B24 from P62 
297.8691941084399 P97 recvs B24 from P75 
306.5078753818201 P97 recvs B25 from P28 
306.5078753818201 P97 adds B25 to its tree
306.5078753818201 P97 mines for 3049.117468045476 seconds
306.51879670792886 P97 recvs B25 from P75 
306.52024349575674 P97 recvs B25 from P56 
308.1424040172988 P97 recvs B26 from P56 
308.1424040172988 P97 adds B26 to its tree
309.7765543287583 P97 recvs B26 from P75 
340.1593943740679 P97 recvs B27 from P28 
340.1593943740679 P97 adds B27 to its tree
340.1593943740679 P97 mines for 1121.7347302281682 seconds
340.4966275141482 P97 recvs B27 from P56 
342.25600142635426 P97 recvs B27 from P75 
370.18535894969057 P97 recvs B28 from P28 
370.18535894969057 P97 adds B28 to its tree
370.18535894969057 P97 mines for 1891.072758670111 seconds
370.3976252829654 P97 recvs B28 from P56 
370.96649214846997 P97 recvs B28 from P62 
371.8546622796318 P97 recvs B28 from P75 
380.0160351389409 P97 recvs B29 from P28 
380.0160351389409 P97 adds B29 to its tree
380.0160351389409 P97 mines for 330.14438885800126 seconds
380.6137122785636 P97 recvs B29 from P56 
381.08577580443097 P97 recvs B29 from P62 
381.91919990909975 P97 recvs B29 from P75 
387.6074881337996 P97 recvs B30 from P28 
387.6074881337996 P97 adds B30 to its tree
387.6074881337996 P97 mines for 1193.9398895291386 seconds
387.8295795303747 P97 recvs B30 from P56 
388.5486528298993 P97 recvs B30 from P62 
389.61822685165373 P97 recvs B30 from P75 
395.91866496815885 P97 recvs B31 from P28 
395.91866496815885 P97 adds B31 to its tree
395.91866496815885 P97 mines for 206.87110486617414 seconds
396.12923155019024 P97 recvs B31 from P56 
397.59874045738894 P97 recvs B31 from P75 
402.3419731816321 P97 recvs B33 from P56 
402.3419731816321 P97 adds B33 to its tree
402.3419731816321 P97 mines for 1075.0473093601295 seconds
402.87471934767274 P97 recvs B32 from P56 
402.87471934767274 P97 adds B32 to its tree
402.97233714551265 P97 recvs B32 from P28 
403.34095763090465 P97 recvs B33 from P75 
403.9485795446824 P97 recvs B32 from P62 
404.36544205709004 P97 recvs B32 from P75 
406.5103127037817 P97 recvs B34 from P28 
406.5103127037817 P97 adds B34 to its tree
406.5103127037817 P97 mines for 1375.7457259191633 seconds
407.1393316359481 P97 recvs B34 from P56 
407.7633739902549 P97 recvs B34 from P62 
408.341831110714 P97 recvs B34 from P75 
436.1031541985993 P97 recvs B35 from P56 
436.1031541985993 P97 adds B35 to its tree
436.1031541985993 P97 mines for 1663.9293162582142 seconds
436.1550499315515 P97 recvs B35 from P28 
437.61644135794165 P97 recvs B35 from P75 
439.540395821327 P97 recvs B36 from P28 
439.540395821327 P97 adds B36 to its tree
439.540395821327 P97 mines for 1342.5842747527472 seconds
439.80240496338234 P97 recvs B36 from P56 
440.7064900936388 P97 recvs B36 from P62 
441.19779903618354 P97 recvs B36 from P75 
446.0147349549621 P97 recvs B38 from P56 
446.0147349549621 P97 adds B38 to its tree
446.0147349549621 P97 mines for 146.93746387864726 seconds
446.7667768311222 P97 recvs B37 from P28 
446.7667768311222 P97 adds B37 to its tree
447.43938387160756 P97 recvs B37 from P56 
447.6668658313725 P97 recvs B38 from P75 
447.6778526213798 P97 recvs B37 from P62 
448.41085918953286 P97 recvs B37 from P75 
456.4605890232 P97 recvs B39 from P28 
456.4605890232 P97 adds B39 to its tree
456.4605890232 P97 mines for 2079.663432678261 seconds
456.71243934906516 P97 recvs B39 from P56 
457.4552064120641 P97 recvs B39 from P62 
458.10133624831275 P97 recvs B39 from P75 
476.3819584734623 P97 recvs B40 from P28 
476.3819584734623 P97 adds B40 to its tree
476.3819584734623 P97 mines for 260.212601544319 seconds
476.7917343370691 P97 recvs B40 from P56 
478.6164364053608 P97 recvs B40 from P75 
483.00110828774706 P97 recvs B41 from P56 
483.00110828774706 P97 adds B41 to its tree
483.00110828774706 P97 mines for 863.8816760131019 seconds
493.78337113697614 P97 recvs B42 from P28 
493.78337113697614 P97 adds B42 to its tree
493.78337113697614 P97 mines for 343.7227710997225 seconds
494.20603763095227 P97 recvs B42 from P56 
494.74961589287074 P97 recvs B42 from P62 
495.71322346944146 P97 recvs B42 from P75 
502.9724225362996 P97 recvs B43 from P28 
502.9724225362996 P97 adds B43 to its tree
502.9724225362996 P97 mines for 3480.5348796349926 seconds
503.0353796849789 P97 recvs B44 from P56 
503.0353796849789 P97 adds B44 to its tree
503.25001364902624 P97 recvs B43 from P56 
503.32581171121336 P97 recvs B43 from P62 
504.3216823716546 P97 recvs B43 from P75 
504.6647664677283 P97 recvs B44 from P75 
526.2510539386615 P97 recvs B45 from P28 
526.2510539386615 P97 adds B45 to its tree
526.2510539386615 P97 mines for 1287.7853137859927 seconds
526.9733243157045 P97 recvs B45 from P56 
527.2711784365721 P97 recvs B45 from P62 
528.0994233560208 P97 recvs B45 from P75 
547.8073960218513 P97 recvs B46 from P56 
547.8073960218513 P97 adds B46 to its tree
547.8073960218513 P97 mines for 1400.2642823469223 seconds
548.9032674956491 P97 recvs B46 from P75 
562.2410719730261 P97 recvs B47 from P28 
562.2410719730261 P97 adds B47 to its tree
562.2410719730261 P97 mines for 1909.9834096429229 seconds
562.5257465818075 P97 recvs B47 from P56 
562.9389791052371 P97 recvs B47 from P62 
563.9392682896786 P97 recvs B47 from P75 
565.8956996429299 P97 recvs B48 from P56 
565.8956996429299 P97 adds B48 to its tree
565.8956996429299 P97 mines for 485.7498394616328 seconds
566.0365669068829 P97 recvs B48 from P28 
566.9329638210056 P97 recvs B48 from P62 
567.4628108141557 P97 recvs B48 from P75 
576.4230966030598 P97 recvs B49 from P56 
576.4230966030598 P97 adds B49 to its tree
576.4230966030598 P97 mines for 285.4752560513413 seconds
578.0369019571566 P97 recvs B49 from P75 
589.4956228979285 P97 recvs B50 from P56 
589.4956228979285 P97 adds B50 to its tree
589.4956228979285 P97 mines for 1691.2016997104245 seconds
589.5926101237429 P97 recvs B50 from P28 
590.5925757930653 P97 recvs B50 from P62 
591.0521798910263 P97 recvs B50 from P75 
594.2204678939099 P97 recvs B51 from P28 
594.2204678939099 P97 adds B51 to its tree
594.2204678939099 P97 mines for 159.91156617917605 seconds
594.2738815945152 P97 recvs B51 from P56 
594.4889333543791 P97 recvs B52 from P28 
594.4889333543791 P97 adds B52 to its tree
594.8892864598903 P97 recvs B51 from P62 
595.1108486011111 P97 recvs B52 from P56 
595.4909575895726 P97 recvs B51 from P75 
595.713733682651 P97 recvs B52 from P62 
596.3507630906187 P97 recvs B52 from P75 
596.8586076300937 P97 recvs B53 from P28 
596.8586076300937 P97 adds B53 to its tree
596.8586076300937 P97 mines for 95.2785889935314 seconds
597.0452445599744 P97 recvs B53 from P56 
597.9643278607485 P97 recvs B53 from P62 
598.505200912854 P97 recvs B53 from P75 
