0 P99 mines for 320.05583969472934 seconds
0.8080079516192124 P99 creates T18
5.99646131654974 P99 recvs B2 from P30 
5.99646131654974 P99 adds B2 to its tree
5.99646131654974 P99 mines for 920.6797255016462 seconds
6.846561755767556 P99 recvs B2 from P65 
7.275413693372466 P99 recvs B2 from P79 
24.369984823337692 P99 recvs B3 from P30 
24.369984823337692 P99 adds B3 to its tree
24.369984823337692 P99 mines for 666.6737675299177 seconds
71.13294503358016 P99 recvs B4 from P30 
71.13294503358016 P99 adds B4 to its tree
71.13294503358016 P99 mines for 216.67474777982912 seconds
71.40722097149077 P99 recvs B4 from P65 
71.57872741535174 P99 recvs B4 from P79 
72.21609157771469 P99 recvs B4 from P78 
77.62094680571903 P99 recvs B5 from P30 
77.62094680571903 P99 adds B5 to its tree
77.62094680571903 P99 mines for 176.99887492664524 seconds
77.84203056735315 P99 recvs B5 from P65 
78.34038979920999 P99 recvs B5 from P78 
78.37343391169955 P99 recvs B5 from P79 
87.21614346313395 P99 recvs B6 from P30 
87.21614346313395 P99 adds B6 to its tree
87.21614346313395 P99 mines for 193.72107169685896 seconds
87.98264473816532 P99 recvs B6 from P65 
88.36197706624233 P99 recvs B6 from P79 
102.03308327192372 P99 recvs B7 from P30 
102.03308327192372 P99 adds B7 to its tree
102.03308327192372 P99 mines for 51.20337264879902 seconds
102.95323092924193 P99 recvs B7 from P78 
103.15242852960282 P99 recvs B7 from P65 
111.09417996408403 P99 recvs B8 from P30 
111.09417996408403 P99 adds B8 to its tree
111.09417996408403 P99 mines for 249.88165396192923 seconds
111.5483072997777 P99 recvs B8 from P65 
111.82055430477978 P99 recvs B8 from P79 
112.16567167646572 P99 recvs B8 from P78 
121.97013738078918 P99 recvs B9 from P30 
121.97013738078918 P99 adds B9 to its tree
121.97013738078918 P99 mines for 1397.0386297295431 seconds
123.10529578665167 P99 recvs B9 from P79 
123.20636412240887 P99 recvs B9 from P65 
130.1427384261768 P99 recvs B10 from P30 
130.1427384261768 P99 adds B10 to its tree
130.1427384261768 P99 mines for 1326.1702677352503 seconds
142.90872123380558 P99 recvs B11 from P30 
142.90872123380558 P99 adds B11 to its tree
142.90872123380558 P99 mines for 1630.6886203572321 seconds
143.0170705675994 P99 recvs B11 from P65 
143.04662180950706 P99 recvs B11 from P79 
143.1661305058389 P99 recvs B11 from P78 
156.45838712744512 P99 recvs B12 from P30 
156.45838712744512 P99 adds B12 to its tree
156.45838712744512 P99 mines for 377.5791829404759 seconds
156.6916328645516 P99 recvs B12 from P65 
157.0935234197512 P99 recvs B12 from P79 
157.63993579847642 P99 recvs B12 from P78 
170.5688639873039 P99 recvs B13 from P79 
170.5688639873039 P99 adds B13 to its tree
170.5688639873039 P99 mines for 457.0257843426589 seconds
170.86086724506194 P99 recvs B13 from P65 
170.86989044476192 P99 recvs B13 from P30 
171.87893548925044 P99 recvs B13 from P78 
185.86178673097118 P99 recvs B14 from P30 
185.86178673097118 P99 adds B14 to its tree
185.86178673097118 P99 mines for 986.5290289534847 seconds
186.07962794698867 P99 recvs B14 from P79 
186.740729079604 P99 recvs B14 from P65 
186.8334827931673 P99 recvs B14 from P78 
202.41341834228217 P99 recvs B15 from P65 
202.41341834228217 P99 adds B15 to its tree
202.41341834228217 P99 mines for 695.157863166629 seconds
202.73681991107725 P99 recvs B15 from P30 
203.44754621941433 P99 recvs B15 from P78 
203.83473190239158 P99 recvs B15 from P79 
212.75277672007905 P99 recvs B16 from P30 
212.75277672007905 P99 adds B16 to its tree
212.75277672007905 P99 mines for 143.25671784063513 seconds
214.13914616186463 P99 recvs B17 from P30 
214.13914616186463 P99 adds B17 to its tree
214.93172868223067 P99 recvs B17 from P78 
214.95958708155075 P99 recvs B17 from P65 
215.45268506492408 P99 recvs B17 from P79 
219.9926516227247 P99 recvs B18 from P65 
219.9926516227247 P99 adds B18 to its tree
219.9926516227247 P99 mines for 1331.6012677730282 seconds
220.51869824414504 P99 recvs B18 from P30 
221.34568153024836 P99 recvs B18 from P79 
221.48497360904977 P99 recvs B18 from P78 
222.09813536387566 P99 recvs B19 from P65 
222.09813536387566 P99 adds B19 to its tree
222.4769637421491 P99 recvs B19 from P30 
222.94707269229582 P99 recvs B19 from P79 
223.0626399953672 P99 recvs B19 from P78 
230.63917165058547 P99 recvs B20 from P30 
230.63917165058547 P99 adds B20 to its tree
230.63917165058547 P99 mines for 158.03928106269603 seconds
230.96603870250036 P99 recvs B20 from P79 
231.362366371374 P99 recvs B20 from P65 
231.6696062844887 P99 recvs B20 from P78 
253.13990752312063 P99 recvs B21 from P79 
253.13990752312063 P99 adds B21 to its tree
253.13990752312063 P99 mines for 406.340220176422 seconds
253.30795737153437 P99 recvs B21 from P30 
253.52632272220902 P99 recvs B21 from P65 
254.53047804062723 P99 recvs B21 from P78 
258.6732998538329 P99 recvs B22 from P65 
258.6732998538329 P99 adds B22 to its tree
258.6732998538329 P99 mines for 380.46895402939083 seconds
259.28466905104153 P99 recvs B22 from P30 
260.0744553402658 P99 recvs B22 from P79 
260.12295627244697 P99 recvs B22 from P78 
287.5119789887593 P99 recvs B23 from P65 
287.5119789887593 P99 adds B23 to its tree
287.5119789887593 P99 mines for 308.2937984427973 seconds
287.80497329990453 P99 recvs B23 from P30 
288.379972870562 P99 recvs B23 from P79 
288.8635121362452 P99 recvs B23 from P78 
296.91526258754845 P99 recvs B24 from P78 
296.91526258754845 P99 adds B24 to its tree
296.91526258754845 P99 mines for 792.8053064786207 seconds
297.0579098704421 P99 recvs B24 from P65 
297.0657166259739 P99 recvs B24 from P30 
297.4569589690262 P99 recvs B24 from P79 
306.6223107031615 P99 recvs B25 from P65 
306.6223107031615 P99 adds B25 to its tree
306.6223107031615 P99 mines for 135.07893190014585 seconds
307.08641563491193 P99 recvs B25 from P30 
307.37663720323184 P99 recvs B25 from P79 
307.4995650631576 P99 recvs B25 from P78 
307.7201696138829 P99 recvs B26 from P30 
307.7201696138829 P99 adds B26 to its tree
340.2737120864943 P99 recvs B27 from P30 
340.2737120864943 P99 adds B27 to its tree
340.2737120864943 P99 mines for 1609.1821717208138 seconds
340.78501097761824 P99 recvs B27 from P65 
341.3337021581195 P99 recvs B27 from P78 
341.60067096761486 P99 recvs B27 from P79 
369.8753180730334 P99 recvs B28 from P30 
369.8753180730334 P99 adds B28 to its tree
369.8753180730334 P99 mines for 408.1736343543689 seconds
370.3034208800405 P99 recvs B28 from P78 
370.92038175264304 P99 recvs B28 from P65 
371.25699357853506 P99 recvs B28 from P79 
380.1588308244961 P99 recvs B29 from P30 
380.1588308244961 P99 adds B29 to its tree
380.1588308244961 P99 mines for 47.97154583313556 seconds
380.9249657425202 P99 recvs B29 from P65 
381.46170235554024 P99 recvs B29 from P79 
386.1642981258383 P99 recvs B30 from P30 
386.1642981258383 P99 adds B30 to its tree
386.1642981258383 P99 mines for 193.33594746985565 seconds
396.02597174832215 P99 recvs B31 from P30 
396.02597174832215 P99 adds B31 to its tree
396.02597174832215 P99 mines for 233.6312614126922 seconds
396.5379041525117 P99 recvs B31 from P65 
397.2223201717734 P99 recvs B31 from P79 
402.37548764234884 P99 recvs B33 from P65 
402.37548764234884 P99 adds B33 to its tree
402.37548764234884 P99 mines for 836.4951417907535 seconds
402.97456139282605 P99 recvs B33 from P30 
403.1998981263875 P99 recvs B32 from P30 
403.1998981263875 P99 adds B32 to its tree
403.43703998997427 P99 recvs B32 from P65 
403.7543011453714 P99 recvs B33 from P79 
403.8904361562817 P99 recvs B33 from P78 
404.156549306896 P99 recvs B32 from P78 
404.1738421222271 P99 recvs B32 from P79 
406.71277055293 P99 recvs B34 from P30 
406.71277055293 P99 adds B34 to its tree
406.71277055293 P99 mines for 189.28586856389396 seconds
407.4820521872965 P99 recvs B34 from P65 
407.9680910217097 P99 recvs B34 from P79 
436.3823517712552 P99 recvs B35 from P65 
436.3823517712552 P99 adds B35 to its tree
436.3823517712552 P99 mines for 460.6630908036879 seconds
436.78662132139794 P99 recvs B35 from P30 
437.51055450815113 P99 recvs B35 from P78 
437.89074304250676 P99 recvs B35 from P79 
439.46319588568434 P99 recvs B36 from P30 
439.46319588568434 P99 adds B36 to its tree
439.46319588568434 P99 mines for 303.1142888612275 seconds
440.0947039082836 P99 recvs B36 from P65 
440.68154750811806 P99 recvs B36 from P78 
441.01050862662356 P99 recvs B36 from P79 
447.00179904653265 P99 recvs B37 from P30 
447.00179904653265 P99 adds B37 to its tree
447.00179904653265 P99 mines for 673.037940533812 seconds
447.20172049950264 P99 recvs B38 from P30 
447.20172049950264 P99 adds B38 to its tree
447.5816516103809 P99 recvs B38 from P65 
447.7599792493222 P99 recvs B37 from P65 
448.0824912269925 P99 recvs B37 from P79 
448.16893984138756 P99 recvs B38 from P78 
448.4993617291015 P99 recvs B38 from P79 
456.65851472942416 P99 recvs B39 from P30 
456.65851472942416 P99 adds B39 to its tree
456.65851472942416 P99 mines for 940.2583459299868 seconds
457.0046375761925 P99 recvs B39 from P65 
457.8304491188165 P99 recvs B39 from P79 
476.5849072709873 P99 recvs B40 from P30 
476.5849072709873 P99 adds B40 to its tree
476.5849072709873 P99 mines for 101.00223158835273 seconds
477.117109650926 P99 recvs B40 from P65 
478.0726130248935 P99 recvs B40 from P79 
483.9208066561508 P99 recvs B41 from P30 
483.9208066561508 P99 adds B41 to its tree
483.9208066561508 P99 mines for 270.2810285661484 seconds
484.5789272518742 P99 recvs B41 from P65 
484.8826284291017 P99 recvs B41 from P79 
493.88209084079546 P99 recvs B42 from P30 
493.88209084079546 P99 adds B42 to its tree
493.88209084079546 P99 mines for 21.8054967342616 seconds
494.0406644280553 P99 recvs B42 from P79 
494.7411666491804 P99 recvs B42 from P65 
502.6571598691218 P99 recvs B44 from P30 
502.6571598691218 P99 adds B44 to its tree
502.6571598691218 P99 mines for 54.81331187353336 seconds
502.9082301602699 P99 recvs B43 from P30 
502.9082301602699 P99 adds B43 to its tree
503.07213641411965 P99 recvs B43 from P78 
503.50950534401903 P99 recvs B43 from P65 
504.4281705027908 P99 recvs B43 from P79 
526.3631594634073 P99 recvs B45 from P30 
526.3631594634073 P99 adds B45 to its tree
526.3631594634073 P99 mines for 166.12463894589027 seconds
527.195920974453 P99 recvs B45 from P65 
527.6822021813662 P99 recvs B45 from P79 
547.9195610862281 P99 recvs B46 from P30 
547.9195610862281 P99 adds B46 to its tree
547.9195610862281 P99 mines for 1014.334964591686 seconds
549.1777137845246 P99 recvs B46 from P65 
549.2237116312689 P99 recvs B46 from P79 
562.4394254848597 P99 recvs B47 from P30 
562.4394254848597 P99 adds B47 to its tree
562.4394254848597 P99 mines for 91.79860295615839 seconds
562.695243890397 P99 recvs B47 from P79 
563.323481435394 P99 recvs B47 from P65 
563.4123057064362 P99 recvs B47 from P78 
565.4428122977611 P99 recvs B48 from P30 
565.4428122977611 P99 adds B48 to its tree
565.4428122977611 P99 mines for 629.8752195398929 seconds
566.566821159773 P99 recvs B48 from P65 
566.7407389992009 P99 recvs B48 from P78 
567.0905978223557 P99 recvs B48 from P79 
575.9922712401442 P99 recvs B49 from P30 
575.9922712401442 P99 adds B49 to its tree
575.9922712401442 P99 mines for 94.0881155277304 seconds
577.5277282570609 P99 recvs B49 from P65 
589.7425837441601 P99 recvs B50 from P30 
589.7425837441601 P99 adds B50 to its tree
589.7425837441601 P99 mines for 686.7382068882242 seconds
590.053485027858 P99 recvs B50 from P65 
590.6587205890495 P99 recvs B50 from P78 
590.8095378928303 P99 recvs B50 from P79 
594.3428131815042 P99 recvs B51 from P78 
594.3428131815042 P99 adds B51 to its tree
594.3428131815042 P99 mines for 269.6487337115967 seconds
594.491537951313 P99 recvs B51 from P30 
594.5566345789812 P99 recvs B51 from P65 
594.6599315940066 P99 recvs B52 from P30 
594.6599315940066 P99 adds B52 to its tree
594.9123549088054 P99 recvs B51 from P79 
595.528654049331 P99 recvs B52 from P65 
595.9401152692759 P99 recvs B52 from P79 
597.0397359916185 P99 recvs B53 from P30 
597.0397359916185 P99 adds B53 to its tree
597.0397359916185 P99 mines for 445.41703496575485 seconds
597.437436933855 P99 recvs B53 from P65 
598.1003267669486 P99 recvs B53 from P79 
